Scenario: C:\johanley\ProjectsPhoton\end-game\scenario\02.3\02.3-only-rif-100k.ini
Running the scenario...
Reading the input scenario file: C:\johanley\ProjectsPhoton\end-game\scenario\02.3\02.3-only-rif-100k.ini
Checking the syntax-version of the file. It should be v1.0.0, otherwise the scenario file can't be read properly.
Parsing file: C:\johanley\ProjectsPhoton\end-game\scenario\02.3\02.3-only-rif-100k.ini
02.3: Only a RIF with 100k in blue-chip dividends. Half the average CPP. 3% dividend growth, 3% stock price growth.
Reading file C:\johanley\ProjectsPhoton\end-game\input\gis\gis-brackets.utf8
Reading file C:\johanley\ProjectsPhoton\end-game\input\probability-of-survival\male-lx.utf8
Reading file C:\johanley\ProjectsPhoton\end-game\input\probability-of-survival\female-lx.utf8
History #1
Incrementing one day at a time, starting with 2027-01-01
2027-01-01:BANK WITHDRAWAL:  700.00
2027-01-23:BANK WITHDRAWAL:  500.00
2027-01-28:DIVIDEND: XYZ Rif 330@1.61 = 531.30
2027-02-01:BANK WITHDRAWAL:  700.00
2027-02-15:SPLURGE SPENDING:  3100.00
2027-02-23:BANK WITHDRAWAL:  500.00
2027-03-01:DIVIDEND: ABC Rif 1000@0.86 = 860.00
2027-03-01:BANK WITHDRAWAL:  700.00
  Bank balance: 3800.00 is under the small-balance limit of 4000.00
2027-03-01:MOVE CASH from Rif to BankAccount 1391.30
2027-03-23:BANK WITHDRAWAL:  500.00
2027-04-01:BANK WITHDRAWAL:  700.00
  Bank balance: 3991.30 is under the small-balance limit of 4000.00
2027-04-23:BANK WITHDRAWAL:  500.00
  Bank balance: 3491.30 is under the small-balance limit of 4000.00
2027-04-28:DIVIDEND: XYZ Rif 330@1.61 = 531.30
2027-05-01:BANK WITHDRAWAL:  700.00
  Bank balance: 2791.30 is under the small-balance limit of 4000.00
2027-05-23:BANK WITHDRAWAL:  500.00
  Bank balance: 2291.30 is under the small-balance limit of 4000.00
2027-06-01:DIVIDEND: ABC Rif 1000@0.86 = 860.00
2027-06-01:BANK WITHDRAWAL:  700.00
  Bank balance: 1591.30 is under the small-balance limit of 4000.00
2027-06-01:MOVE CASH from Rif to BankAccount 1391.30
2027-06-23:BANK WITHDRAWAL:  500.00
  Bank balance: 2482.60 is under the small-balance limit of 4000.00
2027-06-28:OAS/GIS payment: 835.46
2027-06-28:CPP payment:  336.00
2027-07-01:BANK WITHDRAWAL:  700.00
  Bank balance: 2954.06 is under the small-balance limit of 4000.00
2027-07-23:BANK WITHDRAWAL:  500.00
  Bank balance: 2454.06 is under the small-balance limit of 4000.00
2027-07-28:OAS/GIS payment: 835.46
2027-07-28:CPP payment:  336.00
2027-07-28:DIVIDEND: XYZ Rif 330@1.61 = 531.30
2027-08-01:BANK WITHDRAWAL:  700.00
  Bank balance: 2925.52 is under the small-balance limit of 4000.00
2027-08-23:BANK WITHDRAWAL:  500.00
  Bank balance: 2425.52 is under the small-balance limit of 4000.00
2027-08-28:OAS/GIS payment: 835.46
2027-08-28:CPP payment:  336.00
2027-09-01:DIVIDEND: ABC Rif 1000@0.86 = 860.00
2027-09-01:BANK WITHDRAWAL:  700.00
  Bank balance: 2896.98 is under the small-balance limit of 4000.00
2027-09-01:MOVE CASH from Rif to BankAccount net 1371.91 plus 19.39 withheld.
2027-09-23:BANK WITHDRAWAL:  500.00
  Bank balance: 3768.89 is under the small-balance limit of 4000.00
2027-09-28:OAS/GIS payment: 835.46
2027-09-28:CPP payment:  336.00
2027-10-01:BANK WITHDRAWAL:  700.00
2027-10-23:BANK WITHDRAWAL:  500.00
  Bank balance: 3740.35 is under the small-balance limit of 4000.00
2027-10-28:OAS/GIS payment: 835.46
2027-10-28:CPP payment:  336.00
2027-10-28:DIVIDEND: XYZ Rif 330@1.61 = 531.30
2027-11-01:BANK WITHDRAWAL:  700.00
2027-11-23:BANK WITHDRAWAL:  500.00
  Bank balance: 3711.81 is under the small-balance limit of 4000.00
2027-11-25:STOCK-PRICE-UPDATE:  ABC 51.50 [3.0%]
2027-11-25:STOCK-PRICE-UPDATE:  XYZ 154.50 [3.0%]
2027-11-26:LIQUIDATE:  [Rif sold 48 XYZ net:7341.84]
2027-11-28:OAS/GIS payment: 835.46
2027-11-28:CPP payment:  336.00
2027-12-01:DIVIDEND: ABC Rif 1000@0.86 = 860.00
2027-12-01:BANK WITHDRAWAL:  700.00
2027-12-01:MOVE CASH from Rif to BankAccount net 7467.12 plus 1266.02 withheld.
2027-12-23:BANK WITHDRAWAL:  500.00
2027-12-28:OAS/GIS payment: 835.46
2027-12-28:CPP payment:  336.00
2027-12-31:PAY TAXES:  -1285.41
2027 year-end.
Cash generated
     2,352.00 CPP
     4,540.69 OAS
     1,307.53 GIS
         0.00 Pension
     5,565.20 Dividends
     7,341.84 Net liquidation (sell-buy)
         0.00 Interest
    11,621.63 Total cash swept from tfsa-rif-nra to bank
    21,107.26 Total cash generated

Tax return 2027
    19,799.73 Taxable income
         0.00 Federal tax
         0.00 Provincial tax
         0.00 Tax Payable
         0.00 Dividend tax credits
     1,285.41 Installments
    -1,285.41 Balance owing
    19,799.73 Net income
    19,799.73 Net income before adj
     4,540.69 OAS income
         0.00 Employment income
    12,907.04 RIF withdrawals

Accounts
    95,069.00 -RIF-
    51,500.00 ABC 1000sh @ 51.50
    43,569.00 XYZ 282sh @ 154.50
         0.00 Cash

    11,036.44 -BANKACCOUNT-
    11,036.44 Cash

   106,105.44 Net worth
    95,069.00 Investments worth

     3,961.21 RIF minimum for 2028
2028-01-01:BANK WITHDRAWAL:  700.00
2028-01-23:BANK WITHDRAWAL:  500.00
2028-01-28:OAS/GIS payment: 832.46
2028-01-28:CPP payment:  336.00
2028-01-28:DIVIDEND: XYZ Rif 282@1.66 = 468.12
2028-02-01:BANK WITHDRAWAL:  700.00
2028-02-15:SPLURGE SPENDING:  5304.90
2028-02-23:BANK WITHDRAWAL:  500.00
2028-02-28:OAS/GIS payment: 832.46
2028-02-28:CPP payment:  336.00
2028-03-01:DIVIDEND: ABC Rif 1000@0.89 = 890.00
2028-03-01:BANK WITHDRAWAL:  700.00
2028-03-01:MOVE CASH from Rif to BankAccount 1358.12
2028-03-23:BANK WITHDRAWAL:  500.00
2028-03-28:OAS/GIS payment: 832.46
2028-03-28:CPP payment:  336.00
2028-04-01:BANK WITHDRAWAL:  700.00
2028-04-23:BANK WITHDRAWAL:  500.00
2028-04-28:OAS/GIS payment: 832.46
2028-04-28:CPP payment:  336.00
2028-04-28:DIVIDEND: XYZ Rif 282@1.66 = 468.12
2028-05-01:BANK WITHDRAWAL:  700.00
2028-05-15:SPLURGE SPENDING:  1263.50
2028-05-23:BANK WITHDRAWAL:  500.00
2028-05-28:OAS/GIS payment: 832.46
2028-05-28:CPP payment:  336.00
2028-06-01:DIVIDEND: ABC Rif 1000@0.89 = 890.00
2028-06-01:BANK WITHDRAWAL:  700.00
2028-06-01:MOVE CASH from Rif to BankAccount 1358.12
2028-06-23:BANK WITHDRAWAL:  500.00
2028-06-28:OAS/GIS payment: 832.46
2028-06-28:CPP payment:  336.00
2028-07-01:BANK WITHDRAWAL:  700.00
2028-07-23:BANK WITHDRAWAL:  500.00
2028-07-28:OAS/GIS payment: 832.46
2028-07-28:CPP payment:  336.00
2028-07-28:DIVIDEND: XYZ Rif 282@1.66 = 468.12
2028-08-01:BANK WITHDRAWAL:  700.00
2028-08-15:SPLURGE SPENDING:  1263.50
2028-08-23:BANK WITHDRAWAL:  500.00
2028-08-28:OAS/GIS payment: 832.46
2028-08-28:CPP payment:  336.00
2028-09-01:DIVIDEND: ABC Rif 1000@0.89 = 890.00
2028-09-01:BANK WITHDRAWAL:  700.00
2028-09-01:MOVE CASH from Rif to BankAccount net 1346.80 plus 11.32 withheld.
2028-09-23:BANK WITHDRAWAL:  500.00
2028-09-28:OAS/GIS payment: 832.46
2028-09-28:CPP payment:  336.00
2028-10-01:BANK WITHDRAWAL:  700.00
2028-10-23:BANK WITHDRAWAL:  500.00
2028-10-28:OAS/GIS payment: 832.46
2028-10-28:CPP payment:  336.00
2028-10-28:DIVIDEND: XYZ Rif 282@1.66 = 468.12
2028-11-01:BANK WITHDRAWAL:  700.00
2028-11-15:SPLURGE SPENDING:  1252.18
2028-11-23:BANK WITHDRAWAL:  500.00
2028-11-25:STOCK-PRICE-UPDATE:  ABC 53.04 [2.99%]
2028-11-25:STOCK-PRICE-UPDATE:  XYZ 159.14 [3.0%]
2028-11-26:LIQUIDATE:  [Rif sold 47 XYZ net:7404.78]
2028-11-28:OAS/GIS payment: 832.46
2028-11-28:CPP payment:  336.00
2028-12-01:DIVIDEND: ABC Rif 1000@0.89 = 890.00
2028-12-01:BANK WITHDRAWAL:  700.00
2028-12-01:MOVE CASH from Rif to BankAccount net 7499.01 plus 1263.89 withheld.
2028-12-23:BANK WITHDRAWAL:  500.00
2028-12-28:OAS/GIS payment: 832.46
2028-12-28:CPP payment:  336.00
2028-12-31:PAY TAXES:  -475.55
2028 year-end.
Cash generated
     4,032.00 CPP
     7,784.04 OAS
     2,205.48 GIS
         0.00 Pension
     5,432.48 Dividends
     7,404.78 Net liquidation (sell-buy)
         0.00 Interest
    11,562.05 Total cash swept from tfsa-rif-nra to bank
    26,858.78 Total cash generated

Tax return 2028
    24,653.30 Taxable income
       196.85 Federal tax
       602.81 Provincial tax
       799.66 Tax Payable
         0.00 Dividend tax credits
     1,275.21 Installments
      -475.55 Balance owing
    24,653.30 Net income
    24,653.30 Net income before adj
     7,784.04 OAS income
         0.00 Employment income
    12,837.26 RIF withdrawals

Accounts
    90,437.90 -RIF-
    53,040.00 ABC 1000sh @ 53.04
    37,397.90 XYZ 235sh @ 159.14
         0.00 Cash

    12,660.38 -BANKACCOUNT-
    12,660.38 Cash

   103,098.28 Net worth
    90,437.90 Investments worth

     3,932.08 RIF minimum for 2029
2029-01-01:BANK WITHDRAWAL:  700.00
2029-01-23:BANK WITHDRAWAL:  500.00
2029-01-28:OAS/GIS payment: 765.46
2029-01-28:CPP payment:  336.00
2029-01-28:DIVIDEND: XYZ Rif 235@1.71 = 401.85
2029-02-01:BANK WITHDRAWAL:  700.00
2029-02-15:SPLURGE SPENDING:  6861.84
2029-02-23:BANK WITHDRAWAL:  500.00
2029-02-28:OAS/GIS payment: 765.46
2029-02-28:CPP payment:  336.00
2029-03-01:DIVIDEND: ABC Rif 1000@0.91 = 910.00
2029-03-01:BANK WITHDRAWAL:  700.00
2029-03-01:MOVE CASH from Rif to BankAccount 1311.85
2029-03-23:BANK WITHDRAWAL:  500.00
2029-03-28:OAS/GIS payment: 765.46
2029-03-28:CPP payment:  336.00
2029-04-01:BANK WITHDRAWAL:  700.00
2029-04-23:BANK WITHDRAWAL:  500.00
2029-04-28:OAS/GIS payment: 765.46
2029-04-28:CPP payment:  336.00
2029-04-28:DIVIDEND: XYZ Rif 235@1.71 = 401.85
2029-05-01:BANK WITHDRAWAL:  700.00
2029-05-15:SPLURGE SPENDING:  1016.23
2029-05-23:BANK WITHDRAWAL:  500.00
2029-05-28:OAS/GIS payment: 765.46
2029-05-28:CPP payment:  336.00
2029-06-01:DIVIDEND: ABC Rif 1000@0.91 = 910.00
2029-06-01:BANK WITHDRAWAL:  700.00
2029-06-01:MOVE CASH from Rif to BankAccount 1311.85
2029-06-23:BANK WITHDRAWAL:  500.00
2029-06-28:OAS/GIS payment: 765.46
2029-06-28:CPP payment:  336.00
2029-07-01:BANK WITHDRAWAL:  700.00
2029-07-23:BANK WITHDRAWAL:  500.00
2029-07-28:OAS/GIS payment: 765.46
2029-07-28:CPP payment:  336.00
2029-07-28:DIVIDEND: XYZ Rif 235@1.71 = 401.85
2029-08-01:BANK WITHDRAWAL:  700.00
2029-08-15:SPLURGE SPENDING:  1016.23
2029-08-23:BANK WITHDRAWAL:  500.00
2029-08-28:OAS/GIS payment: 765.46
2029-08-28:CPP payment:  336.00
2029-09-01:DIVIDEND: ABC Rif 1000@0.91 = 910.00
2029-09-01:BANK WITHDRAWAL:  700.00
2029-09-01:MOVE CASH from Rif to BankAccount net 1311.50 plus 0.35 withheld.
2029-09-23:BANK WITHDRAWAL:  500.00
2029-09-28:OAS/GIS payment: 765.46
2029-09-28:CPP payment:  336.00
2029-10-01:BANK WITHDRAWAL:  700.00
2029-10-23:BANK WITHDRAWAL:  500.00
2029-10-28:OAS/GIS payment: 765.46
2029-10-28:CPP payment:  336.00
2029-10-28:DIVIDEND: XYZ Rif 235@1.71 = 401.85
2029-11-01:BANK WITHDRAWAL:  700.00
2029-11-15:SPLURGE SPENDING:  1015.88
2029-11-23:BANK WITHDRAWAL:  500.00
2029-11-25:STOCK-PRICE-UPDATE:  ABC 54.63 [3.0%]
2029-11-25:STOCK-PRICE-UPDATE:  XYZ 163.91 [3.0%]
2029-11-26:LIQUIDATE:  [Rif sold 45 XYZ net:7302.19]
2029-11-28:OAS/GIS payment: 765.46
2029-11-28:CPP payment:  336.00
2029-12-01:DIVIDEND: ABC Rif 1000@0.91 = 910.00
2029-12-01:BANK WITHDRAWAL:  700.00
2029-12-01:MOVE CASH from Rif to BankAccount net 7390.89 plus 1223.15 withheld.
2029-12-23:BANK WITHDRAWAL:  500.00
2029-12-28:OAS/GIS payment: 765.46
2029-12-28:CPP payment:  336.00
2029-12-31:PAY TAXES:  -509.57
2029 year-end.
Cash generated
     4,032.00 CPP
     7,784.04 OAS
     1,401.48 GIS
         0.00 Pension
     5,247.40 Dividends
     7,302.19 Net liquidation (sell-buy)
         0.00 Interest
    11,326.09 Total cash swept from tfsa-rif-nra to bank
    25,767.11 Total cash generated

Tax return 2029
    24,365.63 Taxable income
       153.69 Federal tax
       560.24 Provincial tax
       713.93 Tax Payable
         0.00 Dividend tax credits
     1,223.50 Installments
      -509.57 Balance owing
    24,365.63 Net income
    24,365.63 Net income before adj
     7,784.04 OAS income
         0.00 Employment income
    12,549.59 RIF withdrawals

Accounts
    85,772.90 -RIF-
    54,630.00 ABC 1000sh @ 54.63
    31,142.90 XYZ 190sh @ 163.91
         0.00 Cash

    12,384.24 -BANKACCOUNT-
    12,384.24 Cash

    98,157.14 Net worth
    85,772.90 Investments worth

     3,898.77 RIF minimum for 2030
2030-01-01:BANK WITHDRAWAL:  700.00
2030-01-23:BANK WITHDRAWAL:  500.00
2030-01-28:OAS/GIS payment: 777.46
2030-01-28:CPP payment:  336.00
2030-01-28:DIVIDEND: XYZ Rif 190@1.76 = 334.40
2030-02-01:BANK WITHDRAWAL:  700.00
2030-02-15:SPLURGE SPENDING:  6597.70
2030-02-23:BANK WITHDRAWAL:  500.00
2030-02-28:OAS/GIS payment: 777.46
2030-02-28:CPP payment:  336.00
2030-03-01:DIVIDEND: ABC Rif 1000@0.94 = 940.00
2030-03-01:BANK WITHDRAWAL:  700.00
2030-03-01:MOVE CASH from Rif to BankAccount 1274.40
2030-03-23:BANK WITHDRAWAL:  500.00
2030-03-28:OAS/GIS payment: 777.46
2030-03-28:CPP payment:  336.00
2030-04-01:BANK WITHDRAWAL:  700.00
2030-04-23:BANK WITHDRAWAL:  500.00
2030-04-28:OAS/GIS payment: 777.46
2030-04-28:CPP payment:  336.00
2030-04-28:DIVIDEND: XYZ Rif 190@1.76 = 334.40
2030-05-01:BANK WITHDRAWAL:  700.00
2030-05-15:SPLURGE SPENDING:  1014.78
2030-05-23:BANK WITHDRAWAL:  500.00
2030-05-28:OAS/GIS payment: 777.46
2030-05-28:CPP payment:  336.00
2030-06-01:DIVIDEND: ABC Rif 1000@0.94 = 940.00
2030-06-01:BANK WITHDRAWAL:  700.00
2030-06-01:MOVE CASH from Rif to BankAccount 1274.40
2030-06-23:BANK WITHDRAWAL:  500.00
2030-06-28:OAS/GIS payment: 777.46
2030-06-28:CPP payment:  336.00
2030-07-01:BANK WITHDRAWAL:  700.00
2030-07-23:BANK WITHDRAWAL:  500.00
2030-07-28:OAS/GIS payment: 777.46
2030-07-28:CPP payment:  336.00
2030-07-28:DIVIDEND: XYZ Rif 190@1.76 = 334.40
2030-08-01:BANK WITHDRAWAL:  700.00
2030-08-15:SPLURGE SPENDING:  1014.78
2030-08-23:BANK WITHDRAWAL:  500.00
2030-08-28:OAS/GIS payment: 777.46
2030-08-28:CPP payment:  336.00
2030-09-01:DIVIDEND: ABC Rif 1000@0.94 = 940.00
2030-09-01:BANK WITHDRAWAL:  700.00
2030-09-01:MOVE CASH from Rif to BankAccount 1274.40
2030-09-23:BANK WITHDRAWAL:  500.00
2030-09-28:OAS/GIS payment: 777.46
2030-09-28:CPP payment:  336.00
2030-10-01:BANK WITHDRAWAL:  700.00
2030-10-23:BANK WITHDRAWAL:  500.00
2030-10-28:OAS/GIS payment: 777.46
2030-10-28:CPP payment:  336.00
2030-10-28:DIVIDEND: XYZ Rif 190@1.76 = 334.40
2030-11-01:BANK WITHDRAWAL:  700.00
2030-11-15:SPLURGE SPENDING:  1014.78
2030-11-23:BANK WITHDRAWAL:  500.00
2030-11-25:STOCK-PRICE-UPDATE:  ABC 56.27 [3.0%]
2030-11-25:STOCK-PRICE-UPDATE:  XYZ 168.83 [3.0%]
2030-11-26:LIQUIDATE:  [Rif sold 44 XYZ net:7354.23]
2030-11-28:OAS/GIS payment: 777.46
2030-11-28:CPP payment:  336.00
2030-12-01:DIVIDEND: ABC Rif 1000@0.94 = 940.00
2030-12-01:BANK WITHDRAWAL:  700.00
2030-12-01:MOVE CASH from Rif to BankAccount net 7418.02 plus 1210.61 withheld.
2030-12-23:BANK WITHDRAWAL:  500.00
2030-12-28:OAS/GIS payment: 777.46
2030-12-28:CPP payment:  336.00
2030-12-31:PAY TAXES:  -525.81
2030 year-end.
Cash generated
     4,032.00 CPP
     7,784.04 OAS
     1,545.48 GIS
         0.00 Pension
     5,097.60 Dividends
     7,354.23 Net liquidation (sell-buy)
         0.00 Interest
    11,241.22 Total cash swept from tfsa-rif-nra to bank
    25,813.35 Total cash generated

Tax return 2030
    24,267.87 Taxable income
       139.03 Federal tax
       545.77 Provincial tax
       684.80 Tax Payable
         0.00 Dividend tax credits
     1,210.61 Installments
      -525.81 Balance owing
    24,267.87 Net income
    24,267.87 Net income before adj
     7,784.04 OAS income
         0.00 Employment income
    12,451.83 RIF withdrawals

Accounts
    80,919.18 -RIF-
    56,270.00 ABC 1000sh @ 56.27
    24,649.18 XYZ 146sh @ 168.83
         0.00 Cash

    12,419.13 -BANKACCOUNT-
    12,419.13 Cash

    93,338.31 Net worth
    80,919.18 Investments worth

     3,853.29 RIF minimum for 2031
2031-01-01:BANK WITHDRAWAL:  700.00
2031-01-23:BANK WITHDRAWAL:  500.00
2031-01-28:OAS/GIS payment: 781.46
2031-01-28:CPP payment:  336.00
2031-01-28:DIVIDEND: XYZ Rif 146@1.81 = 264.26
2031-02-01:BANK WITHDRAWAL:  700.00
2031-02-15:SPLURGE SPENDING:  6636.59
2031-02-23:BANK WITHDRAWAL:  500.00
2031-02-28:OAS/GIS payment: 781.46
2031-02-28:CPP payment:  336.00
2031-03-01:DIVIDEND: ABC Rif 1000@0.97 = 970.00
2031-03-01:BANK WITHDRAWAL:  700.00
2031-03-01:MOVE CASH from Rif to BankAccount 1234.26
2031-03-23:BANK WITHDRAWAL:  500.00
2031-03-28:OAS/GIS payment: 781.46
2031-03-28:CPP payment:  336.00
2031-04-01:BANK WITHDRAWAL:  700.00
2031-04-23:BANK WITHDRAWAL:  500.00
2031-04-28:OAS/GIS payment: 781.46
2031-04-28:CPP payment:  336.00
2031-04-28:DIVIDEND: XYZ Rif 146@1.81 = 264.26
2031-05-01:BANK WITHDRAWAL:  700.00
2031-05-15:SPLURGE SPENDING:  986.64
2031-05-23:BANK WITHDRAWAL:  500.00
2031-05-28:OAS/GIS payment: 781.46
2031-05-28:CPP payment:  336.00
2031-06-01:DIVIDEND: ABC Rif 1000@0.97 = 970.00
2031-06-01:BANK WITHDRAWAL:  700.00
2031-06-01:MOVE CASH from Rif to BankAccount 1234.26
2031-06-23:BANK WITHDRAWAL:  500.00
2031-06-28:OAS/GIS payment: 781.46
2031-06-28:CPP payment:  336.00
2031-07-01:BANK WITHDRAWAL:  700.00
2031-07-23:BANK WITHDRAWAL:  500.00
2031-07-28:OAS/GIS payment: 781.46
2031-07-28:CPP payment:  336.00
2031-07-28:DIVIDEND: XYZ Rif 146@1.81 = 264.26
2031-08-01:BANK WITHDRAWAL:  700.00
2031-08-15:SPLURGE SPENDING:  986.64
2031-08-23:BANK WITHDRAWAL:  500.00
2031-08-28:OAS/GIS payment: 781.46
2031-08-28:CPP payment:  336.00
2031-09-01:DIVIDEND: ABC Rif 1000@0.97 = 970.00
2031-09-01:BANK WITHDRAWAL:  700.00
2031-09-01:MOVE CASH from Rif to BankAccount 1234.26
2031-09-23:BANK WITHDRAWAL:  500.00
2031-09-28:OAS/GIS payment: 781.46
2031-09-28:CPP payment:  336.00
2031-10-01:BANK WITHDRAWAL:  700.00
2031-10-23:BANK WITHDRAWAL:  500.00
2031-10-28:OAS/GIS payment: 781.46
2031-10-28:CPP payment:  336.00
2031-10-28:DIVIDEND: XYZ Rif 146@1.81 = 264.26
2031-11-01:BANK WITHDRAWAL:  700.00
2031-11-15:SPLURGE SPENDING:  986.64
2031-11-23:BANK WITHDRAWAL:  500.00
2031-11-25:STOCK-PRICE-UPDATE:  ABC 57.96 [3.0%]
2031-11-25:STOCK-PRICE-UPDATE:  XYZ 173.89 [3.0%]
2031-11-26:LIQUIDATE:  [Rif sold 43 XYZ net:7402.50]
2031-11-28:OAS/GIS payment: 781.46
2031-11-28:CPP payment:  336.00
2031-12-01:DIVIDEND: ABC Rif 1000@0.97 = 970.00
2031-12-01:BANK WITHDRAWAL:  700.00
2031-12-01:MOVE CASH from Rif to BankAccount net 7439.51 plus 1197.25 withheld.
2031-12-23:BANK WITHDRAWAL:  500.00
2031-12-28:OAS/GIS payment: 781.46
2031-12-28:CPP payment:  336.00
2031-12-31:PAY TAXES:  -545.90
2031 year-end.
Cash generated
     4,032.00 CPP
     7,784.04 OAS
     1,593.48 GIS
         0.00 Pension
     4,937.04 Dividends
     7,402.50 Net liquidation (sell-buy)
         0.00 Interest
    11,142.29 Total cash swept from tfsa-rif-nra to bank
    25,749.06 Total cash generated

Tax return 2031
    24,155.58 Taxable income
       122.19 Federal tax
       529.16 Provincial tax
       651.35 Tax Payable
         0.00 Dividend tax credits
     1,197.25 Installments
      -545.90 Balance owing
    24,155.58 Net income
    24,155.58 Net income before adj
     7,784.04 OAS income
         0.00 Employment income
    12,339.54 RIF withdrawals

Accounts
    75,870.67 -RIF-
    57,960.00 ABC 1000sh @ 57.96
    17,910.67 XYZ 103sh @ 173.89
         0.00 Cash

    12,428.53 -BANKACCOUNT-
    12,428.53 Cash

    88,299.20 Net worth
    75,870.67 Investments worth

     3,793.53 RIF minimum for 2032
2032-01-01:BANK WITHDRAWAL:  700.00
2032-01-23:BANK WITHDRAWAL:  500.00
2032-01-28:OAS/GIS payment: 785.46
2032-01-28:CPP payment:  336.00
2032-01-28:DIVIDEND: XYZ Rif 103@1.87 = 192.61
2032-02-01:BANK WITHDRAWAL:  700.00
2032-02-15:SPLURGE SPENDING:  6649.99
2032-02-23:BANK WITHDRAWAL:  500.00
2032-02-28:OAS/GIS payment: 785.46
2032-02-28:CPP payment:  336.00
2032-03-01:DIVIDEND: ABC Rif 1000@1.00 = 1000.00
2032-03-01:BANK WITHDRAWAL:  700.00
2032-03-01:MOVE CASH from Rif to BankAccount 1192.61
2032-03-23:BANK WITHDRAWAL:  500.00
2032-03-28:OAS/GIS payment: 785.46
2032-03-28:CPP payment:  336.00
2032-04-01:BANK WITHDRAWAL:  700.00
2032-04-23:BANK WITHDRAWAL:  500.00
2032-04-28:OAS/GIS payment: 785.46
2032-04-28:CPP payment:  336.00
2032-04-28:DIVIDEND: XYZ Rif 103@1.87 = 192.61
2032-05-01:BANK WITHDRAWAL:  700.00
2032-05-15:SPLURGE SPENDING:  956.99
2032-05-23:BANK WITHDRAWAL:  500.00
2032-05-28:OAS/GIS payment: 785.46
2032-05-28:CPP payment:  336.00
2032-06-01:DIVIDEND: ABC Rif 1000@1.00 = 1000.00
2032-06-01:BANK WITHDRAWAL:  700.00
2032-06-01:MOVE CASH from Rif to BankAccount 1192.61
2032-06-23:BANK WITHDRAWAL:  500.00
2032-06-28:OAS/GIS payment: 785.46
2032-06-28:CPP payment:  336.00
2032-07-01:BANK WITHDRAWAL:  700.00
2032-07-23:BANK WITHDRAWAL:  500.00
2032-07-28:OAS/GIS payment: 785.46
2032-07-28:CPP payment:  336.00
2032-07-28:DIVIDEND: XYZ Rif 103@1.87 = 192.61
2032-08-01:BANK WITHDRAWAL:  700.00
2032-08-15:SPLURGE SPENDING:  956.99
2032-08-23:BANK WITHDRAWAL:  500.00
2032-08-28:OAS/GIS payment: 785.46
2032-08-28:CPP payment:  336.00
2032-09-01:DIVIDEND: ABC Rif 1000@1.00 = 1000.00
2032-09-01:BANK WITHDRAWAL:  700.00
2032-09-01:MOVE CASH from Rif to BankAccount 1192.61
2032-09-23:BANK WITHDRAWAL:  500.00
2032-09-28:OAS/GIS payment: 785.46
2032-09-28:CPP payment:  336.00
2032-10-01:BANK WITHDRAWAL:  700.00
2032-10-23:BANK WITHDRAWAL:  500.00
2032-10-28:OAS/GIS payment: 785.46
2032-10-28:CPP payment:  336.00
2032-10-28:DIVIDEND: XYZ Rif 103@1.87 = 192.61
2032-11-01:BANK WITHDRAWAL:  700.00
2032-11-15:SPLURGE SPENDING:  956.99
2032-11-23:BANK WITHDRAWAL:  500.00
2032-11-25:STOCK-PRICE-UPDATE:  ABC 59.70 [3.0%]
2032-11-25:STOCK-PRICE-UPDATE:  XYZ 179.11 [3.0%]
2032-11-26:LIQUIDATE:  [Rif sold 41 XYZ net:7270.07]
2032-11-28:OAS/GIS payment: 785.46
2032-11-28:CPP payment:  336.00
2032-12-01:DIVIDEND: ABC Rif 1000@1.00 = 1000.00
2032-12-01:BANK WITHDRAWAL:  700.00
2032-12-01:MOVE CASH from Rif to BankAccount net 7313.28 plus 1149.40 withheld.
2032-12-23:BANK WITHDRAWAL:  500.00
2032-12-28:OAS/GIS payment: 785.46
2032-12-28:CPP payment:  336.00
2032-12-31:PAY TAXES:  -587.17
2032 year-end.
Cash generated
     4,032.00 CPP
     7,784.04 OAS
     1,641.48 GIS
         0.00 Pension
     4,770.44 Dividends
     7,270.07 Net liquidation (sell-buy)
         0.00 Interest
    10,891.11 Total cash swept from tfsa-rif-nra to bank
    25,498.03 Total cash generated

Tax return 2032
    23,856.55 Taxable income
        77.33 Federal tax
       484.90 Provincial tax
       562.23 Tax Payable
         0.00 Dividend tax credits
     1,149.40 Installments
      -587.17 Balance owing
    23,856.55 Net income
    23,856.55 Net income before adj
     7,784.04 OAS income
         0.00 Employment income
    12,040.51 RIF withdrawals

Accounts
    70,804.82 -RIF-
    59,700.00 ABC 1000sh @ 59.70
    11,104.82 XYZ 62sh @ 179.11
         0.00 Cash

    12,269.03 -BANKACCOUNT-
    12,269.03 Cash

    83,073.85 Net worth
    70,804.82 Investments worth

     3,738.49 RIF minimum for 2033
2033-01-01:BANK WITHDRAWAL:  700.00
2033-01-23:BANK WITHDRAWAL:  500.00
2033-01-28:OAS/GIS payment: 798.46
2033-01-28:CPP payment:  336.00
2033-01-28:DIVIDEND: XYZ Rif 62@1.92 = 119.04
2033-02-01:BANK WITHDRAWAL:  700.00
2033-02-15:SPLURGE SPENDING:  6503.49
2033-02-23:BANK WITHDRAWAL:  500.00
2033-02-28:OAS/GIS payment: 798.46
2033-02-28:CPP payment:  336.00
2033-03-01:DIVIDEND: ABC Rif 1000@1.03 = 1030.00
2033-03-01:BANK WITHDRAWAL:  700.00
2033-03-01:MOVE CASH from Rif to BankAccount 1149.04
2033-03-23:BANK WITHDRAWAL:  500.00
2033-03-28:OAS/GIS payment: 798.46
2033-03-28:CPP payment:  336.00
2033-04-01:BANK WITHDRAWAL:  700.00
2033-04-23:BANK WITHDRAWAL:  500.00
2033-04-28:OAS/GIS payment: 798.46
2033-04-28:CPP payment:  336.00
2033-04-28:DIVIDEND: XYZ Rif 62@1.92 = 119.04
2033-05-01:BANK WITHDRAWAL:  700.00
2033-05-15:SPLURGE SPENDING:  952.42
2033-05-23:BANK WITHDRAWAL:  500.00
2033-05-28:OAS/GIS payment: 798.46
2033-05-28:CPP payment:  336.00
2033-06-01:DIVIDEND: ABC Rif 1000@1.03 = 1030.00
2033-06-01:BANK WITHDRAWAL:  700.00
2033-06-01:MOVE CASH from Rif to BankAccount 1149.04
2033-06-23:BANK WITHDRAWAL:  500.00
2033-06-28:OAS/GIS payment: 798.46
2033-06-28:CPP payment:  336.00
2033-07-01:BANK WITHDRAWAL:  700.00
2033-07-23:BANK WITHDRAWAL:  500.00
2033-07-28:OAS/GIS payment: 798.46
2033-07-28:CPP payment:  336.00
2033-07-28:DIVIDEND: XYZ Rif 62@1.92 = 119.04
2033-08-01:BANK WITHDRAWAL:  700.00
2033-08-15:SPLURGE SPENDING:  952.42
2033-08-23:BANK WITHDRAWAL:  500.00
2033-08-28:OAS/GIS payment: 798.46
2033-08-28:CPP payment:  336.00
2033-09-01:DIVIDEND: ABC Rif 1000@1.03 = 1030.00
2033-09-01:BANK WITHDRAWAL:  700.00
2033-09-01:MOVE CASH from Rif to BankAccount 1149.04
2033-09-23:BANK WITHDRAWAL:  500.00
2033-09-28:OAS/GIS payment: 798.46
2033-09-28:CPP payment:  336.00
2033-10-01:BANK WITHDRAWAL:  700.00
2033-10-23:BANK WITHDRAWAL:  500.00
2033-10-28:OAS/GIS payment: 798.46
2033-10-28:CPP payment:  336.00
2033-10-28:DIVIDEND: XYZ Rif 62@1.92 = 119.04
2033-11-01:BANK WITHDRAWAL:  700.00
2033-11-15:SPLURGE SPENDING:  952.42
2033-11-23:BANK WITHDRAWAL:  500.00
2033-11-25:STOCK-PRICE-UPDATE:  ABC 61.49 [3.0%]
2033-11-25:STOCK-PRICE-UPDATE:  XYZ 184.48 [3.0%]
2033-11-26:LIQUIDATE:  [Rif sold 40 XYZ net:7305.41]
2033-11-28:OAS/GIS payment: 798.46
2033-11-28:CPP payment:  336.00
2033-12-01:DIVIDEND: ABC Rif 1000@1.03 = 1030.00
2033-12-01:BANK WITHDRAWAL:  700.00
2033-12-01:MOVE CASH from Rif to BankAccount net 7321.83 plus 1132.62 withheld.
2033-12-23:BANK WITHDRAWAL:  500.00
2033-12-28:OAS/GIS payment: 798.46
2033-12-28:CPP payment:  336.00
2033-12-31:PAY TAXES:  -611.79
2033 year-end.
Cash generated
     4,032.00 CPP
     7,784.04 OAS
     1,797.48 GIS
         0.00 Pension
     4,596.16 Dividends
     7,305.41 Net liquidation (sell-buy)
         0.00 Interest
    10,768.95 Total cash swept from tfsa-rif-nra to bank
    25,515.09 Total cash generated

Tax return 2033
    23,717.61 Taxable income
        56.49 Federal tax
       464.34 Provincial tax
       520.83 Tax Payable
         0.00 Dividend tax credits
     1,132.62 Installments
      -611.79 Balance owing
    23,717.61 Net income
    23,717.61 Net income before adj
     7,784.04 OAS income
         0.00 Employment income
    11,901.57 RIF withdrawals

Accounts
    65,548.56 -RIF-
    61,490.00 ABC 1000sh @ 61.49
     4,058.56 XYZ 22sh @ 184.48
         0.00 Cash

    12,278.96 -BANKACCOUNT-
    12,278.96 Cash

    77,827.52 Net worth
    65,548.56 Investments worth

     3,539.62 RIF minimum for 2034
2034-01-01:BANK WITHDRAWAL:  700.00
2034-01-23:BANK WITHDRAWAL:  500.00
2034-01-28:OAS/GIS payment: 804.46
2034-01-28:CPP payment:  336.00
2034-01-28:DIVIDEND: XYZ Rif 22@1.98 = 43.56
2034-02-01:BANK WITHDRAWAL:  700.00
2034-02-15:SPLURGE SPENDING:  6519.42
2034-02-23:BANK WITHDRAWAL:  500.00
2034-02-28:OAS/GIS payment: 804.46
2034-02-28:CPP payment:  336.00
2034-03-01:DIVIDEND: ABC Rif 1000@1.06 = 1060.00
2034-03-01:BANK WITHDRAWAL:  700.00
2034-03-01:MOVE CASH from Rif to BankAccount 1103.56
2034-03-23:BANK WITHDRAWAL:  500.00
2034-03-28:OAS/GIS payment: 804.46
2034-03-28:CPP payment:  336.00
2034-04-01:BANK WITHDRAWAL:  700.00
2034-04-23:BANK WITHDRAWAL:  500.00
2034-04-28:OAS/GIS payment: 804.46
2034-04-28:CPP payment:  336.00
2034-04-28:DIVIDEND: XYZ Rif 22@1.98 = 43.56
2034-05-01:BANK WITHDRAWAL:  700.00
2034-05-15:SPLURGE SPENDING:  924.94
2034-05-23:BANK WITHDRAWAL:  500.00
2034-05-28:OAS/GIS payment: 804.46
2034-05-28:CPP payment:  336.00
2034-06-01:DIVIDEND: ABC Rif 1000@1.06 = 1060.00
2034-06-01:BANK WITHDRAWAL:  700.00
2034-06-01:MOVE CASH from Rif to BankAccount 1103.56
2034-06-23:BANK WITHDRAWAL:  500.00
2034-06-28:OAS/GIS payment: 804.46
2034-06-28:CPP payment:  336.00
2034-07-01:BANK WITHDRAWAL:  700.00
2034-07-23:BANK WITHDRAWAL:  500.00
2034-07-28:OAS/GIS payment: 804.46
2034-07-28:CPP payment:  336.00
2034-07-28:DIVIDEND: XYZ Rif 22@1.98 = 43.56
2034-08-01:BANK WITHDRAWAL:  700.00
2034-08-15:SPLURGE SPENDING:  924.94
2034-08-23:BANK WITHDRAWAL:  500.00
2034-08-28:OAS/GIS payment: 804.46
2034-08-28:CPP payment:  336.00
2034-09-01:DIVIDEND: ABC Rif 1000@1.06 = 1060.00
2034-09-01:BANK WITHDRAWAL:  700.00
2034-09-01:MOVE CASH from Rif to BankAccount 1103.56
2034-09-23:BANK WITHDRAWAL:  500.00
2034-09-28:OAS/GIS payment: 804.46
2034-09-28:CPP payment:  336.00
2034-10-01:BANK WITHDRAWAL:  700.00
2034-10-23:BANK WITHDRAWAL:  500.00
2034-10-28:OAS/GIS payment: 804.46
2034-10-28:CPP payment:  336.00
2034-10-28:DIVIDEND: XYZ Rif 22@1.98 = 43.56
2034-11-01:BANK WITHDRAWAL:  700.00
2034-11-15:SPLURGE SPENDING:  924.94
2034-11-23:BANK WITHDRAWAL:  500.00
2034-11-25:STOCK-PRICE-UPDATE:  ABC 63.33 [2.99%]
2034-11-25:STOCK-PRICE-UPDATE:  XYZ 190.01 [3.0%]
2034-11-26:LIQUIDATE:  [Rif sold 22 XYZ net:4138.42, Rif sold 52 ABC net:3260.23]
2034-11-28:OAS/GIS payment: 804.46
2034-11-28:CPP payment:  336.00
2034-12-01:DIVIDEND: ABC Rif 948@1.06 = 1004.88
2034-12-01:BANK WITHDRAWAL:  700.00
2034-12-01:MOVE CASH from Rif to BankAccount net 7303.46 plus 1143.63 withheld.
2034-12-23:BANK WITHDRAWAL:  500.00
2034-12-28:OAS/GIS payment: 804.46
2034-12-28:CPP payment:  336.00
2034-12-31:PAY TAXES:  -665.66
2034 year-end.
Cash generated
     4,032.00 CPP
     7,784.04 OAS
     1,869.48 GIS
         0.00 Pension
     4,359.12 Dividends
     7,398.65 Net liquidation (sell-buy)
         0.00 Interest
    10,614.14 Total cash swept from tfsa-rif-nra to bank
    25,443.29 Total cash generated

Tax return 2034
    23,573.81 Taxable income
        34.92 Federal tax
       443.05 Provincial tax
       477.97 Tax Payable
         0.00 Dividend tax credits
     1,143.63 Installments
      -665.66 Balance owing
    23,573.81 Net income
    23,573.81 Net income before adj
     7,784.04 OAS income
         0.00 Employment income
    11,757.77 RIF withdrawals

Accounts
    60,036.84 -RIF-
    60,036.84 ABC 948sh @ 63.33
         0.00 Cash

    12,218.72 -BANKACCOUNT-
    12,218.72 Cash

    72,255.56 Net worth
    60,036.84 Investments worth

     3,320.04 RIF minimum for 2035
2035-01-01:BANK WITHDRAWAL:  700.00
2035-01-23:BANK WITHDRAWAL:  500.00
2035-01-28:OAS/GIS payment: 810.46
2035-01-28:CPP payment:  336.00
2035-02-01:BANK WITHDRAWAL:  700.00
2035-02-15:SPLURGE SPENDING:  6465.18
2035-02-23:BANK WITHDRAWAL:  500.00
2035-02-28:OAS/GIS payment: 810.46
2035-02-28:CPP payment:  336.00
2035-03-01:DIVIDEND: ABC Rif 948@1.09 = 1033.32
2035-03-01:BANK WITHDRAWAL:  700.00
2035-03-01:MOVE CASH from Rif to BankAccount 1033.32
2035-03-23:BANK WITHDRAWAL:  500.00
2035-03-28:OAS/GIS payment: 810.46
2035-03-28:CPP payment:  336.00
2035-04-01:BANK WITHDRAWAL:  700.00
2035-04-23:BANK WITHDRAWAL:  500.00
2035-04-28:OAS/GIS payment: 810.46
2035-04-28:CPP payment:  336.00
2035-05-01:BANK WITHDRAWAL:  700.00
2035-05-15:SPLURGE SPENDING:  872.70
2035-05-23:BANK WITHDRAWAL:  500.00
2035-05-28:OAS/GIS payment: 810.46
2035-05-28:CPP payment:  336.00
2035-06-01:DIVIDEND: ABC Rif 948@1.09 = 1033.32
2035-06-01:BANK WITHDRAWAL:  700.00
2035-06-01:MOVE CASH from Rif to BankAccount 1033.32
2035-06-23:BANK WITHDRAWAL:  500.00
2035-06-28:OAS/GIS payment: 810.46
2035-06-28:CPP payment:  336.00
2035-07-01:BANK WITHDRAWAL:  700.00
2035-07-23:BANK WITHDRAWAL:  500.00
2035-07-28:OAS/GIS payment: 810.46
2035-07-28:CPP payment:  336.00
2035-08-01:BANK WITHDRAWAL:  700.00
2035-08-15:SPLURGE SPENDING:  872.70
2035-08-23:BANK WITHDRAWAL:  500.00
2035-08-28:OAS/GIS payment: 810.46
2035-08-28:CPP payment:  336.00
2035-09-01:DIVIDEND: ABC Rif 948@1.09 = 1033.32
2035-09-01:BANK WITHDRAWAL:  700.00
2035-09-01:MOVE CASH from Rif to BankAccount 1033.32
2035-09-23:BANK WITHDRAWAL:  500.00
2035-09-28:OAS/GIS payment: 810.46
2035-09-28:CPP payment:  336.00
2035-10-01:BANK WITHDRAWAL:  700.00
2035-10-23:BANK WITHDRAWAL:  500.00
2035-10-28:OAS/GIS payment: 810.46
2035-10-28:CPP payment:  336.00
2035-11-01:BANK WITHDRAWAL:  700.00
2035-11-15:SPLURGE SPENDING:  872.70
2035-11-23:BANK WITHDRAWAL:  500.00
2035-11-25:STOCK-PRICE-UPDATE:  ABC 65.23 [3.0%]
2035-11-25:STOCK-PRICE-UPDATE:  XYZ 195.71 [3.0%]
2035-11-26:LIQUIDATE:  [Rif sold 114 ABC net:7361.86]
2035-11-28:OAS/GIS payment: 810.46
2035-11-28:CPP payment:  336.00
2035-12-01:DIVIDEND: ABC Rif 834@1.09 = 909.06
2035-12-01:BANK WITHDRAWAL:  700.00
2035-12-01:MOVE CASH from Rif to BankAccount net 7160.75 plus 1110.17 withheld.
2035-12-23:BANK WITHDRAWAL:  500.00
2035-12-28:OAS/GIS payment: 810.46
2035-12-28:CPP payment:  336.00
2035-12-31:PAY TAXES:  -724.37
2035 year-end.
Cash generated
     4,032.00 CPP
     7,784.04 OAS
     1,941.48 GIS
         0.00 Pension
     4,009.02 Dividends
     7,361.86 Net liquidation (sell-buy)
         0.00 Interest
    10,260.71 Total cash swept from tfsa-rif-nra to bank
    25,128.40 Total cash generated

Tax return 2035
    23,186.92 Taxable income
         0.00 Federal tax
       385.80 Provincial tax
       385.80 Tax Payable
         0.00 Dividend tax credits
     1,110.17 Installments
      -724.37 Balance owing
    23,186.92 Net income
    23,186.92 Net income before adj
     7,784.04 OAS income
         0.00 Employment income
    11,370.88 RIF withdrawals

Accounts
    54,401.82 -RIF-
    54,401.82 ABC 834sh @ 65.23
         0.00 Cash

    12,029.30 -BANKACCOUNT-
    12,029.30 Cash

    66,431.12 Net worth
    54,401.82 Investments worth

     3,084.58 RIF minimum for 2036
2036-01-01:BANK WITHDRAWAL:  700.00
2036-01-23:BANK WITHDRAWAL:  500.00
2036-01-28:OAS/GIS payment: 826.46
2036-01-28:CPP payment:  336.00
2036-02-01:BANK WITHDRAWAL:  700.00
2036-02-15:SPLURGE SPENDING:  6291.76
2036-02-23:BANK WITHDRAWAL:  500.00
2036-02-28:OAS/GIS payment: 826.46
2036-02-28:CPP payment:  336.00
2036-03-01:DIVIDEND: ABC Rif 834@1.12 = 934.08
2036-03-01:BANK WITHDRAWAL:  700.00
2036-03-01:MOVE CASH from Rif to BankAccount 934.08
2036-03-23:BANK WITHDRAWAL:  500.00
2036-03-28:OAS/GIS payment: 826.46
2036-03-28:CPP payment:  336.00
2036-04-01:BANK WITHDRAWAL:  700.00
2036-04-23:BANK WITHDRAWAL:  500.00
2036-04-28:OAS/GIS payment: 826.46
2036-04-28:CPP payment:  336.00
2036-05-01:BANK WITHDRAWAL:  700.00
2036-05-15:SPLURGE SPENDING:  821.46
2036-05-23:BANK WITHDRAWAL:  500.00
2036-05-28:OAS/GIS payment: 826.46
2036-05-28:CPP payment:  336.00
2036-06-01:DIVIDEND: ABC Rif 834@1.12 = 934.08
2036-06-01:BANK WITHDRAWAL:  700.00
2036-06-01:MOVE CASH from Rif to BankAccount 934.08
2036-06-23:BANK WITHDRAWAL:  500.00
2036-06-28:OAS/GIS payment: 826.46
2036-06-28:CPP payment:  336.00
2036-07-01:BANK WITHDRAWAL:  700.00
2036-07-23:BANK WITHDRAWAL:  500.00
2036-07-28:OAS/GIS payment: 826.46
2036-07-28:CPP payment:  336.00
2036-08-01:BANK WITHDRAWAL:  700.00
2036-08-15:SPLURGE SPENDING:  821.46
2036-08-23:BANK WITHDRAWAL:  500.00
2036-08-28:OAS/GIS payment: 826.46
2036-08-28:CPP payment:  336.00
2036-09-01:DIVIDEND: ABC Rif 834@1.12 = 934.08
2036-09-01:BANK WITHDRAWAL:  700.00
2036-09-01:MOVE CASH from Rif to BankAccount 934.08
2036-09-23:BANK WITHDRAWAL:  500.00
2036-09-28:OAS/GIS payment: 826.46
2036-09-28:CPP payment:  336.00
2036-10-01:BANK WITHDRAWAL:  700.00
2036-10-23:BANK WITHDRAWAL:  500.00
2036-10-28:OAS/GIS payment: 826.46
2036-10-28:CPP payment:  336.00
2036-11-01:BANK WITHDRAWAL:  700.00
2036-11-15:SPLURGE SPENDING:  821.46
2036-11-23:BANK WITHDRAWAL:  500.00
2036-11-25:STOCK-PRICE-UPDATE:  ABC 67.19 [3.0%]
2036-11-25:STOCK-PRICE-UPDATE:  XYZ 201.58 [3.0%]
2036-11-26:LIQUIDATE:  [Rif sold 111 ABC net:7383.51]
2036-11-28:OAS/GIS payment: 826.46
2036-11-28:CPP payment:  336.00
2036-12-01:DIVIDEND: ABC Rif 723@1.12 = 809.76
2036-12-01:BANK WITHDRAWAL:  700.00
2036-12-01:MOVE CASH from Rif to BankAccount net 7111.08 plus 1082.19 withheld.
2036-12-23:BANK WITHDRAWAL:  500.00
2036-12-28:OAS/GIS payment: 826.46
2036-12-28:CPP payment:  336.00
2036-12-31:PAY TAXES:  -751.95
2036 year-end.
Cash generated
     4,032.00 CPP
     7,784.04 OAS
     2,133.48 GIS
         0.00 Pension
     3,612.00 Dividends
     7,383.51 Net liquidation (sell-buy)
         0.00 Interest
     9,913.32 Total cash swept from tfsa-rif-nra to bank
    24,945.03 Total cash generated

Tax return 2036
    22,811.55 Taxable income
         0.00 Federal tax
       330.24 Provincial tax
       330.24 Tax Payable
         0.00 Dividend tax credits
     1,082.19 Installments
      -751.95 Balance owing
    22,811.55 Net income
    22,811.55 Net income before adj
     7,784.04 OAS income
         0.00 Employment income
    10,995.51 RIF withdrawals

Accounts
    48,578.37 -RIF-
    48,578.37 ABC 723sh @ 67.19
         0.00 Cash

    11,984.05 -BANKACCOUNT-
    11,984.05 Cash

    60,562.42 Net worth
    48,578.37 Investments worth

     2,827.26 RIF minimum for 2037
2037-01-01:BANK WITHDRAWAL:  700.00
2037-01-23:BANK WITHDRAWAL:  500.00
2037-01-28:OAS/GIS payment: 841.46
2037-01-28:CPP payment:  336.00
2037-02-01:BANK WITHDRAWAL:  700.00
2037-02-15:SPLURGE SPENDING:  6261.51
2037-02-23:BANK WITHDRAWAL:  500.00
2037-02-28:OAS/GIS payment: 841.46
2037-02-28:CPP payment:  336.00
2037-03-01:DIVIDEND: ABC Rif 723@1.16 = 838.68
2037-03-01:BANK WITHDRAWAL:  700.00
2037-03-01:MOVE CASH from Rif to BankAccount 838.68
2037-03-23:BANK WITHDRAWAL:  500.00
2037-03-28:OAS/GIS payment: 841.46
2037-03-28:CPP payment:  336.00
2037-04-01:BANK WITHDRAWAL:  700.00
2037-04-23:BANK WITHDRAWAL:  500.00
2037-04-28:OAS/GIS payment: 841.46
2037-04-28:CPP payment:  336.00
2037-05-01:BANK WITHDRAWAL:  700.00
2037-05-15:SPLURGE SPENDING:  771.06
2037-05-23:BANK WITHDRAWAL:  500.00
2037-05-28:OAS/GIS payment: 906.33
2037-05-28:CPP payment:  336.00
2037-06-01:DIVIDEND: ABC Rif 723@1.16 = 838.68
2037-06-01:BANK WITHDRAWAL:  700.00
2037-06-01:MOVE CASH from Rif to BankAccount 838.68
2037-06-23:BANK WITHDRAWAL:  500.00
2037-06-28:OAS/GIS payment: 906.33
2037-06-28:CPP payment:  336.00
2037-07-01:BANK WITHDRAWAL:  700.00
2037-07-23:BANK WITHDRAWAL:  500.00
2037-07-28:OAS/GIS payment: 906.33
2037-07-28:CPP payment:  336.00
2037-08-01:BANK WITHDRAWAL:  700.00
2037-08-15:SPLURGE SPENDING:  965.67
2037-08-23:BANK WITHDRAWAL:  500.00
2037-08-28:OAS/GIS payment: 906.33
2037-08-28:CPP payment:  336.00
2037-09-01:DIVIDEND: ABC Rif 723@1.16 = 838.68
2037-09-01:BANK WITHDRAWAL:  700.00
2037-09-01:MOVE CASH from Rif to BankAccount 838.68
2037-09-23:BANK WITHDRAWAL:  500.00
2037-09-28:OAS/GIS payment: 906.33
2037-09-28:CPP payment:  336.00
2037-10-01:BANK WITHDRAWAL:  700.00
2037-10-23:BANK WITHDRAWAL:  500.00
2037-10-28:OAS/GIS payment: 906.33
2037-10-28:CPP payment:  336.00
2037-11-01:BANK WITHDRAWAL:  700.00
2037-11-15:SPLURGE SPENDING:  965.67
2037-11-23:BANK WITHDRAWAL:  500.00
2037-11-25:STOCK-PRICE-UPDATE:  ABC 69.21 [3.01%]
2037-11-25:STOCK-PRICE-UPDATE:  XYZ 207.63 [3.0%]
2037-11-26:LIQUIDATE:  [Rif sold 108 ABC net:7399.93]
2037-11-28:OAS/GIS payment: 906.33
2037-11-28:CPP payment:  336.00
2037-12-01:DIVIDEND: ABC Rif 615@1.16 = 713.40
2037-12-01:BANK WITHDRAWAL:  700.00
2037-12-01:MOVE CASH from Rif to BankAccount net 7052.91 plus 1060.42 withheld.
2037-12-23:BANK WITHDRAWAL:  500.00
2037-12-28:OAS/GIS payment: 906.33
2037-12-28:CPP payment:  336.00
2037-12-31:PAY TAXES:  -707.56
2037 year-end.
Cash generated
     4,032.00 CPP
     8,303.00 OAS
     2,313.48 GIS
         0.00 Pension
     3,229.44 Dividends
     7,399.93 Net liquidation (sell-buy)
         0.00 Interest
     9,568.95 Total cash swept from tfsa-rif-nra to bank
    25,277.85 Total cash generated

Tax return 2037
    22,964.37 Taxable income
         0.00 Federal tax
       352.86 Provincial tax
       352.86 Tax Payable
         0.00 Dividend tax credits
     1,060.42 Installments
      -707.56 Balance owing
    22,964.37 Net income
    22,964.37 Net income before adj
     8,303.00 OAS income
         0.00 Employment income
    10,629.37 RIF withdrawals

Accounts
    42,564.15 -RIF-
    42,564.15 ABC 615sh @ 69.21
         0.00 Cash

    12,130.01 -BANKACCOUNT-
    12,130.01 Cash

    54,694.16 Net worth
    42,564.15 Investments worth

     2,545.34 RIF minimum for 2038
2038-01-01:BANK WITHDRAWAL:  700.00
2038-01-23:BANK WITHDRAWAL:  500.00
2038-01-28:OAS/GIS payment: 922.33
2038-01-28:CPP payment:  336.00
2038-02-01:BANK WITHDRAWAL:  700.00
2038-02-15:SPLURGE SPENDING:  6488.34
2038-02-23:BANK WITHDRAWAL:  500.00
2038-02-28:OAS/GIS payment: 922.33
2038-02-28:CPP payment:  336.00
2038-03-01:DIVIDEND: ABC Rif 615@1.19 = 731.85
2038-03-01:BANK WITHDRAWAL:  700.00
2038-03-01:MOVE CASH from Rif to BankAccount 731.85
2038-03-23:BANK WITHDRAWAL:  500.00
2038-03-28:OAS/GIS payment: 922.33
2038-03-28:CPP payment:  336.00
2038-04-01:BANK WITHDRAWAL:  700.00
2038-04-23:BANK WITHDRAWAL:  500.00
2038-04-28:OAS/GIS payment: 922.33
2038-04-28:CPP payment:  336.00
2038-05-01:BANK WITHDRAWAL:  700.00
2038-05-15:SPLURGE SPENDING:  906.84
2038-05-23:BANK WITHDRAWAL:  500.00
2038-05-28:OAS/GIS payment: 922.33
2038-05-28:CPP payment:  336.00
2038-06-01:DIVIDEND: ABC Rif 615@1.19 = 731.85
2038-06-01:BANK WITHDRAWAL:  700.00
2038-06-01:MOVE CASH from Rif to BankAccount 731.85
2038-06-23:BANK WITHDRAWAL:  500.00
2038-06-28:OAS/GIS payment: 922.33
2038-06-28:CPP payment:  336.00
2038-07-01:BANK WITHDRAWAL:  700.00
2038-07-23:BANK WITHDRAWAL:  500.00
2038-07-28:OAS/GIS payment: 922.33
2038-07-28:CPP payment:  336.00
2038-08-01:BANK WITHDRAWAL:  700.00
2038-08-15:SPLURGE SPENDING:  906.84
2038-08-23:BANK WITHDRAWAL:  500.00
2038-08-28:OAS/GIS payment: 922.33
2038-08-28:CPP payment:  336.00
2038-09-01:DIVIDEND: ABC Rif 615@1.19 = 731.85
2038-09-01:BANK WITHDRAWAL:  700.00
2038-09-01:MOVE CASH from Rif to BankAccount 731.85
2038-09-23:BANK WITHDRAWAL:  500.00
2038-09-28:OAS/GIS payment: 922.33
2038-09-28:CPP payment:  336.00
2038-10-01:BANK WITHDRAWAL:  700.00
2038-10-23:BANK WITHDRAWAL:  500.00
2038-10-28:OAS/GIS payment: 922.33
2038-10-28:CPP payment:  336.00
2038-11-01:BANK WITHDRAWAL:  700.00
2038-11-15:SPLURGE SPENDING:  906.84
2038-11-23:BANK WITHDRAWAL:  500.00
2038-11-25:STOCK-PRICE-UPDATE:  ABC 71.29 [3.01%]
2038-11-25:STOCK-PRICE-UPDATE:  XYZ 213.86 [3.0%]
2038-11-26:LIQUIDATE:  [Rif sold 105 ABC net:7410.60]
2038-11-28:OAS/GIS payment: 922.33
2038-11-28:CPP payment:  336.00
2038-12-01:DIVIDEND: ABC Rif 510@1.19 = 606.90
2038-12-01:BANK WITHDRAWAL:  700.00
2038-12-01:MOVE CASH from Rif to BankAccount net 6983.96 plus 1033.54 withheld.
2038-12-23:BANK WITHDRAWAL:  500.00
2038-12-28:OAS/GIS payment: 922.33
2038-12-28:CPP payment:  336.00
2038-12-31:PAY TAXES:  -703.89
2038 year-end.
Cash generated
     4,032.00 CPP
     8,562.48 OAS
     2,505.48 GIS
         0.00 Pension
     2,802.45 Dividends
     7,410.60 Net liquidation (sell-buy)
         0.00 Interest
     9,179.51 Total cash swept from tfsa-rif-nra to bank
    25,313.01 Total cash generated

Tax return 2038
    22,807.53 Taxable income
         0.00 Federal tax
       329.65 Provincial tax
       329.65 Tax Payable
         0.00 Dividend tax credits
     1,033.54 Installments
      -703.89 Balance owing
    22,807.53 Net income
    22,807.53 Net income before adj
     8,562.48 OAS income
         0.00 Employment income
    10,213.05 RIF withdrawals

Accounts
    36,357.90 -RIF-
    36,357.90 ABC 510sh @ 71.29
         0.00 Cash

    12,096.73 -BANKACCOUNT-
    12,096.73 Cash

    48,454.63 Net worth
    36,357.90 Investments worth

     2,243.28 RIF minimum for 2039
2039-01-01:BANK WITHDRAWAL:  700.00
2039-01-23:BANK WITHDRAWAL:  500.00
2039-01-28:OAS/GIS payment: 939.33
2039-01-28:CPP payment:  336.00
2039-02-01:BANK WITHDRAWAL:  700.00
2039-02-15:SPLURGE SPENDING:  6472.06
2039-02-23:BANK WITHDRAWAL:  500.00
2039-02-28:OAS/GIS payment: 939.33
2039-02-28:CPP payment:  336.00
2039-03-01:DIVIDEND: ABC Rif 510@1.23 = 627.30
2039-03-01:BANK WITHDRAWAL:  700.00
2039-03-01:MOVE CASH from Rif to BankAccount 627.30
2039-03-23:BANK WITHDRAWAL:  500.00
2039-03-28:OAS/GIS payment: 939.33
2039-03-28:CPP payment:  336.00
2039-04-01:BANK WITHDRAWAL:  700.00
2039-04-23:BANK WITHDRAWAL:  500.00
2039-04-28:OAS/GIS payment: 939.33
2039-04-28:CPP payment:  336.00
2039-05-01:BANK WITHDRAWAL:  700.00
2039-05-15:SPLURGE SPENDING:  853.29
2039-05-23:BANK WITHDRAWAL:  500.00
2039-05-28:OAS/GIS payment: 939.33
2039-05-28:CPP payment:  336.00
2039-06-01:DIVIDEND: ABC Rif 510@1.23 = 627.30
2039-06-01:BANK WITHDRAWAL:  700.00
2039-06-01:MOVE CASH from Rif to BankAccount 627.30
2039-06-23:BANK WITHDRAWAL:  500.00
2039-06-28:OAS/GIS payment: 939.33
2039-06-28:CPP payment:  336.00
2039-07-01:BANK WITHDRAWAL:  700.00
2039-07-23:BANK WITHDRAWAL:  500.00
2039-07-28:OAS/GIS payment: 939.33
2039-07-28:CPP payment:  336.00
2039-08-01:BANK WITHDRAWAL:  700.00
2039-08-15:SPLURGE SPENDING:  853.29
2039-08-23:BANK WITHDRAWAL:  500.00
2039-08-28:OAS/GIS payment: 939.33
2039-08-28:CPP payment:  336.00
2039-09-01:DIVIDEND: ABC Rif 510@1.23 = 627.30
2039-09-01:BANK WITHDRAWAL:  700.00
2039-09-01:MOVE CASH from Rif to BankAccount 627.30
2039-09-23:BANK WITHDRAWAL:  500.00
2039-09-28:OAS/GIS payment: 939.33
2039-09-28:CPP payment:  336.00
2039-10-01:BANK WITHDRAWAL:  700.00
2039-10-23:BANK WITHDRAWAL:  500.00
2039-10-28:OAS/GIS payment: 939.33
2039-10-28:CPP payment:  336.00
2039-11-01:BANK WITHDRAWAL:  700.00
2039-11-15:SPLURGE SPENDING:  853.29
2039-11-23:BANK WITHDRAWAL:  500.00
2039-11-25:STOCK-PRICE-UPDATE:  ABC 73.43 [3.0%]
2039-11-25:STOCK-PRICE-UPDATE:  XYZ 220.28 [3.0%]
2039-11-26:LIQUIDATE:  [Rif sold 102 ABC net:7414.96]
2039-11-28:OAS/GIS payment: 939.33
2039-11-28:CPP payment:  336.00
2039-12-01:DIVIDEND: ABC Rif 408@1.23 = 501.84
2039-12-01:BANK WITHDRAWAL:  700.00
2039-12-01:MOVE CASH from Rif to BankAccount net 6905.72 plus 1011.08 withheld.
2039-12-23:BANK WITHDRAWAL:  500.00
2039-12-28:OAS/GIS payment: 939.33
2039-12-28:CPP payment:  336.00
2039-12-31:PAY TAXES:  -742.76
2039 year-end.
Cash generated
     4,032.00 CPP
     8,562.48 OAS
     2,709.48 GIS
         0.00 Pension
     2,383.74 Dividends
     7,414.96 Net liquidation (sell-buy)
         0.00 Interest
     8,787.62 Total cash swept from tfsa-rif-nra to bank
    25,102.66 Total cash generated

Tax return 2039
    22,393.18 Taxable income
         0.00 Federal tax
       268.32 Provincial tax
       268.32 Tax Payable
         0.00 Dividend tax credits
     1,011.08 Installments
      -742.76 Balance owing
    22,393.18 Net income
    22,393.18 Net income before adj
     8,562.48 OAS income
         0.00 Employment income
     9,798.70 RIF withdrawals

Accounts
    29,959.44 -RIF-
    29,959.44 ABC 408sh @ 73.43
         0.00 Cash

    12,013.62 -BANKACCOUNT-
    12,013.62 Cash

    41,973.06 Net worth
    29,959.44 Investments worth

     1,905.42 RIF minimum for 2040
2040-01-01:BANK WITHDRAWAL:  700.00
2040-01-23:BANK WITHDRAWAL:  500.00
2040-01-28:OAS/GIS payment: 956.33
2040-01-28:CPP payment:  336.00
2040-02-01:BANK WITHDRAWAL:  700.00
2040-02-15:SPLURGE SPENDING:  6405.95
2040-02-23:BANK WITHDRAWAL:  500.00
2040-02-28:OAS/GIS payment: 956.33
2040-02-28:CPP payment:  336.00
2040-03-01:DIVIDEND: ABC Rif 408@1.26 = 514.08
2040-03-01:BANK WITHDRAWAL:  700.00
2040-03-01:MOVE CASH from Rif to BankAccount 514.08
2040-03-23:BANK WITHDRAWAL:  500.00
2040-03-28:OAS/GIS payment: 956.33
2040-03-28:CPP payment:  336.00
2040-04-01:BANK WITHDRAWAL:  700.00
2040-04-23:BANK WITHDRAWAL:  500.00
2040-04-28:OAS/GIS payment: 956.33
2040-04-28:CPP payment:  336.00
2040-05-01:BANK WITHDRAWAL:  700.00
2040-05-15:SPLURGE SPENDING:  791.07
2040-05-23:BANK WITHDRAWAL:  500.00
2040-05-28:OAS/GIS payment: 956.33
2040-05-28:CPP payment:  336.00
2040-06-01:DIVIDEND: ABC Rif 408@1.26 = 514.08
2040-06-01:BANK WITHDRAWAL:  700.00
2040-06-01:MOVE CASH from Rif to BankAccount 514.08
2040-06-23:BANK WITHDRAWAL:  500.00
2040-06-28:OAS/GIS payment: 956.33
2040-06-28:CPP payment:  336.00
2040-07-01:BANK WITHDRAWAL:  700.00
2040-07-23:BANK WITHDRAWAL:  500.00
2040-07-28:OAS/GIS payment: 956.33
2040-07-28:CPP payment:  336.00
2040-08-01:BANK WITHDRAWAL:  700.00
2040-08-15:SPLURGE SPENDING:  791.07
2040-08-23:BANK WITHDRAWAL:  500.00
2040-08-28:OAS/GIS payment: 956.33
2040-08-28:CPP payment:  336.00
2040-09-01:DIVIDEND: ABC Rif 408@1.26 = 514.08
2040-09-01:BANK WITHDRAWAL:  700.00
2040-09-01:MOVE CASH from Rif to BankAccount 514.08
2040-09-23:BANK WITHDRAWAL:  500.00
2040-09-28:OAS/GIS payment: 956.33
2040-09-28:CPP payment:  336.00
2040-10-01:BANK WITHDRAWAL:  700.00
2040-10-23:BANK WITHDRAWAL:  500.00
2040-10-28:OAS/GIS payment: 956.33
2040-10-28:CPP payment:  336.00
2040-11-01:BANK WITHDRAWAL:  700.00
2040-11-15:SPLURGE SPENDING:  791.07
2040-11-23:BANK WITHDRAWAL:  500.00
2040-11-25:STOCK-PRICE-UPDATE:  ABC 75.63 [3.0%]
2040-11-25:STOCK-PRICE-UPDATE:  XYZ 226.89 [3.0%]
2040-11-26:LIQUIDATE:  [Rif sold 99 ABC net:7412.50]
2040-11-28:OAS/GIS payment: 956.33
2040-11-28:CPP payment:  336.00
2040-12-01:DIVIDEND: ABC Rif 309@1.26 = 389.34
2040-12-01:BANK WITHDRAWAL:  700.00
2040-12-01:MOVE CASH from Rif to BankAccount net 6814.11 plus 987.73 withheld.
2040-12-23:BANK WITHDRAWAL:  500.00
2040-12-28:OAS/GIS payment: 956.33
2040-12-28:CPP payment:  336.00
2040-12-31:PAY TAXES:  -786.69
2040 year-end.
Cash generated
     4,032.00 CPP
     8,562.48 OAS
     2,913.48 GIS
         0.00 Pension
     1,931.58 Dividends
     7,412.50 Net liquidation (sell-buy)
         0.00 Interest
     8,356.35 Total cash swept from tfsa-rif-nra to bank
    24,852.04 Total cash generated

Tax return 2040
    21,938.56 Taxable income
         0.00 Federal tax
       201.04 Provincial tax
       201.04 Tax Payable
         0.00 Dividend tax credits
       987.73 Installments
      -786.69 Balance owing
    21,938.56 Net income
    21,938.56 Net income before adj
     8,562.48 OAS income
         0.00 Employment income
     9,344.08 RIF withdrawals

Accounts
    23,369.67 -RIF-
    23,369.67 ABC 309sh @ 75.63
         0.00 Cash

    11,912.08 -BANKACCOUNT-
    11,912.08 Cash

    35,281.75 Net worth
    23,369.67 Investments worth

     1,537.72 RIF minimum for 2041
2041-01-01:BANK WITHDRAWAL:  700.00
2041-01-23:BANK WITHDRAWAL:  500.00
2041-01-28:OAS/GIS payment: 975.33
2041-01-28:CPP payment:  336.00
2041-02-01:BANK WITHDRAWAL:  700.00
2041-02-15:SPLURGE SPENDING:  6323.41
2041-02-23:BANK WITHDRAWAL:  500.00
2041-02-28:OAS/GIS payment: 975.33
2041-02-28:CPP payment:  336.00
2041-03-01:DIVIDEND: ABC Rif 309@1.30 = 401.70
2041-03-01:BANK WITHDRAWAL:  700.00
2041-03-01:MOVE CASH from Rif to BankAccount 401.70
2041-03-23:BANK WITHDRAWAL:  500.00
2041-03-28:OAS/GIS payment: 975.33
2041-03-28:CPP payment:  336.00
2041-04-01:BANK WITHDRAWAL:  700.00
2041-04-23:BANK WITHDRAWAL:  500.00
2041-04-28:OAS/GIS payment: 975.33
2041-04-28:CPP payment:  336.00
2041-05-01:BANK WITHDRAWAL:  700.00
2041-05-15:SPLURGE SPENDING:  735.69
2041-05-23:BANK WITHDRAWAL:  500.00
2041-05-28:OAS/GIS payment: 975.33
2041-05-28:CPP payment:  336.00
2041-06-01:DIVIDEND: ABC Rif 309@1.30 = 401.70
2041-06-01:BANK WITHDRAWAL:  700.00
2041-06-01:MOVE CASH from Rif to BankAccount 401.70
2041-06-23:BANK WITHDRAWAL:  500.00
2041-06-28:OAS/GIS payment: 975.33
2041-06-28:CPP payment:  336.00
2041-07-01:BANK WITHDRAWAL:  700.00
2041-07-23:BANK WITHDRAWAL:  500.00
2041-07-28:OAS/GIS payment: 975.33
2041-07-28:CPP payment:  336.00
2041-08-01:BANK WITHDRAWAL:  700.00
2041-08-15:SPLURGE SPENDING:  735.69
2041-08-23:BANK WITHDRAWAL:  500.00
2041-08-28:OAS/GIS payment: 975.33
2041-08-28:CPP payment:  336.00
2041-09-01:DIVIDEND: ABC Rif 309@1.30 = 401.70
2041-09-01:BANK WITHDRAWAL:  700.00
2041-09-01:MOVE CASH from Rif to BankAccount 401.70
2041-09-23:BANK WITHDRAWAL:  500.00
2041-09-28:OAS/GIS payment: 975.33
2041-09-28:CPP payment:  336.00
2041-10-01:BANK WITHDRAWAL:  700.00
2041-10-23:BANK WITHDRAWAL:  500.00
2041-10-28:OAS/GIS payment: 975.33
2041-10-28:CPP payment:  336.00
2041-11-01:BANK WITHDRAWAL:  700.00
2041-11-15:SPLURGE SPENDING:  735.69
2041-11-23:BANK WITHDRAWAL:  500.00
2041-11-25:STOCK-PRICE-UPDATE:  ABC 77.90 [3.0%]
2041-11-25:STOCK-PRICE-UPDATE:  XYZ 233.70 [3.0%]
2041-11-26:LIQUIDATE:  [Rif sold 96 ABC net:7403.62]
2041-11-28:OAS/GIS payment: 975.33
2041-11-28:CPP payment:  336.00
2041-12-01:DIVIDEND: ABC Rif 213@1.30 = 276.90
2041-12-01:BANK WITHDRAWAL:  700.00
2041-12-01:MOVE CASH from Rif to BankAccount net 6710.94 plus 969.58 withheld.
2041-12-23:BANK WITHDRAWAL:  500.00
2041-12-28:OAS/GIS payment: 975.33
2041-12-28:CPP payment:  336.00
2041-12-31:PAY TAXES:  -836.40
2041 year-end.
Cash generated
     4,032.00 CPP
     8,562.48 OAS
     3,141.48 GIS
         0.00 Pension
     1,482.00 Dividends
     7,403.62 Net liquidation (sell-buy)
         0.00 Interest
     7,916.04 Total cash swept from tfsa-rif-nra to bank
    24,621.58 Total cash generated

Tax return 2041
    21,480.10 Taxable income
         0.00 Federal tax
       133.18 Provincial tax
       133.18 Tax Payable
         0.00 Dividend tax credits
       969.58 Installments
      -836.40 Balance owing
    21,480.10 Net income
    21,480.10 Net income before adj
     8,562.48 OAS income
         0.00 Employment income
     8,885.62 RIF withdrawals

Accounts
    16,592.70 -RIF-
    16,592.70 ABC 213sh @ 77.90
         0.00 Cash

    11,797.20 -BANKACCOUNT-
    11,797.20 Cash

    28,389.90 Net worth
    16,592.70 Investments worth

     1,131.62 RIF minimum for 2042
2042-01-01:BANK WITHDRAWAL:  700.00
2042-01-23:BANK WITHDRAWAL:  500.00
2042-01-28:OAS/GIS payment: 994.33
2042-01-28:CPP payment:  336.00
2042-02-01:BANK WITHDRAWAL:  700.00
2042-02-15:SPLURGE SPENDING:  6227.53
2042-02-23:BANK WITHDRAWAL:  500.00
2042-02-28:OAS/GIS payment: 994.33
2042-02-28:CPP payment:  336.00
2042-03-01:DIVIDEND: ABC Rif 213@1.34 = 285.42
2042-03-01:BANK WITHDRAWAL:  700.00
2042-03-01:MOVE CASH from Rif to BankAccount 285.42
2042-03-23:BANK WITHDRAWAL:  500.00
2042-03-28:OAS/GIS payment: 994.33
2042-03-28:CPP payment:  336.00
2042-04-01:BANK WITHDRAWAL:  700.00
2042-04-23:BANK WITHDRAWAL:  500.00
2042-04-28:OAS/GIS payment: 994.33
2042-04-28:CPP payment:  336.00
2042-05-01:BANK WITHDRAWAL:  700.00
2042-05-15:SPLURGE SPENDING:  676.41
2042-05-23:BANK WITHDRAWAL:  500.00
2042-05-28:OAS/GIS payment: 994.33
2042-05-28:CPP payment:  336.00
2042-06-01:DIVIDEND: ABC Rif 213@1.34 = 285.42
2042-06-01:BANK WITHDRAWAL:  700.00
2042-06-01:MOVE CASH from Rif to BankAccount 285.42
2042-06-23:BANK WITHDRAWAL:  500.00
2042-06-28:OAS/GIS payment: 994.33
2042-06-28:CPP payment:  336.00
2042-07-01:BANK WITHDRAWAL:  700.00
2042-07-23:BANK WITHDRAWAL:  500.00
2042-07-28:OAS/GIS payment: 994.33
2042-07-28:CPP payment:  336.00
2042-08-01:BANK WITHDRAWAL:  700.00
2042-08-15:SPLURGE SPENDING:  676.41
2042-08-23:BANK WITHDRAWAL:  500.00
2042-08-28:OAS/GIS payment: 994.33
2042-08-28:CPP payment:  336.00
2042-09-01:DIVIDEND: ABC Rif 213@1.34 = 285.42
2042-09-01:BANK WITHDRAWAL:  700.00
2042-09-01:MOVE CASH from Rif to BankAccount 285.42
2042-09-23:BANK WITHDRAWAL:  500.00
2042-09-28:OAS/GIS payment: 994.33
2042-09-28:CPP payment:  336.00
2042-10-01:BANK WITHDRAWAL:  700.00
2042-10-23:BANK WITHDRAWAL:  500.00
2042-10-28:OAS/GIS payment: 994.33
2042-10-28:CPP payment:  336.00
2042-11-01:BANK WITHDRAWAL:  700.00
2042-11-15:SPLURGE SPENDING:  676.41
2042-11-23:BANK WITHDRAWAL:  500.00
2042-11-25:STOCK-PRICE-UPDATE:  ABC 80.24 [3.0%]
2042-11-25:STOCK-PRICE-UPDATE:  XYZ 240.71 [3.0%]
2042-11-26:LIQUIDATE:  [Rif sold 93 ABC net:7387.70]
2042-11-28:OAS/GIS payment: 994.33
2042-11-28:CPP payment:  336.00
2042-12-01:DIVIDEND: ABC Rif 120@1.34 = 160.80
2042-12-01:BANK WITHDRAWAL:  700.00
2042-12-01:MOVE CASH from Rif to BankAccount net 6593.87 plus 954.63 withheld.
2042-12-23:BANK WITHDRAWAL:  500.00
2042-12-28:OAS/GIS payment: 994.33
2042-12-28:CPP payment:  336.00
2042-12-31:PAY TAXES:  -892.61
2042 year-end.
Cash generated
     4,032.00 CPP
     8,562.48 OAS
     3,369.48 GIS
         0.00 Pension
     1,017.06 Dividends
     7,387.70 Net liquidation (sell-buy)
         0.00 Interest
     7,450.13 Total cash swept from tfsa-rif-nra to bank
    24,368.72 Total cash generated

Tax return 2042
    20,999.24 Taxable income
         0.00 Federal tax
        62.02 Provincial tax
        62.02 Tax Payable
         0.00 Dividend tax credits
       954.63 Installments
      -892.61 Balance owing
    20,999.24 Net income
    20,999.24 Net income before adj
     8,562.48 OAS income
         0.00 Employment income
     8,404.76 RIF withdrawals

Accounts
     9,628.80 -RIF-
     9,628.80 ABC 120sh @ 80.24
         0.00 Cash

    11,661.92 -BANKACCOUNT-
    11,661.92 Cash

    21,290.72 Net worth
     9,628.80 Investments worth

       681.72 RIF minimum for 2043
2043-01-01:BANK WITHDRAWAL:  700.00
2043-01-23:BANK WITHDRAWAL:  500.00
2043-01-28:OAS/GIS payment: 1014.33
2043-01-28:CPP payment:  336.00
2043-02-01:BANK WITHDRAWAL:  700.00
2043-02-15:SPLURGE SPENDING:  6112.25
2043-02-23:BANK WITHDRAWAL:  500.00
2043-02-28:OAS/GIS payment: 1014.33
2043-02-28:CPP payment:  336.00
2043-03-01:DIVIDEND: ABC Rif 120@1.38 = 165.60
2043-03-01:BANK WITHDRAWAL:  700.00
2043-03-01:MOVE CASH from Rif to BankAccount 165.60
2043-03-23:BANK WITHDRAWAL:  500.00
2043-03-28:OAS/GIS payment: 1014.33
2043-03-28:CPP payment:  336.00
2043-04-01:BANK WITHDRAWAL:  700.00
2043-04-23:BANK WITHDRAWAL:  500.00
2043-04-28:OAS/GIS payment: 1014.33
2043-04-28:CPP payment:  336.00
2043-05-01:BANK WITHDRAWAL:  700.00
2043-05-15:SPLURGE SPENDING:  616.59
2043-05-23:BANK WITHDRAWAL:  500.00
2043-05-28:OAS/GIS payment: 1014.33
2043-05-28:CPP payment:  336.00
2043-06-01:DIVIDEND: ABC Rif 120@1.38 = 165.60
2043-06-01:BANK WITHDRAWAL:  700.00
2043-06-01:MOVE CASH from Rif to BankAccount 165.60
2043-06-23:BANK WITHDRAWAL:  500.00
2043-06-28:OAS/GIS payment: 1014.33
2043-06-28:CPP payment:  336.00
2043-07-01:BANK WITHDRAWAL:  700.00
2043-07-23:BANK WITHDRAWAL:  500.00
2043-07-28:OAS/GIS payment: 1014.33
2043-07-28:CPP payment:  336.00
2043-08-01:BANK WITHDRAWAL:  700.00
2043-08-15:SPLURGE SPENDING:  616.59
2043-08-23:BANK WITHDRAWAL:  500.00
2043-08-28:OAS/GIS payment: 1014.33
2043-08-28:CPP payment:  336.00
2043-09-01:DIVIDEND: ABC Rif 120@1.38 = 165.60
2043-09-01:BANK WITHDRAWAL:  700.00
2043-09-01:MOVE CASH from Rif to BankAccount 165.60
2043-09-23:BANK WITHDRAWAL:  500.00
2043-09-28:OAS/GIS payment: 1014.33
2043-09-28:CPP payment:  336.00
2043-10-01:BANK WITHDRAWAL:  700.00
2043-10-23:BANK WITHDRAWAL:  500.00
2043-10-28:OAS/GIS payment: 1014.33
2043-10-28:CPP payment:  336.00
2043-11-01:BANK WITHDRAWAL:  700.00
2043-11-15:SPLURGE SPENDING:  616.59
2043-11-23:BANK WITHDRAWAL:  500.00
2043-11-25:STOCK-PRICE-UPDATE:  ABC 82.65 [3.0%]
2043-11-25:STOCK-PRICE-UPDATE:  XYZ 247.93 [3.0%]
2043-11-26:LIQUIDATE:  [Rif sold 90 ABC net:7364.12]
2043-11-28:OAS/GIS payment: 1014.33
2043-11-28:CPP payment:  336.00
2043-12-01:DIVIDEND: ABC Rif 30@1.38 = 41.40
2043-12-01:BANK WITHDRAWAL:  700.00
2043-12-01:MOVE CASH from Rif to BankAccount net 6461.40 plus 944.12 withheld.
2043-12-23:BANK WITHDRAWAL:  500.00
2043-12-28:OAS/GIS payment: 1014.33
2043-12-28:CPP payment:  336.00
2043-12-31:PAY TAXES:  -944.12
2043 year-end.
Cash generated
     4,032.00 CPP
     8,562.48 OAS
     3,609.48 GIS
         0.00 Pension
       538.20 Dividends
     7,364.12 Net liquidation (sell-buy)
         0.00 Interest
     6,958.20 Total cash swept from tfsa-rif-nra to bank
    24,106.28 Total cash generated

Tax return 2043
    20,496.80 Taxable income
         0.00 Federal tax
         0.00 Provincial tax
         0.00 Tax Payable
         0.00 Dividend tax credits
       944.12 Installments
      -944.12 Balance owing
    20,496.80 Net income
    20,496.80 Net income before adj
     8,562.48 OAS income
         0.00 Employment income
     7,902.32 RIF withdrawals

Accounts
     2,479.50 -RIF-
     2,479.50 ABC 30sh @ 82.65
         0.00 Cash

    11,517.94 -BANKACCOUNT-
    11,517.94 Cash

    13,997.44 Net worth
     2,479.50 Investments worth

       182.99 RIF minimum for 2044
2044-01-01:BANK WITHDRAWAL:  700.00
2044-01-23:BANK WITHDRAWAL:  500.00
2044-01-28:OAS/GIS payment: 1035.33
2044-01-28:CPP payment:  336.00
2044-02-01:BANK WITHDRAWAL:  700.00
2044-02-15:SPLURGE SPENDING:  5989.27
2044-02-23:BANK WITHDRAWAL:  500.00
2044-02-28:OAS/GIS payment: 1035.33
2044-02-28:CPP payment:  336.00
2044-03-01:DIVIDEND: ABC Rif 30@1.42 = 42.60
2044-03-01:BANK WITHDRAWAL:  700.00
2044-03-01:MOVE CASH from Rif to BankAccount 42.60
2044-03-23:BANK WITHDRAWAL:  500.00
2044-03-28:OAS/GIS payment: 1035.33
2044-03-28:CPP payment:  336.00
2044-04-01:BANK WITHDRAWAL:  700.00
2044-04-23:BANK WITHDRAWAL:  500.00
2044-04-28:OAS/GIS payment: 1035.33
2044-04-28:CPP payment:  336.00
2044-05-01:BANK WITHDRAWAL:  700.00
2044-05-15:SPLURGE SPENDING:  556.59
2044-05-23:BANK WITHDRAWAL:  500.00
2044-05-28:OAS/GIS payment: 1035.33
2044-05-28:CPP payment:  336.00
2044-06-01:DIVIDEND: ABC Rif 30@1.42 = 42.60
2044-06-01:BANK WITHDRAWAL:  700.00
2044-06-01:MOVE CASH from Rif to BankAccount 42.60
2044-06-23:BANK WITHDRAWAL:  500.00
2044-06-28:OAS/GIS payment: 1035.33
2044-06-28:CPP payment:  336.00
2044-07-01:BANK WITHDRAWAL:  700.00
2044-07-23:BANK WITHDRAWAL:  500.00
2044-07-28:OAS/GIS payment: 1035.33
2044-07-28:CPP payment:  336.00
2044-08-01:BANK WITHDRAWAL:  700.00
2044-08-15:SPLURGE SPENDING:  556.59
2044-08-23:BANK WITHDRAWAL:  500.00
2044-08-28:OAS/GIS payment: 1035.33
2044-08-28:CPP payment:  336.00
2044-09-01:DIVIDEND: ABC Rif 30@1.42 = 42.60
2044-09-01:BANK WITHDRAWAL:  700.00
2044-09-01:MOVE CASH from Rif to BankAccount 42.60
2044-09-23:BANK WITHDRAWAL:  500.00
2044-09-28:OAS/GIS payment: 1035.33
2044-09-28:CPP payment:  336.00
2044-10-01:BANK WITHDRAWAL:  700.00
2044-10-23:BANK WITHDRAWAL:  500.00
2044-10-28:OAS/GIS payment: 1035.33
2044-10-28:CPP payment:  336.00
2044-11-01:BANK WITHDRAWAL:  700.00
2044-11-15:SPLURGE SPENDING:  556.59
2044-11-23:BANK WITHDRAWAL:  500.00
2044-11-25:STOCK-PRICE-UPDATE:  ABC 85.13 [3.0%]
2044-11-25:STOCK-PRICE-UPDATE:  XYZ 255.37 [3.0%]
2044-11-26:LIQUIDATE:  [Rif sold 30 ABC net:2528.36]
2044-11-28:OAS/GIS payment: 1035.33
2044-11-28:CPP payment:  336.00
2044-12-01:BANK WITHDRAWAL:  700.00
2044-12-01:MOVE CASH from Rif to BankAccount net 2281.04 plus 247.32 withheld.
2044-12-23:BANK WITHDRAWAL:  500.00
2044-12-28:OAS/GIS payment: 1035.33
2044-12-28:CPP payment:  336.00
2044-12-31:PAY TAXES:  -247.32
2044 year-end.
Cash generated
     4,032.00 CPP
     8,562.48 OAS
     3,861.48 GIS
         0.00 Pension
       127.80 Dividends
     2,528.36 Net liquidation (sell-buy)
         0.00 Interest
     2,408.84 Total cash swept from tfsa-rif-nra to bank
    19,112.12 Total cash generated

Tax return 2044
    15,250.64 Taxable income
         0.00 Federal tax
         0.00 Provincial tax
         0.00 Tax Payable
         0.00 Dividend tax credits
       247.32 Installments
      -247.32 Balance owing
    15,250.64 Net income
    15,250.64 Net income before adj
     8,562.48 OAS income
         0.00 Employment income
     2,656.16 RIF withdrawals

Accounts
         0.00 -RIF-
         0.00 Cash

     8,076.38 -BANKACCOUNT-
     8,076.38 Cash

     8,076.38 Net worth
         0.00 Investments worth

         0.00 No RIF minimum for 2045 (RSP converts on 2018-05-01).
2045-01-01:BANK WITHDRAWAL:  700.00
2045-01-23:BANK WITHDRAWAL:  500.00
2045-01-28:OAS/GIS payment: 1307.40
2045-01-28:CPP payment:  336.00
2045-02-01:BANK WITHDRAWAL:  700.00
2045-02-15:SPLURGE SPENDING:  2819.78
2045-02-23:BANK WITHDRAWAL:  500.00
2045-02-28:OAS/GIS payment: 1307.40
2045-02-28:CPP payment:  336.00
2045-03-01:BANK WITHDRAWAL:  700.00
2045-03-23:BANK WITHDRAWAL:  500.00
2045-03-28:OAS/GIS payment: 1307.40
2045-03-28:CPP payment:  336.00
2045-04-01:BANK WITHDRAWAL:  700.00
2045-04-23:BANK WITHDRAWAL:  500.00
2045-04-28:OAS/GIS payment: 1307.40
2045-04-28:CPP payment:  336.00
2045-05-01:BANK WITHDRAWAL:  700.00
2045-05-15:SPLURGE SPENDING:  1330.20
2045-05-23:BANK WITHDRAWAL:  500.00
2045-05-28:OAS/GIS payment: 1307.40
2045-05-28:CPP payment:  336.00
2045-06-01:BANK WITHDRAWAL:  700.00
2045-06-23:BANK WITHDRAWAL:  500.00
2045-06-28:OAS/GIS payment: 1307.40
2045-06-28:CPP payment:  336.00
2045-07-01:BANK WITHDRAWAL:  700.00
2045-07-23:BANK WITHDRAWAL:  500.00
2045-07-28:OAS/GIS payment: 1307.40
2045-07-28:CPP payment:  336.00
2045-08-01:BANK WITHDRAWAL:  700.00
2045-08-15:SPLURGE SPENDING:  1330.20
2045-08-23:BANK WITHDRAWAL:  500.00
2045-08-28:OAS/GIS payment: 1307.40
2045-08-28:CPP payment:  336.00
2045-09-01:BANK WITHDRAWAL:  700.00
2045-09-23:BANK WITHDRAWAL:  500.00
2045-09-28:OAS/GIS payment: 1307.40
2045-09-28:CPP payment:  336.00
2045-10-01:BANK WITHDRAWAL:  700.00
2045-10-23:BANK WITHDRAWAL:  500.00
2045-10-28:OAS/GIS payment: 1307.40
2045-10-28:CPP payment:  336.00
2045-11-01:BANK WITHDRAWAL:  700.00
2045-11-15:SPLURGE SPENDING:  1330.20
2045-11-23:BANK WITHDRAWAL:  500.00
2045-11-25:STOCK-PRICE-UPDATE:  ABC 87.68 [3.0%]
2045-11-25:STOCK-PRICE-UPDATE:  XYZ 263.03 [3.0%]
2045-11-26:LIQUIDATE:  []
2045-11-28:OAS/GIS payment: 1307.40
2045-11-28:CPP payment:  336.00
2045-12-01:BANK WITHDRAWAL:  700.00
2045-12-23:BANK WITHDRAWAL:  500.00
2045-12-28:OAS/GIS payment: 1307.40
2045-12-28:CPP payment:  336.00
2045-12-31:PAY TAXES:  0.00
2045 year-end.
Cash generated
     4,032.00 CPP
     8,562.48 OAS
     7,126.32 GIS
         0.00 Pension
         0.00 Dividends
         0.00 Net liquidation (sell-buy)
         0.00 Interest
         0.00 Total cash swept from tfsa-rif-nra to bank
    19,720.80 Total cash generated

Tax return 2045
    12,594.48 Taxable income
         0.00 Federal tax
         0.00 Provincial tax
         0.00 Tax Payable
         0.00 Dividend tax credits
         0.00 Installments
         0.00 Balance owing
    12,594.48 Net income
    12,594.48 Net income before adj
     8,562.48 OAS income
         0.00 Employment income
         0.00 RIF withdrawals

Accounts
         0.00 -RIF-
         0.00 Cash

     6,586.80 -BANKACCOUNT-
     6,586.80 Cash

     6,586.80 Net worth
         0.00 Investments worth

2046-01-01:BANK WITHDRAWAL:  700.00
2046-01-23:BANK WITHDRAWAL:  500.00
2046-01-28:OAS/GIS payment: 1472.40
2046-01-28:CPP payment:  336.00
2046-02-01:BANK WITHDRAWAL:  700.00
2046-02-15:SPLURGE SPENDING:  1495.20
2046-02-23:BANK WITHDRAWAL:  500.00
2046-02-28:OAS/GIS payment: 1472.40
2046-02-28:CPP payment:  336.00
2046-03-01:BANK WITHDRAWAL:  700.00
2046-03-23:BANK WITHDRAWAL:  500.00
2046-03-28:OAS/GIS payment: 1472.40
2046-03-28:CPP payment:  336.00
2046-04-01:BANK WITHDRAWAL:  700.00
2046-04-23:BANK WITHDRAWAL:  500.00
2046-04-28:OAS/GIS payment: 1472.40
2046-04-28:CPP payment:  336.00
2046-05-01:BANK WITHDRAWAL:  700.00
2046-05-15:SPLURGE SPENDING:  1825.20
2046-05-23:BANK WITHDRAWAL:  500.00
2046-05-28:OAS/GIS payment: 1472.40
2046-05-28:CPP payment:  336.00
2046-06-01:BANK WITHDRAWAL:  700.00
2046-06-23:BANK WITHDRAWAL:  500.00
2046-06-28:OAS/GIS payment: 1472.40
2046-06-28:CPP payment:  336.00
2046-07-01:BANK WITHDRAWAL:  700.00
2046-07-23:BANK WITHDRAWAL:  500.00
2046-07-28:OAS/GIS payment: 1472.40
2046-07-28:CPP payment:  336.00
2046-08-01:BANK WITHDRAWAL:  700.00
2046-08-15:SPLURGE SPENDING:  1825.20
2046-08-23:BANK WITHDRAWAL:  500.00
2046-08-28:OAS/GIS payment: 1472.40
2046-08-28:CPP payment:  336.00
2046-09-01:BANK WITHDRAWAL:  700.00
2046-09-23:BANK WITHDRAWAL:  500.00
2046-09-28:OAS/GIS payment: 1472.40
2046-09-28:CPP payment:  336.00
2046-10-01:BANK WITHDRAWAL:  700.00
2046-10-23:BANK WITHDRAWAL:  500.00
2046-10-28:OAS/GIS payment: 1472.40
2046-10-28:CPP payment:  336.00
2046-11-01:BANK WITHDRAWAL:  700.00
2046-11-15:SPLURGE SPENDING:  1825.20
2046-11-23:BANK WITHDRAWAL:  500.00
2046-11-25:STOCK-PRICE-UPDATE:  ABC 90.31 [3.0%]
2046-11-25:STOCK-PRICE-UPDATE:  XYZ 270.92 [3.0%]
2046-11-26:LIQUIDATE:  []
2046-11-28:OAS/GIS payment: 1472.40
2046-11-28:CPP payment:  336.00
2046-12-01:BANK WITHDRAWAL:  700.00
2046-12-23:BANK WITHDRAWAL:  500.00
2046-12-28:OAS/GIS payment: 1472.40
2046-12-28:CPP payment:  336.00
2046-12-31:PAY TAXES:  0.00
2046 year-end.
Cash generated
     4,032.00 CPP
     8,562.48 OAS
     9,106.32 GIS
         0.00 Pension
         0.00 Dividends
         0.00 Net liquidation (sell-buy)
         0.00 Interest
         0.00 Total cash swept from tfsa-rif-nra to bank
    21,700.80 Total cash generated

Tax return 2046
    12,594.48 Taxable income
         0.00 Federal tax
         0.00 Provincial tax
         0.00 Tax Payable
         0.00 Dividend tax credits
         0.00 Installments
         0.00 Balance owing
    12,594.48 Net income
    12,594.48 Net income before adj
     8,562.48 OAS income
         0.00 Employment income
         0.00 RIF withdrawals

Accounts
         0.00 -RIF-
         0.00 Cash

     6,916.80 -BANKACCOUNT-
     6,916.80 Cash

     6,916.80 Net worth
         0.00 Investments worth

2047-01-01:BANK WITHDRAWAL:  700.00
2047-01-23:BANK WITHDRAWAL:  500.00
2047-01-28:OAS/GIS payment: 1472.40
2047-01-28:CPP payment:  336.00
2047-02-01:BANK WITHDRAWAL:  700.00
2047-02-15:SPLURGE SPENDING:  1825.20
2047-02-23:BANK WITHDRAWAL:  500.00
2047-02-28:OAS/GIS payment: 1472.40
2047-02-28:CPP payment:  336.00
2047-03-01:BANK WITHDRAWAL:  700.00
2047-03-23:BANK WITHDRAWAL:  500.00
2047-03-28:OAS/GIS payment: 1472.40
2047-03-28:CPP payment:  336.00
2047-04-01:BANK WITHDRAWAL:  700.00
2047-04-23:BANK WITHDRAWAL:  500.00
2047-04-28:OAS/GIS payment: 1472.40
2047-04-28:CPP payment:  336.00
2047-05-01:BANK WITHDRAWAL:  700.00
2047-05-15:SPLURGE SPENDING:  1825.20
2047-05-23:BANK WITHDRAWAL:  500.00
2047-05-28:OAS/GIS payment: 1472.40
2047-05-28:CPP payment:  336.00
2047-06-01:BANK WITHDRAWAL:  700.00
2047-06-23:BANK WITHDRAWAL:  500.00
2047-06-28:OAS/GIS payment: 1472.40
2047-06-28:CPP payment:  336.00
2047-07-01:BANK WITHDRAWAL:  700.00
2047-07-23:BANK WITHDRAWAL:  500.00
2047-07-28:OAS/GIS payment: 1472.40
2047-07-28:CPP payment:  336.00
2047-08-01:BANK WITHDRAWAL:  700.00
2047-08-15:SPLURGE SPENDING:  1825.20
2047-08-23:BANK WITHDRAWAL:  500.00
2047-08-28:OAS/GIS payment: 1472.40
2047-08-28:CPP payment:  336.00
2047-09-01:BANK WITHDRAWAL:  700.00
2047-09-23:BANK WITHDRAWAL:  500.00
2047-09-28:OAS/GIS payment: 1472.40
2047-09-28:CPP payment:  336.00
2047-10-01:BANK WITHDRAWAL:  700.00
2047-10-23:BANK WITHDRAWAL:  500.00
2047-10-28:OAS/GIS payment: 1472.40
2047-10-28:CPP payment:  336.00
2047-11-01:BANK WITHDRAWAL:  700.00
2047-11-15:SPLURGE SPENDING:  1825.20
2047-11-23:BANK WITHDRAWAL:  500.00
2047-11-25:STOCK-PRICE-UPDATE:  ABC 93.02 [3.0%]
2047-11-25:STOCK-PRICE-UPDATE:  XYZ 279.05 [3.0%]
2047-11-26:LIQUIDATE:  []
2047-11-28:OAS/GIS payment: 1472.40
2047-11-28:CPP payment:  336.00
2047-12-01:BANK WITHDRAWAL:  700.00
2047-12-23:BANK WITHDRAWAL:  500.00
2047-12-28:OAS/GIS payment: 1472.40
2047-12-28:CPP payment:  336.00
2047-12-31:PAY TAXES:  0.00
2047 year-end.
Cash generated
     4,032.00 CPP
     8,562.48 OAS
     9,106.32 GIS
         0.00 Pension
         0.00 Dividends
         0.00 Net liquidation (sell-buy)
         0.00 Interest
         0.00 Total cash swept from tfsa-rif-nra to bank
    21,700.80 Total cash generated

Tax return 2047
    12,594.48 Taxable income
         0.00 Federal tax
         0.00 Provincial tax
         0.00 Tax Payable
         0.00 Dividend tax credits
         0.00 Installments
         0.00 Balance owing
    12,594.48 Net income
    12,594.48 Net income before adj
     8,562.48 OAS income
         0.00 Employment income
         0.00 RIF withdrawals

Accounts
         0.00 -RIF-
         0.00 Cash

     6,916.80 -BANKACCOUNT-
     6,916.80 Cash

     6,916.80 Net worth
         0.00 Investments worth

Summations (nominal)
Cash generated
    82,992.00 CPP
   168,524.85 OAS
    67,199.65 GIS
         0.00 Pension
    61,138.73 Dividends
   127,846.83 Net liquidation (sell-buy)
         0.00 Interest
   169,967.15 Total cash swept from tfsa-rif-nra to bank
   507,702.06 Total cash generated

Tax return 
   440,502.41 Taxable income
       780.50 Federal tax
     5,693.38 Provincial tax
     6,473.88 Tax Payable
         0.00 Dividend tax credits
    19,018.41 Installments
   -12,544.53 Balance owing
   440,502.41 Net income
   440,502.41 Net income before adj
   440,502.41 OAS income
         0.00 Employment income
   188,985.56 RIF withdrawals

Summations (per year)
Cash generated
     3,952.00 CPP
     8,024.99 OAS
     3,199.98 GIS
         0.00 Pension
     2,911.37 Dividends
     6,087.94 Net liquidation (sell-buy)
         0.00 Interest
     8,093.67 Total cash swept from tfsa-rif-nra to bank
    24,176.28 Total cash generated

Tax return 
    20,976.31 Taxable income
        37.17 Federal tax
       271.11 Provincial tax
       308.28 Tax Payable
         0.00 Dividend tax credits
       905.64 Installments
      -597.36 Balance owing
    20,976.31 Net income
   440,502.41 Net income before adj
    20,976.31 OAS income
         0.00 Employment income
     8,999.31 RIF withdrawals

# Net, gross, tax paid:
# 2027 net: 21107.26 = 21107.26 - 0.00.  [Net worth:106105.44] (age 65)
# 2028 net: 26059.12 = 26858.78 - 799.66.  [Net worth:103098.28] (age 66)
# 2029 net: 25053.18 = 25767.11 - 713.93.  [Net worth:98157.14] (age 67)
# 2030 net: 25128.55 = 25813.35 - 684.80.  [Net worth:93338.31] (age 68)
# 2031 net: 25097.71 = 25749.06 - 651.35.  [Net worth:88299.20] (age 69)
# 2032 net: 24935.80 = 25498.03 - 562.23.  [Net worth:83073.85] (age 70)
# 2033 net: 24994.26 = 25515.09 - 520.83.  [Net worth:77827.52] (age 71)
# 2034 net: 24965.32 = 25443.29 - 477.97.  [Net worth:72255.56] (age 72)
# 2035 net: 24742.60 = 25128.40 - 385.80.  [Net worth:66431.12] (age 73)
# 2036 net: 24614.79 = 24945.03 - 330.24.  [Net worth:60562.42] (age 74)
# 2037 net: 24924.99 = 25277.85 - 352.86.  [Net worth:54694.16] (age 75)
# 2038 net: 24983.36 = 25313.01 - 329.65.  [Net worth:48454.63] (age 76)
# 2039 net: 24834.34 = 25102.66 - 268.32.  [Net worth:41973.06] (age 77)
# 2040 net: 24651.00 = 24852.04 - 201.04.  [Net worth:35281.75] (age 78)
# 2041 net: 24488.40 = 24621.58 - 133.18.  [Net worth:28389.90] (age 79)
# 2042 net: 24306.70 = 24368.72 - 62.02.  [Net worth:21290.72] (age 80)
# 2043 net: 24106.28 = 24106.28 - 0.00.  [Net worth:13997.44] (age 81)
# 2044 net: 19112.12 = 19112.12 - 0.00.  [Net worth:8076.38] (age 82)
# 2045 net: 19720.80 = 19720.80 - 0.00.  [Net worth:6586.80] (age 83)
# 2046 net: 21700.80 = 21700.80 - 0.00.  [Net worth:6916.80] (age 84)
# 2047 net: 21700.80 = 21700.80 - 0.00.  [Net worth:6916.80] (age 85)
#   Total: 501228.18 = 507702.06 - 6473.88   (Net Worth: 6916.80)
Saving reports. Number of histories: 1.
Writing report to C:\johanley\ProjectsPhoton\end-game\scenario\02.3\02.3-cash-and-tax-summary.csv
Writing report to C:\johanley\ProjectsPhoton\end-game\scenario\02.3\02.3-cash-flows.csv
Scenario description: 02.3: Only a RIF with 100k in blue-chip dividends. Half the average CPP. 3% dividend growth, 3% stock price growth.
Start-date: 2027-01-01 end-date: 2047-12-31
Execution time: 1.8231344s
Done.
Writing to log file C:\johanley\ProjectsPhoton\end-game\scenario\02.3\02.3.log
