Scenario: C:\johanley\ProjectsPhoton\end-game\scenario\03.1\03.1-live-off-dividends.ini
Running the scenario...
Reading the input scenario file: C:\johanley\ProjectsPhoton\end-game\scenario\03.1\03.1-live-off-dividends.ini
Checking the syntax-version of the file. It should be v1.0.0, otherwise the scenario file can't be read properly.
Parsing file: C:\johanley\ProjectsPhoton\end-game\scenario\03.1\03.1-live-off-dividends.ini
Dividends only, never sell stocks. 3% dividend growth, 3% stock price growth.
Reading file C:\johanley\ProjectsPhoton\end-game\input\gis\gis-brackets.utf8
Reading file C:\johanley\ProjectsPhoton\end-game\input\probability-of-survival\male-lx.utf8
Reading file C:\johanley\ProjectsPhoton\end-game\input\probability-of-survival\female-lx.utf8
History #1
Incrementing one day at a time, starting with 2022-01-01
2022-01-01:BANK WITHDRAWAL:  925.00
2022-01-01:MOVE CASH from Nra to BankAccount 283.90
2022-01-06:DIVIDEND: XEG Rif 952@0.06 = 57.12
2022-01-23:BANK WITHDRAWAL:  925.00
2022-01-28:DIVIDEND: XYZ Rif 813@1.61 = 1308.93
2022-01-28:DIVIDEND: XYZ Tfsa 207@1.61 = 333.27
2022-01-28:DIVIDEND: XYZ Nra 290@1.61 = 466.90
2022-02-01:BANK WITHDRAWAL:  925.00
2022-02-01:MOVE CASH from Nra to BankAccount 466.90
2022-02-15:SPLURGE SPENDING:  2975.80
2022-02-23:BANK WITHDRAWAL:  925.00
2022-03-01:DIVIDEND: ABC Rif 1910@0.86 = 1642.60
2022-03-01:DIVIDEND: ABC Tfsa 1150@0.86 = 989.00
2022-03-01:DIVIDEND: ABC Nra 340@0.86 = 292.40
2022-03-01:BANK WITHDRAWAL:  925.00
  Bank balance: 3150.00 is under the small-balance limit of 4000.00
2022-03-01:MOVE CASH from Nra to BankAccount 292.40
2022-03-01:MOVE CASH from Rif to BankAccount 3008.65
2022-03-01:MOVE CASH from Tfsa to BankAccount 1322.27
2022-03-23:BANK WITHDRAWAL:  925.00
2022-03-31:DIVIDEND: XEG Rif 952@0.06 = 57.12
2022-04-01:BANK WITHDRAWAL:  925.00
2022-04-23:BANK WITHDRAWAL:  925.00
2022-04-28:DIVIDEND: XYZ Rif 813@1.61 = 1308.93
2022-04-28:DIVIDEND: XYZ Tfsa 207@1.61 = 333.27
2022-04-28:DIVIDEND: XYZ Nra 290@1.61 = 466.90
2022-05-01:BANK WITHDRAWAL:  925.00
2022-05-01:MOVE CASH from Nra to BankAccount 466.90
2022-05-23:BANK WITHDRAWAL:  925.00
  Bank balance: 3615.22 is under the small-balance limit of 4000.00
2022-06-01:DIVIDEND: ABC Rif 1910@0.86 = 1642.60
2022-06-01:DIVIDEND: ABC Tfsa 1150@0.86 = 989.00
2022-06-01:DIVIDEND: ABC Nra 340@0.86 = 292.40
2022-06-01:BANK WITHDRAWAL:  925.00
  Bank balance: 2690.22 is under the small-balance limit of 4000.00
2022-06-01:MOVE CASH from Nra to BankAccount 292.40
2022-06-01:MOVE CASH from Rif to BankAccount 3008.65
2022-06-01:MOVE CASH from Tfsa to BankAccount 1322.27
2022-06-23:BANK WITHDRAWAL:  925.00
2022-06-28:CPP payment:  548.48
2022-06-30:DIVIDEND: XEG Rif 952@0.06 = 57.12
2022-07-01:BANK WITHDRAWAL:  925.00
2022-07-23:BANK WITHDRAWAL:  925.00
2022-07-28:CPP payment:  548.48
2022-07-28:DIVIDEND: XYZ Rif 813@1.61 = 1308.93
2022-07-28:DIVIDEND: XYZ Tfsa 207@1.61 = 333.27
2022-07-28:DIVIDEND: XYZ Nra 290@1.61 = 466.90
2022-08-01:BANK WITHDRAWAL:  925.00
2022-08-01:MOVE CASH from Nra to BankAccount 466.90
2022-08-15:SPLURGE SPENDING:  177.40
2022-08-23:BANK WITHDRAWAL:  925.00
2022-08-28:CPP payment:  548.48
2022-09-01:DIVIDEND: ABC Rif 1910@0.86 = 1642.60
2022-09-01:DIVIDEND: ABC Tfsa 1150@0.86 = 989.00
2022-09-01:DIVIDEND: ABC Nra 340@0.86 = 292.40
2022-09-01:BANK WITHDRAWAL:  925.00
  Bank balance: 3698.48 is under the small-balance limit of 4000.00
2022-09-01:MOVE CASH from Nra to BankAccount 292.40
2022-09-01:MOVE CASH from Rif to BankAccount net 2866.26 plus 142.39 withheld.
2022-09-01:MOVE CASH from Tfsa to BankAccount 1322.27
2022-09-23:BANK WITHDRAWAL:  925.00
2022-09-28:CPP payment:  548.48
2022-09-30:DIVIDEND: XEG Rif 952@0.06 = 57.12
2022-10-01:BANK WITHDRAWAL:  925.00
2022-10-23:BANK WITHDRAWAL:  925.00
2022-10-28:CPP payment:  548.48
2022-10-28:DIVIDEND: XYZ Rif 813@1.61 = 1308.93
2022-10-28:DIVIDEND: XYZ Tfsa 207@1.61 = 333.27
2022-10-28:DIVIDEND: XYZ Nra 290@1.61 = 466.90
2022-11-01:BANK WITHDRAWAL:  925.00
2022-11-01:MOVE CASH from Nra to BankAccount 466.90
2022-11-15:SPLURGE SPENDING:  1043.27
2022-11-23:BANK WITHDRAWAL:  925.00
2022-11-25:STOCK-PRICE-UPDATE:  ABC 51.74 [3.01%]
2022-11-25:STOCK-PRICE-UPDATE:  XYZ 154.12 [3.0%]
2022-11-25:STOCK-PRICE-UPDATE:  XEG 11.33 [3.0%]
2022-11-28:CPP payment:  548.48
2022-12-01:DIVIDEND: ABC Rif 1910@0.86 = 1642.60
2022-12-01:DIVIDEND: ABC Tfsa 1150@0.86 = 989.00
2022-12-01:DIVIDEND: ABC Nra 340@0.86 = 292.40
2022-12-01:BANK WITHDRAWAL:  925.00
  Bank balance: 3698.48 is under the small-balance limit of 4000.00
2022-12-01:MOVE CASH from Nra to BankAccount 292.40
2022-12-01:MOVE CASH from Rif to BankAccount net 2707.78 plus 300.87 withheld.
2022-12-01:MOVE CASH from Tfsa to BankAccount 1322.27
2022-12-23:BANK WITHDRAWAL:  925.00
2022-12-28:CPP payment:  548.48
2022-12-31:PAY TAXES:  93.38
2022 year-end.
Cash generated
     3,839.36 CPP
         0.00 OAS
         0.00 GIS
         0.00 Pension
    20,360.88 Dividends
         0.00 Net liquidation (sell-buy)
         0.00 Interest
    20,201.52 Total cash swept from tfsa-rif-nra to bank
    24,200.24 Total cash generated

Tax return 2022
    20,065.30 Taxable income
       336.07 Federal tax
       200.57 Provincial tax
       536.64 Tax Payable
       629.53 Dividend tax credits
       443.26 Installments
        93.38 Balance owing
    20,065.30 Net income
    20,065.30 Net income before adj
         0.00 OAS income
         0.00 Employment income
    12,034.60 RIF withdrawals

Accounts
   234,909.12 -RIF-
    98,823.40 ABC 1910sh @ 51.74
   125,299.56 XYZ 813sh @ 154.12
    10,786.16 XEG 952sh @ 11.33
         0.00 Cash

    91,403.84 -TFSA-
    59,501.00 ABC 1150sh @ 51.74
    31,902.84 XYZ 207sh @ 154.12
         0.00 Cash

    62,286.40 -NRA-
    17,591.60 ABC 340sh @ 51.74
    44,694.80 XYZ 290sh @ 154.12
         0.00 Cash

     7,551.03 -BANKACCOUNT-
     7,551.03 Cash

   396,150.39 Net worth
   388,599.36 Investments worth

     8,100.31 RIF minimum for 2023
    31,167.06 TFSA room for 2023
2023-01-01:BANK WITHDRAWAL:  925.00
2023-01-06:DIVIDEND: XEG Rif 952@0.06 = 57.12
2023-01-23:BANK WITHDRAWAL:  925.00
2023-01-28:CPP payment:  548.48
2023-01-28:DIVIDEND: XYZ Rif 813@1.66 = 1349.58
2023-01-28:DIVIDEND: XYZ Tfsa 207@1.66 = 343.62
2023-01-28:DIVIDEND: XYZ Nra 290@1.66 = 481.40
2023-02-01:BANK WITHDRAWAL:  925.00
2023-02-01:MOVE CASH from Nra to BankAccount 481.40
2023-02-15:SPLURGE SPENDING:  805.91
2023-02-23:BANK WITHDRAWAL:  925.00
2023-02-28:CPP payment:  548.48
2023-03-01:DIVIDEND: ABC Rif 1910@0.89 = 1699.90
2023-03-01:DIVIDEND: ABC Tfsa 1150@0.89 = 1023.50
2023-03-01:DIVIDEND: ABC Nra 340@0.89 = 302.60
2023-03-01:BANK WITHDRAWAL:  925.00
  Bank balance: 3698.48 is under the small-balance limit of 4000.00
2023-03-01:MOVE CASH from Nra to BankAccount 302.60
2023-03-01:MOVE CASH from Rif to BankAccount 3106.60
2023-03-01:MOVE CASH from Tfsa to BankAccount 1367.12
2023-03-23:BANK WITHDRAWAL:  925.00
2023-03-28:CPP payment:  548.48
2023-03-31:DIVIDEND: XEG Rif 952@0.06 = 57.12
2023-04-01:BANK WITHDRAWAL:  925.00
2023-04-23:BANK WITHDRAWAL:  925.00
2023-04-28:CPP payment:  548.48
2023-04-28:DIVIDEND: XYZ Rif 813@1.66 = 1349.58
2023-04-28:DIVIDEND: XYZ Tfsa 207@1.66 = 343.62
2023-04-28:DIVIDEND: XYZ Nra 290@1.66 = 481.40
2023-05-01:BANK WITHDRAWAL:  925.00
2023-05-01:MOVE CASH from Nra to BankAccount 481.40
2023-05-15:SPLURGE SPENDING:  1353.16
2023-05-23:BANK WITHDRAWAL:  925.00
2023-05-28:CPP payment:  548.48
2023-06-01:DIVIDEND: ABC Rif 1910@0.89 = 1699.90
2023-06-01:DIVIDEND: ABC Tfsa 1150@0.89 = 1023.50
2023-06-01:DIVIDEND: ABC Nra 340@0.89 = 302.60
2023-06-01:BANK WITHDRAWAL:  925.00
  Bank balance: 3698.48 is under the small-balance limit of 4000.00
2023-06-01:MOVE CASH from Nra to BankAccount 302.60
2023-06-01:MOVE CASH from Rif to BankAccount 3106.60
2023-06-01:MOVE CASH from Tfsa to BankAccount 1367.12
2023-06-23:BANK WITHDRAWAL:  925.00
2023-06-28:CPP payment:  548.48
2023-06-30:DIVIDEND: XEG Rif 952@0.06 = 57.12
2023-07-01:BANK WITHDRAWAL:  925.00
2023-07-23:BANK WITHDRAWAL:  925.00
2023-07-28:CPP payment:  548.48
2023-07-28:DIVIDEND: XYZ Rif 813@1.66 = 1349.58
2023-07-28:DIVIDEND: XYZ Tfsa 207@1.66 = 343.62
2023-07-28:DIVIDEND: XYZ Nra 290@1.66 = 481.40
2023-08-01:BANK WITHDRAWAL:  925.00
2023-08-01:MOVE CASH from Nra to BankAccount 481.40
2023-08-15:SPLURGE SPENDING:  1353.16
2023-08-23:BANK WITHDRAWAL:  925.00
2023-08-28:CPP payment:  548.48
2023-09-01:DIVIDEND: ABC Rif 1910@0.89 = 1699.90
2023-09-01:DIVIDEND: ABC Tfsa 1150@0.89 = 1023.50
2023-09-01:DIVIDEND: ABC Nra 340@0.89 = 302.60
2023-09-01:BANK WITHDRAWAL:  925.00
  Bank balance: 3698.48 is under the small-balance limit of 4000.00
2023-09-01:MOVE CASH from Nra to BankAccount 302.60
2023-09-01:MOVE CASH from Rif to BankAccount net 2984.65 plus 121.95 withheld.
2023-09-01:MOVE CASH from Tfsa to BankAccount 1367.12
2023-09-23:BANK WITHDRAWAL:  925.00
2023-09-28:CPP payment:  548.48
2023-09-30:DIVIDEND: XEG Rif 952@0.06 = 57.12
2023-10-01:BANK WITHDRAWAL:  925.00
2023-10-23:BANK WITHDRAWAL:  925.00
2023-10-28:CPP payment:  548.48
2023-10-28:DIVIDEND: XYZ Rif 813@1.66 = 1349.58
2023-10-28:DIVIDEND: XYZ Tfsa 207@1.66 = 343.62
2023-10-28:DIVIDEND: XYZ Nra 290@1.66 = 481.40
2023-11-01:BANK WITHDRAWAL:  925.00
2023-11-01:MOVE CASH from Nra to BankAccount 481.40
2023-11-15:SPLURGE SPENDING:  1231.21
2023-11-23:BANK WITHDRAWAL:  925.00
2023-11-25:STOCK-PRICE-UPDATE:  ABC 53.29 [3.0%]
2023-11-25:STOCK-PRICE-UPDATE:  XYZ 158.74 [3.0%]
2023-11-25:STOCK-PRICE-UPDATE:  XEG 11.67 [3.0%]
2023-11-28:CPP payment:  548.48
2023-12-01:DIVIDEND: ABC Rif 1910@0.89 = 1699.90
2023-12-01:DIVIDEND: ABC Tfsa 1150@0.89 = 1023.50
2023-12-01:DIVIDEND: ABC Nra 340@0.89 = 302.60
2023-12-01:BANK WITHDRAWAL:  925.00
  Bank balance: 3698.48 is under the small-balance limit of 4000.00
2023-12-01:MOVE CASH from Nra to BankAccount 302.60
2023-12-01:MOVE CASH from Rif to BankAccount net 2795.94 plus 310.66 withheld.
2023-12-01:MOVE CASH from Tfsa to BankAccount 1367.12
2023-12-23:BANK WITHDRAWAL:  925.00
2023-12-28:CPP payment:  548.48
2023-12-31:PAY TAXES:  1043.85
2023 year-end.
Cash generated
     6,581.76 CPP
         0.00 OAS
         0.00 GIS
         0.00 Pension
    21,030.88 Dividends
         0.00 Net liquidation (sell-buy)
         0.00 Interest
    20,598.27 Total cash swept from tfsa-rif-nra to bank
    27,612.64 Total cash generated

Tax return 2023
    23,335.84 Taxable income
       806.17 Federal tax
       670.29 Provincial tax
     1,476.46 Tax Payable
       650.01 Dividend tax credits
       432.61 Installments
     1,043.85 Balance owing
    23,335.84 Net income
    23,335.84 Net income before adj
         0.00 OAS income
         0.00 Employment income
    12,426.40 RIF withdrawals

Accounts
   241,949.36 -RIF-
   101,783.90 ABC 1910sh @ 53.29
   129,055.62 XYZ 813sh @ 158.74
    11,109.84 XEG 952sh @ 11.67
         0.00 Cash

    94,142.68 -TFSA-
    61,283.50 ABC 1150sh @ 53.29
    32,859.18 XYZ 207sh @ 158.74
         0.00 Cash

    64,153.20 -NRA-
    18,118.60 ABC 340sh @ 53.29
    46,034.60 XYZ 290sh @ 158.74
         0.00 Cash

     6,743.77 -BANKACCOUNT-
     6,743.77 Cash

   406,989.01 Net worth
   400,245.24 Investments worth

     8,641.05 RIF minimum for 2024
    42,635.54 TFSA room for 2024
2024-01-01:BANK WITHDRAWAL:  925.00
2024-01-06:DIVIDEND: XEG Rif 952@0.06 = 57.12
2024-01-23:BANK WITHDRAWAL:  925.00
2024-01-28:CPP payment:  548.48
2024-01-28:DIVIDEND: XYZ Rif 813@1.71 = 1390.23
2024-01-28:DIVIDEND: XYZ Tfsa 207@1.71 = 353.97
2024-01-28:DIVIDEND: XYZ Nra 290@1.71 = 495.90
2024-02-01:BANK WITHDRAWAL:  925.00
2024-02-01:MOVE CASH from Nra to BankAccount 495.90
2024-02-15:SPLURGE SPENDING:  13.15
2024-02-23:BANK WITHDRAWAL:  925.00
2024-02-28:CPP payment:  548.48
2024-03-01:DIVIDEND: ABC Rif 1910@0.91 = 1738.10
2024-03-01:DIVIDEND: ABC Tfsa 1150@0.91 = 1046.50
2024-03-01:DIVIDEND: ABC Nra 340@0.91 = 309.40
2024-03-01:BANK WITHDRAWAL:  925.00
  Bank balance: 3698.48 is under the small-balance limit of 4000.00
2024-03-01:MOVE CASH from Nra to BankAccount 309.40
2024-03-01:MOVE CASH from Rif to BankAccount 3185.45
2024-03-01:MOVE CASH from Tfsa to BankAccount 1400.47
2024-03-23:BANK WITHDRAWAL:  925.00
2024-03-28:CPP payment:  548.48
2024-03-31:DIVIDEND: XEG Rif 952@0.06 = 57.12
2024-04-01:BANK WITHDRAWAL:  925.00
2024-04-23:BANK WITHDRAWAL:  925.00
2024-04-28:CPP payment:  548.48
2024-04-28:DIVIDEND: XYZ Rif 813@1.71 = 1390.23
2024-04-28:DIVIDEND: XYZ Tfsa 207@1.71 = 353.97
2024-04-28:DIVIDEND: XYZ Nra 290@1.71 = 495.90
2024-05-01:BANK WITHDRAWAL:  925.00
2024-05-01:MOVE CASH from Nra to BankAccount 495.90
2024-05-15:SPLURGE SPENDING:  1486.66
2024-05-23:BANK WITHDRAWAL:  925.00
2024-05-28:CPP payment:  548.48
2024-06-01:DIVIDEND: ABC Rif 1910@0.91 = 1738.10
2024-06-01:DIVIDEND: ABC Tfsa 1150@0.91 = 1046.50
2024-06-01:DIVIDEND: ABC Nra 340@0.91 = 309.40
2024-06-01:BANK WITHDRAWAL:  925.00
  Bank balance: 3698.48 is under the small-balance limit of 4000.00
2024-06-01:MOVE CASH from Nra to BankAccount 309.40
2024-06-01:MOVE CASH from Rif to BankAccount 3185.45
2024-06-01:MOVE CASH from Tfsa to BankAccount 1400.47
2024-06-23:BANK WITHDRAWAL:  925.00
2024-06-28:CPP payment:  548.48
2024-06-30:DIVIDEND: XEG Rif 952@0.06 = 57.12
2024-07-01:BANK WITHDRAWAL:  925.00
2024-07-23:BANK WITHDRAWAL:  925.00
2024-07-28:CPP payment:  548.48
2024-07-28:DIVIDEND: XYZ Rif 813@1.71 = 1390.23
2024-07-28:DIVIDEND: XYZ Tfsa 207@1.71 = 353.97
2024-07-28:DIVIDEND: XYZ Nra 290@1.71 = 495.90
2024-08-01:BANK WITHDRAWAL:  925.00
2024-08-01:MOVE CASH from Nra to BankAccount 495.90
2024-08-15:SPLURGE SPENDING:  1486.66
2024-08-23:BANK WITHDRAWAL:  925.00
2024-08-28:CPP payment:  548.48
2024-09-01:DIVIDEND: ABC Rif 1910@0.91 = 1738.10
2024-09-01:DIVIDEND: ABC Tfsa 1150@0.91 = 1046.50
2024-09-01:DIVIDEND: ABC Nra 340@0.91 = 309.40
2024-09-01:BANK WITHDRAWAL:  925.00
  Bank balance: 3698.48 is under the small-balance limit of 4000.00
2024-09-01:MOVE CASH from Nra to BankAccount 309.40
2024-09-01:MOVE CASH from Rif to BankAccount net 3093.92 plus 91.53 withheld.
2024-09-01:MOVE CASH from Tfsa to BankAccount 1400.47
2024-09-23:BANK WITHDRAWAL:  925.00
2024-09-28:CPP payment:  548.48
2024-09-30:DIVIDEND: XEG Rif 952@0.06 = 57.12
2024-10-01:BANK WITHDRAWAL:  925.00
2024-10-23:BANK WITHDRAWAL:  925.00
2024-10-28:CPP payment:  548.48
2024-10-28:DIVIDEND: XYZ Rif 813@1.71 = 1390.23
2024-10-28:DIVIDEND: XYZ Tfsa 207@1.71 = 353.97
2024-10-28:DIVIDEND: XYZ Nra 290@1.71 = 495.90
2024-11-01:BANK WITHDRAWAL:  925.00
2024-11-01:MOVE CASH from Nra to BankAccount 495.90
2024-11-15:SPLURGE SPENDING:  1395.13
2024-11-23:BANK WITHDRAWAL:  925.00
2024-11-25:STOCK-PRICE-UPDATE:  ABC 54.89 [3.0%]
2024-11-25:STOCK-PRICE-UPDATE:  XYZ 163.50 [3.0%]
2024-11-25:STOCK-PRICE-UPDATE:  XEG 12.02 [3.0%]
2024-11-28:CPP payment:  548.48
2024-12-01:DIVIDEND: ABC Rif 1910@0.91 = 1738.10
2024-12-01:DIVIDEND: ABC Tfsa 1150@0.91 = 1046.50
2024-12-01:DIVIDEND: ABC Nra 340@0.91 = 309.40
2024-12-01:BANK WITHDRAWAL:  925.00
  Bank balance: 3698.48 is under the small-balance limit of 4000.00
2024-12-01:MOVE CASH from Nra to BankAccount 309.40
2024-12-01:MOVE CASH from Rif to BankAccount net 2866.90 plus 318.55 withheld.
2024-12-01:MOVE CASH from Tfsa to BankAccount 1400.47
2024-12-23:BANK WITHDRAWAL:  925.00
2024-12-28:CPP payment:  548.48
2024-12-31:PAY TAXES:  1165.40
2024 year-end.
Cash generated
     6,581.76 CPP
         0.00 OAS
         0.00 GIS
         0.00 Pension
    21,564.88 Dividends
         0.00 Net liquidation (sell-buy)
         0.00 Interest
    21,154.80 Total cash swept from tfsa-rif-nra to bank
    28,146.64 Total cash generated

Tax return 2024
    23,768.82 Taxable income
       853.45 Federal tax
       722.03 Provincial tax
     1,575.48 Tax Payable
       667.67 Dividend tax credits
       410.08 Installments
     1,165.40 Balance owing
    23,768.82 Net income
    23,768.82 Net income before adj
         0.00 OAS income
         0.00 Employment income
    12,741.80 RIF withdrawals

Accounts
   249,208.44 -RIF-
   104,839.90 ABC 1910sh @ 54.89
   132,925.50 XYZ 813sh @ 163.50
    11,443.04 XEG 952sh @ 12.02
         0.00 Cash

    96,968.00 -TFSA-
    63,123.50 ABC 1150sh @ 54.89
    33,844.50 XYZ 207sh @ 163.50
         0.00 Cash

    66,077.60 -NRA-
    18,662.60 ABC 340sh @ 54.89
    47,415.00 XYZ 290sh @ 163.50
         0.00 Cash

     6,733.33 -BANKACCOUNT-
     6,733.33 Cash

   418,987.37 Net worth
   412,254.04 Investments worth

     9,229.94 RIF minimum for 2025
    54,237.42 TFSA room for 2025
2025-01-01:BANK WITHDRAWAL:  925.00
2025-01-06:DIVIDEND: XEG Rif 952@0.06 = 57.12
2025-01-23:BANK WITHDRAWAL:  925.00
2025-01-28:CPP payment:  548.48
2025-01-28:DIVIDEND: XYZ Rif 813@1.76 = 1430.88
2025-01-28:DIVIDEND: XYZ Tfsa 207@1.76 = 364.32
2025-01-28:DIVIDEND: XYZ Nra 290@1.76 = 510.40
2025-02-01:BANK WITHDRAWAL:  925.00
2025-02-01:MOVE CASH from Nra to BankAccount 510.40
2025-02-15:SPLURGE SPENDING:  17.21
2025-02-23:BANK WITHDRAWAL:  925.00
2025-02-28:CPP payment:  548.48
2025-03-01:DIVIDEND: ABC Rif 1910@0.94 = 1795.40
2025-03-01:DIVIDEND: ABC Tfsa 1150@0.94 = 1081.00
2025-03-01:DIVIDEND: ABC Nra 340@0.94 = 319.60
2025-03-01:BANK WITHDRAWAL:  925.00
  Bank balance: 3698.48 is under the small-balance limit of 4000.00
2025-03-01:MOVE CASH from Nra to BankAccount 319.60
2025-03-01:MOVE CASH from Rif to BankAccount 3283.40
2025-03-01:MOVE CASH from Tfsa to BankAccount 1445.32
2025-03-23:BANK WITHDRAWAL:  925.00
2025-03-28:CPP payment:  548.48
2025-03-31:DIVIDEND: XEG Rif 952@0.06 = 57.12
2025-04-01:BANK WITHDRAWAL:  925.00
2025-04-23:BANK WITHDRAWAL:  925.00
2025-04-28:CPP payment:  548.48
2025-04-28:DIVIDEND: XYZ Rif 813@1.76 = 1430.88
2025-04-28:DIVIDEND: XYZ Tfsa 207@1.76 = 364.32
2025-04-28:DIVIDEND: XYZ Nra 290@1.76 = 510.40
2025-05-01:BANK WITHDRAWAL:  925.00
2025-05-01:MOVE CASH from Nra to BankAccount 510.40
2025-05-15:SPLURGE SPENDING:  1654.16
2025-05-23:BANK WITHDRAWAL:  925.00
2025-05-28:CPP payment:  548.48
2025-06-01:DIVIDEND: ABC Rif 1910@0.94 = 1795.40
2025-06-01:DIVIDEND: ABC Tfsa 1150@0.94 = 1081.00
2025-06-01:DIVIDEND: ABC Nra 340@0.94 = 319.60
2025-06-01:BANK WITHDRAWAL:  925.00
  Bank balance: 3698.48 is under the small-balance limit of 4000.00
2025-06-01:MOVE CASH from Nra to BankAccount 319.60
2025-06-01:MOVE CASH from Rif to BankAccount 3283.40
2025-06-01:MOVE CASH from Tfsa to BankAccount 1445.32
2025-06-23:BANK WITHDRAWAL:  925.00
2025-06-28:CPP payment:  548.48
2025-06-30:DIVIDEND: XEG Rif 952@0.06 = 57.12
2025-07-01:BANK WITHDRAWAL:  925.00
2025-07-23:BANK WITHDRAWAL:  925.00
2025-07-28:CPP payment:  548.48
2025-07-28:DIVIDEND: XYZ Rif 813@1.76 = 1430.88
2025-07-28:DIVIDEND: XYZ Tfsa 207@1.76 = 364.32
2025-07-28:DIVIDEND: XYZ Nra 290@1.76 = 510.40
2025-08-01:BANK WITHDRAWAL:  925.00
2025-08-01:MOVE CASH from Nra to BankAccount 510.40
2025-08-15:SPLURGE SPENDING:  1654.16
2025-08-23:BANK WITHDRAWAL:  925.00
2025-08-28:CPP payment:  548.48
2025-09-01:DIVIDEND: ABC Rif 1910@0.94 = 1795.40
2025-09-01:DIVIDEND: ABC Tfsa 1150@0.94 = 1081.00
2025-09-01:DIVIDEND: ABC Nra 340@0.94 = 319.60
2025-09-01:BANK WITHDRAWAL:  925.00
  Bank balance: 3698.48 is under the small-balance limit of 4000.00
2025-09-01:MOVE CASH from Nra to BankAccount 319.60
2025-09-01:MOVE CASH from Rif to BankAccount net 3221.37 plus 62.03 withheld.
2025-09-01:MOVE CASH from Tfsa to BankAccount 1445.32
2025-09-23:BANK WITHDRAWAL:  925.00
2025-09-28:CPP payment:  548.48
2025-09-30:DIVIDEND: XEG Rif 952@0.06 = 57.12
2025-10-01:BANK WITHDRAWAL:  925.00
2025-10-23:BANK WITHDRAWAL:  925.00
2025-10-28:CPP payment:  548.48
2025-10-28:DIVIDEND: XYZ Rif 813@1.76 = 1430.88
2025-10-28:DIVIDEND: XYZ Tfsa 207@1.76 = 364.32
2025-10-28:DIVIDEND: XYZ Nra 290@1.76 = 510.40
2025-11-01:BANK WITHDRAWAL:  925.00
2025-11-01:MOVE CASH from Nra to BankAccount 510.40
2025-11-15:SPLURGE SPENDING:  1592.13
2025-11-23:BANK WITHDRAWAL:  925.00
2025-11-25:STOCK-PRICE-UPDATE:  ABC 56.54 [3.01%]
2025-11-25:STOCK-PRICE-UPDATE:  XYZ 168.40 [3.0%]
2025-11-25:STOCK-PRICE-UPDATE:  XEG 12.38 [3.0%]
2025-11-28:CPP payment:  548.48
2025-12-01:DIVIDEND: ABC Rif 1910@0.94 = 1795.40
2025-12-01:DIVIDEND: ABC Tfsa 1150@0.94 = 1081.00
2025-12-01:DIVIDEND: ABC Nra 340@0.94 = 319.60
2025-12-01:BANK WITHDRAWAL:  925.00
  Bank balance: 3698.48 is under the small-balance limit of 4000.00
2025-12-01:MOVE CASH from Nra to BankAccount 319.60
2025-12-01:MOVE CASH from Rif to BankAccount net 2955.06 plus 328.34 withheld.
2025-12-01:MOVE CASH from Tfsa to BankAccount 1445.32
2025-12-23:BANK WITHDRAWAL:  925.00
2025-12-28:CPP payment:  548.48
2025-12-31:PAY TAXES:  1307.70
2025 year-end.
Cash generated
     6,581.76 CPP
         0.00 OAS
         0.00 GIS
         0.00 Pension
    22,234.88 Dividends
         0.00 Net liquidation (sell-buy)
         0.00 Interest
    21,844.51 Total cash swept from tfsa-rif-nra to bank
    28,816.64 Total cash generated

Tax return 2025
    24,296.96 Taxable income
       912.19 Federal tax
       785.88 Provincial tax
     1,698.07 Tax Payable
       688.15 Dividend tax credits
       390.37 Installments
     1,307.70 Balance owing
    24,296.96 Net income
    24,296.96 Net income before adj
         0.00 OAS income
         0.00 Employment income
    13,133.60 RIF withdrawals

Accounts
   256,686.36 -RIF-
   107,991.40 ABC 1910sh @ 56.54
   136,909.20 XYZ 813sh @ 168.40
    11,785.76 XEG 952sh @ 12.38
         0.00 Cash

    99,879.80 -TFSA-
    65,021.00 ABC 1150sh @ 56.54
    34,858.80 XYZ 207sh @ 168.40
         0.00 Cash

    68,059.60 -NRA-
    19,223.60 ABC 340sh @ 56.54
    48,836.00 XYZ 290sh @ 168.40
         0.00 Cash

     6,734.24 -BANKACCOUNT-
     6,734.24 Cash

   431,360.00 Net worth
   424,625.76 Investments worth

     9,872.55 RIF minimum for 2026
    66,018.70 TFSA room for 2026
2026-01-01:BANK WITHDRAWAL:  925.00
2026-01-06:DIVIDEND: XEG Rif 952@0.06 = 57.12
2026-01-23:BANK WITHDRAWAL:  925.00
2026-01-28:CPP payment:  548.48
2026-01-28:DIVIDEND: XYZ Rif 813@1.81 = 1471.53
2026-01-28:DIVIDEND: XYZ Tfsa 207@1.81 = 374.67
2026-01-28:DIVIDEND: XYZ Nra 290@1.81 = 524.90
2026-02-01:BANK WITHDRAWAL:  925.00
2026-02-01:MOVE CASH from Nra to BankAccount 524.90
2026-02-15:SPLURGE SPENDING:  32.62
2026-02-23:BANK WITHDRAWAL:  925.00
2026-02-28:CPP payment:  548.48
2026-03-01:DIVIDEND: ABC Rif 1910@0.97 = 1852.70
2026-03-01:DIVIDEND: ABC Tfsa 1150@0.97 = 1115.50
2026-03-01:DIVIDEND: ABC Nra 340@0.97 = 329.80
2026-03-01:BANK WITHDRAWAL:  925.00
  Bank balance: 3698.48 is under the small-balance limit of 4000.00
2026-03-01:MOVE CASH from Nra to BankAccount 329.80
2026-03-01:MOVE CASH from Rif to BankAccount 3381.35
2026-03-01:MOVE CASH from Tfsa to BankAccount 1490.17
2026-03-23:BANK WITHDRAWAL:  925.00
2026-03-28:CPP payment:  548.48
2026-03-31:DIVIDEND: XEG Rif 952@0.06 = 57.12
2026-04-01:BANK WITHDRAWAL:  925.00
2026-04-23:BANK WITHDRAWAL:  925.00
2026-04-28:CPP payment:  548.48
2026-04-28:DIVIDEND: XYZ Rif 813@1.81 = 1471.53
2026-04-28:DIVIDEND: XYZ Tfsa 207@1.81 = 374.67
2026-04-28:DIVIDEND: XYZ Nra 290@1.81 = 524.90
2026-05-01:BANK WITHDRAWAL:  925.00
2026-05-01:MOVE CASH from Nra to BankAccount 524.90
2026-05-15:SPLURGE SPENDING:  1821.66
2026-05-23:BANK WITHDRAWAL:  925.00
2026-05-28:CPP payment:  548.48
2026-06-01:DIVIDEND: ABC Rif 1910@0.97 = 1852.70
2026-06-01:DIVIDEND: ABC Tfsa 1150@0.97 = 1115.50
2026-06-01:DIVIDEND: ABC Nra 340@0.97 = 329.80
2026-06-01:BANK WITHDRAWAL:  925.00
  Bank balance: 3698.48 is under the small-balance limit of 4000.00
2026-06-01:MOVE CASH from Nra to BankAccount 329.80
2026-06-01:MOVE CASH from Rif to BankAccount 3381.35
2026-06-01:MOVE CASH from Tfsa to BankAccount 1490.17
2026-06-23:BANK WITHDRAWAL:  925.00
2026-06-28:CPP payment:  548.48
2026-06-30:DIVIDEND: XEG Rif 952@0.06 = 57.12
2026-07-01:BANK WITHDRAWAL:  925.00
2026-07-23:BANK WITHDRAWAL:  925.00
2026-07-28:CPP payment:  548.48
2026-07-28:DIVIDEND: XYZ Rif 813@1.81 = 1471.53
2026-07-28:DIVIDEND: XYZ Tfsa 207@1.81 = 374.67
2026-07-28:DIVIDEND: XYZ Nra 290@1.81 = 524.90
2026-08-01:BANK WITHDRAWAL:  925.00
2026-08-01:MOVE CASH from Nra to BankAccount 524.90
2026-08-15:SPLURGE SPENDING:  1821.66
2026-08-23:BANK WITHDRAWAL:  925.00
2026-08-28:CPP payment:  548.48
2026-09-01:DIVIDEND: ABC Rif 1910@0.97 = 1852.70
2026-09-01:DIVIDEND: ABC Tfsa 1150@0.97 = 1115.50
2026-09-01:DIVIDEND: ABC Nra 340@0.97 = 329.80
2026-09-01:BANK WITHDRAWAL:  925.00
  Bank balance: 3698.48 is under the small-balance limit of 4000.00
2026-09-01:MOVE CASH from Nra to BankAccount 329.80
2026-09-01:MOVE CASH from Rif to BankAccount net 3354.20 plus 27.15 withheld.
2026-09-01:MOVE CASH from Tfsa to BankAccount 1490.17
2026-09-23:BANK WITHDRAWAL:  925.00
2026-09-28:CPP payment:  548.48
2026-09-30:DIVIDEND: XEG Rif 952@0.06 = 57.12
2026-10-01:BANK WITHDRAWAL:  925.00
2026-10-23:BANK WITHDRAWAL:  925.00
2026-10-28:CPP payment:  548.48
2026-10-28:DIVIDEND: XYZ Rif 813@1.81 = 1471.53
2026-10-28:DIVIDEND: XYZ Tfsa 207@1.81 = 374.67
2026-10-28:DIVIDEND: XYZ Nra 290@1.81 = 524.90
2026-11-01:BANK WITHDRAWAL:  925.00
2026-11-01:MOVE CASH from Nra to BankAccount 524.90
2026-11-15:SPLURGE SPENDING:  1794.51
2026-11-23:BANK WITHDRAWAL:  925.00
2026-11-25:STOCK-PRICE-UPDATE:  ABC 58.24 [3.01%]
2026-11-25:STOCK-PRICE-UPDATE:  XYZ 173.45 [3.0%]
2026-11-25:STOCK-PRICE-UPDATE:  XEG 12.75 [2.99%]
2026-11-28:CPP payment:  548.48
2026-12-01:DIVIDEND: ABC Rif 1910@0.97 = 1852.70
2026-12-01:DIVIDEND: ABC Tfsa 1150@0.97 = 1115.50
2026-12-01:DIVIDEND: ABC Nra 340@0.97 = 329.80
2026-12-01:BANK WITHDRAWAL:  925.00
  Bank balance: 3698.48 is under the small-balance limit of 4000.00
2026-12-01:MOVE CASH from Nra to BankAccount 329.80
2026-12-01:MOVE CASH from Rif to BankAccount net 3043.22 plus 338.13 withheld.
2026-12-01:MOVE CASH from Tfsa to BankAccount 1490.17
2026-12-23:BANK WITHDRAWAL:  925.00
2026-12-28:CPP payment:  548.48
2026-12-31:PAY TAXES:  1455.40
2026 year-end.
Cash generated
     6,581.76 CPP
         0.00 OAS
         0.00 GIS
         0.00 Pension
    22,904.88 Dividends
         0.00 Net liquidation (sell-buy)
         0.00 Interest
    22,539.60 Total cash swept from tfsa-rif-nra to bank
    29,486.64 Total cash generated

Tax return 2026
    24,825.10 Taxable income
       970.94 Federal tax
       849.74 Provincial tax
     1,820.68 Tax Payable
       708.62 Dividend tax credits
       365.28 Installments
     1,455.40 Balance owing
    24,825.10 Net income
    24,825.10 Net income before adj
         0.00 OAS income
         0.00 Employment income
    13,525.40 RIF withdrawals

Accounts
   264,391.25 -RIF-
   111,238.40 ABC 1910sh @ 58.24
   141,014.85 XYZ 813sh @ 173.45
    12,138.00 XEG 952sh @ 12.75
         0.00 Cash

   102,880.15 -TFSA-
    66,976.00 ABC 1150sh @ 58.24
    35,904.15 XYZ 207sh @ 173.45
         0.00 Cash

    70,102.10 -NRA-
    19,801.60 ABC 340sh @ 58.24
    50,300.50 XYZ 290sh @ 173.45
         0.00 Cash

     6,729.75 -BANKACCOUNT-
     6,729.75 Cash

   444,103.25 Net worth
   437,373.50 Investments worth

    10,575.65 RIF minimum for 2027
    77,979.38 TFSA room for 2027
2027-01-01:BANK WITHDRAWAL:  925.00
2027-01-06:DIVIDEND: XEG Rif 952@0.06 = 57.12
2027-01-23:BANK WITHDRAWAL:  925.00
2027-01-28:CPP payment:  548.48
2027-01-28:DIVIDEND: XYZ Rif 813@1.87 = 1520.31
2027-01-28:DIVIDEND: XYZ Tfsa 207@1.87 = 387.09
2027-01-28:DIVIDEND: XYZ Nra 290@1.87 = 542.30
2027-02-01:BANK WITHDRAWAL:  925.00
2027-02-01:MOVE CASH from Nra to BankAccount 542.30
2027-02-15:SPLURGE SPENDING:  45.53
2027-02-23:BANK WITHDRAWAL:  925.00
2027-02-28:CPP payment:  548.48
2027-03-01:DIVIDEND: ABC Rif 1910@1.00 = 1910.00
2027-03-01:DIVIDEND: ABC Tfsa 1150@1.00 = 1150.00
2027-03-01:DIVIDEND: ABC Nra 340@1.00 = 340.00
2027-03-01:BANK WITHDRAWAL:  925.00
  Bank balance: 3698.48 is under the small-balance limit of 4000.00
2027-03-01:MOVE CASH from Nra to BankAccount 340.00
2027-03-01:MOVE CASH from Rif to BankAccount 3487.43
2027-03-01:MOVE CASH from Tfsa to BankAccount 1537.09
2027-03-23:BANK WITHDRAWAL:  925.00
2027-03-28:CPP payment:  548.48
2027-03-31:DIVIDEND: XEG Rif 952@0.06 = 57.12
2027-04-01:BANK WITHDRAWAL:  925.00
2027-04-23:BANK WITHDRAWAL:  925.00
2027-04-28:CPP payment:  548.48
2027-04-28:DIVIDEND: XYZ Rif 813@1.87 = 1520.31
2027-04-28:DIVIDEND: XYZ Tfsa 207@1.87 = 387.09
2027-04-28:DIVIDEND: XYZ Nra 290@1.87 = 542.30
2027-05-01:BANK WITHDRAWAL:  925.00
2027-05-01:MOVE CASH from Nra to BankAccount 542.30
2027-05-15:SPLURGE SPENDING:  2002.26
2027-05-23:BANK WITHDRAWAL:  925.00
2027-05-28:CPP payment:  548.48
2027-06-01:DIVIDEND: ABC Rif 1910@1.00 = 1910.00
2027-06-01:DIVIDEND: ABC Tfsa 1150@1.00 = 1150.00
2027-06-01:DIVIDEND: ABC Nra 340@1.00 = 340.00
2027-06-01:BANK WITHDRAWAL:  925.00
  Bank balance: 3698.48 is under the small-balance limit of 4000.00
2027-06-01:MOVE CASH from Nra to BankAccount 340.00
2027-06-01:MOVE CASH from Rif to BankAccount 3487.43
2027-06-01:MOVE CASH from Tfsa to BankAccount 1537.09
2027-06-23:BANK WITHDRAWAL:  925.00
2027-06-28:OAS/GIS payment: 648.67
2027-06-28:CPP payment:  548.48
2027-06-30:DIVIDEND: XEG Rif 952@0.06 = 57.12
2027-07-01:BANK WITHDRAWAL:  925.00
2027-07-23:BANK WITHDRAWAL:  925.00
2027-07-28:OAS/GIS payment: 648.67
2027-07-28:CPP payment:  548.48
2027-07-28:DIVIDEND: XYZ Rif 813@1.87 = 1520.31
2027-07-28:DIVIDEND: XYZ Tfsa 207@1.87 = 387.09
2027-07-28:DIVIDEND: XYZ Nra 290@1.87 = 542.30
2027-08-01:BANK WITHDRAWAL:  925.00
2027-08-01:MOVE CASH from Nra to BankAccount 542.30
2027-08-15:SPLURGE SPENDING:  3299.60
2027-08-23:BANK WITHDRAWAL:  925.00
2027-08-28:OAS/GIS payment: 648.67
2027-08-28:CPP payment:  548.48
2027-09-01:DIVIDEND: ABC Rif 1910@1.00 = 1910.00
2027-09-01:DIVIDEND: ABC Tfsa 1150@1.00 = 1150.00
2027-09-01:DIVIDEND: ABC Nra 340@1.00 = 340.00
2027-09-01:BANK WITHDRAWAL:  925.00
2027-09-01:MOVE CASH from Nra to BankAccount 340.00
2027-09-01:MOVE CASH from Rif to BankAccount 3487.43
2027-09-01:MOVE CASH from Tfsa to BankAccount 1537.09
2027-09-23:BANK WITHDRAWAL:  925.00
2027-09-28:OAS/GIS payment: 648.67
2027-09-28:CPP payment:  548.48
2027-09-30:DIVIDEND: XEG Rif 952@0.06 = 57.12
2027-10-01:BANK WITHDRAWAL:  925.00
2027-10-23:BANK WITHDRAWAL:  925.00
2027-10-28:OAS/GIS payment: 648.67
2027-10-28:CPP payment:  548.48
2027-10-28:DIVIDEND: XYZ Rif 813@1.87 = 1520.31
2027-10-28:DIVIDEND: XYZ Tfsa 207@1.87 = 387.09
2027-10-28:DIVIDEND: XYZ Nra 290@1.87 = 542.30
2027-11-01:BANK WITHDRAWAL:  925.00
2027-11-01:MOVE CASH from Nra to BankAccount 542.30
2027-11-15:SPLURGE SPENDING:  3948.27
2027-11-23:BANK WITHDRAWAL:  925.00
2027-11-25:STOCK-PRICE-UPDATE:  ABC 59.99 [3.0%]
2027-11-25:STOCK-PRICE-UPDATE:  XYZ 178.65 [3.0%]
2027-11-25:STOCK-PRICE-UPDATE:  XEG 13.13 [2.98%]
2027-11-28:OAS/GIS payment: 648.67
2027-11-28:CPP payment:  548.48
2027-12-01:DIVIDEND: ABC Rif 1910@1.00 = 1910.00
2027-12-01:DIVIDEND: ABC Tfsa 1150@1.00 = 1150.00
2027-12-01:DIVIDEND: ABC Nra 340@1.00 = 340.00
2027-12-01:BANK WITHDRAWAL:  925.00
2027-12-01:MOVE CASH from Nra to BankAccount 340.00
2027-12-01:MOVE CASH from Rif to BankAccount net 3150.02 plus 337.41 withheld.
2027-12-01:MOVE CASH from Tfsa to BankAccount 1537.09
2027-12-23:BANK WITHDRAWAL:  925.00
2027-12-28:OAS/GIS payment: 648.67
2027-12-28:CPP payment:  548.48
2027-12-31:PAY TAXES:  823.80
2027 year-end.
Cash generated
     6,581.76 CPP
     4,540.69 OAS
         0.00 GIS
         0.00 Pension
    23,627.28 Dividends
         0.00 Net liquidation (sell-buy)
         0.00 Interest
    23,289.87 Total cash swept from tfsa-rif-nra to bank
    34,749.73 Total cash generated

Tax return 2027
    29,942.47 Taxable income
       258.71 Federal tax
       902.50 Provincial tax
     1,161.21 Tax Payable
       731.51 Dividend tax credits
       337.41 Installments
       823.80 Balance owing
    29,942.47 Net income
    29,942.47 Net income before adj
     4,540.69 OAS income
         0.00 Employment income
    13,949.72 RIF withdrawals

Accounts
   272,323.11 -RIF-
   114,580.90 ABC 1910sh @ 59.99
   145,242.45 XYZ 813sh @ 178.65
    12,499.76 XEG 952sh @ 13.13
         0.00 Cash

   105,969.05 -TFSA-
    68,988.50 ABC 1150sh @ 59.99
    36,980.55 XYZ 207sh @ 178.65
         0.00 Cash

    72,205.10 -NRA-
    20,396.60 ABC 340sh @ 59.99
    51,808.50 XYZ 290sh @ 178.65
         0.00 Cash

     8,822.61 -BANKACCOUNT-
     8,822.61 Cash

   459,319.87 Net worth
   450,497.26 Investments worth

    11,346.80 RIF minimum for 2028
    90,127.74 TFSA room for 2028
2028-01-01:BANK WITHDRAWAL:  925.00
2028-01-06:DIVIDEND: XEG Rif 952@0.06 = 57.12
2028-01-23:BANK WITHDRAWAL:  925.00
2028-01-28:OAS/GIS payment: 648.67
2028-01-28:CPP payment:  548.48
2028-01-28:DIVIDEND: XYZ Rif 813@1.92 = 1560.96
2028-01-28:DIVIDEND: XYZ Tfsa 207@1.92 = 397.44
2028-01-28:DIVIDEND: XYZ Nra 290@1.92 = 556.80
2028-02-01:BANK WITHDRAWAL:  925.00
2028-02-01:MOVE CASH from Nra to BankAccount 556.80
2028-02-15:SPLURGE SPENDING:  2801.56
2028-02-23:BANK WITHDRAWAL:  925.00
2028-02-28:OAS/GIS payment: 648.67
2028-02-28:CPP payment:  548.48
2028-03-01:DIVIDEND: ABC Rif 1910@1.03 = 1967.30
2028-03-01:DIVIDEND: ABC Tfsa 1150@1.03 = 1184.50
2028-03-01:DIVIDEND: ABC Nra 340@1.03 = 350.20
2028-03-01:BANK WITHDRAWAL:  925.00
2028-03-01:MOVE CASH from Nra to BankAccount 350.20
2028-03-01:MOVE CASH from Rif to BankAccount 3585.38
2028-03-01:MOVE CASH from Tfsa to BankAccount 1581.94
2028-03-23:BANK WITHDRAWAL:  925.00
2028-03-28:OAS/GIS payment: 648.67
2028-03-28:CPP payment:  548.48
2028-03-31:DIVIDEND: XEG Rif 952@0.06 = 57.12
2028-04-01:BANK WITHDRAWAL:  925.00
2028-04-23:BANK WITHDRAWAL:  925.00
2028-04-28:OAS/GIS payment: 648.67
2028-04-28:CPP payment:  548.48
2028-04-28:DIVIDEND: XYZ Rif 813@1.92 = 1560.96
2028-04-28:DIVIDEND: XYZ Tfsa 207@1.92 = 397.44
2028-04-28:DIVIDEND: XYZ Nra 290@1.92 = 556.80
2028-05-01:BANK WITHDRAWAL:  925.00
2028-05-01:MOVE CASH from Nra to BankAccount 556.80
2028-05-15:SPLURGE SPENDING:  4115.77
2028-05-23:BANK WITHDRAWAL:  925.00
2028-05-28:OAS/GIS payment: 648.67
2028-05-28:CPP payment:  548.48
2028-06-01:DIVIDEND: ABC Rif 1910@1.03 = 1967.30
2028-06-01:DIVIDEND: ABC Tfsa 1150@1.03 = 1184.50
2028-06-01:DIVIDEND: ABC Nra 340@1.03 = 350.20
2028-06-01:BANK WITHDRAWAL:  925.00
2028-06-01:MOVE CASH from Nra to BankAccount 350.20
2028-06-01:MOVE CASH from Rif to BankAccount 3585.38
2028-06-01:MOVE CASH from Tfsa to BankAccount 1581.94
2028-06-23:BANK WITHDRAWAL:  925.00
2028-06-28:OAS/GIS payment: 648.67
2028-06-28:CPP payment:  548.48
2028-06-30:DIVIDEND: XEG Rif 952@0.06 = 57.12
2028-07-01:BANK WITHDRAWAL:  925.00
2028-07-23:BANK WITHDRAWAL:  925.00
2028-07-28:OAS/GIS payment: 648.67
2028-07-28:CPP payment:  548.48
2028-07-28:DIVIDEND: XYZ Rif 813@1.92 = 1560.96
2028-07-28:DIVIDEND: XYZ Tfsa 207@1.92 = 397.44
2028-07-28:DIVIDEND: XYZ Nra 290@1.92 = 556.80
2028-08-01:BANK WITHDRAWAL:  925.00
2028-08-01:MOVE CASH from Nra to BankAccount 556.80
2028-08-15:SPLURGE SPENDING:  4115.77
2028-08-23:BANK WITHDRAWAL:  925.00
2028-08-28:OAS/GIS payment: 648.67
2028-08-28:CPP payment:  548.48
2028-09-01:DIVIDEND: ABC Rif 1910@1.03 = 1967.30
2028-09-01:DIVIDEND: ABC Tfsa 1150@1.03 = 1184.50
2028-09-01:DIVIDEND: ABC Nra 340@1.03 = 350.20
2028-09-01:BANK WITHDRAWAL:  925.00
2028-09-01:MOVE CASH from Nra to BankAccount 350.20
2028-09-01:MOVE CASH from Rif to BankAccount 3585.38
2028-09-01:MOVE CASH from Tfsa to BankAccount 1581.94
2028-09-23:BANK WITHDRAWAL:  925.00
2028-09-28:OAS/GIS payment: 648.67
2028-09-28:CPP payment:  548.48
2028-09-30:DIVIDEND: XEG Rif 952@0.06 = 57.12
2028-10-01:BANK WITHDRAWAL:  925.00
2028-10-23:BANK WITHDRAWAL:  925.00
2028-10-28:OAS/GIS payment: 648.67
2028-10-28:CPP payment:  548.48
2028-10-28:DIVIDEND: XYZ Rif 813@1.92 = 1560.96
2028-10-28:DIVIDEND: XYZ Tfsa 207@1.92 = 397.44
2028-10-28:DIVIDEND: XYZ Nra 290@1.92 = 556.80
2028-11-01:BANK WITHDRAWAL:  925.00
2028-11-01:MOVE CASH from Nra to BankAccount 556.80
2028-11-15:SPLURGE SPENDING:  4115.77
2028-11-23:BANK WITHDRAWAL:  925.00
2028-11-25:STOCK-PRICE-UPDATE:  ABC 61.79 [3.0%]
2028-11-25:STOCK-PRICE-UPDATE:  XYZ 184.01 [3.0%]
2028-11-25:STOCK-PRICE-UPDATE:  XEG 13.52 [2.97%]
2028-11-28:OAS/GIS payment: 648.67
2028-11-28:CPP payment:  548.48
2028-12-01:DIVIDEND: ABC Rif 1910@1.03 = 1967.30
2028-12-01:DIVIDEND: ABC Tfsa 1150@1.03 = 1184.50
2028-12-01:DIVIDEND: ABC Nra 340@1.03 = 350.20
2028-12-01:BANK WITHDRAWAL:  925.00
2028-12-01:MOVE CASH from Nra to BankAccount 350.20
2028-12-01:MOVE CASH from Rif to BankAccount net 3285.91 plus 299.47 withheld.
2028-12-01:MOVE CASH from Tfsa to BankAccount 1581.94
2028-12-23:BANK WITHDRAWAL:  925.00
2028-12-28:OAS/GIS payment: 648.67
2028-12-28:CPP payment:  548.48
2028-12-31:PAY TAXES:  1939.78
2028 year-end.
Cash generated
     6,581.76 CPP
     7,784.04 OAS
         0.00 GIS
         0.00 Pension
    24,297.28 Dividends
         0.00 Net liquidation (sell-buy)
         0.00 Interest
    23,997.81 Total cash swept from tfsa-rif-nra to bank
    38,663.08 Total cash generated

Tax return 2028
    33,713.96 Taxable income
       803.95 Federal tax
     1,435.30 Provincial tax
     2,239.25 Tax Payable
       751.99 Dividend tax credits
       299.47 Installments
     1,939.78 Balance owing
    33,713.96 Net income
    33,713.96 Net income before adj
     7,784.04 OAS income
         0.00 Employment income
    14,341.52 RIF withdrawals

Accounts
   280,490.07 -RIF-
   118,018.90 ABC 1910sh @ 61.79
   149,600.13 XYZ 813sh @ 184.01
    12,871.04 XEG 952sh @ 13.52
         0.00 Cash

   109,148.57 -TFSA-
    71,058.50 ABC 1150sh @ 61.79
    38,090.07 XYZ 207sh @ 184.01
         0.00 Cash

    74,371.50 -NRA-
    21,008.60 ABC 340sh @ 61.79
    53,362.90 XYZ 290sh @ 184.01
         0.00 Cash

     7,897.57 -BANKACCOUNT-
     7,897.57 Cash

   471,907.71 Net worth
   464,010.14 Investments worth

    12,195.22 RIF minimum for 2029
   102,455.50 TFSA room for 2029
2029-01-01:BANK WITHDRAWAL:  925.00
2029-01-06:DIVIDEND: XEG Rif 952@0.06 = 57.12
2029-01-23:BANK WITHDRAWAL:  925.00
2029-01-28:OAS/GIS payment: 648.67
2029-01-28:CPP payment:  548.48
2029-01-28:DIVIDEND: XYZ Rif 813@1.98 = 1609.74
2029-01-28:DIVIDEND: XYZ Tfsa 207@1.98 = 409.86
2029-01-28:DIVIDEND: XYZ Nra 290@1.98 = 574.20
2029-02-01:BANK WITHDRAWAL:  925.00
2029-02-01:MOVE CASH from Nra to BankAccount 574.20
2029-02-15:SPLURGE SPENDING:  1893.92
2029-02-23:BANK WITHDRAWAL:  925.00
2029-02-28:OAS/GIS payment: 648.67
2029-02-28:CPP payment:  548.48
2029-03-01:DIVIDEND: ABC Rif 1910@1.06 = 2024.60
2029-03-01:DIVIDEND: ABC Tfsa 1150@1.06 = 1219.00
2029-03-01:DIVIDEND: ABC Nra 340@1.06 = 360.40
2029-03-01:BANK WITHDRAWAL:  925.00
2029-03-01:MOVE CASH from Nra to BankAccount 360.40
2029-03-01:MOVE CASH from Rif to BankAccount 3691.46
2029-03-01:MOVE CASH from Tfsa to BankAccount 1628.86
2029-03-23:BANK WITHDRAWAL:  925.00
2029-03-28:OAS/GIS payment: 648.67
2029-03-28:CPP payment:  548.48
2029-03-31:DIVIDEND: XEG Rif 952@0.06 = 57.12
2029-04-01:BANK WITHDRAWAL:  925.00
2029-04-23:BANK WITHDRAWAL:  925.00
2029-04-28:OAS/GIS payment: 648.67
2029-04-28:CPP payment:  548.48
2029-04-28:DIVIDEND: XYZ Rif 813@1.98 = 1609.74
2029-04-28:DIVIDEND: XYZ Tfsa 207@1.98 = 409.86
2029-04-28:DIVIDEND: XYZ Nra 290@1.98 = 574.20
2029-05-01:BANK WITHDRAWAL:  925.00
2029-05-01:MOVE CASH from Nra to BankAccount 574.20
2029-05-15:SPLURGE SPENDING:  4296.37
2029-05-23:BANK WITHDRAWAL:  925.00
2029-05-28:OAS/GIS payment: 648.67
2029-05-28:CPP payment:  548.48
2029-06-01:DIVIDEND: ABC Rif 1910@1.06 = 2024.60
2029-06-01:DIVIDEND: ABC Tfsa 1150@1.06 = 1219.00
2029-06-01:DIVIDEND: ABC Nra 340@1.06 = 360.40
2029-06-01:BANK WITHDRAWAL:  925.00
2029-06-01:MOVE CASH from Nra to BankAccount 360.40
2029-06-01:MOVE CASH from Rif to BankAccount 3691.46
2029-06-01:MOVE CASH from Tfsa to BankAccount 1628.86
2029-06-23:BANK WITHDRAWAL:  925.00
2029-06-28:OAS/GIS payment: 648.67
2029-06-28:CPP payment:  548.48
2029-06-30:DIVIDEND: XEG Rif 952@0.06 = 57.12
2029-07-01:BANK WITHDRAWAL:  925.00
2029-07-23:BANK WITHDRAWAL:  925.00
2029-07-28:OAS/GIS payment: 648.67
2029-07-28:CPP payment:  548.48
2029-07-28:DIVIDEND: XYZ Rif 813@1.98 = 1609.74
2029-07-28:DIVIDEND: XYZ Tfsa 207@1.98 = 409.86
2029-07-28:DIVIDEND: XYZ Nra 290@1.98 = 574.20
2029-08-01:BANK WITHDRAWAL:  925.00
2029-08-01:MOVE CASH from Nra to BankAccount 574.20
2029-08-15:SPLURGE SPENDING:  4296.37
2029-08-23:BANK WITHDRAWAL:  925.00
2029-08-28:OAS/GIS payment: 648.67
2029-08-28:CPP payment:  548.48
2029-09-01:DIVIDEND: ABC Rif 1910@1.06 = 2024.60
2029-09-01:DIVIDEND: ABC Tfsa 1150@1.06 = 1219.00
2029-09-01:DIVIDEND: ABC Nra 340@1.06 = 360.40
2029-09-01:BANK WITHDRAWAL:  925.00
2029-09-01:MOVE CASH from Nra to BankAccount 360.40
2029-09-01:MOVE CASH from Rif to BankAccount 3691.46
2029-09-01:MOVE CASH from Tfsa to BankAccount 1628.86
2029-09-23:BANK WITHDRAWAL:  925.00
2029-09-28:OAS/GIS payment: 648.67
2029-09-28:CPP payment:  548.48
2029-09-30:DIVIDEND: XEG Rif 952@0.06 = 57.12
2029-10-01:BANK WITHDRAWAL:  925.00
2029-10-23:BANK WITHDRAWAL:  925.00
2029-10-28:OAS/GIS payment: 648.67
2029-10-28:CPP payment:  548.48
2029-10-28:DIVIDEND: XYZ Rif 813@1.98 = 1609.74
2029-10-28:DIVIDEND: XYZ Tfsa 207@1.98 = 409.86
2029-10-28:DIVIDEND: XYZ Nra 290@1.98 = 574.20
2029-11-01:BANK WITHDRAWAL:  925.00
2029-11-01:MOVE CASH from Nra to BankAccount 574.20
2029-11-15:SPLURGE SPENDING:  4296.37
2029-11-23:BANK WITHDRAWAL:  925.00
2029-11-25:STOCK-PRICE-UPDATE:  ABC 63.64 [2.99%]
2029-11-25:STOCK-PRICE-UPDATE:  XYZ 189.53 [3.0%]
2029-11-25:STOCK-PRICE-UPDATE:  XEG 13.93 [3.03%]
2029-11-28:OAS/GIS payment: 648.67
2029-11-28:CPP payment:  548.48
2029-12-01:DIVIDEND: ABC Rif 1910@1.06 = 2024.60
2029-12-01:DIVIDEND: ABC Tfsa 1150@1.06 = 1219.00
2029-12-01:DIVIDEND: ABC Nra 340@1.06 = 360.40
2029-12-01:BANK WITHDRAWAL:  925.00
2029-12-01:MOVE CASH from Nra to BankAccount 360.40
2029-12-01:MOVE CASH from Rif to BankAccount net 3434.40 plus 257.06 withheld.
2029-12-01:MOVE CASH from Tfsa to BankAccount 1628.86
2029-12-23:BANK WITHDRAWAL:  925.00
2029-12-28:OAS/GIS payment: 648.67
2029-12-28:CPP payment:  548.48
2029-12-31:PAY TAXES:  2117.88
2029 year-end.
Cash generated
     6,581.76 CPP
     7,784.04 OAS
         0.00 GIS
         0.00 Pension
    25,019.68 Dividends
         0.00 Net liquidation (sell-buy)
         0.00 Interest
    24,762.62 Total cash swept from tfsa-rif-nra to bank
    39,385.48 Total cash generated

Tax return 2029
    34,290.63 Taxable income
       867.57 Federal tax
     1,507.37 Provincial tax
     2,374.94 Tax Payable
       774.87 Dividend tax credits
       257.06 Installments
     2,117.88 Balance owing
    34,290.63 Net income
    34,290.63 Net income before adj
     7,784.04 OAS income
         0.00 Employment income
    14,765.84 RIF withdrawals

Accounts
   288,901.65 -RIF-
   121,552.40 ABC 1910sh @ 63.64
   154,087.89 XYZ 813sh @ 189.53
    13,261.36 XEG 952sh @ 13.93
         0.00 Cash

   112,418.71 -TFSA-
    73,186.00 ABC 1150sh @ 63.64
    39,232.71 XYZ 207sh @ 189.53
         0.00 Cash

    76,601.30 -NRA-
    21,637.60 ABC 340sh @ 63.64
    54,963.70 XYZ 290sh @ 189.53
         0.00 Cash

     7,925.08 -BANKACCOUNT-
     7,925.08 Cash

   485,846.74 Net worth
   477,921.66 Investments worth

    13,131.89 RIF minimum for 2030
   114,970.94 TFSA room for 2030
2030-01-01:BANK WITHDRAWAL:  925.00
2030-01-06:DIVIDEND: XEG Rif 952@0.06 = 57.12
2030-01-23:BANK WITHDRAWAL:  925.00
2030-01-28:OAS/GIS payment: 648.67
2030-01-28:CPP payment:  548.48
2030-01-28:DIVIDEND: XYZ Rif 813@2.04 = 1658.52
2030-01-28:DIVIDEND: XYZ Tfsa 207@2.04 = 422.28
2030-01-28:DIVIDEND: XYZ Nra 290@2.04 = 591.60
2030-02-01:BANK WITHDRAWAL:  925.00
2030-02-01:MOVE CASH from Nra to BankAccount 591.60
2030-02-15:SPLURGE SPENDING:  1938.83
2030-02-23:BANK WITHDRAWAL:  925.00
2030-02-28:OAS/GIS payment: 648.67
2030-02-28:CPP payment:  548.48
2030-03-01:DIVIDEND: ABC Rif 1910@1.09 = 2081.90
2030-03-01:DIVIDEND: ABC Tfsa 1150@1.09 = 1253.50
2030-03-01:DIVIDEND: ABC Nra 340@1.09 = 370.60
2030-03-01:BANK WITHDRAWAL:  925.00
2030-03-01:MOVE CASH from Nra to BankAccount 370.60
2030-03-01:MOVE CASH from Rif to BankAccount 3797.54
2030-03-01:MOVE CASH from Tfsa to BankAccount 1675.78
2030-03-23:BANK WITHDRAWAL:  925.00
2030-03-28:OAS/GIS payment: 648.67
2030-03-28:CPP payment:  548.48
2030-03-31:DIVIDEND: XEG Rif 952@0.06 = 57.12
2030-04-01:BANK WITHDRAWAL:  925.00
2030-04-23:BANK WITHDRAWAL:  925.00
2030-04-28:OAS/GIS payment: 648.67
2030-04-28:CPP payment:  548.48
2030-04-28:DIVIDEND: XYZ Rif 813@2.04 = 1658.52
2030-04-28:DIVIDEND: XYZ Tfsa 207@2.04 = 422.28
2030-04-28:DIVIDEND: XYZ Nra 290@2.04 = 591.60
2030-05-01:BANK WITHDRAWAL:  925.00
2030-05-01:MOVE CASH from Nra to BankAccount 591.60
2030-05-15:SPLURGE SPENDING:  4476.97
2030-05-23:BANK WITHDRAWAL:  925.00
2030-05-28:OAS/GIS payment: 648.67
2030-05-28:CPP payment:  548.48
2030-06-01:DIVIDEND: ABC Rif 1910@1.09 = 2081.90
2030-06-01:DIVIDEND: ABC Tfsa 1150@1.09 = 1253.50
2030-06-01:DIVIDEND: ABC Nra 340@1.09 = 370.60
2030-06-01:BANK WITHDRAWAL:  925.00
2030-06-01:MOVE CASH from Nra to BankAccount 370.60
2030-06-01:MOVE CASH from Rif to BankAccount 3797.54
2030-06-01:MOVE CASH from Tfsa to BankAccount 1675.78
2030-06-23:BANK WITHDRAWAL:  925.00
2030-06-28:OAS/GIS payment: 648.67
2030-06-28:CPP payment:  548.48
2030-06-30:DIVIDEND: XEG Rif 952@0.06 = 57.12
2030-07-01:BANK WITHDRAWAL:  925.00
2030-07-23:BANK WITHDRAWAL:  925.00
2030-07-28:OAS/GIS payment: 648.67
2030-07-28:CPP payment:  548.48
2030-07-28:DIVIDEND: XYZ Rif 813@2.04 = 1658.52
2030-07-28:DIVIDEND: XYZ Tfsa 207@2.04 = 422.28
2030-07-28:DIVIDEND: XYZ Nra 290@2.04 = 591.60
2030-08-01:BANK WITHDRAWAL:  925.00
2030-08-01:MOVE CASH from Nra to BankAccount 591.60
2030-08-15:SPLURGE SPENDING:  4476.97
2030-08-23:BANK WITHDRAWAL:  925.00
2030-08-28:OAS/GIS payment: 648.67
2030-08-28:CPP payment:  548.48
2030-09-01:DIVIDEND: ABC Rif 1910@1.09 = 2081.90
2030-09-01:DIVIDEND: ABC Tfsa 1150@1.09 = 1253.50
2030-09-01:DIVIDEND: ABC Nra 340@1.09 = 370.60
2030-09-01:BANK WITHDRAWAL:  925.00
2030-09-01:MOVE CASH from Nra to BankAccount 370.60
2030-09-01:MOVE CASH from Rif to BankAccount 3797.54
2030-09-01:MOVE CASH from Tfsa to BankAccount 1675.78
2030-09-23:BANK WITHDRAWAL:  925.00
2030-09-28:OAS/GIS payment: 648.67
2030-09-28:CPP payment:  548.48
2030-09-30:DIVIDEND: XEG Rif 952@0.06 = 57.12
2030-10-01:BANK WITHDRAWAL:  925.00
2030-10-23:BANK WITHDRAWAL:  925.00
2030-10-28:OAS/GIS payment: 648.67
2030-10-28:CPP payment:  548.48
2030-10-28:DIVIDEND: XYZ Rif 813@2.04 = 1658.52
2030-10-28:DIVIDEND: XYZ Tfsa 207@2.04 = 422.28
2030-10-28:DIVIDEND: XYZ Nra 290@2.04 = 591.60
2030-11-01:BANK WITHDRAWAL:  925.00
2030-11-01:MOVE CASH from Nra to BankAccount 591.60
2030-11-15:SPLURGE SPENDING:  4476.97
2030-11-23:BANK WITHDRAWAL:  925.00
2030-11-25:STOCK-PRICE-UPDATE:  ABC 65.55 [3.0%]
2030-11-25:STOCK-PRICE-UPDATE:  XYZ 195.22 [3.0%]
2030-11-25:STOCK-PRICE-UPDATE:  XEG 14.35 [3.02%]
2030-11-28:OAS/GIS payment: 648.67
2030-11-28:CPP payment:  548.48
2030-12-01:DIVIDEND: ABC Rif 1910@1.09 = 2081.90
2030-12-01:DIVIDEND: ABC Tfsa 1150@1.09 = 1253.50
2030-12-01:DIVIDEND: ABC Nra 340@1.09 = 370.60
2030-12-01:BANK WITHDRAWAL:  925.00
2030-12-01:MOVE CASH from Nra to BankAccount 370.60
2030-12-01:MOVE CASH from Rif to BankAccount net 3591.71 plus 205.83 withheld.
2030-12-01:MOVE CASH from Tfsa to BankAccount 1675.78
2030-12-23:BANK WITHDRAWAL:  925.00
2030-12-28:OAS/GIS payment: 648.67
2030-12-28:CPP payment:  548.48
2030-12-31:PAY TAXES:  2304.81
2030 year-end.
Cash generated
     6,581.76 CPP
     7,784.04 OAS
         0.00 GIS
         0.00 Pension
    25,742.08 Dividends
         0.00 Net liquidation (sell-buy)
         0.00 Interest
    25,536.25 Total cash swept from tfsa-rif-nra to bank
    40,107.88 Total cash generated

Tax return 2030
    34,867.30 Taxable income
       931.20 Federal tax
     1,579.44 Provincial tax
     2,510.64 Tax Payable
       797.75 Dividend tax credits
       205.83 Installments
     2,304.81 Balance owing
    34,867.30 Net income
    34,867.30 Net income before adj
     7,784.04 OAS income
         0.00 Employment income
    15,190.16 RIF withdrawals

Accounts
   297,575.56 -RIF-
   125,200.50 ABC 1910sh @ 65.55
   158,713.86 XYZ 813sh @ 195.22
    13,661.20 XEG 952sh @ 14.35
         0.00 Cash

   115,793.04 -TFSA-
    75,382.50 ABC 1150sh @ 65.55
    40,410.54 XYZ 207sh @ 195.22
         0.00 Cash

    78,900.80 -NRA-
    22,287.00 ABC 340sh @ 65.55
    56,613.80 XYZ 290sh @ 195.22
         0.00 Cash

     7,952.58 -BANKACCOUNT-
     7,952.58 Cash

   500,221.98 Net worth
   492,269.40 Investments worth

    14,170.26 RIF minimum for 2031
   127,674.06 TFSA room for 2031
2031-01-01:BANK WITHDRAWAL:  925.00
2031-01-06:DIVIDEND: XEG Rif 952@0.07 = 66.64
2031-01-23:BANK WITHDRAWAL:  925.00
2031-01-28:OAS/GIS payment: 648.67
2031-01-28:CPP payment:  548.48
2031-01-28:DIVIDEND: XYZ Rif 813@2.10 = 1707.30
2031-01-28:DIVIDEND: XYZ Tfsa 207@2.10 = 434.70
2031-01-28:DIVIDEND: XYZ Nra 290@2.10 = 609.00
2031-02-01:BANK WITHDRAWAL:  925.00
2031-02-01:MOVE CASH from Nra to BankAccount 609.00
2031-02-15:SPLURGE SPENDING:  1983.73
2031-02-23:BANK WITHDRAWAL:  925.00
2031-02-28:OAS/GIS payment: 648.67
2031-02-28:CPP payment:  548.48
2031-03-01:DIVIDEND: ABC Rif 1910@1.12 = 2139.20
2031-03-01:DIVIDEND: ABC Tfsa 1150@1.12 = 1288.00
2031-03-01:DIVIDEND: ABC Nra 340@1.12 = 380.80
2031-03-01:BANK WITHDRAWAL:  925.00
2031-03-01:MOVE CASH from Nra to BankAccount 380.80
2031-03-01:MOVE CASH from Rif to BankAccount 3913.14
2031-03-01:MOVE CASH from Tfsa to BankAccount 1722.70
2031-03-23:BANK WITHDRAWAL:  925.00
2031-03-28:OAS/GIS payment: 648.67
2031-03-28:CPP payment:  548.48
2031-03-31:DIVIDEND: XEG Rif 952@0.07 = 66.64
2031-04-01:BANK WITHDRAWAL:  925.00
2031-04-23:BANK WITHDRAWAL:  925.00
2031-04-28:OAS/GIS payment: 648.67
2031-04-28:CPP payment:  548.48
2031-04-28:DIVIDEND: XYZ Rif 813@2.10 = 1707.30
2031-04-28:DIVIDEND: XYZ Tfsa 207@2.10 = 434.70
2031-04-28:DIVIDEND: XYZ Nra 290@2.10 = 609.00
2031-05-01:BANK WITHDRAWAL:  925.00
2031-05-01:MOVE CASH from Nra to BankAccount 609.00
2031-05-15:SPLURGE SPENDING:  4667.09
2031-05-23:BANK WITHDRAWAL:  925.00
2031-05-28:OAS/GIS payment: 648.67
2031-05-28:CPP payment:  548.48
2031-06-01:DIVIDEND: ABC Rif 1910@1.12 = 2139.20
2031-06-01:DIVIDEND: ABC Tfsa 1150@1.12 = 1288.00
2031-06-01:DIVIDEND: ABC Nra 340@1.12 = 380.80
2031-06-01:BANK WITHDRAWAL:  925.00
2031-06-01:MOVE CASH from Nra to BankAccount 380.80
2031-06-01:MOVE CASH from Rif to BankAccount 3913.14
2031-06-01:MOVE CASH from Tfsa to BankAccount 1722.70
2031-06-23:BANK WITHDRAWAL:  925.00
2031-06-28:OAS/GIS payment: 648.67
2031-06-28:CPP payment:  548.48
2031-06-30:DIVIDEND: XEG Rif 952@0.07 = 66.64
2031-07-01:BANK WITHDRAWAL:  925.00
2031-07-23:BANK WITHDRAWAL:  925.00
2031-07-28:OAS/GIS payment: 648.67
2031-07-28:CPP payment:  548.48
2031-07-28:DIVIDEND: XYZ Rif 813@2.10 = 1707.30
2031-07-28:DIVIDEND: XYZ Tfsa 207@2.10 = 434.70
2031-07-28:DIVIDEND: XYZ Nra 290@2.10 = 609.00
2031-08-01:BANK WITHDRAWAL:  925.00
2031-08-01:MOVE CASH from Nra to BankAccount 609.00
2031-08-15:SPLURGE SPENDING:  4667.09
2031-08-23:BANK WITHDRAWAL:  925.00
2031-08-28:OAS/GIS payment: 648.67
2031-08-28:CPP payment:  548.48
2031-09-01:DIVIDEND: ABC Rif 1910@1.12 = 2139.20
2031-09-01:DIVIDEND: ABC Tfsa 1150@1.12 = 1288.00
2031-09-01:DIVIDEND: ABC Nra 340@1.12 = 380.80
2031-09-01:BANK WITHDRAWAL:  925.00
2031-09-01:MOVE CASH from Nra to BankAccount 380.80
2031-09-01:MOVE CASH from Rif to BankAccount 3913.14
2031-09-01:MOVE CASH from Tfsa to BankAccount 1722.70
2031-09-23:BANK WITHDRAWAL:  925.00
2031-09-28:OAS/GIS payment: 648.67
2031-09-28:CPP payment:  548.48
2031-09-30:DIVIDEND: XEG Rif 952@0.07 = 66.64
2031-10-01:BANK WITHDRAWAL:  925.00
2031-10-23:BANK WITHDRAWAL:  925.00
2031-10-28:OAS/GIS payment: 648.67
2031-10-28:CPP payment:  548.48
2031-10-28:DIVIDEND: XYZ Rif 813@2.10 = 1707.30
2031-10-28:DIVIDEND: XYZ Tfsa 207@2.10 = 434.70
2031-10-28:DIVIDEND: XYZ Nra 290@2.10 = 609.00
2031-11-01:BANK WITHDRAWAL:  925.00
2031-11-01:MOVE CASH from Nra to BankAccount 609.00
2031-11-15:SPLURGE SPENDING:  4667.09
2031-11-23:BANK WITHDRAWAL:  925.00
2031-11-25:STOCK-PRICE-UPDATE:  ABC 67.52 [3.01%]
2031-11-25:STOCK-PRICE-UPDATE:  XYZ 201.08 [3.0%]
2031-11-25:STOCK-PRICE-UPDATE:  XEG 14.78 [3.0%]
2031-11-28:OAS/GIS payment: 648.67
2031-11-28:CPP payment:  548.48
2031-12-01:DIVIDEND: ABC Rif 1910@1.12 = 2139.20
2031-12-01:DIVIDEND: ABC Tfsa 1150@1.12 = 1288.00
2031-12-01:DIVIDEND: ABC Nra 340@1.12 = 380.80
2031-12-01:BANK WITHDRAWAL:  925.00
2031-12-01:MOVE CASH from Nra to BankAccount 380.80
2031-12-01:MOVE CASH from Rif to BankAccount net 3764.91 plus 148.23 withheld.
2031-12-01:MOVE CASH from Tfsa to BankAccount 1722.70
2031-12-23:BANK WITHDRAWAL:  925.00
2031-12-28:OAS/GIS payment: 648.67
2031-12-28:CPP payment:  548.48
2031-12-31:PAY TAXES:  2509.60
2031 year-end.
Cash generated
     6,581.76 CPP
     7,784.04 OAS
         0.00 GIS
         0.00 Pension
    26,502.56 Dividends
         0.00 Net liquidation (sell-buy)
         0.00 Interest
    26,354.33 Total cash swept from tfsa-rif-nra to bank
    40,868.36 Total cash generated

Tax return 2031
    35,482.06 Taxable income
     1,000.52 Federal tax
     1,657.31 Provincial tax
     2,657.83 Tax Payable
       820.64 Dividend tax credits
       148.23 Installments
     2,509.60 Balance owing
    35,482.06 Net income
    35,482.06 Net income before adj
     7,784.04 OAS income
         0.00 Employment income
    15,652.56 RIF withdrawals

Accounts
   306,511.80 -RIF-
   128,963.20 ABC 1910sh @ 67.52
   163,478.04 XYZ 813sh @ 201.08
    14,070.56 XEG 952sh @ 14.78
         0.00 Cash

   119,271.56 -TFSA-
    77,648.00 ABC 1150sh @ 67.52
    41,623.56 XYZ 207sh @ 201.08
         0.00 Cash

    81,270.00 -NRA-
    22,956.80 ABC 340sh @ 67.52
    58,313.20 XYZ 290sh @ 201.08
         0.00 Cash

     7,978.11 -BANKACCOUNT-
     7,978.11 Cash

   515,031.47 Net worth
   507,053.36 Investments worth

    15,325.59 RIF minimum for 2032
   140,564.86 TFSA room for 2032
2032-01-01:BANK WITHDRAWAL:  925.00
2032-01-06:DIVIDEND: XEG Rif 952@0.07 = 66.64
2032-01-23:BANK WITHDRAWAL:  925.00
2032-01-28:OAS/GIS payment: 648.67
2032-01-28:CPP payment:  548.48
2032-01-28:DIVIDEND: XYZ Rif 813@2.16 = 1756.08
2032-01-28:DIVIDEND: XYZ Tfsa 207@2.16 = 447.12
2032-01-28:DIVIDEND: XYZ Nra 290@2.16 = 626.40
2032-02-01:BANK WITHDRAWAL:  925.00
2032-02-01:MOVE CASH from Nra to BankAccount 626.40
2032-02-15:SPLURGE SPENDING:  2026.66
2032-02-23:BANK WITHDRAWAL:  925.00
2032-02-28:OAS/GIS payment: 648.67
2032-02-28:CPP payment:  548.48
2032-03-01:DIVIDEND: ABC Rif 1910@1.16 = 2215.60
2032-03-01:DIVIDEND: ABC Tfsa 1150@1.16 = 1334.00
2032-03-01:DIVIDEND: ABC Nra 340@1.16 = 394.40
2032-03-01:BANK WITHDRAWAL:  925.00
2032-03-01:MOVE CASH from Nra to BankAccount 394.40
2032-03-01:MOVE CASH from Rif to BankAccount 4038.32
2032-03-01:MOVE CASH from Tfsa to BankAccount 1781.12
2032-03-23:BANK WITHDRAWAL:  925.00
2032-03-28:OAS/GIS payment: 648.67
2032-03-28:CPP payment:  548.48
2032-03-31:DIVIDEND: XEG Rif 952@0.07 = 66.64
2032-04-01:BANK WITHDRAWAL:  925.00
2032-04-23:BANK WITHDRAWAL:  925.00
2032-04-28:OAS/GIS payment: 648.67
2032-04-28:CPP payment:  548.48
2032-04-28:DIVIDEND: XYZ Rif 813@2.16 = 1756.08
2032-04-28:DIVIDEND: XYZ Tfsa 207@2.16 = 447.12
2032-04-28:DIVIDEND: XYZ Nra 290@2.16 = 626.40
2032-05-01:BANK WITHDRAWAL:  925.00
2032-05-01:MOVE CASH from Nra to BankAccount 626.40
2032-05-15:SPLURGE SPENDING:  4881.69
2032-05-23:BANK WITHDRAWAL:  925.00
2032-05-28:OAS/GIS payment: 648.67
2032-05-28:CPP payment:  548.48
2032-06-01:DIVIDEND: ABC Rif 1910@1.16 = 2215.60
2032-06-01:DIVIDEND: ABC Tfsa 1150@1.16 = 1334.00
2032-06-01:DIVIDEND: ABC Nra 340@1.16 = 394.40
2032-06-01:BANK WITHDRAWAL:  925.00
2032-06-01:MOVE CASH from Nra to BankAccount 394.40
2032-06-01:MOVE CASH from Rif to BankAccount 4038.32
2032-06-01:MOVE CASH from Tfsa to BankAccount 1781.12
2032-06-23:BANK WITHDRAWAL:  925.00
2032-06-28:OAS/GIS payment: 648.67
2032-06-28:CPP payment:  548.48
2032-06-30:DIVIDEND: XEG Rif 952@0.07 = 66.64
2032-07-01:BANK WITHDRAWAL:  925.00
2032-07-23:BANK WITHDRAWAL:  925.00
2032-07-28:OAS/GIS payment: 648.67
2032-07-28:CPP payment:  548.48
2032-07-28:DIVIDEND: XYZ Rif 813@2.16 = 1756.08
2032-07-28:DIVIDEND: XYZ Tfsa 207@2.16 = 447.12
2032-07-28:DIVIDEND: XYZ Nra 290@2.16 = 626.40
2032-08-01:BANK WITHDRAWAL:  925.00
2032-08-01:MOVE CASH from Nra to BankAccount 626.40
2032-08-15:SPLURGE SPENDING:  4881.69
2032-08-23:BANK WITHDRAWAL:  925.00
2032-08-28:OAS/GIS payment: 648.67
2032-08-28:CPP payment:  548.48
2032-09-01:DIVIDEND: ABC Rif 1910@1.16 = 2215.60
2032-09-01:DIVIDEND: ABC Tfsa 1150@1.16 = 1334.00
2032-09-01:DIVIDEND: ABC Nra 340@1.16 = 394.40
2032-09-01:BANK WITHDRAWAL:  925.00
2032-09-01:MOVE CASH from Nra to BankAccount 394.40
2032-09-01:MOVE CASH from Rif to BankAccount 4038.32
2032-09-01:MOVE CASH from Tfsa to BankAccount 1781.12
2032-09-23:BANK WITHDRAWAL:  925.00
2032-09-28:OAS/GIS payment: 648.67
2032-09-28:CPP payment:  548.48
2032-09-30:DIVIDEND: XEG Rif 952@0.07 = 66.64
2032-10-01:BANK WITHDRAWAL:  925.00
2032-10-23:BANK WITHDRAWAL:  925.00
2032-10-28:OAS/GIS payment: 648.67
2032-10-28:CPP payment:  548.48
2032-10-28:DIVIDEND: XYZ Rif 813@2.16 = 1756.08
2032-10-28:DIVIDEND: XYZ Tfsa 207@2.16 = 447.12
2032-10-28:DIVIDEND: XYZ Nra 290@2.16 = 626.40
2032-11-01:BANK WITHDRAWAL:  925.00
2032-11-01:MOVE CASH from Nra to BankAccount 626.40
2032-11-15:SPLURGE SPENDING:  4881.69
2032-11-23:BANK WITHDRAWAL:  925.00
2032-11-25:STOCK-PRICE-UPDATE:  ABC 69.55 [3.01%]
2032-11-25:STOCK-PRICE-UPDATE:  XYZ 207.11 [3.0%]
2032-11-25:STOCK-PRICE-UPDATE:  XEG 15.22 [2.98%]
2032-11-28:OAS/GIS payment: 648.67
2032-11-28:CPP payment:  548.48
2032-12-01:DIVIDEND: ABC Rif 1910@1.16 = 2215.60
2032-12-01:DIVIDEND: ABC Tfsa 1150@1.16 = 1334.00
2032-12-01:DIVIDEND: ABC Nra 340@1.16 = 394.40
2032-12-01:BANK WITHDRAWAL:  925.00
2032-12-01:MOVE CASH from Nra to BankAccount 394.40
2032-12-01:MOVE CASH from Rif to BankAccount net 3955.55 plus 82.77 withheld.
2032-12-01:MOVE CASH from Tfsa to BankAccount 1781.12
2032-12-23:BANK WITHDRAWAL:  925.00
2032-12-28:OAS/GIS payment: 648.67
2032-12-28:CPP payment:  548.48
2032-12-31:PAY TAXES:  2734.75
2032 year-end.
Cash generated
     6,581.76 CPP
     7,784.04 OAS
         0.00 GIS
         0.00 Pension
    27,360.96 Dividends
         0.00 Net liquidation (sell-buy)
         0.00 Interest
    27,278.19 Total cash swept from tfsa-rif-nra to bank
    41,726.76 Total cash generated

Tax return 2032
    36,153.90 Taxable income
     1,075.59 Federal tax
     1,741.93 Provincial tax
     2,817.52 Tax Payable
       846.34 Dividend tax credits
        82.77 Installments
     2,734.75 Balance owing
    36,153.90 Net income
    36,153.90 Net income before adj
     7,784.04 OAS income
         0.00 Employment income
    16,153.28 RIF withdrawals

Accounts
   315,710.37 -RIF-
   132,840.50 ABC 1910sh @ 69.55
   168,380.43 XYZ 813sh @ 207.11
    14,489.44 XEG 952sh @ 15.22
         0.00 Cash

   122,854.27 -TFSA-
    79,982.50 ABC 1150sh @ 69.55
    42,871.77 XYZ 207sh @ 207.11
         0.00 Cash

    83,708.90 -NRA-
    23,647.00 ABC 340sh @ 69.55
    60,061.90 XYZ 290sh @ 207.11
         0.00 Cash

     8,015.62 -BANKACCOUNT-
     8,015.62 Cash

   530,289.16 Net worth
   522,273.54 Investments worth

Summations (nominal)
Cash generated
    69,656.96 CPP
    43,460.89 OAS
         0.00 GIS
         0.00 Pension
   260,646.24 Dividends
         0.00 Net liquidation (sell-buy)
         0.00 Interest
   257,557.77 Total cash swept from tfsa-rif-nra to bank
   373,764.09 Total cash generated

Tax return 
   320,742.34 Taxable income
     8,816.36 Federal tax
    12,052.36 Provincial tax
    20,868.72 Tax Payable
     8,067.08 Dividend tax credits
     3,372.37 Installments
    17,496.35 Balance owing
   320,742.34 Net income
   320,742.34 Net income before adj
   320,742.34 OAS income
         0.00 Employment income
   153,914.88 RIF withdrawals

Summations (per year)
Cash generated
     6,332.45 CPP
     3,950.99 OAS
         0.00 GIS
         0.00 Pension
    23,695.11 Dividends
         0.00 Net liquidation (sell-buy)
         0.00 Interest
    23,414.34 Total cash swept from tfsa-rif-nra to bank
    33,978.55 Total cash generated

Tax return 
    29,158.39 Taxable income
       801.49 Federal tax
     1,095.67 Provincial tax
     1,897.16 Tax Payable
       733.37 Dividend tax credits
       306.58 Installments
     1,590.58 Balance owing
    29,158.39 Net income
   320,742.34 Net income before adj
    29,158.39 OAS income
         0.00 Employment income
    13,992.26 RIF withdrawals

# Net, gross, tax paid:
# 2022 net: 23663.60 = 24200.24 - 536.64.  [Net worth:396150.39] (age 60)
# 2023 net: 26136.18 = 27612.64 - 1476.46.  [Net worth:406989.01] (age 61)
# 2024 net: 26571.16 = 28146.64 - 1575.48.  [Net worth:418987.37] (age 62)
# 2025 net: 27118.57 = 28816.64 - 1698.07.  [Net worth:431360.00] (age 63)
# 2026 net: 27665.96 = 29486.64 - 1820.68.  [Net worth:444103.25] (age 64)
# 2027 net: 33588.52 = 34749.73 - 1161.21.  [Net worth:459319.87] (age 65)
# 2028 net: 36423.83 = 38663.08 - 2239.25.  [Net worth:471907.71] (age 66)
# 2029 net: 37010.54 = 39385.48 - 2374.94.  [Net worth:485846.74] (age 67)
# 2030 net: 37597.24 = 40107.88 - 2510.64.  [Net worth:500221.98] (age 68)
# 2031 net: 38210.53 = 40868.36 - 2657.83.  [Net worth:515031.47] (age 69)
# 2032 net: 38909.24 = 41726.76 - 2817.52.  [Net worth:530289.16] (age 70)
#   Total: 352895.37 = 373764.09 - 20868.72   (Net Worth: 530289.16)
Saving reports. Number of histories: 1.
Writing report to C:\johanley\ProjectsPhoton\end-game\scenario\03.1\03.1-cash-and-tax-summary.csv
Writing report to C:\johanley\ProjectsPhoton\end-game\scenario\03.1\03.1-cash-flows.csv
Scenario description: Dividends only, never sell stocks. 3% dividend growth, 3% stock price growth.
Start-date: 2022-01-01 end-date: 2032-12-31
Execution time: 1.0228591s
Done.
Writing to log file C:\johanley\ProjectsPhoton\end-game\scenario\03.1\03.1.log
