Scenario: C:\johanley\ProjectsPhoton\end-game\scenario\01.3\01.3-no-savings-CPP-avg.ini
Running the scenario...
Reading the input scenario file: C:\johanley\ProjectsPhoton\end-game\scenario\01.3\01.3-no-savings-CPP-avg.ini
Checking the syntax-version of the file. It should be v1.0.0, otherwise the scenario file can't be read properly.
Parsing file: C:\johanley\ProjectsPhoton\end-game\scenario\01.3\01.3-no-savings-CPP-avg.ini
01.3: Worker with no savings, retires at 65. Average CPP 673/month, OAS/GIS, PE. Deterministic.
Reading file C:\johanley\ProjectsPhoton\end-game\input\gis\gis-brackets.utf8
Reading file C:\johanley\ProjectsPhoton\end-game\input\probability-of-survival\male-lx.utf8
Reading file C:\johanley\ProjectsPhoton\end-game\input\probability-of-survival\female-lx.utf8
History #1
Incrementing one day at a time, starting with 2028-01-01
2028-01-01:BANK WITHDRAWAL:  700.00
2028-01-23:BANK DEPOSIT:  950.00
2028-01-28:OAS/GIS payment: 835.46
2028-01-28:CPP payment:  673.00
2028-02-01:BANK WITHDRAWAL:  700.00
2028-02-15:SPLURGE SPENDING:  3558.46
2028-02-23:BANK DEPOSIT:  950.00
2028-02-28:OAS/GIS payment: 835.46
2028-02-28:CPP payment:  673.00
2028-03-01:BANK WITHDRAWAL:  700.00
2028-03-23:BANK DEPOSIT:  950.00
2028-03-28:OAS/GIS payment: 835.46
2028-03-28:CPP payment:  673.00
2028-04-01:BANK WITHDRAWAL:  700.00
2028-04-23:BANK DEPOSIT:  950.00
2028-04-28:OAS/GIS payment: 835.46
2028-04-28:CPP payment:  673.00
2028-05-01:BANK WITHDRAWAL:  700.00
2028-05-15:SPLURGE SPENDING:  5275.38
2028-05-23:BANK DEPOSIT:  950.00
2028-05-28:OAS/GIS payment: 835.46
2028-05-28:CPP payment:  673.00
2028-06-01:BANK WITHDRAWAL:  700.00
2028-06-23:BANK DEPOSIT:  950.00
2028-06-28:OAS/GIS payment: 835.46
2028-06-28:CPP payment:  673.00
2028-07-01:BANK WITHDRAWAL:  700.00
2028-07-23:BANK DEPOSIT:  950.00
2028-07-28:OAS/GIS payment: 835.46
2028-07-28:CPP payment:  673.00
2028-08-01:BANK WITHDRAWAL:  700.00
2028-08-15:SPLURGE SPENDING:  5275.38
2028-08-23:BANK DEPOSIT:  950.00
2028-08-28:OAS/GIS payment: 835.46
2028-08-28:CPP payment:  673.00
2028-09-01:BANK WITHDRAWAL:  700.00
2028-09-23:BANK DEPOSIT:  950.00
2028-09-28:OAS/GIS payment: 835.46
2028-09-28:CPP payment:  673.00
2028-10-01:BANK WITHDRAWAL:  700.00
2028-10-23:BANK DEPOSIT:  950.00
2028-10-28:OAS/GIS payment: 835.46
2028-10-28:CPP payment:  673.00
2028-11-01:BANK WITHDRAWAL:  700.00
2028-11-15:SPLURGE SPENDING:  5275.38
2028-11-23:BANK DEPOSIT:  950.00
2028-11-28:OAS/GIS payment: 835.46
2028-11-28:CPP payment:  673.00
2028-12-01:BANK WITHDRAWAL:  700.00
2028-12-23:BANK DEPOSIT:  950.00
2028-12-28:OAS/GIS payment: 835.46
2028-12-28:CPP payment:  673.00
2028-12-31:PAY TAXES:  0.00
2028 year-end.
Cash generated
     8,076.00 CPP
     7,784.04 OAS
     2,241.48 GIS
         0.00 Pension
         0.00 Dividends
         0.00 Net liquidation (sell-buy)
         0.00 Interest
         0.00 Total cash swept from tfsa-rif-nra to bank
    18,101.52 Total cash generated

Tax return 2028
    15,860.04 Taxable income
         0.00 Federal tax
         0.00 Provincial tax
         0.00 Tax Payable
         0.00 Dividend tax credits
         0.00 Installments
         0.00 Balance owing
    15,860.04 Net income
    15,860.04 Net income before adj
     7,784.04 OAS income
         0.00 Employment income
         0.00 RIF withdrawals

Accounts
    11,716.92 -BANKACCOUNT-
    11,716.92 Cash

    11,716.92 Net worth
         0.00 Investments worth

2029-01-01:BANK WITHDRAWAL:  700.00
2029-01-23:BANK DEPOSIT:  950.00
2029-01-28:OAS/GIS payment: 1155.53
2029-01-28:CPP payment:  673.00
2029-02-01:BANK WITHDRAWAL:  700.00
2029-02-15:SPLURGE SPENDING:  5595.45
2029-02-23:BANK DEPOSIT:  950.00
2029-02-28:OAS/GIS payment: 1155.53
2029-02-28:CPP payment:  673.00
2029-03-01:BANK WITHDRAWAL:  700.00
2029-03-23:BANK DEPOSIT:  950.00
2029-03-28:OAS/GIS payment: 1155.53
2029-03-28:CPP payment:  673.00
2029-04-01:BANK WITHDRAWAL:  700.00
2029-04-23:BANK DEPOSIT:  950.00
2029-04-28:OAS/GIS payment: 1155.53
2029-04-28:CPP payment:  673.00
2029-05-01:BANK WITHDRAWAL:  700.00
2029-05-15:SPLURGE SPENDING:  6235.59
2029-05-23:BANK DEPOSIT:  950.00
2029-05-28:OAS/GIS payment: 1155.53
2029-05-28:CPP payment:  673.00
2029-06-01:BANK WITHDRAWAL:  700.00
2029-06-23:BANK DEPOSIT:  950.00
2029-06-28:OAS/GIS payment: 1155.53
2029-06-28:CPP payment:  673.00
2029-07-01:BANK WITHDRAWAL:  700.00
2029-07-23:BANK DEPOSIT:  950.00
2029-07-28:OAS/GIS payment: 1155.53
2029-07-28:CPP payment:  673.00
2029-08-01:BANK WITHDRAWAL:  700.00
2029-08-15:SPLURGE SPENDING:  6235.59
2029-08-23:BANK DEPOSIT:  950.00
2029-08-28:OAS/GIS payment: 1155.53
2029-08-28:CPP payment:  673.00
2029-09-01:BANK WITHDRAWAL:  700.00
2029-09-23:BANK DEPOSIT:  950.00
2029-09-28:OAS/GIS payment: 1155.53
2029-09-28:CPP payment:  673.00
2029-10-01:BANK WITHDRAWAL:  700.00
2029-10-23:BANK DEPOSIT:  950.00
2029-10-28:OAS/GIS payment: 1155.53
2029-10-28:CPP payment:  673.00
2029-11-01:BANK WITHDRAWAL:  700.00
2029-11-15:SPLURGE SPENDING:  6235.59
2029-11-23:BANK DEPOSIT:  950.00
2029-11-28:OAS/GIS payment: 1155.53
2029-11-28:CPP payment:  673.00
2029-12-01:BANK WITHDRAWAL:  700.00
2029-12-23:BANK DEPOSIT:  950.00
2029-12-28:OAS/GIS payment: 1155.53
2029-12-28:CPP payment:  673.00
2029-12-31:PAY TAXES:  0.00
2029 year-end.
Cash generated
     8,076.00 CPP
     7,784.04 OAS
     6,082.32 GIS
         0.00 Pension
         0.00 Dividends
         0.00 Net liquidation (sell-buy)
         0.00 Interest
         0.00 Total cash swept from tfsa-rif-nra to bank
    21,942.36 Total cash generated

Tax return 2029
    15,860.04 Taxable income
         0.00 Federal tax
         0.00 Provincial tax
         0.00 Tax Payable
         0.00 Dividend tax credits
         0.00 Installments
         0.00 Balance owing
    15,860.04 Net income
    15,860.04 Net income before adj
     7,784.04 OAS income
         0.00 Employment income
         0.00 RIF withdrawals

Accounts
    12,357.06 -BANKACCOUNT-
    12,357.06 Cash

    12,357.06 Net worth
         0.00 Investments worth

2030-01-01:BANK WITHDRAWAL:  700.00
2030-01-23:BANK DEPOSIT:  950.00
2030-01-28:OAS/GIS payment: 1155.53
2030-01-28:CPP payment:  673.00
2030-02-01:BANK WITHDRAWAL:  700.00
2030-02-15:SPLURGE SPENDING:  6235.59
2030-02-23:BANK DEPOSIT:  950.00
2030-02-28:OAS/GIS payment: 1155.53
2030-02-28:CPP payment:  673.00
2030-03-01:BANK WITHDRAWAL:  700.00
2030-03-23:BANK DEPOSIT:  950.00
2030-03-28:OAS/GIS payment: 1155.53
2030-03-28:CPP payment:  673.00
2030-04-01:BANK WITHDRAWAL:  700.00
2030-04-23:BANK DEPOSIT:  950.00
2030-04-28:OAS/GIS payment: 1155.53
2030-04-28:CPP payment:  673.00
2030-05-01:BANK WITHDRAWAL:  700.00
2030-05-15:SPLURGE SPENDING:  6235.59
2030-05-23:BANK DEPOSIT:  950.00
2030-05-28:OAS/GIS payment: 1155.53
2030-05-28:CPP payment:  673.00
2030-06-01:BANK WITHDRAWAL:  700.00
2030-06-23:BANK DEPOSIT:  950.00
2030-06-28:OAS/GIS payment: 1155.53
2030-06-28:CPP payment:  673.00
2030-07-01:BANK WITHDRAWAL:  700.00
2030-07-23:BANK DEPOSIT:  950.00
2030-07-28:OAS/GIS payment: 1155.53
2030-07-28:CPP payment:  673.00
2030-08-01:BANK WITHDRAWAL:  700.00
2030-08-15:SPLURGE SPENDING:  6235.59
2030-08-23:BANK DEPOSIT:  950.00
2030-08-28:OAS/GIS payment: 1155.53
2030-08-28:CPP payment:  673.00
2030-09-01:BANK WITHDRAWAL:  700.00
2030-09-23:BANK DEPOSIT:  950.00
2030-09-28:OAS/GIS payment: 1155.53
2030-09-28:CPP payment:  673.00
2030-10-01:BANK WITHDRAWAL:  700.00
2030-10-23:BANK DEPOSIT:  950.00
2030-10-28:OAS/GIS payment: 1155.53
2030-10-28:CPP payment:  673.00
2030-11-01:BANK WITHDRAWAL:  700.00
2030-11-15:SPLURGE SPENDING:  6235.59
2030-11-23:BANK DEPOSIT:  950.00
2030-11-28:OAS/GIS payment: 1155.53
2030-11-28:CPP payment:  673.00
2030-12-01:BANK WITHDRAWAL:  700.00
2030-12-23:BANK DEPOSIT:  950.00
2030-12-28:OAS/GIS payment: 1155.53
2030-12-28:CPP payment:  673.00
2030-12-31:PAY TAXES:  0.00
2030 year-end.
Cash generated
     8,076.00 CPP
     7,784.04 OAS
     6,082.32 GIS
         0.00 Pension
         0.00 Dividends
         0.00 Net liquidation (sell-buy)
         0.00 Interest
         0.00 Total cash swept from tfsa-rif-nra to bank
    21,942.36 Total cash generated

Tax return 2030
    15,860.04 Taxable income
         0.00 Federal tax
         0.00 Provincial tax
         0.00 Tax Payable
         0.00 Dividend tax credits
         0.00 Installments
         0.00 Balance owing
    15,860.04 Net income
    15,860.04 Net income before adj
     7,784.04 OAS income
         0.00 Employment income
         0.00 RIF withdrawals

Accounts
    12,357.06 -BANKACCOUNT-
    12,357.06 Cash

    12,357.06 Net worth
         0.00 Investments worth

2031-01-01:BANK WITHDRAWAL:  700.00
2031-01-23:BANK DEPOSIT:  950.00
2031-01-28:OAS/GIS payment: 1155.53
2031-01-28:CPP payment:  673.00
2031-02-01:BANK WITHDRAWAL:  700.00
2031-02-15:SPLURGE SPENDING:  6235.59
2031-02-23:BANK DEPOSIT:  950.00
2031-02-28:OAS/GIS payment: 1155.53
2031-02-28:CPP payment:  673.00
2031-03-01:BANK WITHDRAWAL:  700.00
2031-03-23:BANK DEPOSIT:  950.00
2031-03-28:OAS/GIS payment: 1155.53
2031-03-28:CPP payment:  673.00
2031-04-01:BANK WITHDRAWAL:  700.00
2031-04-23:BANK DEPOSIT:  950.00
2031-04-28:OAS/GIS payment: 1155.53
2031-04-28:CPP payment:  673.00
2031-05-01:BANK WITHDRAWAL:  700.00
2031-05-15:SPLURGE SPENDING:  6235.59
2031-05-23:BANK DEPOSIT:  950.00
2031-05-28:OAS/GIS payment: 1155.53
2031-05-28:CPP payment:  673.00
2031-06-01:BANK WITHDRAWAL:  700.00
2031-06-23:BANK DEPOSIT:  950.00
2031-06-28:OAS/GIS payment: 1155.53
2031-06-28:CPP payment:  673.00
2031-07-01:BANK WITHDRAWAL:  700.00
2031-07-23:BANK DEPOSIT:  950.00
2031-07-28:OAS/GIS payment: 1155.53
2031-07-28:CPP payment:  673.00
2031-08-01:BANK WITHDRAWAL:  700.00
2031-08-15:SPLURGE SPENDING:  6235.59
2031-08-23:BANK DEPOSIT:  950.00
2031-08-28:OAS/GIS payment: 1155.53
2031-08-28:CPP payment:  673.00
2031-09-01:BANK WITHDRAWAL:  700.00
2031-09-23:BANK DEPOSIT:  950.00
2031-09-28:OAS/GIS payment: 1155.53
2031-09-28:CPP payment:  673.00
2031-10-01:BANK WITHDRAWAL:  700.00
2031-10-23:BANK DEPOSIT:  950.00
2031-10-28:OAS/GIS payment: 1155.53
2031-10-28:CPP payment:  673.00
2031-11-01:BANK WITHDRAWAL:  700.00
2031-11-15:SPLURGE SPENDING:  6235.59
2031-11-23:BANK DEPOSIT:  950.00
2031-11-28:OAS/GIS payment: 1155.53
2031-11-28:CPP payment:  673.00
2031-12-01:BANK WITHDRAWAL:  700.00
2031-12-23:BANK DEPOSIT:  950.00
2031-12-28:OAS/GIS payment: 1155.53
2031-12-28:CPP payment:  673.00
2031-12-31:PAY TAXES:  0.00
2031 year-end.
Cash generated
     8,076.00 CPP
     7,784.04 OAS
     6,082.32 GIS
         0.00 Pension
         0.00 Dividends
         0.00 Net liquidation (sell-buy)
         0.00 Interest
         0.00 Total cash swept from tfsa-rif-nra to bank
    21,942.36 Total cash generated

Tax return 2031
    15,860.04 Taxable income
         0.00 Federal tax
         0.00 Provincial tax
         0.00 Tax Payable
         0.00 Dividend tax credits
         0.00 Installments
         0.00 Balance owing
    15,860.04 Net income
    15,860.04 Net income before adj
     7,784.04 OAS income
         0.00 Employment income
         0.00 RIF withdrawals

Accounts
    12,357.06 -BANKACCOUNT-
    12,357.06 Cash

    12,357.06 Net worth
         0.00 Investments worth

2032-01-01:BANK WITHDRAWAL:  700.00
2032-01-23:BANK DEPOSIT:  950.00
2032-01-28:OAS/GIS payment: 1155.53
2032-01-28:CPP payment:  673.00
2032-02-01:BANK WITHDRAWAL:  700.00
2032-02-15:SPLURGE SPENDING:  6235.59
2032-02-23:BANK DEPOSIT:  950.00
2032-02-28:OAS/GIS payment: 1155.53
2032-02-28:CPP payment:  673.00
2032-03-01:BANK WITHDRAWAL:  700.00
2032-03-23:BANK DEPOSIT:  950.00
2032-03-28:OAS/GIS payment: 1155.53
2032-03-28:CPP payment:  673.00
2032-04-01:BANK WITHDRAWAL:  700.00
2032-04-23:BANK DEPOSIT:  950.00
2032-04-28:OAS/GIS payment: 1155.53
2032-04-28:CPP payment:  673.00
2032-05-01:BANK WITHDRAWAL:  700.00
2032-05-15:SPLURGE SPENDING:  6235.59
2032-05-23:BANK DEPOSIT:  950.00
2032-05-28:OAS/GIS payment: 1155.53
2032-05-28:CPP payment:  673.00
2032-06-01:BANK WITHDRAWAL:  700.00
2032-06-23:BANK DEPOSIT:  950.00
2032-06-28:OAS/GIS payment: 1155.53
2032-06-28:CPP payment:  673.00
2032-07-01:BANK WITHDRAWAL:  700.00
2032-07-23:BANK DEPOSIT:  950.00
2032-07-28:OAS/GIS payment: 1155.53
2032-07-28:CPP payment:  673.00
2032-08-01:BANK WITHDRAWAL:  700.00
2032-08-15:SPLURGE SPENDING:  6235.59
2032-08-23:BANK DEPOSIT:  950.00
2032-08-28:OAS/GIS payment: 1155.53
2032-08-28:CPP payment:  673.00
2032-09-01:BANK WITHDRAWAL:  700.00
2032-09-23:BANK DEPOSIT:  950.00
2032-09-28:OAS/GIS payment: 1155.53
2032-09-28:CPP payment:  673.00
2032-10-01:BANK WITHDRAWAL:  700.00
2032-10-23:BANK DEPOSIT:  950.00
2032-10-28:OAS/GIS payment: 1155.53
2032-10-28:CPP payment:  673.00
2032-11-01:BANK WITHDRAWAL:  700.00
2032-11-15:SPLURGE SPENDING:  6235.59
2032-11-23:BANK DEPOSIT:  950.00
2032-11-28:OAS/GIS payment: 1155.53
2032-11-28:CPP payment:  673.00
2032-12-01:BANK WITHDRAWAL:  700.00
2032-12-23:BANK DEPOSIT:  950.00
2032-12-28:OAS/GIS payment: 1155.53
2032-12-28:CPP payment:  673.00
2032-12-31:PAY TAXES:  0.00
2032 year-end.
Cash generated
     8,076.00 CPP
     7,784.04 OAS
     6,082.32 GIS
         0.00 Pension
         0.00 Dividends
         0.00 Net liquidation (sell-buy)
         0.00 Interest
         0.00 Total cash swept from tfsa-rif-nra to bank
    21,942.36 Total cash generated

Tax return 2032
    15,860.04 Taxable income
         0.00 Federal tax
         0.00 Provincial tax
         0.00 Tax Payable
         0.00 Dividend tax credits
         0.00 Installments
         0.00 Balance owing
    15,860.04 Net income
    15,860.04 Net income before adj
     7,784.04 OAS income
         0.00 Employment income
         0.00 RIF withdrawals

Accounts
    12,357.06 -BANKACCOUNT-
    12,357.06 Cash

    12,357.06 Net worth
         0.00 Investments worth

2033-01-01:BANK WITHDRAWAL:  700.00
2033-01-23:BANK DEPOSIT:  950.00
2033-01-28:OAS/GIS payment: 1155.53
2033-01-28:CPP payment:  673.00
2033-02-01:BANK WITHDRAWAL:  700.00
2033-02-15:SPLURGE SPENDING:  6235.59
2033-02-23:BANK DEPOSIT:  950.00
2033-02-28:OAS/GIS payment: 1155.53
2033-02-28:CPP payment:  673.00
2033-03-01:BANK WITHDRAWAL:  700.00
2033-03-23:BANK DEPOSIT:  950.00
2033-03-28:OAS/GIS payment: 1155.53
2033-03-28:CPP payment:  673.00
2033-04-01:BANK WITHDRAWAL:  700.00
2033-04-23:BANK DEPOSIT:  950.00
2033-04-28:OAS/GIS payment: 1155.53
2033-04-28:CPP payment:  673.00
2033-05-01:BANK WITHDRAWAL:  700.00
2033-05-15:SPLURGE SPENDING:  6235.59
2033-05-23:BANK DEPOSIT:  950.00
2033-05-28:OAS/GIS payment: 1155.53
2033-05-28:CPP payment:  673.00
2033-06-01:BANK WITHDRAWAL:  700.00
2033-06-23:BANK DEPOSIT:  950.00
2033-06-28:OAS/GIS payment: 1155.53
2033-06-28:CPP payment:  673.00
2033-07-01:BANK WITHDRAWAL:  700.00
2033-07-23:BANK DEPOSIT:  950.00
2033-07-28:OAS/GIS payment: 1155.53
2033-07-28:CPP payment:  673.00
2033-08-01:BANK WITHDRAWAL:  700.00
2033-08-15:SPLURGE SPENDING:  6235.59
2033-08-23:BANK DEPOSIT:  950.00
2033-08-28:OAS/GIS payment: 1155.53
2033-08-28:CPP payment:  673.00
2033-09-01:BANK WITHDRAWAL:  700.00
2033-09-23:BANK DEPOSIT:  950.00
2033-09-28:OAS/GIS payment: 1155.53
2033-09-28:CPP payment:  673.00
2033-10-01:BANK WITHDRAWAL:  700.00
2033-10-23:BANK DEPOSIT:  950.00
2033-10-28:OAS/GIS payment: 1155.53
2033-10-28:CPP payment:  673.00
2033-11-01:BANK WITHDRAWAL:  700.00
2033-11-15:SPLURGE SPENDING:  6235.59
2033-11-23:BANK DEPOSIT:  950.00
2033-11-28:OAS/GIS payment: 1155.53
2033-11-28:CPP payment:  673.00
2033-12-01:BANK WITHDRAWAL:  700.00
2033-12-23:BANK DEPOSIT:  950.00
2033-12-28:OAS/GIS payment: 1155.53
2033-12-28:CPP payment:  673.00
2033-12-31:PAY TAXES:  0.00
2033 year-end.
Cash generated
     8,076.00 CPP
     7,784.04 OAS
     6,082.32 GIS
         0.00 Pension
         0.00 Dividends
         0.00 Net liquidation (sell-buy)
         0.00 Interest
         0.00 Total cash swept from tfsa-rif-nra to bank
    21,942.36 Total cash generated

Tax return 2033
    15,860.04 Taxable income
         0.00 Federal tax
         0.00 Provincial tax
         0.00 Tax Payable
         0.00 Dividend tax credits
         0.00 Installments
         0.00 Balance owing
    15,860.04 Net income
    15,860.04 Net income before adj
     7,784.04 OAS income
         0.00 Employment income
         0.00 RIF withdrawals

Accounts
    12,357.06 -BANKACCOUNT-
    12,357.06 Cash

    12,357.06 Net worth
         0.00 Investments worth

2034-01-01:BANK WITHDRAWAL:  700.00
2034-01-23:BANK DEPOSIT:  950.00
2034-01-28:OAS/GIS payment: 1155.53
2034-01-28:CPP payment:  673.00
2034-02-01:BANK WITHDRAWAL:  700.00
2034-02-15:SPLURGE SPENDING:  6235.59
2034-02-23:BANK DEPOSIT:  950.00
2034-02-28:OAS/GIS payment: 1155.53
2034-02-28:CPP payment:  673.00
2034-03-01:BANK WITHDRAWAL:  700.00
2034-03-23:BANK DEPOSIT:  950.00
2034-03-28:OAS/GIS payment: 1155.53
2034-03-28:CPP payment:  673.00
2034-04-01:BANK WITHDRAWAL:  700.00
2034-04-23:BANK DEPOSIT:  950.00
2034-04-28:OAS/GIS payment: 1155.53
2034-04-28:CPP payment:  673.00
2034-05-01:BANK WITHDRAWAL:  700.00
2034-05-15:SPLURGE SPENDING:  6235.59
2034-05-23:BANK DEPOSIT:  950.00
2034-05-28:OAS/GIS payment: 1155.53
2034-05-28:CPP payment:  673.00
2034-06-01:BANK WITHDRAWAL:  700.00
2034-06-23:BANK DEPOSIT:  950.00
2034-06-28:OAS/GIS payment: 1155.53
2034-06-28:CPP payment:  673.00
2034-07-01:BANK WITHDRAWAL:  700.00
2034-07-23:BANK DEPOSIT:  950.00
2034-07-28:OAS/GIS payment: 1155.53
2034-07-28:CPP payment:  673.00
2034-08-01:BANK WITHDRAWAL:  700.00
2034-08-15:SPLURGE SPENDING:  6235.59
2034-08-23:BANK DEPOSIT:  950.00
2034-08-28:OAS/GIS payment: 1155.53
2034-08-28:CPP payment:  673.00
2034-09-01:BANK WITHDRAWAL:  700.00
2034-09-23:BANK DEPOSIT:  950.00
2034-09-28:OAS/GIS payment: 1155.53
2034-09-28:CPP payment:  673.00
2034-10-01:BANK WITHDRAWAL:  700.00
2034-10-23:BANK DEPOSIT:  950.00
2034-10-28:OAS/GIS payment: 1155.53
2034-10-28:CPP payment:  673.00
2034-11-01:BANK WITHDRAWAL:  700.00
2034-11-15:SPLURGE SPENDING:  6235.59
2034-11-23:BANK DEPOSIT:  950.00
2034-11-28:OAS/GIS payment: 1155.53
2034-11-28:CPP payment:  673.00
2034-12-01:BANK WITHDRAWAL:  700.00
2034-12-23:BANK DEPOSIT:  950.00
2034-12-28:OAS/GIS payment: 1155.53
2034-12-28:CPP payment:  673.00
2034-12-31:PAY TAXES:  0.00
2034 year-end.
Cash generated
     8,076.00 CPP
     7,784.04 OAS
     6,082.32 GIS
         0.00 Pension
         0.00 Dividends
         0.00 Net liquidation (sell-buy)
         0.00 Interest
         0.00 Total cash swept from tfsa-rif-nra to bank
    21,942.36 Total cash generated

Tax return 2034
    15,860.04 Taxable income
         0.00 Federal tax
         0.00 Provincial tax
         0.00 Tax Payable
         0.00 Dividend tax credits
         0.00 Installments
         0.00 Balance owing
    15,860.04 Net income
    15,860.04 Net income before adj
     7,784.04 OAS income
         0.00 Employment income
         0.00 RIF withdrawals

Accounts
    12,357.06 -BANKACCOUNT-
    12,357.06 Cash

    12,357.06 Net worth
         0.00 Investments worth

2035-01-01:BANK WITHDRAWAL:  700.00
2035-01-23:BANK DEPOSIT:  950.00
2035-01-28:OAS/GIS payment: 1155.53
2035-01-28:CPP payment:  673.00
2035-02-01:BANK WITHDRAWAL:  700.00
2035-02-15:SPLURGE SPENDING:  6235.59
2035-02-23:BANK DEPOSIT:  950.00
2035-02-28:OAS/GIS payment: 1155.53
2035-02-28:CPP payment:  673.00
2035-03-01:BANK WITHDRAWAL:  700.00
2035-03-23:BANK DEPOSIT:  950.00
2035-03-28:OAS/GIS payment: 1155.53
2035-03-28:CPP payment:  673.00
2035-04-01:BANK WITHDRAWAL:  700.00
2035-04-23:BANK DEPOSIT:  950.00
2035-04-28:OAS/GIS payment: 1155.53
2035-04-28:CPP payment:  673.00
2035-05-01:BANK WITHDRAWAL:  700.00
2035-05-15:SPLURGE SPENDING:  6235.59
2035-05-23:BANK DEPOSIT:  950.00
2035-05-28:OAS/GIS payment: 1155.53
2035-05-28:CPP payment:  673.00
2035-06-01:BANK WITHDRAWAL:  700.00
2035-06-23:BANK DEPOSIT:  950.00
2035-06-28:OAS/GIS payment: 1155.53
2035-06-28:CPP payment:  673.00
2035-07-01:BANK WITHDRAWAL:  700.00
2035-07-23:BANK DEPOSIT:  950.00
2035-07-28:OAS/GIS payment: 1155.53
2035-07-28:CPP payment:  673.00
2035-08-01:BANK WITHDRAWAL:  700.00
2035-08-15:SPLURGE SPENDING:  6235.59
2035-08-23:BANK DEPOSIT:  950.00
2035-08-28:OAS/GIS payment: 1155.53
2035-08-28:CPP payment:  673.00
2035-09-01:BANK WITHDRAWAL:  700.00
2035-09-23:BANK DEPOSIT:  950.00
2035-09-28:OAS/GIS payment: 1155.53
2035-09-28:CPP payment:  673.00
2035-10-01:BANK WITHDRAWAL:  700.00
2035-10-23:BANK DEPOSIT:  950.00
2035-10-28:OAS/GIS payment: 1155.53
2035-10-28:CPP payment:  673.00
2035-11-01:BANK WITHDRAWAL:  700.00
2035-11-15:SPLURGE SPENDING:  6235.59
2035-11-23:BANK DEPOSIT:  950.00
2035-11-28:OAS/GIS payment: 1155.53
2035-11-28:CPP payment:  673.00
2035-12-01:BANK WITHDRAWAL:  700.00
2035-12-23:BANK DEPOSIT:  950.00
2035-12-28:OAS/GIS payment: 1155.53
2035-12-28:CPP payment:  673.00
2035-12-31:PAY TAXES:  0.00
2035 year-end.
Cash generated
     8,076.00 CPP
     7,784.04 OAS
     6,082.32 GIS
         0.00 Pension
         0.00 Dividends
         0.00 Net liquidation (sell-buy)
         0.00 Interest
         0.00 Total cash swept from tfsa-rif-nra to bank
    21,942.36 Total cash generated

Tax return 2035
    15,860.04 Taxable income
         0.00 Federal tax
         0.00 Provincial tax
         0.00 Tax Payable
         0.00 Dividend tax credits
         0.00 Installments
         0.00 Balance owing
    15,860.04 Net income
    15,860.04 Net income before adj
     7,784.04 OAS income
         0.00 Employment income
         0.00 RIF withdrawals

Accounts
    12,357.06 -BANKACCOUNT-
    12,357.06 Cash

    12,357.06 Net worth
         0.00 Investments worth

2036-01-01:BANK WITHDRAWAL:  700.00
2036-01-23:BANK DEPOSIT:  950.00
2036-01-28:OAS/GIS payment: 1155.53
2036-01-28:CPP payment:  673.00
2036-02-01:BANK WITHDRAWAL:  700.00
2036-02-15:SPLURGE SPENDING:  6235.59
2036-02-23:BANK DEPOSIT:  950.00
2036-02-28:OAS/GIS payment: 1155.53
2036-02-28:CPP payment:  673.00
2036-03-01:BANK WITHDRAWAL:  700.00
2036-03-23:BANK DEPOSIT:  950.00
2036-03-28:OAS/GIS payment: 1155.53
2036-03-28:CPP payment:  673.00
2036-04-01:BANK WITHDRAWAL:  700.00
2036-04-23:BANK DEPOSIT:  950.00
2036-04-28:OAS/GIS payment: 1155.53
2036-04-28:CPP payment:  673.00
2036-05-01:BANK WITHDRAWAL:  700.00
2036-05-15:SPLURGE SPENDING:  6235.59
2036-05-23:BANK DEPOSIT:  950.00
2036-05-28:OAS/GIS payment: 1155.53
2036-05-28:CPP payment:  673.00
2036-06-01:BANK WITHDRAWAL:  700.00
2036-06-23:BANK DEPOSIT:  950.00
2036-06-28:OAS/GIS payment: 1155.53
2036-06-28:CPP payment:  673.00
2036-07-01:BANK WITHDRAWAL:  700.00
2036-07-23:BANK DEPOSIT:  950.00
2036-07-28:OAS/GIS payment: 1155.53
2036-07-28:CPP payment:  673.00
2036-08-01:BANK WITHDRAWAL:  700.00
2036-08-15:SPLURGE SPENDING:  6235.59
2036-08-23:BANK DEPOSIT:  950.00
2036-08-28:OAS/GIS payment: 1155.53
2036-08-28:CPP payment:  673.00
2036-09-01:BANK WITHDRAWAL:  700.00
2036-09-23:BANK DEPOSIT:  950.00
2036-09-28:OAS/GIS payment: 1155.53
2036-09-28:CPP payment:  673.00
2036-10-01:BANK WITHDRAWAL:  700.00
2036-10-23:BANK DEPOSIT:  950.00
2036-10-28:OAS/GIS payment: 1155.53
2036-10-28:CPP payment:  673.00
2036-11-01:BANK WITHDRAWAL:  700.00
2036-11-15:SPLURGE SPENDING:  6235.59
2036-11-23:BANK DEPOSIT:  950.00
2036-11-28:OAS/GIS payment: 1155.53
2036-11-28:CPP payment:  673.00
2036-12-01:BANK WITHDRAWAL:  700.00
2036-12-23:BANK DEPOSIT:  950.00
2036-12-28:OAS/GIS payment: 1155.53
2036-12-28:CPP payment:  673.00
2036-12-31:PAY TAXES:  0.00
2036 year-end.
Cash generated
     8,076.00 CPP
     7,784.04 OAS
     6,082.32 GIS
         0.00 Pension
         0.00 Dividends
         0.00 Net liquidation (sell-buy)
         0.00 Interest
         0.00 Total cash swept from tfsa-rif-nra to bank
    21,942.36 Total cash generated

Tax return 2036
    15,860.04 Taxable income
         0.00 Federal tax
         0.00 Provincial tax
         0.00 Tax Payable
         0.00 Dividend tax credits
         0.00 Installments
         0.00 Balance owing
    15,860.04 Net income
    15,860.04 Net income before adj
     7,784.04 OAS income
         0.00 Employment income
         0.00 RIF withdrawals

Accounts
    12,357.06 -BANKACCOUNT-
    12,357.06 Cash

    12,357.06 Net worth
         0.00 Investments worth

2037-01-01:BANK WITHDRAWAL:  700.00
2037-01-23:BANK DEPOSIT:  950.00
2037-01-28:OAS/GIS payment: 1155.53
2037-01-28:CPP payment:  673.00
2037-02-01:BANK WITHDRAWAL:  700.00
2037-02-15:SPLURGE SPENDING:  6235.59
2037-02-23:BANK DEPOSIT:  950.00
2037-02-28:OAS/GIS payment: 1155.53
2037-02-28:CPP payment:  673.00
2037-03-01:BANK WITHDRAWAL:  700.00
2037-03-23:BANK DEPOSIT:  950.00
2037-03-28:OAS/GIS payment: 1155.53
2037-03-28:CPP payment:  673.00
2037-04-01:BANK WITHDRAWAL:  700.00
2037-04-23:BANK DEPOSIT:  950.00
2037-04-28:OAS/GIS payment: 1155.53
2037-04-28:CPP payment:  673.00
2037-05-01:BANK WITHDRAWAL:  700.00
2037-05-15:SPLURGE SPENDING:  6235.59
2037-05-23:BANK DEPOSIT:  950.00
2037-05-28:OAS/GIS payment: 1220.40
2037-05-28:CPP payment:  673.00
2037-06-01:BANK WITHDRAWAL:  700.00
2037-06-23:BANK DEPOSIT:  950.00
2037-06-28:OAS/GIS payment: 1220.40
2037-06-28:CPP payment:  673.00
2037-07-01:BANK WITHDRAWAL:  700.00
2037-07-23:BANK DEPOSIT:  950.00
2037-07-28:OAS/GIS payment: 1220.40
2037-07-28:CPP payment:  673.00
2037-08-01:BANK WITHDRAWAL:  700.00
2037-08-15:SPLURGE SPENDING:  6430.20
2037-08-23:BANK DEPOSIT:  950.00
2037-08-28:OAS/GIS payment: 1220.40
2037-08-28:CPP payment:  673.00
2037-09-01:BANK WITHDRAWAL:  700.00
2037-09-23:BANK DEPOSIT:  950.00
2037-09-28:OAS/GIS payment: 1220.40
2037-09-28:CPP payment:  673.00
2037-10-01:BANK WITHDRAWAL:  700.00
2037-10-23:BANK DEPOSIT:  950.00
2037-10-28:OAS/GIS payment: 1220.40
2037-10-28:CPP payment:  673.00
2037-11-01:BANK WITHDRAWAL:  700.00
2037-11-15:SPLURGE SPENDING:  6430.20
2037-11-23:BANK DEPOSIT:  950.00
2037-11-28:OAS/GIS payment: 1220.40
2037-11-28:CPP payment:  673.00
2037-12-01:BANK WITHDRAWAL:  700.00
2037-12-23:BANK DEPOSIT:  950.00
2037-12-28:OAS/GIS payment: 1220.40
2037-12-28:CPP payment:  673.00
2037-12-31:PAY TAXES:  0.00
2037 year-end.
Cash generated
     8,076.00 CPP
     8,303.00 OAS
     6,082.32 GIS
         0.00 Pension
         0.00 Dividends
         0.00 Net liquidation (sell-buy)
         0.00 Interest
         0.00 Total cash swept from tfsa-rif-nra to bank
    22,461.32 Total cash generated

Tax return 2037
    16,379.00 Taxable income
         0.00 Federal tax
         0.00 Provincial tax
         0.00 Tax Payable
         0.00 Dividend tax credits
         0.00 Installments
         0.00 Balance owing
    16,379.00 Net income
    16,379.00 Net income before adj
     8,303.00 OAS income
         0.00 Employment income
         0.00 RIF withdrawals

Accounts
    12,486.80 -BANKACCOUNT-
    12,486.80 Cash

    12,486.80 Net worth
         0.00 Investments worth

2038-01-01:BANK WITHDRAWAL:  700.00
2038-01-23:BANK DEPOSIT:  950.00
2038-01-28:OAS/GIS payment: 1220.40
2038-01-28:CPP payment:  673.00
2038-02-01:BANK WITHDRAWAL:  700.00
2038-02-15:SPLURGE SPENDING:  6430.20
2038-02-23:BANK DEPOSIT:  950.00
2038-02-28:OAS/GIS payment: 1220.40
2038-02-28:CPP payment:  673.00
2038-03-01:BANK WITHDRAWAL:  700.00
2038-03-23:BANK DEPOSIT:  950.00
2038-03-28:OAS/GIS payment: 1220.40
2038-03-28:CPP payment:  673.00
2038-04-01:BANK WITHDRAWAL:  700.00
2038-04-23:BANK DEPOSIT:  950.00
2038-04-28:OAS/GIS payment: 1220.40
2038-04-28:CPP payment:  673.00
2038-05-01:BANK WITHDRAWAL:  700.00
2038-05-15:SPLURGE SPENDING:  6430.20
2038-05-23:BANK DEPOSIT:  950.00
2038-05-28:OAS/GIS payment: 1220.40
2038-05-28:CPP payment:  673.00
2038-06-01:BANK WITHDRAWAL:  700.00
2038-06-23:BANK DEPOSIT:  950.00
2038-06-28:OAS/GIS payment: 1220.40
2038-06-28:CPP payment:  673.00
2038-07-01:BANK WITHDRAWAL:  700.00
2038-07-23:BANK DEPOSIT:  950.00
2038-07-28:OAS/GIS payment: 1220.40
2038-07-28:CPP payment:  673.00
2038-08-01:BANK WITHDRAWAL:  700.00
2038-08-15:SPLURGE SPENDING:  6430.20
2038-08-23:BANK DEPOSIT:  950.00
2038-08-28:OAS/GIS payment: 1220.40
2038-08-28:CPP payment:  673.00
2038-09-01:BANK WITHDRAWAL:  700.00
2038-09-23:BANK DEPOSIT:  950.00
2038-09-28:OAS/GIS payment: 1220.40
2038-09-28:CPP payment:  673.00
2038-10-01:BANK WITHDRAWAL:  700.00
2038-10-23:BANK DEPOSIT:  950.00
2038-10-28:OAS/GIS payment: 1220.40
2038-10-28:CPP payment:  673.00
2038-11-01:BANK WITHDRAWAL:  700.00
2038-11-15:SPLURGE SPENDING:  6430.20
2038-11-23:BANK DEPOSIT:  950.00
2038-11-28:OAS/GIS payment: 1220.40
2038-11-28:CPP payment:  673.00
2038-12-01:BANK WITHDRAWAL:  700.00
2038-12-23:BANK DEPOSIT:  950.00
2038-12-28:OAS/GIS payment: 1220.40
2038-12-28:CPP payment:  673.00
2038-12-31:PAY TAXES:  0.00
2038 year-end.
Cash generated
     8,076.00 CPP
     8,562.48 OAS
     6,082.32 GIS
         0.00 Pension
         0.00 Dividends
         0.00 Net liquidation (sell-buy)
         0.00 Interest
         0.00 Total cash swept from tfsa-rif-nra to bank
    22,720.80 Total cash generated

Tax return 2038
    16,638.48 Taxable income
         0.00 Federal tax
         0.00 Provincial tax
         0.00 Tax Payable
         0.00 Dividend tax credits
         0.00 Installments
         0.00 Balance owing
    16,638.48 Net income
    16,638.48 Net income before adj
     8,562.48 OAS income
         0.00 Employment income
         0.00 RIF withdrawals

Accounts
    12,486.80 -BANKACCOUNT-
    12,486.80 Cash

    12,486.80 Net worth
         0.00 Investments worth

2039-01-01:BANK WITHDRAWAL:  700.00
2039-01-23:BANK DEPOSIT:  950.00
2039-01-28:OAS/GIS payment: 1220.40
2039-01-28:CPP payment:  673.00
2039-02-01:BANK WITHDRAWAL:  700.00
2039-02-15:SPLURGE SPENDING:  6430.20
2039-02-23:BANK DEPOSIT:  950.00
2039-02-28:OAS/GIS payment: 1220.40
2039-02-28:CPP payment:  673.00
2039-03-01:BANK WITHDRAWAL:  700.00
2039-03-23:BANK DEPOSIT:  950.00
2039-03-28:OAS/GIS payment: 1220.40
2039-03-28:CPP payment:  673.00
2039-04-01:BANK WITHDRAWAL:  700.00
2039-04-23:BANK DEPOSIT:  950.00
2039-04-28:OAS/GIS payment: 1220.40
2039-04-28:CPP payment:  673.00
2039-05-01:BANK WITHDRAWAL:  700.00
2039-05-15:SPLURGE SPENDING:  6430.20
2039-05-23:BANK DEPOSIT:  950.00
2039-05-28:OAS/GIS payment: 1220.40
2039-05-28:CPP payment:  673.00
2039-06-01:BANK WITHDRAWAL:  700.00
2039-06-23:BANK DEPOSIT:  950.00
2039-06-28:OAS/GIS payment: 1220.40
2039-06-28:CPP payment:  673.00
2039-07-01:BANK WITHDRAWAL:  700.00
2039-07-23:BANK DEPOSIT:  950.00
2039-07-28:OAS/GIS payment: 1220.40
2039-07-28:CPP payment:  673.00
2039-08-01:BANK WITHDRAWAL:  700.00
2039-08-15:SPLURGE SPENDING:  6430.20
2039-08-23:BANK DEPOSIT:  950.00
2039-08-28:OAS/GIS payment: 1220.40
2039-08-28:CPP payment:  673.00
2039-09-01:BANK WITHDRAWAL:  700.00
2039-09-23:BANK DEPOSIT:  950.00
2039-09-28:OAS/GIS payment: 1220.40
2039-09-28:CPP payment:  673.00
2039-10-01:BANK WITHDRAWAL:  700.00
2039-10-23:BANK DEPOSIT:  950.00
2039-10-28:OAS/GIS payment: 1220.40
2039-10-28:CPP payment:  673.00
2039-11-01:BANK WITHDRAWAL:  700.00
2039-11-15:SPLURGE SPENDING:  6430.20
2039-11-23:BANK DEPOSIT:  950.00
2039-11-28:OAS/GIS payment: 1220.40
2039-11-28:CPP payment:  673.00
2039-12-01:BANK WITHDRAWAL:  700.00
2039-12-23:BANK DEPOSIT:  950.00
2039-12-28:OAS/GIS payment: 1220.40
2039-12-28:CPP payment:  673.00
2039-12-31:PAY TAXES:  0.00
2039 year-end.
Cash generated
     8,076.00 CPP
     8,562.48 OAS
     6,082.32 GIS
         0.00 Pension
         0.00 Dividends
         0.00 Net liquidation (sell-buy)
         0.00 Interest
         0.00 Total cash swept from tfsa-rif-nra to bank
    22,720.80 Total cash generated

Tax return 2039
    16,638.48 Taxable income
         0.00 Federal tax
         0.00 Provincial tax
         0.00 Tax Payable
         0.00 Dividend tax credits
         0.00 Installments
         0.00 Balance owing
    16,638.48 Net income
    16,638.48 Net income before adj
     8,562.48 OAS income
         0.00 Employment income
         0.00 RIF withdrawals

Accounts
    12,486.80 -BANKACCOUNT-
    12,486.80 Cash

    12,486.80 Net worth
         0.00 Investments worth

2040-01-01:BANK WITHDRAWAL:  700.00
2040-01-23:BANK DEPOSIT:  950.00
2040-01-28:OAS/GIS payment: 1220.40
2040-01-28:CPP payment:  673.00
2040-02-01:BANK WITHDRAWAL:  700.00
2040-02-15:SPLURGE SPENDING:  6430.20
2040-02-23:BANK DEPOSIT:  950.00
2040-02-28:OAS/GIS payment: 1220.40
2040-02-28:CPP payment:  673.00
2040-03-01:BANK WITHDRAWAL:  700.00
2040-03-23:BANK DEPOSIT:  950.00
2040-03-28:OAS/GIS payment: 1220.40
2040-03-28:CPP payment:  673.00
2040-04-01:BANK WITHDRAWAL:  700.00
2040-04-23:BANK DEPOSIT:  950.00
2040-04-28:OAS/GIS payment: 1220.40
2040-04-28:CPP payment:  673.00
2040-05-01:BANK WITHDRAWAL:  700.00
2040-05-15:SPLURGE SPENDING:  6430.20
2040-05-23:BANK DEPOSIT:  950.00
2040-05-28:OAS/GIS payment: 1220.40
2040-05-28:CPP payment:  673.00
2040-06-01:BANK WITHDRAWAL:  700.00
2040-06-23:BANK DEPOSIT:  950.00
2040-06-28:OAS/GIS payment: 1220.40
2040-06-28:CPP payment:  673.00
2040-07-01:BANK WITHDRAWAL:  700.00
2040-07-23:BANK DEPOSIT:  950.00
2040-07-28:OAS/GIS payment: 1220.40
2040-07-28:CPP payment:  673.00
2040-08-01:BANK WITHDRAWAL:  700.00
2040-08-15:SPLURGE SPENDING:  6430.20
2040-08-23:BANK DEPOSIT:  950.00
2040-08-28:OAS/GIS payment: 1220.40
2040-08-28:CPP payment:  673.00
2040-09-01:BANK WITHDRAWAL:  700.00
2040-09-23:BANK DEPOSIT:  950.00
2040-09-28:OAS/GIS payment: 1220.40
2040-09-28:CPP payment:  673.00
2040-10-01:BANK WITHDRAWAL:  700.00
2040-10-23:BANK DEPOSIT:  950.00
2040-10-28:OAS/GIS payment: 1220.40
2040-10-28:CPP payment:  673.00
2040-11-01:BANK WITHDRAWAL:  700.00
2040-11-15:SPLURGE SPENDING:  6430.20
2040-11-23:BANK DEPOSIT:  950.00
2040-11-28:OAS/GIS payment: 1220.40
2040-11-28:CPP payment:  673.00
2040-12-01:BANK WITHDRAWAL:  700.00
2040-12-23:BANK DEPOSIT:  950.00
2040-12-28:OAS/GIS payment: 1220.40
2040-12-28:CPP payment:  673.00
2040-12-31:PAY TAXES:  0.00
2040 year-end.
Cash generated
     8,076.00 CPP
     8,562.48 OAS
     6,082.32 GIS
         0.00 Pension
         0.00 Dividends
         0.00 Net liquidation (sell-buy)
         0.00 Interest
         0.00 Total cash swept from tfsa-rif-nra to bank
    22,720.80 Total cash generated

Tax return 2040
    16,638.48 Taxable income
         0.00 Federal tax
         0.00 Provincial tax
         0.00 Tax Payable
         0.00 Dividend tax credits
         0.00 Installments
         0.00 Balance owing
    16,638.48 Net income
    16,638.48 Net income before adj
     8,562.48 OAS income
         0.00 Employment income
         0.00 RIF withdrawals

Accounts
    12,486.80 -BANKACCOUNT-
    12,486.80 Cash

    12,486.80 Net worth
         0.00 Investments worth

2041-01-01:BANK WITHDRAWAL:  700.00
2041-01-23:BANK DEPOSIT:  950.00
2041-01-28:OAS/GIS payment: 1220.40
2041-01-28:CPP payment:  673.00
2041-02-01:BANK WITHDRAWAL:  700.00
2041-02-15:SPLURGE SPENDING:  6430.20
2041-02-23:BANK DEPOSIT:  950.00
2041-02-28:OAS/GIS payment: 1220.40
2041-02-28:CPP payment:  673.00
2041-03-01:BANK WITHDRAWAL:  700.00
2041-03-23:BANK DEPOSIT:  950.00
2041-03-28:OAS/GIS payment: 1220.40
2041-03-28:CPP payment:  673.00
2041-04-01:BANK WITHDRAWAL:  700.00
2041-04-23:BANK DEPOSIT:  950.00
2041-04-28:OAS/GIS payment: 1220.40
2041-04-28:CPP payment:  673.00
2041-05-01:BANK WITHDRAWAL:  700.00
2041-05-15:SPLURGE SPENDING:  6430.20
2041-05-23:BANK DEPOSIT:  950.00
2041-05-28:OAS/GIS payment: 1220.40
2041-05-28:CPP payment:  673.00
2041-06-01:BANK WITHDRAWAL:  700.00
2041-06-23:BANK DEPOSIT:  950.00
2041-06-28:OAS/GIS payment: 1220.40
2041-06-28:CPP payment:  673.00
2041-07-01:BANK WITHDRAWAL:  700.00
2041-07-23:BANK DEPOSIT:  950.00
2041-07-28:OAS/GIS payment: 1220.40
2041-07-28:CPP payment:  673.00
2041-08-01:BANK WITHDRAWAL:  700.00
2041-08-15:SPLURGE SPENDING:  6430.20
2041-08-23:BANK DEPOSIT:  950.00
2041-08-28:OAS/GIS payment: 1220.40
2041-08-28:CPP payment:  673.00
2041-09-01:BANK WITHDRAWAL:  700.00
2041-09-23:BANK DEPOSIT:  950.00
2041-09-28:OAS/GIS payment: 1220.40
2041-09-28:CPP payment:  673.00
2041-10-01:BANK WITHDRAWAL:  700.00
2041-10-23:BANK DEPOSIT:  950.00
2041-10-28:OAS/GIS payment: 1220.40
2041-10-28:CPP payment:  673.00
2041-11-01:BANK WITHDRAWAL:  700.00
2041-11-15:SPLURGE SPENDING:  6430.20
2041-11-23:BANK DEPOSIT:  950.00
2041-11-28:OAS/GIS payment: 1220.40
2041-11-28:CPP payment:  673.00
2041-12-01:BANK WITHDRAWAL:  700.00
2041-12-23:BANK DEPOSIT:  950.00
2041-12-28:OAS/GIS payment: 1220.40
2041-12-28:CPP payment:  673.00
2041-12-31:PAY TAXES:  0.00
2041 year-end.
Cash generated
     8,076.00 CPP
     8,562.48 OAS
     6,082.32 GIS
         0.00 Pension
         0.00 Dividends
         0.00 Net liquidation (sell-buy)
         0.00 Interest
         0.00 Total cash swept from tfsa-rif-nra to bank
    22,720.80 Total cash generated

Tax return 2041
    16,638.48 Taxable income
         0.00 Federal tax
         0.00 Provincial tax
         0.00 Tax Payable
         0.00 Dividend tax credits
         0.00 Installments
         0.00 Balance owing
    16,638.48 Net income
    16,638.48 Net income before adj
     8,562.48 OAS income
         0.00 Employment income
         0.00 RIF withdrawals

Accounts
    12,486.80 -BANKACCOUNT-
    12,486.80 Cash

    12,486.80 Net worth
         0.00 Investments worth

2042-01-01:BANK WITHDRAWAL:  700.00
2042-01-23:BANK DEPOSIT:  950.00
2042-01-28:OAS/GIS payment: 1220.40
2042-01-28:CPP payment:  673.00
2042-02-01:BANK WITHDRAWAL:  700.00
2042-02-15:SPLURGE SPENDING:  6430.20
2042-02-23:BANK DEPOSIT:  950.00
2042-02-28:OAS/GIS payment: 1220.40
2042-02-28:CPP payment:  673.00
2042-03-01:BANK WITHDRAWAL:  700.00
2042-03-23:BANK DEPOSIT:  950.00
2042-03-28:OAS/GIS payment: 1220.40
2042-03-28:CPP payment:  673.00
2042-04-01:BANK WITHDRAWAL:  700.00
2042-04-23:BANK DEPOSIT:  950.00
2042-04-28:OAS/GIS payment: 1220.40
2042-04-28:CPP payment:  673.00
2042-05-01:BANK WITHDRAWAL:  700.00
2042-05-15:SPLURGE SPENDING:  6430.20
2042-05-23:BANK DEPOSIT:  950.00
2042-05-28:OAS/GIS payment: 1220.40
2042-05-28:CPP payment:  673.00
2042-06-01:BANK WITHDRAWAL:  700.00
2042-06-23:BANK DEPOSIT:  950.00
2042-06-28:OAS/GIS payment: 1220.40
2042-06-28:CPP payment:  673.00
2042-07-01:BANK WITHDRAWAL:  700.00
2042-07-23:BANK DEPOSIT:  950.00
2042-07-28:OAS/GIS payment: 1220.40
2042-07-28:CPP payment:  673.00
2042-08-01:BANK WITHDRAWAL:  700.00
2042-08-15:SPLURGE SPENDING:  6430.20
2042-08-23:BANK DEPOSIT:  950.00
2042-08-28:OAS/GIS payment: 1220.40
2042-08-28:CPP payment:  673.00
2042-09-01:BANK WITHDRAWAL:  700.00
2042-09-23:BANK DEPOSIT:  950.00
2042-09-28:OAS/GIS payment: 1220.40
2042-09-28:CPP payment:  673.00
2042-10-01:BANK WITHDRAWAL:  700.00
2042-10-23:BANK DEPOSIT:  950.00
2042-10-28:OAS/GIS payment: 1220.40
2042-10-28:CPP payment:  673.00
2042-11-01:BANK WITHDRAWAL:  700.00
2042-11-15:SPLURGE SPENDING:  6430.20
2042-11-23:BANK DEPOSIT:  950.00
2042-11-28:OAS/GIS payment: 1220.40
2042-11-28:CPP payment:  673.00
2042-12-01:BANK WITHDRAWAL:  700.00
2042-12-23:BANK DEPOSIT:  950.00
2042-12-28:OAS/GIS payment: 1220.40
2042-12-28:CPP payment:  673.00
2042-12-31:PAY TAXES:  0.00
2042 year-end.
Cash generated
     8,076.00 CPP
     8,562.48 OAS
     6,082.32 GIS
         0.00 Pension
         0.00 Dividends
         0.00 Net liquidation (sell-buy)
         0.00 Interest
         0.00 Total cash swept from tfsa-rif-nra to bank
    22,720.80 Total cash generated

Tax return 2042
    16,638.48 Taxable income
         0.00 Federal tax
         0.00 Provincial tax
         0.00 Tax Payable
         0.00 Dividend tax credits
         0.00 Installments
         0.00 Balance owing
    16,638.48 Net income
    16,638.48 Net income before adj
     8,562.48 OAS income
         0.00 Employment income
         0.00 RIF withdrawals

Accounts
    12,486.80 -BANKACCOUNT-
    12,486.80 Cash

    12,486.80 Net worth
         0.00 Investments worth

Summations (nominal)
Cash generated
   121,140.00 CPP
   121,171.76 OAS
    87,393.96 GIS
         0.00 Pension
         0.00 Dividends
         0.00 Net liquidation (sell-buy)
         0.00 Interest
         0.00 Total cash swept from tfsa-rif-nra to bank
   329,705.72 Total cash generated

Tax return 
   242,311.76 Taxable income
         0.00 Federal tax
         0.00 Provincial tax
         0.00 Tax Payable
         0.00 Dividend tax credits
         0.00 Installments
         0.00 Balance owing
   242,311.76 Net income
   242,311.76 Net income before adj
   242,311.76 OAS income
         0.00 Employment income
         0.00 RIF withdrawals

Summations (per year)
Cash generated
     8,076.00 CPP
     8,078.12 OAS
     5,826.26 GIS
         0.00 Pension
         0.00 Dividends
         0.00 Net liquidation (sell-buy)
         0.00 Interest
         0.00 Total cash swept from tfsa-rif-nra to bank
    21,980.38 Total cash generated

Tax return 
    16,154.12 Taxable income
         0.00 Federal tax
         0.00 Provincial tax
         0.00 Tax Payable
         0.00 Dividend tax credits
         0.00 Installments
         0.00 Balance owing
    16,154.12 Net income
   242,311.76 Net income before adj
    16,154.12 OAS income
         0.00 Employment income
         0.00 RIF withdrawals

# Net, gross, tax paid:
# 2028 net: 18101.52 = 18101.52 - 0.00.  [Net worth:11716.92] (age 66)
# 2029 net: 21942.36 = 21942.36 - 0.00.  [Net worth:12357.06] (age 67)
# 2030 net: 21942.36 = 21942.36 - 0.00.  [Net worth:12357.06] (age 68)
# 2031 net: 21942.36 = 21942.36 - 0.00.  [Net worth:12357.06] (age 69)
# 2032 net: 21942.36 = 21942.36 - 0.00.  [Net worth:12357.06] (age 70)
# 2033 net: 21942.36 = 21942.36 - 0.00.  [Net worth:12357.06] (age 71)
# 2034 net: 21942.36 = 21942.36 - 0.00.  [Net worth:12357.06] (age 72)
# 2035 net: 21942.36 = 21942.36 - 0.00.  [Net worth:12357.06] (age 73)
# 2036 net: 21942.36 = 21942.36 - 0.00.  [Net worth:12357.06] (age 74)
# 2037 net: 22461.32 = 22461.32 - 0.00.  [Net worth:12486.80] (age 75)
# 2038 net: 22720.80 = 22720.80 - 0.00.  [Net worth:12486.80] (age 76)
# 2039 net: 22720.80 = 22720.80 - 0.00.  [Net worth:12486.80] (age 77)
# 2040 net: 22720.80 = 22720.80 - 0.00.  [Net worth:12486.80] (age 78)
# 2041 net: 22720.80 = 22720.80 - 0.00.  [Net worth:12486.80] (age 79)
# 2042 net: 22720.80 = 22720.80 - 0.00.  [Net worth:12486.80] (age 80)
#   Total: 329705.72 = 329705.72 - 0.00   (Net Worth: 12486.80)
Saving reports. Number of histories: 1.
Writing report to C:\johanley\ProjectsPhoton\end-game\scenario\01.3\01.3-cash-and-tax-summary.csv
Writing report to C:\johanley\ProjectsPhoton\end-game\scenario\01.3\01.3-cash-flows.csv
Scenario description: 01.3: Worker with no savings, retires at 65. Average CPP 673/month, OAS/GIS, PE. Deterministic.
Start-date: 2028-01-01 end-date: 2042-12-31
Execution time: 1.0079948s
Done.
Writing to log file C:\johanley\ProjectsPhoton\end-game\scenario\01.3\01.3.log
