Running the scenario...
Running the scenario...
Reading the input scenario file: C:\johanley\ProjectsPhoton\end-game\scenario\01.2\01.2-no-savings-CPP-300.ini
Reading the input scenario file: C:\johanley\ProjectsPhoton\end-game\scenario\01.2\01.2-no-savings-CPP-300.ini
Checking the syntax-version of the file. It should be v1.0.0, otherwise the scenario file can't be read properly.
Checking the syntax-version of the file. It should be v1.0.0, otherwise the scenario file can't be read properly.
Parsing file: C:\johanley\ProjectsPhoton\end-game\scenario\01.2\01.2-no-savings-CPP-300.ini
Parsing file: C:\johanley\ProjectsPhoton\end-game\scenario\01.2\01.2-no-savings-CPP-300.ini
01.2: Worker with no savings, retires at 65. CPP 300/month, OAS/GIS. PE. Deterministic.
01.2: Worker with no savings, retires at 65. CPP 300/month, OAS/GIS. PE. Deterministic.
Reading file C:\johanley\ProjectsPhoton\end-game\input\gis\gis-brackets.utf8
Reading file C:\johanley\ProjectsPhoton\end-game\input\gis\gis-brackets.utf8
Reading file C:\johanley\ProjectsPhoton\end-game\input\probability-of-survival\male-lx.utf8
Reading file C:\johanley\ProjectsPhoton\end-game\input\probability-of-survival\male-lx.utf8
Reading file C:\johanley\ProjectsPhoton\end-game\input\probability-of-survival\female-lx.utf8
Reading file C:\johanley\ProjectsPhoton\end-game\input\probability-of-survival\female-lx.utf8
History #1
Incrementing one day at a time, starting with 2028-01-01
Incrementing one day at a time, starting with 2028-01-01
2028-01-01:BANK SPEND:  700.00
2028-01-01:BANK SPEND:  700.00
2028-01-23:BANK SPEND:  950.00
2028-01-23:BANK SPEND:  950.00
2028-01-28:OAS/GIS payment: 812.00
2028-01-28:OAS/GIS payment: 812.00
2028-01-28:CPP payment:  297.90
2028-01-28:CPP payment:  297.90
2028-02-01:BANK SPEND:  700.00
2028-02-01:BANK SPEND:  700.00
2028-02-15:SPLURGE SPENDING:  1259.90
2028-02-15:SPLURGE SPENDING:  1259.90
2028-02-23:BANK SPEND:  950.00
2028-02-23:BANK SPEND:  950.00
2028-02-28:OAS/GIS payment: 812.00
2028-02-28:OAS/GIS payment: 812.00
2028-02-28:CPP payment:  297.90
2028-02-28:CPP payment:  297.90
2028-03-01:BANK SPEND:  700.00
2028-03-01:BANK SPEND:  700.00
2028-03-23:BANK SPEND:  950.00
2028-03-23:BANK SPEND:  950.00
2028-03-28:OAS/GIS payment: 812.00
2028-03-28:OAS/GIS payment: 812.00
2028-03-28:CPP payment:  297.90
2028-03-28:CPP payment:  297.90
2028-04-01:BANK SPEND:  700.00
2028-04-01:BANK SPEND:  700.00
2028-04-23:BANK SPEND:  950.00
2028-04-23:BANK SPEND:  950.00
2028-04-28:OAS/GIS payment: 812.00
2028-04-28:OAS/GIS payment: 812.00
2028-04-28:CPP payment:  297.90
2028-04-28:CPP payment:  297.90
2028-05-01:BANK SPEND:  700.00
2028-05-01:BANK SPEND:  700.00
2028-05-23:BANK SPEND:  950.00
2028-05-23:BANK SPEND:  950.00
2028-05-28:OAS/GIS payment: 812.00
2028-05-28:OAS/GIS payment: 812.00
2028-05-28:CPP payment:  297.90
2028-05-28:CPP payment:  297.90
2028-06-01:BANK SPEND:  700.00
2028-06-01:BANK SPEND:  700.00
2028-06-23:BANK SPEND:  950.00
2028-06-23:BANK SPEND:  950.00
2028-06-28:OAS/GIS payment: 812.00
2028-06-28:OAS/GIS payment: 812.00
2028-06-28:CPP payment:  297.90
2028-06-28:CPP payment:  297.90
2028-07-01:BANK SPEND:  700.00
2028-07-01:BANK SPEND:  700.00
2028-07-23:BANK SPEND:  950.00
2028-07-23:BANK SPEND:  950.00
  Bank balance: 3849.50 is under the small-balance limit of 4000.00
  Bank balance: 3849.50 is under the small-balance limit of 4000.00
2028-07-28:OAS/GIS payment: 812.00
2028-07-28:OAS/GIS payment: 812.00
2028-07-28:CPP payment:  297.90
2028-07-28:CPP payment:  297.90
2028-08-01:BANK SPEND:  700.00
2028-08-01:BANK SPEND:  700.00
2028-08-23:BANK SPEND:  950.00
2028-08-23:BANK SPEND:  950.00
  Bank balance: 3309.40 is under the small-balance limit of 4000.00
  Bank balance: 3309.40 is under the small-balance limit of 4000.00
2028-08-28:OAS/GIS payment: 812.00
2028-08-28:OAS/GIS payment: 812.00
2028-08-28:CPP payment:  297.90
2028-08-28:CPP payment:  297.90
2028-09-01:BANK SPEND:  700.00
2028-09-01:BANK SPEND:  700.00
  Bank balance: 3719.30 is under the small-balance limit of 4000.00
  Bank balance: 3719.30 is under the small-balance limit of 4000.00
2028-09-23:BANK SPEND:  950.00
2028-09-23:BANK SPEND:  950.00
  Bank balance: 2769.30 is under the small-balance limit of 4000.00
  Bank balance: 2769.30 is under the small-balance limit of 4000.00
2028-09-28:OAS/GIS payment: 812.00
2028-09-28:OAS/GIS payment: 812.00
2028-09-28:CPP payment:  297.90
2028-09-28:CPP payment:  297.90
2028-10-01:BANK SPEND:  700.00
2028-10-01:BANK SPEND:  700.00
  Bank balance: 3179.20 is under the small-balance limit of 4000.00
  Bank balance: 3179.20 is under the small-balance limit of 4000.00
2028-10-23:BANK SPEND:  950.00
2028-10-23:BANK SPEND:  950.00
  Bank balance: 2229.20 is under the small-balance limit of 4000.00
  Bank balance: 2229.20 is under the small-balance limit of 4000.00
2028-10-28:OAS/GIS payment: 812.00
2028-10-28:OAS/GIS payment: 812.00
2028-10-28:CPP payment:  297.90
2028-10-28:CPP payment:  297.90
2028-11-01:BANK SPEND:  700.00
2028-11-01:BANK SPEND:  700.00
  Bank balance: 2639.10 is under the small-balance limit of 4000.00
  Bank balance: 2639.10 is under the small-balance limit of 4000.00
2028-11-23:BANK SPEND:  950.00
2028-11-23:BANK SPEND:  950.00
  Bank balance: 1689.10 is under the small-balance limit of 4000.00
  Bank balance: 1689.10 is under the small-balance limit of 4000.00
2028-11-28:OAS/GIS payment: 812.00
2028-11-28:OAS/GIS payment: 812.00
2028-11-28:CPP payment:  297.90
2028-11-28:CPP payment:  297.90
2028-12-01:BANK SPEND:  700.00
2028-12-01:BANK SPEND:  700.00
  Bank balance: 2099.00 is under the small-balance limit of 4000.00
  Bank balance: 2099.00 is under the small-balance limit of 4000.00
2028-12-23:BANK SPEND:  950.00
2028-12-23:BANK SPEND:  950.00
  Bank balance: 1149.00 is under the small-balance limit of 4000.00
  Bank balance: 1149.00 is under the small-balance limit of 4000.00
2028-12-28:OAS/GIS payment: 812.00
2028-12-28:OAS/GIS payment: 812.00
2028-12-28:CPP payment:  297.90
2028-12-28:CPP payment:  297.90
2028-12-31:PAY TAXES:  0.00
2028-12-31:PAY TAXES:  0.00
2028 year-end.
2028 year-end.
Cash generated
     3,574.80 CPP
     7,838.52 OAS
     1,905.48 GIS
         0.00 Pension
         0.00 Dividends
         0.00 Net liquidation (sell-buy)
         0.00 Interest
         0.00 Total cash swept from tfsa-rif-nra to bank
    13,318.80 Total cash generated

Cash generated
     3,574.80 CPP
     7,838.52 OAS
     1,905.48 GIS
         0.00 Pension
         0.00 Dividends
         0.00 Net liquidation (sell-buy)
         0.00 Interest
         0.00 Total cash swept from tfsa-rif-nra to bank
    13,318.80 Total cash generated

Tax return 2028
    11,413.32 Taxable income
         0.00 Federal tax
         0.00 Provincial tax
         0.00 Tax Payable
         0.00 Dividend tax credits
         0.00 Installments
         0.00 Balance owing
    11,413.32 Net income
    11,413.32 Net income before adj
     7,838.52 OAS income
         0.00 Employment income
         0.00 RIF withdrawals

Tax return 2028
    11,413.32 Taxable income
         0.00 Federal tax
         0.00 Provincial tax
         0.00 Tax Payable
         0.00 Dividend tax credits
         0.00 Installments
         0.00 Balance owing
    11,413.32 Net income
    11,413.32 Net income before adj
     7,838.52 OAS income
         0.00 Employment income
         0.00 RIF withdrawals

Accounts
Accounts
     2,258.90 -BANKACCOUNT-
     2,258.90 Cash

     2,258.90 -BANKACCOUNT-
     2,258.90 Cash

     2,258.90 Net worth
     2,258.90 Net worth
         0.00 Investments worth

         0.00 Investments worth

2029-01-01:BANK SPEND:  700.00
2029-01-01:BANK SPEND:  700.00
  Bank balance: 1558.90 is under the small-balance limit of 4000.00
  Bank balance: 1558.90 is under the small-balance limit of 4000.00
2029-01-23:BANK SPEND:  950.00
2029-01-23:BANK SPEND:  950.00
  Bank balance: 608.90 is under the small-balance limit of 4000.00
  Bank balance: 608.90 is under the small-balance limit of 4000.00
2029-01-28:OAS/GIS payment: 1408.93
2029-01-28:OAS/GIS payment: 1408.93
2029-01-28:CPP payment:  297.90
2029-01-28:CPP payment:  297.90
2029-02-01:BANK SPEND:  700.00
2029-02-01:BANK SPEND:  700.00
  Bank balance: 1615.73 is under the small-balance limit of 4000.00
  Bank balance: 1615.73 is under the small-balance limit of 4000.00
2029-02-23:BANK SPEND:  950.00
2029-02-23:BANK SPEND:  950.00
  Bank balance: 665.73 is under the small-balance limit of 4000.00
  Bank balance: 665.73 is under the small-balance limit of 4000.00
2029-02-28:OAS/GIS payment: 1408.93
2029-02-28:OAS/GIS payment: 1408.93
2029-02-28:CPP payment:  297.90
2029-02-28:CPP payment:  297.90
2029-03-01:BANK SPEND:  700.00
2029-03-01:BANK SPEND:  700.00
  Bank balance: 1672.56 is under the small-balance limit of 4000.00
  Bank balance: 1672.56 is under the small-balance limit of 4000.00
2029-03-23:BANK SPEND:  950.00
2029-03-23:BANK SPEND:  950.00
  Bank balance: 722.56 is under the small-balance limit of 4000.00
  Bank balance: 722.56 is under the small-balance limit of 4000.00
2029-03-28:OAS/GIS payment: 1408.93
2029-03-28:OAS/GIS payment: 1408.93
2029-03-28:CPP payment:  297.90
2029-03-28:CPP payment:  297.90
2029-04-01:BANK SPEND:  700.00
2029-04-01:BANK SPEND:  700.00
  Bank balance: 1729.39 is under the small-balance limit of 4000.00
  Bank balance: 1729.39 is under the small-balance limit of 4000.00
2029-04-23:BANK SPEND:  950.00
2029-04-23:BANK SPEND:  950.00
  Bank balance: 779.39 is under the small-balance limit of 4000.00
  Bank balance: 779.39 is under the small-balance limit of 4000.00
2029-04-28:OAS/GIS payment: 1408.93
2029-04-28:OAS/GIS payment: 1408.93
2029-04-28:CPP payment:  297.90
2029-04-28:CPP payment:  297.90
2029-05-01:BANK SPEND:  700.00
2029-05-01:BANK SPEND:  700.00
  Bank balance: 1786.22 is under the small-balance limit of 4000.00
  Bank balance: 1786.22 is under the small-balance limit of 4000.00
2029-05-23:BANK SPEND:  950.00
2029-05-23:BANK SPEND:  950.00
  Bank balance: 836.22 is under the small-balance limit of 4000.00
  Bank balance: 836.22 is under the small-balance limit of 4000.00
2029-05-28:OAS/GIS payment: 1408.93
2029-05-28:OAS/GIS payment: 1408.93
2029-05-28:CPP payment:  297.90
2029-05-28:CPP payment:  297.90
2029-06-01:BANK SPEND:  700.00
2029-06-01:BANK SPEND:  700.00
  Bank balance: 1843.05 is under the small-balance limit of 4000.00
  Bank balance: 1843.05 is under the small-balance limit of 4000.00
2029-06-23:BANK SPEND:  950.00
2029-06-23:BANK SPEND:  950.00
  Bank balance: 893.05 is under the small-balance limit of 4000.00
  Bank balance: 893.05 is under the small-balance limit of 4000.00
2029-06-28:OAS/GIS payment: 1408.93
2029-06-28:OAS/GIS payment: 1408.93
2029-06-28:CPP payment:  297.90
2029-06-28:CPP payment:  297.90
2029-07-01:BANK SPEND:  700.00
2029-07-01:BANK SPEND:  700.00
  Bank balance: 1899.88 is under the small-balance limit of 4000.00
  Bank balance: 1899.88 is under the small-balance limit of 4000.00
2029-07-23:BANK SPEND:  950.00
2029-07-23:BANK SPEND:  950.00
  Bank balance: 949.88 is under the small-balance limit of 4000.00
  Bank balance: 949.88 is under the small-balance limit of 4000.00
2029-07-28:OAS/GIS payment: 1408.93
2029-07-28:OAS/GIS payment: 1408.93
2029-07-28:CPP payment:  297.90
2029-07-28:CPP payment:  297.90
2029-08-01:BANK SPEND:  700.00
2029-08-01:BANK SPEND:  700.00
  Bank balance: 1956.71 is under the small-balance limit of 4000.00
  Bank balance: 1956.71 is under the small-balance limit of 4000.00
2029-08-23:BANK SPEND:  950.00
2029-08-23:BANK SPEND:  950.00
  Bank balance: 1006.71 is under the small-balance limit of 4000.00
  Bank balance: 1006.71 is under the small-balance limit of 4000.00
2029-08-28:OAS/GIS payment: 1408.93
2029-08-28:OAS/GIS payment: 1408.93
2029-08-28:CPP payment:  297.90
2029-08-28:CPP payment:  297.90
2029-09-01:BANK SPEND:  700.00
2029-09-01:BANK SPEND:  700.00
  Bank balance: 2013.54 is under the small-balance limit of 4000.00
  Bank balance: 2013.54 is under the small-balance limit of 4000.00
2029-09-23:BANK SPEND:  950.00
2029-09-23:BANK SPEND:  950.00
  Bank balance: 1063.54 is under the small-balance limit of 4000.00
  Bank balance: 1063.54 is under the small-balance limit of 4000.00
2029-09-28:OAS/GIS payment: 1408.93
2029-09-28:OAS/GIS payment: 1408.93
2029-09-28:CPP payment:  297.90
2029-09-28:CPP payment:  297.90
2029-10-01:BANK SPEND:  700.00
2029-10-01:BANK SPEND:  700.00
  Bank balance: 2070.37 is under the small-balance limit of 4000.00
  Bank balance: 2070.37 is under the small-balance limit of 4000.00
2029-10-23:BANK SPEND:  950.00
2029-10-23:BANK SPEND:  950.00
  Bank balance: 1120.37 is under the small-balance limit of 4000.00
  Bank balance: 1120.37 is under the small-balance limit of 4000.00
2029-10-28:OAS/GIS payment: 1408.93
2029-10-28:OAS/GIS payment: 1408.93
2029-10-28:CPP payment:  297.90
2029-10-28:CPP payment:  297.90
2029-11-01:BANK SPEND:  700.00
2029-11-01:BANK SPEND:  700.00
  Bank balance: 2127.20 is under the small-balance limit of 4000.00
  Bank balance: 2127.20 is under the small-balance limit of 4000.00
2029-11-23:BANK SPEND:  950.00
2029-11-23:BANK SPEND:  950.00
  Bank balance: 1177.20 is under the small-balance limit of 4000.00
  Bank balance: 1177.20 is under the small-balance limit of 4000.00
2029-11-28:OAS/GIS payment: 1408.93
2029-11-28:OAS/GIS payment: 1408.93
2029-11-28:CPP payment:  297.90
2029-11-28:CPP payment:  297.90
2029-12-01:BANK SPEND:  700.00
2029-12-01:BANK SPEND:  700.00
  Bank balance: 2184.03 is under the small-balance limit of 4000.00
  Bank balance: 2184.03 is under the small-balance limit of 4000.00
2029-12-23:BANK SPEND:  950.00
2029-12-23:BANK SPEND:  950.00
  Bank balance: 1234.03 is under the small-balance limit of 4000.00
  Bank balance: 1234.03 is under the small-balance limit of 4000.00
2029-12-28:OAS/GIS payment: 1408.93
2029-12-28:OAS/GIS payment: 1408.93
2029-12-28:CPP payment:  297.90
2029-12-28:CPP payment:  297.90
2029-12-31:PAY TAXES:  0.00
2029-12-31:PAY TAXES:  0.00
2029 year-end.
2029 year-end.
Cash generated
     3,574.80 CPP
     7,838.52 OAS
     9,068.64 GIS
         0.00 Pension
         0.00 Dividends
         0.00 Net liquidation (sell-buy)
         0.00 Interest
         0.00 Total cash swept from tfsa-rif-nra to bank
    20,481.96 Total cash generated

Cash generated
     3,574.80 CPP
     7,838.52 OAS
     9,068.64 GIS
         0.00 Pension
         0.00 Dividends
         0.00 Net liquidation (sell-buy)
         0.00 Interest
         0.00 Total cash swept from tfsa-rif-nra to bank
    20,481.96 Total cash generated

Tax return 2029
    11,413.32 Taxable income
         0.00 Federal tax
         0.00 Provincial tax
         0.00 Tax Payable
         0.00 Dividend tax credits
         0.00 Installments
         0.00 Balance owing
    11,413.32 Net income
    11,413.32 Net income before adj
     7,838.52 OAS income
         0.00 Employment income
         0.00 RIF withdrawals

Tax return 2029
    11,413.32 Taxable income
         0.00 Federal tax
         0.00 Provincial tax
         0.00 Tax Payable
         0.00 Dividend tax credits
         0.00 Installments
         0.00 Balance owing
    11,413.32 Net income
    11,413.32 Net income before adj
     7,838.52 OAS income
         0.00 Employment income
         0.00 RIF withdrawals

Accounts
Accounts
     2,940.86 -BANKACCOUNT-
     2,940.86 Cash

     2,940.86 -BANKACCOUNT-
     2,940.86 Cash

     2,940.86 Net worth
     2,940.86 Net worth
         0.00 Investments worth

         0.00 Investments worth

2030-01-01:BANK SPEND:  700.00
2030-01-01:BANK SPEND:  700.00
  Bank balance: 2240.86 is under the small-balance limit of 4000.00
  Bank balance: 2240.86 is under the small-balance limit of 4000.00
2030-01-23:BANK SPEND:  950.00
2030-01-23:BANK SPEND:  950.00
  Bank balance: 1290.86 is under the small-balance limit of 4000.00
  Bank balance: 1290.86 is under the small-balance limit of 4000.00
2030-01-28:OAS/GIS payment: 1408.93
2030-01-28:OAS/GIS payment: 1408.93
2030-01-28:CPP payment:  297.90
2030-01-28:CPP payment:  297.90
2030-02-01:BANK SPEND:  700.00
2030-02-01:BANK SPEND:  700.00
  Bank balance: 2297.69 is under the small-balance limit of 4000.00
  Bank balance: 2297.69 is under the small-balance limit of 4000.00
2030-02-23:BANK SPEND:  950.00
2030-02-23:BANK SPEND:  950.00
  Bank balance: 1347.69 is under the small-balance limit of 4000.00
  Bank balance: 1347.69 is under the small-balance limit of 4000.00
2030-02-28:OAS/GIS payment: 1408.93
2030-02-28:OAS/GIS payment: 1408.93
2030-02-28:CPP payment:  297.90
2030-02-28:CPP payment:  297.90
2030-03-01:BANK SPEND:  700.00
2030-03-01:BANK SPEND:  700.00
  Bank balance: 2354.52 is under the small-balance limit of 4000.00
  Bank balance: 2354.52 is under the small-balance limit of 4000.00
2030-03-23:BANK SPEND:  950.00
2030-03-23:BANK SPEND:  950.00
  Bank balance: 1404.52 is under the small-balance limit of 4000.00
  Bank balance: 1404.52 is under the small-balance limit of 4000.00
2030-03-28:OAS/GIS payment: 1408.93
2030-03-28:OAS/GIS payment: 1408.93
2030-03-28:CPP payment:  297.90
2030-03-28:CPP payment:  297.90
2030-04-01:BANK SPEND:  700.00
2030-04-01:BANK SPEND:  700.00
  Bank balance: 2411.35 is under the small-balance limit of 4000.00
  Bank balance: 2411.35 is under the small-balance limit of 4000.00
2030-04-23:BANK SPEND:  950.00
2030-04-23:BANK SPEND:  950.00
  Bank balance: 1461.35 is under the small-balance limit of 4000.00
  Bank balance: 1461.35 is under the small-balance limit of 4000.00
2030-04-28:OAS/GIS payment: 1408.93
2030-04-28:OAS/GIS payment: 1408.93
2030-04-28:CPP payment:  297.90
2030-04-28:CPP payment:  297.90
2030-05-01:BANK SPEND:  700.00
2030-05-01:BANK SPEND:  700.00
  Bank balance: 2468.18 is under the small-balance limit of 4000.00
  Bank balance: 2468.18 is under the small-balance limit of 4000.00
2030-05-23:BANK SPEND:  950.00
2030-05-23:BANK SPEND:  950.00
  Bank balance: 1518.18 is under the small-balance limit of 4000.00
  Bank balance: 1518.18 is under the small-balance limit of 4000.00
2030-05-28:OAS/GIS payment: 1408.93
2030-05-28:OAS/GIS payment: 1408.93
2030-05-28:CPP payment:  297.90
2030-05-28:CPP payment:  297.90
2030-06-01:BANK SPEND:  700.00
2030-06-01:BANK SPEND:  700.00
  Bank balance: 2525.01 is under the small-balance limit of 4000.00
  Bank balance: 2525.01 is under the small-balance limit of 4000.00
2030-06-23:BANK SPEND:  950.00
2030-06-23:BANK SPEND:  950.00
  Bank balance: 1575.01 is under the small-balance limit of 4000.00
  Bank balance: 1575.01 is under the small-balance limit of 4000.00
2030-06-28:OAS/GIS payment: 1408.93
2030-06-28:OAS/GIS payment: 1408.93
2030-06-28:CPP payment:  297.90
2030-06-28:CPP payment:  297.90
2030-07-01:BANK SPEND:  700.00
2030-07-01:BANK SPEND:  700.00
  Bank balance: 2581.84 is under the small-balance limit of 4000.00
  Bank balance: 2581.84 is under the small-balance limit of 4000.00
2030-07-23:BANK SPEND:  950.00
2030-07-23:BANK SPEND:  950.00
  Bank balance: 1631.84 is under the small-balance limit of 4000.00
  Bank balance: 1631.84 is under the small-balance limit of 4000.00
2030-07-28:OAS/GIS payment: 1408.93
2030-07-28:OAS/GIS payment: 1408.93
2030-07-28:CPP payment:  297.90
2030-07-28:CPP payment:  297.90
2030-08-01:BANK SPEND:  700.00
2030-08-01:BANK SPEND:  700.00
  Bank balance: 2638.67 is under the small-balance limit of 4000.00
  Bank balance: 2638.67 is under the small-balance limit of 4000.00
2030-08-23:BANK SPEND:  950.00
2030-08-23:BANK SPEND:  950.00
  Bank balance: 1688.67 is under the small-balance limit of 4000.00
  Bank balance: 1688.67 is under the small-balance limit of 4000.00
2030-08-28:OAS/GIS payment: 1408.93
2030-08-28:OAS/GIS payment: 1408.93
2030-08-28:CPP payment:  297.90
2030-08-28:CPP payment:  297.90
2030-09-01:BANK SPEND:  700.00
2030-09-01:BANK SPEND:  700.00
  Bank balance: 2695.50 is under the small-balance limit of 4000.00
  Bank balance: 2695.50 is under the small-balance limit of 4000.00
2030-09-23:BANK SPEND:  950.00
2030-09-23:BANK SPEND:  950.00
  Bank balance: 1745.50 is under the small-balance limit of 4000.00
  Bank balance: 1745.50 is under the small-balance limit of 4000.00
2030-09-28:OAS/GIS payment: 1408.93
2030-09-28:OAS/GIS payment: 1408.93
2030-09-28:CPP payment:  297.90
2030-09-28:CPP payment:  297.90
2030-10-01:BANK SPEND:  700.00
2030-10-01:BANK SPEND:  700.00
  Bank balance: 2752.33 is under the small-balance limit of 4000.00
  Bank balance: 2752.33 is under the small-balance limit of 4000.00
2030-10-23:BANK SPEND:  950.00
2030-10-23:BANK SPEND:  950.00
  Bank balance: 1802.33 is under the small-balance limit of 4000.00
  Bank balance: 1802.33 is under the small-balance limit of 4000.00
2030-10-28:OAS/GIS payment: 1408.93
2030-10-28:OAS/GIS payment: 1408.93
2030-10-28:CPP payment:  297.90
2030-10-28:CPP payment:  297.90
2030-11-01:BANK SPEND:  700.00
2030-11-01:BANK SPEND:  700.00
  Bank balance: 2809.16 is under the small-balance limit of 4000.00
  Bank balance: 2809.16 is under the small-balance limit of 4000.00
2030-11-23:BANK SPEND:  950.00
2030-11-23:BANK SPEND:  950.00
  Bank balance: 1859.16 is under the small-balance limit of 4000.00
  Bank balance: 1859.16 is under the small-balance limit of 4000.00
2030-11-28:OAS/GIS payment: 1408.93
2030-11-28:OAS/GIS payment: 1408.93
2030-11-28:CPP payment:  297.90
2030-11-28:CPP payment:  297.90
2030-12-01:BANK SPEND:  700.00
2030-12-01:BANK SPEND:  700.00
  Bank balance: 2865.99 is under the small-balance limit of 4000.00
  Bank balance: 2865.99 is under the small-balance limit of 4000.00
2030-12-23:BANK SPEND:  950.00
2030-12-23:BANK SPEND:  950.00
  Bank balance: 1915.99 is under the small-balance limit of 4000.00
  Bank balance: 1915.99 is under the small-balance limit of 4000.00
2030-12-28:OAS/GIS payment: 1408.93
2030-12-28:OAS/GIS payment: 1408.93
2030-12-28:CPP payment:  297.90
2030-12-28:CPP payment:  297.90
2030-12-31:PAY TAXES:  0.00
2030-12-31:PAY TAXES:  0.00
2030 year-end.
2030 year-end.
Cash generated
     3,574.80 CPP
     7,838.52 OAS
     9,068.64 GIS
         0.00 Pension
         0.00 Dividends
         0.00 Net liquidation (sell-buy)
         0.00 Interest
         0.00 Total cash swept from tfsa-rif-nra to bank
    20,481.96 Total cash generated

Cash generated
     3,574.80 CPP
     7,838.52 OAS
     9,068.64 GIS
         0.00 Pension
         0.00 Dividends
         0.00 Net liquidation (sell-buy)
         0.00 Interest
         0.00 Total cash swept from tfsa-rif-nra to bank
    20,481.96 Total cash generated

Tax return 2030
    11,413.32 Taxable income
         0.00 Federal tax
         0.00 Provincial tax
         0.00 Tax Payable
         0.00 Dividend tax credits
         0.00 Installments
         0.00 Balance owing
    11,413.32 Net income
    11,413.32 Net income before adj
     7,838.52 OAS income
         0.00 Employment income
         0.00 RIF withdrawals

Tax return 2030
    11,413.32 Taxable income
         0.00 Federal tax
         0.00 Provincial tax
         0.00 Tax Payable
         0.00 Dividend tax credits
         0.00 Installments
         0.00 Balance owing
    11,413.32 Net income
    11,413.32 Net income before adj
     7,838.52 OAS income
         0.00 Employment income
         0.00 RIF withdrawals

Accounts
Accounts
     3,622.82 -BANKACCOUNT-
     3,622.82 Cash

     3,622.82 -BANKACCOUNT-
     3,622.82 Cash

     3,622.82 Net worth
     3,622.82 Net worth
         0.00 Investments worth

         0.00 Investments worth

2031-01-01:BANK SPEND:  700.00
2031-01-01:BANK SPEND:  700.00
  Bank balance: 2922.82 is under the small-balance limit of 4000.00
  Bank balance: 2922.82 is under the small-balance limit of 4000.00
2031-01-23:BANK SPEND:  950.00
2031-01-23:BANK SPEND:  950.00
  Bank balance: 1972.82 is under the small-balance limit of 4000.00
  Bank balance: 1972.82 is under the small-balance limit of 4000.00
2031-01-28:OAS/GIS payment: 1408.93
2031-01-28:OAS/GIS payment: 1408.93
2031-01-28:CPP payment:  297.90
2031-01-28:CPP payment:  297.90
2031-02-01:BANK SPEND:  700.00
2031-02-01:BANK SPEND:  700.00
  Bank balance: 2979.65 is under the small-balance limit of 4000.00
  Bank balance: 2979.65 is under the small-balance limit of 4000.00
2031-02-23:BANK SPEND:  950.00
2031-02-23:BANK SPEND:  950.00
  Bank balance: 2029.65 is under the small-balance limit of 4000.00
  Bank balance: 2029.65 is under the small-balance limit of 4000.00
2031-02-28:OAS/GIS payment: 1408.93
2031-02-28:OAS/GIS payment: 1408.93
2031-02-28:CPP payment:  297.90
2031-02-28:CPP payment:  297.90
2031-03-01:BANK SPEND:  700.00
2031-03-01:BANK SPEND:  700.00
  Bank balance: 3036.48 is under the small-balance limit of 4000.00
  Bank balance: 3036.48 is under the small-balance limit of 4000.00
2031-03-23:BANK SPEND:  950.00
2031-03-23:BANK SPEND:  950.00
  Bank balance: 2086.48 is under the small-balance limit of 4000.00
  Bank balance: 2086.48 is under the small-balance limit of 4000.00
2031-03-28:OAS/GIS payment: 1408.93
2031-03-28:OAS/GIS payment: 1408.93
2031-03-28:CPP payment:  297.90
2031-03-28:CPP payment:  297.90
2031-04-01:BANK SPEND:  700.00
2031-04-01:BANK SPEND:  700.00
  Bank balance: 3093.31 is under the small-balance limit of 4000.00
  Bank balance: 3093.31 is under the small-balance limit of 4000.00
2031-04-23:BANK SPEND:  950.00
2031-04-23:BANK SPEND:  950.00
  Bank balance: 2143.31 is under the small-balance limit of 4000.00
  Bank balance: 2143.31 is under the small-balance limit of 4000.00
2031-04-28:OAS/GIS payment: 1408.93
2031-04-28:OAS/GIS payment: 1408.93
2031-04-28:CPP payment:  297.90
2031-04-28:CPP payment:  297.90
2031-05-01:BANK SPEND:  700.00
2031-05-01:BANK SPEND:  700.00
  Bank balance: 3150.14 is under the small-balance limit of 4000.00
  Bank balance: 3150.14 is under the small-balance limit of 4000.00
2031-05-23:BANK SPEND:  950.00
2031-05-23:BANK SPEND:  950.00
  Bank balance: 2200.14 is under the small-balance limit of 4000.00
  Bank balance: 2200.14 is under the small-balance limit of 4000.00
2031-05-28:OAS/GIS payment: 1408.93
2031-05-28:OAS/GIS payment: 1408.93
2031-05-28:CPP payment:  297.90
2031-05-28:CPP payment:  297.90
2031-06-01:BANK SPEND:  700.00
2031-06-01:BANK SPEND:  700.00
  Bank balance: 3206.97 is under the small-balance limit of 4000.00
  Bank balance: 3206.97 is under the small-balance limit of 4000.00
2031-06-23:BANK SPEND:  950.00
2031-06-23:BANK SPEND:  950.00
  Bank balance: 2256.97 is under the small-balance limit of 4000.00
  Bank balance: 2256.97 is under the small-balance limit of 4000.00
2031-06-28:OAS/GIS payment: 1408.93
2031-06-28:OAS/GIS payment: 1408.93
2031-06-28:CPP payment:  297.90
2031-06-28:CPP payment:  297.90
2031-07-01:BANK SPEND:  700.00
2031-07-01:BANK SPEND:  700.00
  Bank balance: 3263.80 is under the small-balance limit of 4000.00
  Bank balance: 3263.80 is under the small-balance limit of 4000.00
2031-07-23:BANK SPEND:  950.00
2031-07-23:BANK SPEND:  950.00
  Bank balance: 2313.80 is under the small-balance limit of 4000.00
  Bank balance: 2313.80 is under the small-balance limit of 4000.00
2031-07-28:OAS/GIS payment: 1408.93
2031-07-28:OAS/GIS payment: 1408.93
2031-07-28:CPP payment:  297.90
2031-07-28:CPP payment:  297.90
2031-08-01:BANK SPEND:  700.00
2031-08-01:BANK SPEND:  700.00
  Bank balance: 3320.63 is under the small-balance limit of 4000.00
  Bank balance: 3320.63 is under the small-balance limit of 4000.00
2031-08-23:BANK SPEND:  950.00
2031-08-23:BANK SPEND:  950.00
  Bank balance: 2370.63 is under the small-balance limit of 4000.00
  Bank balance: 2370.63 is under the small-balance limit of 4000.00
2031-08-28:OAS/GIS payment: 1408.93
2031-08-28:OAS/GIS payment: 1408.93
2031-08-28:CPP payment:  297.90
2031-08-28:CPP payment:  297.90
2031-09-01:BANK SPEND:  700.00
2031-09-01:BANK SPEND:  700.00
  Bank balance: 3377.46 is under the small-balance limit of 4000.00
  Bank balance: 3377.46 is under the small-balance limit of 4000.00
2031-09-23:BANK SPEND:  950.00
2031-09-23:BANK SPEND:  950.00
  Bank balance: 2427.46 is under the small-balance limit of 4000.00
  Bank balance: 2427.46 is under the small-balance limit of 4000.00
2031-09-28:OAS/GIS payment: 1408.93
2031-09-28:OAS/GIS payment: 1408.93
2031-09-28:CPP payment:  297.90
2031-09-28:CPP payment:  297.90
2031-10-01:BANK SPEND:  700.00
2031-10-01:BANK SPEND:  700.00
  Bank balance: 3434.29 is under the small-balance limit of 4000.00
  Bank balance: 3434.29 is under the small-balance limit of 4000.00
2031-10-23:BANK SPEND:  950.00
2031-10-23:BANK SPEND:  950.00
  Bank balance: 2484.29 is under the small-balance limit of 4000.00
  Bank balance: 2484.29 is under the small-balance limit of 4000.00
2031-10-28:OAS/GIS payment: 1408.93
2031-10-28:OAS/GIS payment: 1408.93
2031-10-28:CPP payment:  297.90
2031-10-28:CPP payment:  297.90
2031-11-01:BANK SPEND:  700.00
2031-11-01:BANK SPEND:  700.00
  Bank balance: 3491.12 is under the small-balance limit of 4000.00
  Bank balance: 3491.12 is under the small-balance limit of 4000.00
2031-11-23:BANK SPEND:  950.00
2031-11-23:BANK SPEND:  950.00
  Bank balance: 2541.12 is under the small-balance limit of 4000.00
  Bank balance: 2541.12 is under the small-balance limit of 4000.00
2031-11-28:OAS/GIS payment: 1408.93
2031-11-28:OAS/GIS payment: 1408.93
2031-11-28:CPP payment:  297.90
2031-11-28:CPP payment:  297.90
2031-12-01:BANK SPEND:  700.00
2031-12-01:BANK SPEND:  700.00
  Bank balance: 3547.95 is under the small-balance limit of 4000.00
  Bank balance: 3547.95 is under the small-balance limit of 4000.00
2031-12-23:BANK SPEND:  950.00
2031-12-23:BANK SPEND:  950.00
  Bank balance: 2597.95 is under the small-balance limit of 4000.00
  Bank balance: 2597.95 is under the small-balance limit of 4000.00
2031-12-28:OAS/GIS payment: 1408.93
2031-12-28:OAS/GIS payment: 1408.93
2031-12-28:CPP payment:  297.90
2031-12-28:CPP payment:  297.90
2031-12-31:PAY TAXES:  0.00
2031-12-31:PAY TAXES:  0.00
2031 year-end.
2031 year-end.
Cash generated
     3,574.80 CPP
     7,838.52 OAS
     9,068.64 GIS
         0.00 Pension
         0.00 Dividends
         0.00 Net liquidation (sell-buy)
         0.00 Interest
         0.00 Total cash swept from tfsa-rif-nra to bank
    20,481.96 Total cash generated

Cash generated
     3,574.80 CPP
     7,838.52 OAS
     9,068.64 GIS
         0.00 Pension
         0.00 Dividends
         0.00 Net liquidation (sell-buy)
         0.00 Interest
         0.00 Total cash swept from tfsa-rif-nra to bank
    20,481.96 Total cash generated

Tax return 2031
    11,413.32 Taxable income
         0.00 Federal tax
         0.00 Provincial tax
         0.00 Tax Payable
         0.00 Dividend tax credits
         0.00 Installments
         0.00 Balance owing
    11,413.32 Net income
    11,413.32 Net income before adj
     7,838.52 OAS income
         0.00 Employment income
         0.00 RIF withdrawals

Tax return 2031
    11,413.32 Taxable income
         0.00 Federal tax
         0.00 Provincial tax
         0.00 Tax Payable
         0.00 Dividend tax credits
         0.00 Installments
         0.00 Balance owing
    11,413.32 Net income
    11,413.32 Net income before adj
     7,838.52 OAS income
         0.00 Employment income
         0.00 RIF withdrawals

Accounts
Accounts
     4,304.78 -BANKACCOUNT-
     4,304.78 Cash

     4,304.78 -BANKACCOUNT-
     4,304.78 Cash

     4,304.78 Net worth
     4,304.78 Net worth
         0.00 Investments worth

         0.00 Investments worth

2032-01-01:BANK SPEND:  700.00
2032-01-01:BANK SPEND:  700.00
  Bank balance: 3604.78 is under the small-balance limit of 4000.00
  Bank balance: 3604.78 is under the small-balance limit of 4000.00
2032-01-23:BANK SPEND:  950.00
2032-01-23:BANK SPEND:  950.00
  Bank balance: 2654.78 is under the small-balance limit of 4000.00
  Bank balance: 2654.78 is under the small-balance limit of 4000.00
2032-01-28:OAS/GIS payment: 1408.93
2032-01-28:OAS/GIS payment: 1408.93
2032-01-28:CPP payment:  297.90
2032-01-28:CPP payment:  297.90
2032-02-01:BANK SPEND:  700.00
2032-02-01:BANK SPEND:  700.00
  Bank balance: 3661.61 is under the small-balance limit of 4000.00
  Bank balance: 3661.61 is under the small-balance limit of 4000.00
2032-02-23:BANK SPEND:  950.00
2032-02-23:BANK SPEND:  950.00
  Bank balance: 2711.61 is under the small-balance limit of 4000.00
  Bank balance: 2711.61 is under the small-balance limit of 4000.00
2032-02-28:OAS/GIS payment: 1408.93
2032-02-28:OAS/GIS payment: 1408.93
2032-02-28:CPP payment:  297.90
2032-02-28:CPP payment:  297.90
2032-03-01:BANK SPEND:  700.00
2032-03-01:BANK SPEND:  700.00
  Bank balance: 3718.44 is under the small-balance limit of 4000.00
  Bank balance: 3718.44 is under the small-balance limit of 4000.00
2032-03-23:BANK SPEND:  950.00
2032-03-23:BANK SPEND:  950.00
  Bank balance: 2768.44 is under the small-balance limit of 4000.00
  Bank balance: 2768.44 is under the small-balance limit of 4000.00
2032-03-28:OAS/GIS payment: 1408.93
2032-03-28:OAS/GIS payment: 1408.93
2032-03-28:CPP payment:  297.90
2032-03-28:CPP payment:  297.90
2032-04-01:BANK SPEND:  700.00
2032-04-01:BANK SPEND:  700.00
  Bank balance: 3775.27 is under the small-balance limit of 4000.00
  Bank balance: 3775.27 is under the small-balance limit of 4000.00
2032-04-23:BANK SPEND:  950.00
2032-04-23:BANK SPEND:  950.00
  Bank balance: 2825.27 is under the small-balance limit of 4000.00
  Bank balance: 2825.27 is under the small-balance limit of 4000.00
2032-04-28:OAS/GIS payment: 1408.93
2032-04-28:OAS/GIS payment: 1408.93
2032-04-28:CPP payment:  297.90
2032-04-28:CPP payment:  297.90
2032-05-01:BANK SPEND:  700.00
2032-05-01:BANK SPEND:  700.00
  Bank balance: 3832.10 is under the small-balance limit of 4000.00
  Bank balance: 3832.10 is under the small-balance limit of 4000.00
2032-05-23:BANK SPEND:  950.00
2032-05-23:BANK SPEND:  950.00
  Bank balance: 2882.10 is under the small-balance limit of 4000.00
  Bank balance: 2882.10 is under the small-balance limit of 4000.00
2032-05-28:OAS/GIS payment: 1408.93
2032-05-28:OAS/GIS payment: 1408.93
2032-05-28:CPP payment:  297.90
2032-05-28:CPP payment:  297.90
2032-06-01:BANK SPEND:  700.00
2032-06-01:BANK SPEND:  700.00
  Bank balance: 3888.93 is under the small-balance limit of 4000.00
  Bank balance: 3888.93 is under the small-balance limit of 4000.00
2032-06-23:BANK SPEND:  950.00
2032-06-23:BANK SPEND:  950.00
  Bank balance: 2938.93 is under the small-balance limit of 4000.00
  Bank balance: 2938.93 is under the small-balance limit of 4000.00
2032-06-28:OAS/GIS payment: 1408.93
2032-06-28:OAS/GIS payment: 1408.93
2032-06-28:CPP payment:  297.90
2032-06-28:CPP payment:  297.90
2032-07-01:BANK SPEND:  700.00
2032-07-01:BANK SPEND:  700.00
  Bank balance: 3945.76 is under the small-balance limit of 4000.00
  Bank balance: 3945.76 is under the small-balance limit of 4000.00
2032-07-23:BANK SPEND:  950.00
2032-07-23:BANK SPEND:  950.00
  Bank balance: 2995.76 is under the small-balance limit of 4000.00
  Bank balance: 2995.76 is under the small-balance limit of 4000.00
2032-07-28:OAS/GIS payment: 1408.93
2032-07-28:OAS/GIS payment: 1408.93
2032-07-28:CPP payment:  297.90
2032-07-28:CPP payment:  297.90
2032-08-01:BANK SPEND:  700.00
2032-08-01:BANK SPEND:  700.00
2032-08-23:BANK SPEND:  950.00
2032-08-23:BANK SPEND:  950.00
  Bank balance: 3052.59 is under the small-balance limit of 4000.00
  Bank balance: 3052.59 is under the small-balance limit of 4000.00
2032-08-28:OAS/GIS payment: 1408.93
2032-08-28:OAS/GIS payment: 1408.93
2032-08-28:CPP payment:  297.90
2032-08-28:CPP payment:  297.90
2032-09-01:BANK SPEND:  700.00
2032-09-01:BANK SPEND:  700.00
2032-09-23:BANK SPEND:  950.00
2032-09-23:BANK SPEND:  950.00
  Bank balance: 3109.42 is under the small-balance limit of 4000.00
  Bank balance: 3109.42 is under the small-balance limit of 4000.00
2032-09-28:OAS/GIS payment: 1408.93
2032-09-28:OAS/GIS payment: 1408.93
2032-09-28:CPP payment:  297.90
2032-09-28:CPP payment:  297.90
2032-10-01:BANK SPEND:  700.00
2032-10-01:BANK SPEND:  700.00
2032-10-23:BANK SPEND:  950.00
2032-10-23:BANK SPEND:  950.00
  Bank balance: 3166.25 is under the small-balance limit of 4000.00
  Bank balance: 3166.25 is under the small-balance limit of 4000.00
2032-10-28:OAS/GIS payment: 1408.93
2032-10-28:OAS/GIS payment: 1408.93
2032-10-28:CPP payment:  297.90
2032-10-28:CPP payment:  297.90
2032-11-01:BANK SPEND:  700.00
2032-11-01:BANK SPEND:  700.00
2032-11-23:BANK SPEND:  950.00
2032-11-23:BANK SPEND:  950.00
  Bank balance: 3223.08 is under the small-balance limit of 4000.00
  Bank balance: 3223.08 is under the small-balance limit of 4000.00
2032-11-28:OAS/GIS payment: 1408.93
2032-11-28:OAS/GIS payment: 1408.93
2032-11-28:CPP payment:  297.90
2032-11-28:CPP payment:  297.90
2032-12-01:BANK SPEND:  700.00
2032-12-01:BANK SPEND:  700.00
2032-12-23:BANK SPEND:  950.00
2032-12-23:BANK SPEND:  950.00
  Bank balance: 3279.91 is under the small-balance limit of 4000.00
  Bank balance: 3279.91 is under the small-balance limit of 4000.00
2032-12-28:OAS/GIS payment: 1408.93
2032-12-28:OAS/GIS payment: 1408.93
2032-12-28:CPP payment:  297.90
2032-12-28:CPP payment:  297.90
2032-12-31:PAY TAXES:  0.00
2032-12-31:PAY TAXES:  0.00
2032 year-end.
2032 year-end.
Cash generated
     3,574.80 CPP
     7,838.52 OAS
     9,068.64 GIS
         0.00 Pension
         0.00 Dividends
         0.00 Net liquidation (sell-buy)
         0.00 Interest
         0.00 Total cash swept from tfsa-rif-nra to bank
    20,481.96 Total cash generated

Cash generated
     3,574.80 CPP
     7,838.52 OAS
     9,068.64 GIS
         0.00 Pension
         0.00 Dividends
         0.00 Net liquidation (sell-buy)
         0.00 Interest
         0.00 Total cash swept from tfsa-rif-nra to bank
    20,481.96 Total cash generated

Tax return 2032
    11,413.32 Taxable income
         0.00 Federal tax
         0.00 Provincial tax
         0.00 Tax Payable
         0.00 Dividend tax credits
         0.00 Installments
         0.00 Balance owing
    11,413.32 Net income
    11,413.32 Net income before adj
     7,838.52 OAS income
         0.00 Employment income
         0.00 RIF withdrawals

Tax return 2032
    11,413.32 Taxable income
         0.00 Federal tax
         0.00 Provincial tax
         0.00 Tax Payable
         0.00 Dividend tax credits
         0.00 Installments
         0.00 Balance owing
    11,413.32 Net income
    11,413.32 Net income before adj
     7,838.52 OAS income
         0.00 Employment income
         0.00 RIF withdrawals

Accounts
Accounts
     4,986.74 -BANKACCOUNT-
     4,986.74 Cash

     4,986.74 -BANKACCOUNT-
     4,986.74 Cash

     4,986.74 Net worth
     4,986.74 Net worth
         0.00 Investments worth

         0.00 Investments worth

2033-01-01:BANK SPEND:  700.00
2033-01-01:BANK SPEND:  700.00
2033-01-23:BANK SPEND:  950.00
2033-01-23:BANK SPEND:  950.00
  Bank balance: 3336.74 is under the small-balance limit of 4000.00
  Bank balance: 3336.74 is under the small-balance limit of 4000.00
2033-01-28:OAS/GIS payment: 1408.93
2033-01-28:OAS/GIS payment: 1408.93
2033-01-28:CPP payment:  297.90
2033-01-28:CPP payment:  297.90
2033-02-01:BANK SPEND:  700.00
2033-02-01:BANK SPEND:  700.00
2033-02-23:BANK SPEND:  950.00
2033-02-23:BANK SPEND:  950.00
  Bank balance: 3393.57 is under the small-balance limit of 4000.00
  Bank balance: 3393.57 is under the small-balance limit of 4000.00
2033-02-28:OAS/GIS payment: 1408.93
2033-02-28:OAS/GIS payment: 1408.93
2033-02-28:CPP payment:  297.90
2033-02-28:CPP payment:  297.90
2033-03-01:BANK SPEND:  700.00
2033-03-01:BANK SPEND:  700.00
2033-03-23:BANK SPEND:  950.00
2033-03-23:BANK SPEND:  950.00
  Bank balance: 3450.40 is under the small-balance limit of 4000.00
  Bank balance: 3450.40 is under the small-balance limit of 4000.00
2033-03-28:OAS/GIS payment: 1408.93
2033-03-28:OAS/GIS payment: 1408.93
2033-03-28:CPP payment:  297.90
2033-03-28:CPP payment:  297.90
2033-04-01:BANK SPEND:  700.00
2033-04-01:BANK SPEND:  700.00
2033-04-23:BANK SPEND:  950.00
2033-04-23:BANK SPEND:  950.00
  Bank balance: 3507.23 is under the small-balance limit of 4000.00
  Bank balance: 3507.23 is under the small-balance limit of 4000.00
2033-04-28:OAS/GIS payment: 1408.93
2033-04-28:OAS/GIS payment: 1408.93
2033-04-28:CPP payment:  297.90
2033-04-28:CPP payment:  297.90
2033-05-01:BANK SPEND:  700.00
2033-05-01:BANK SPEND:  700.00
2033-05-23:BANK SPEND:  950.00
2033-05-23:BANK SPEND:  950.00
  Bank balance: 3564.06 is under the small-balance limit of 4000.00
  Bank balance: 3564.06 is under the small-balance limit of 4000.00
2033-05-28:OAS/GIS payment: 1408.93
2033-05-28:OAS/GIS payment: 1408.93
2033-05-28:CPP payment:  297.90
2033-05-28:CPP payment:  297.90
2033-06-01:BANK SPEND:  700.00
2033-06-01:BANK SPEND:  700.00
2033-06-23:BANK SPEND:  950.00
2033-06-23:BANK SPEND:  950.00
  Bank balance: 3620.89 is under the small-balance limit of 4000.00
  Bank balance: 3620.89 is under the small-balance limit of 4000.00
2033-06-28:OAS/GIS payment: 1408.93
2033-06-28:OAS/GIS payment: 1408.93
2033-06-28:CPP payment:  297.90
2033-06-28:CPP payment:  297.90
2033-07-01:BANK SPEND:  700.00
2033-07-01:BANK SPEND:  700.00
2033-07-23:BANK SPEND:  950.00
2033-07-23:BANK SPEND:  950.00
  Bank balance: 3677.72 is under the small-balance limit of 4000.00
  Bank balance: 3677.72 is under the small-balance limit of 4000.00
2033-07-28:OAS/GIS payment: 1408.93
2033-07-28:OAS/GIS payment: 1408.93
2033-07-28:CPP payment:  297.90
2033-07-28:CPP payment:  297.90
2033-08-01:BANK SPEND:  700.00
2033-08-01:BANK SPEND:  700.00
2033-08-23:BANK SPEND:  950.00
2033-08-23:BANK SPEND:  950.00
  Bank balance: 3734.55 is under the small-balance limit of 4000.00
  Bank balance: 3734.55 is under the small-balance limit of 4000.00
2033-08-28:OAS/GIS payment: 1408.93
2033-08-28:OAS/GIS payment: 1408.93
2033-08-28:CPP payment:  297.90
2033-08-28:CPP payment:  297.90
2033-09-01:BANK SPEND:  700.00
2033-09-01:BANK SPEND:  700.00
2033-09-23:BANK SPEND:  950.00
2033-09-23:BANK SPEND:  950.00
  Bank balance: 3791.38 is under the small-balance limit of 4000.00
  Bank balance: 3791.38 is under the small-balance limit of 4000.00
2033-09-28:OAS/GIS payment: 1408.93
2033-09-28:OAS/GIS payment: 1408.93
2033-09-28:CPP payment:  297.90
2033-09-28:CPP payment:  297.90
2033-10-01:BANK SPEND:  700.00
2033-10-01:BANK SPEND:  700.00
2033-10-23:BANK SPEND:  950.00
2033-10-23:BANK SPEND:  950.00
  Bank balance: 3848.21 is under the small-balance limit of 4000.00
  Bank balance: 3848.21 is under the small-balance limit of 4000.00
2033-10-28:OAS/GIS payment: 1408.93
2033-10-28:OAS/GIS payment: 1408.93
2033-10-28:CPP payment:  297.90
2033-10-28:CPP payment:  297.90
2033-11-01:BANK SPEND:  700.00
2033-11-01:BANK SPEND:  700.00
2033-11-23:BANK SPEND:  950.00
2033-11-23:BANK SPEND:  950.00
  Bank balance: 3905.04 is under the small-balance limit of 4000.00
  Bank balance: 3905.04 is under the small-balance limit of 4000.00
2033-11-28:OAS/GIS payment: 1408.93
2033-11-28:OAS/GIS payment: 1408.93
2033-11-28:CPP payment:  297.90
2033-11-28:CPP payment:  297.90
2033-12-01:BANK SPEND:  700.00
2033-12-01:BANK SPEND:  700.00
2033-12-23:BANK SPEND:  950.00
2033-12-23:BANK SPEND:  950.00
  Bank balance: 3961.87 is under the small-balance limit of 4000.00
  Bank balance: 3961.87 is under the small-balance limit of 4000.00
2033-12-28:OAS/GIS payment: 1408.93
2033-12-28:OAS/GIS payment: 1408.93
2033-12-28:CPP payment:  297.90
2033-12-28:CPP payment:  297.90
2033-12-31:PAY TAXES:  0.00
2033-12-31:PAY TAXES:  0.00
2033 year-end.
2033 year-end.
Cash generated
     3,574.80 CPP
     7,838.52 OAS
     9,068.64 GIS
         0.00 Pension
         0.00 Dividends
         0.00 Net liquidation (sell-buy)
         0.00 Interest
         0.00 Total cash swept from tfsa-rif-nra to bank
    20,481.96 Total cash generated

Cash generated
     3,574.80 CPP
     7,838.52 OAS
     9,068.64 GIS
         0.00 Pension
         0.00 Dividends
         0.00 Net liquidation (sell-buy)
         0.00 Interest
         0.00 Total cash swept from tfsa-rif-nra to bank
    20,481.96 Total cash generated

Tax return 2033
    11,413.32 Taxable income
         0.00 Federal tax
         0.00 Provincial tax
         0.00 Tax Payable
         0.00 Dividend tax credits
         0.00 Installments
         0.00 Balance owing
    11,413.32 Net income
    11,413.32 Net income before adj
     7,838.52 OAS income
         0.00 Employment income
         0.00 RIF withdrawals

Tax return 2033
    11,413.32 Taxable income
         0.00 Federal tax
         0.00 Provincial tax
         0.00 Tax Payable
         0.00 Dividend tax credits
         0.00 Installments
         0.00 Balance owing
    11,413.32 Net income
    11,413.32 Net income before adj
     7,838.52 OAS income
         0.00 Employment income
         0.00 RIF withdrawals

Accounts
Accounts
     5,668.70 -BANKACCOUNT-
     5,668.70 Cash

     5,668.70 -BANKACCOUNT-
     5,668.70 Cash

     5,668.70 Net worth
     5,668.70 Net worth
         0.00 Investments worth

         0.00 Investments worth

2034-01-01:BANK SPEND:  700.00
2034-01-01:BANK SPEND:  700.00
2034-01-23:BANK SPEND:  950.00
2034-01-23:BANK SPEND:  950.00
2034-01-28:OAS/GIS payment: 1408.93
2034-01-28:OAS/GIS payment: 1408.93
2034-01-28:CPP payment:  297.90
2034-01-28:CPP payment:  297.90
2034-02-01:BANK SPEND:  700.00
2034-02-01:BANK SPEND:  700.00
2034-02-23:BANK SPEND:  950.00
2034-02-23:BANK SPEND:  950.00
2034-02-28:OAS/GIS payment: 1408.93
2034-02-28:OAS/GIS payment: 1408.93
2034-02-28:CPP payment:  297.90
2034-02-28:CPP payment:  297.90
2034-03-01:BANK SPEND:  700.00
2034-03-01:BANK SPEND:  700.00
2034-03-23:BANK SPEND:  950.00
2034-03-23:BANK SPEND:  950.00
2034-03-28:OAS/GIS payment: 1408.93
2034-03-28:OAS/GIS payment: 1408.93
2034-03-28:CPP payment:  297.90
2034-03-28:CPP payment:  297.90
2034-04-01:BANK SPEND:  700.00
2034-04-01:BANK SPEND:  700.00
2034-04-23:BANK SPEND:  950.00
2034-04-23:BANK SPEND:  950.00
2034-04-28:OAS/GIS payment: 1408.93
2034-04-28:OAS/GIS payment: 1408.93
2034-04-28:CPP payment:  297.90
2034-04-28:CPP payment:  297.90
2034-05-01:BANK SPEND:  700.00
2034-05-01:BANK SPEND:  700.00
2034-05-23:BANK SPEND:  950.00
2034-05-23:BANK SPEND:  950.00
2034-05-28:OAS/GIS payment: 1408.93
2034-05-28:OAS/GIS payment: 1408.93
2034-05-28:CPP payment:  297.90
2034-05-28:CPP payment:  297.90
2034-06-01:BANK SPEND:  700.00
2034-06-01:BANK SPEND:  700.00
2034-06-23:BANK SPEND:  950.00
2034-06-23:BANK SPEND:  950.00
2034-06-28:OAS/GIS payment: 1408.93
2034-06-28:OAS/GIS payment: 1408.93
2034-06-28:CPP payment:  297.90
2034-06-28:CPP payment:  297.90
2034-07-01:BANK SPEND:  700.00
2034-07-01:BANK SPEND:  700.00
2034-07-23:BANK SPEND:  950.00
2034-07-23:BANK SPEND:  950.00
2034-07-28:OAS/GIS payment: 1408.93
2034-07-28:OAS/GIS payment: 1408.93
2034-07-28:CPP payment:  297.90
2034-07-28:CPP payment:  297.90
2034-08-01:BANK SPEND:  700.00
2034-08-01:BANK SPEND:  700.00
2034-08-23:BANK SPEND:  950.00
2034-08-23:BANK SPEND:  950.00
2034-08-28:OAS/GIS payment: 1408.93
2034-08-28:OAS/GIS payment: 1408.93
2034-08-28:CPP payment:  297.90
2034-08-28:CPP payment:  297.90
2034-09-01:BANK SPEND:  700.00
2034-09-01:BANK SPEND:  700.00
2034-09-23:BANK SPEND:  950.00
2034-09-23:BANK SPEND:  950.00
2034-09-28:OAS/GIS payment: 1408.93
2034-09-28:OAS/GIS payment: 1408.93
2034-09-28:CPP payment:  297.90
2034-09-28:CPP payment:  297.90
2034-10-01:BANK SPEND:  700.00
2034-10-01:BANK SPEND:  700.00
2034-10-23:BANK SPEND:  950.00
2034-10-23:BANK SPEND:  950.00
2034-10-28:OAS/GIS payment: 1408.93
2034-10-28:OAS/GIS payment: 1408.93
2034-10-28:CPP payment:  297.90
2034-10-28:CPP payment:  297.90
2034-11-01:BANK SPEND:  700.00
2034-11-01:BANK SPEND:  700.00
2034-11-23:BANK SPEND:  950.00
2034-11-23:BANK SPEND:  950.00
2034-11-28:OAS/GIS payment: 1408.93
2034-11-28:OAS/GIS payment: 1408.93
2034-11-28:CPP payment:  297.90
2034-11-28:CPP payment:  297.90
2034-12-01:BANK SPEND:  700.00
2034-12-01:BANK SPEND:  700.00
2034-12-23:BANK SPEND:  950.00
2034-12-23:BANK SPEND:  950.00
2034-12-28:OAS/GIS payment: 1408.93
2034-12-28:OAS/GIS payment: 1408.93
2034-12-28:CPP payment:  297.90
2034-12-28:CPP payment:  297.90
2034-12-31:PAY TAXES:  0.00
2034-12-31:PAY TAXES:  0.00
2034 year-end.
2034 year-end.
Cash generated
     3,574.80 CPP
     7,838.52 OAS
     9,068.64 GIS
         0.00 Pension
         0.00 Dividends
         0.00 Net liquidation (sell-buy)
         0.00 Interest
         0.00 Total cash swept from tfsa-rif-nra to bank
    20,481.96 Total cash generated

Cash generated
     3,574.80 CPP
     7,838.52 OAS
     9,068.64 GIS
         0.00 Pension
         0.00 Dividends
         0.00 Net liquidation (sell-buy)
         0.00 Interest
         0.00 Total cash swept from tfsa-rif-nra to bank
    20,481.96 Total cash generated

Tax return 2034
    11,413.32 Taxable income
         0.00 Federal tax
         0.00 Provincial tax
         0.00 Tax Payable
         0.00 Dividend tax credits
         0.00 Installments
         0.00 Balance owing
    11,413.32 Net income
    11,413.32 Net income before adj
     7,838.52 OAS income
         0.00 Employment income
         0.00 RIF withdrawals

Tax return 2034
    11,413.32 Taxable income
         0.00 Federal tax
         0.00 Provincial tax
         0.00 Tax Payable
         0.00 Dividend tax credits
         0.00 Installments
         0.00 Balance owing
    11,413.32 Net income
    11,413.32 Net income before adj
     7,838.52 OAS income
         0.00 Employment income
         0.00 RIF withdrawals

Accounts
Accounts
     6,350.66 -BANKACCOUNT-
     6,350.66 Cash

     6,350.66 -BANKACCOUNT-
     6,350.66 Cash

     6,350.66 Net worth
     6,350.66 Net worth
         0.00 Investments worth

         0.00 Investments worth

2035-01-01:BANK SPEND:  700.00
2035-01-01:BANK SPEND:  700.00
2035-01-23:BANK SPEND:  950.00
2035-01-23:BANK SPEND:  950.00
2035-01-28:OAS/GIS payment: 1408.93
2035-01-28:OAS/GIS payment: 1408.93
2035-01-28:CPP payment:  297.90
2035-01-28:CPP payment:  297.90
2035-02-01:BANK SPEND:  700.00
2035-02-01:BANK SPEND:  700.00
2035-02-23:BANK SPEND:  950.00
2035-02-23:BANK SPEND:  950.00
2035-02-28:OAS/GIS payment: 1408.93
2035-02-28:OAS/GIS payment: 1408.93
2035-02-28:CPP payment:  297.90
2035-02-28:CPP payment:  297.90
2035-03-01:BANK SPEND:  700.00
2035-03-01:BANK SPEND:  700.00
2035-03-23:BANK SPEND:  950.00
2035-03-23:BANK SPEND:  950.00
2035-03-28:OAS/GIS payment: 1408.93
2035-03-28:OAS/GIS payment: 1408.93
2035-03-28:CPP payment:  297.90
2035-03-28:CPP payment:  297.90
2035-04-01:BANK SPEND:  700.00
2035-04-01:BANK SPEND:  700.00
2035-04-23:BANK SPEND:  950.00
2035-04-23:BANK SPEND:  950.00
2035-04-28:OAS/GIS payment: 1408.93
2035-04-28:OAS/GIS payment: 1408.93
2035-04-28:CPP payment:  297.90
2035-04-28:CPP payment:  297.90
2035-05-01:BANK SPEND:  700.00
2035-05-01:BANK SPEND:  700.00
2035-05-23:BANK SPEND:  950.00
2035-05-23:BANK SPEND:  950.00
2035-05-28:OAS/GIS payment: 1408.93
2035-05-28:OAS/GIS payment: 1408.93
2035-05-28:CPP payment:  297.90
2035-05-28:CPP payment:  297.90
2035-06-01:BANK SPEND:  700.00
2035-06-01:BANK SPEND:  700.00
2035-06-23:BANK SPEND:  950.00
2035-06-23:BANK SPEND:  950.00
2035-06-28:OAS/GIS payment: 1408.93
2035-06-28:OAS/GIS payment: 1408.93
2035-06-28:CPP payment:  297.90
2035-06-28:CPP payment:  297.90
2035-07-01:BANK SPEND:  700.00
2035-07-01:BANK SPEND:  700.00
2035-07-23:BANK SPEND:  950.00
2035-07-23:BANK SPEND:  950.00
2035-07-28:OAS/GIS payment: 1408.93
2035-07-28:OAS/GIS payment: 1408.93
2035-07-28:CPP payment:  297.90
2035-07-28:CPP payment:  297.90
2035-08-01:BANK SPEND:  700.00
2035-08-01:BANK SPEND:  700.00
2035-08-23:BANK SPEND:  950.00
2035-08-23:BANK SPEND:  950.00
2035-08-28:OAS/GIS payment: 1408.93
2035-08-28:OAS/GIS payment: 1408.93
2035-08-28:CPP payment:  297.90
2035-08-28:CPP payment:  297.90
2035-09-01:BANK SPEND:  700.00
2035-09-01:BANK SPEND:  700.00
2035-09-23:BANK SPEND:  950.00
2035-09-23:BANK SPEND:  950.00
2035-09-28:OAS/GIS payment: 1408.93
2035-09-28:OAS/GIS payment: 1408.93
2035-09-28:CPP payment:  297.90
2035-09-28:CPP payment:  297.90
2035-10-01:BANK SPEND:  700.00
2035-10-01:BANK SPEND:  700.00
2035-10-23:BANK SPEND:  950.00
2035-10-23:BANK SPEND:  950.00
2035-10-28:OAS/GIS payment: 1408.93
2035-10-28:OAS/GIS payment: 1408.93
2035-10-28:CPP payment:  297.90
2035-10-28:CPP payment:  297.90
2035-11-01:BANK SPEND:  700.00
2035-11-01:BANK SPEND:  700.00
2035-11-23:BANK SPEND:  950.00
2035-11-23:BANK SPEND:  950.00
2035-11-28:OAS/GIS payment: 1408.93
2035-11-28:OAS/GIS payment: 1408.93
2035-11-28:CPP payment:  297.90
2035-11-28:CPP payment:  297.90
2035-12-01:BANK SPEND:  700.00
2035-12-01:BANK SPEND:  700.00
2035-12-23:BANK SPEND:  950.00
2035-12-23:BANK SPEND:  950.00
2035-12-28:OAS/GIS payment: 1408.93
2035-12-28:OAS/GIS payment: 1408.93
2035-12-28:CPP payment:  297.90
2035-12-28:CPP payment:  297.90
2035-12-31:PAY TAXES:  0.00
2035-12-31:PAY TAXES:  0.00
2035 year-end.
2035 year-end.
Cash generated
     3,574.80 CPP
     7,838.52 OAS
     9,068.64 GIS
         0.00 Pension
         0.00 Dividends
         0.00 Net liquidation (sell-buy)
         0.00 Interest
         0.00 Total cash swept from tfsa-rif-nra to bank
    20,481.96 Total cash generated

Cash generated
     3,574.80 CPP
     7,838.52 OAS
     9,068.64 GIS
         0.00 Pension
         0.00 Dividends
         0.00 Net liquidation (sell-buy)
         0.00 Interest
         0.00 Total cash swept from tfsa-rif-nra to bank
    20,481.96 Total cash generated

Tax return 2035
    11,413.32 Taxable income
         0.00 Federal tax
         0.00 Provincial tax
         0.00 Tax Payable
         0.00 Dividend tax credits
         0.00 Installments
         0.00 Balance owing
    11,413.32 Net income
    11,413.32 Net income before adj
     7,838.52 OAS income
         0.00 Employment income
         0.00 RIF withdrawals

Tax return 2035
    11,413.32 Taxable income
         0.00 Federal tax
         0.00 Provincial tax
         0.00 Tax Payable
         0.00 Dividend tax credits
         0.00 Installments
         0.00 Balance owing
    11,413.32 Net income
    11,413.32 Net income before adj
     7,838.52 OAS income
         0.00 Employment income
         0.00 RIF withdrawals

Accounts
Accounts
     7,032.62 -BANKACCOUNT-
     7,032.62 Cash

     7,032.62 -BANKACCOUNT-
     7,032.62 Cash

     7,032.62 Net worth
     7,032.62 Net worth
         0.00 Investments worth

         0.00 Investments worth

2036-01-01:BANK SPEND:  700.00
2036-01-01:BANK SPEND:  700.00
2036-01-23:BANK SPEND:  950.00
2036-01-23:BANK SPEND:  950.00
2036-01-28:OAS/GIS payment: 1408.93
2036-01-28:OAS/GIS payment: 1408.93
2036-01-28:CPP payment:  297.90
2036-01-28:CPP payment:  297.90
2036-02-01:BANK SPEND:  700.00
2036-02-01:BANK SPEND:  700.00
2036-02-23:BANK SPEND:  950.00
2036-02-23:BANK SPEND:  950.00
2036-02-28:OAS/GIS payment: 1408.93
2036-02-28:OAS/GIS payment: 1408.93
2036-02-28:CPP payment:  297.90
2036-02-28:CPP payment:  297.90
2036-03-01:BANK SPEND:  700.00
2036-03-01:BANK SPEND:  700.00
2036-03-23:BANK SPEND:  950.00
2036-03-23:BANK SPEND:  950.00
2036-03-28:OAS/GIS payment: 1408.93
2036-03-28:OAS/GIS payment: 1408.93
2036-03-28:CPP payment:  297.90
2036-03-28:CPP payment:  297.90
2036-04-01:BANK SPEND:  700.00
2036-04-01:BANK SPEND:  700.00
2036-04-23:BANK SPEND:  950.00
2036-04-23:BANK SPEND:  950.00
2036-04-28:OAS/GIS payment: 1408.93
2036-04-28:OAS/GIS payment: 1408.93
2036-04-28:CPP payment:  297.90
2036-04-28:CPP payment:  297.90
2036-05-01:BANK SPEND:  700.00
2036-05-01:BANK SPEND:  700.00
2036-05-23:BANK SPEND:  950.00
2036-05-23:BANK SPEND:  950.00
2036-05-28:OAS/GIS payment: 1408.93
2036-05-28:OAS/GIS payment: 1408.93
2036-05-28:CPP payment:  297.90
2036-05-28:CPP payment:  297.90
2036-06-01:BANK SPEND:  700.00
2036-06-01:BANK SPEND:  700.00
2036-06-23:BANK SPEND:  950.00
2036-06-23:BANK SPEND:  950.00
2036-06-28:OAS/GIS payment: 1408.93
2036-06-28:OAS/GIS payment: 1408.93
2036-06-28:CPP payment:  297.90
2036-06-28:CPP payment:  297.90
2036-07-01:BANK SPEND:  700.00
2036-07-01:BANK SPEND:  700.00
2036-07-23:BANK SPEND:  950.00
2036-07-23:BANK SPEND:  950.00
2036-07-28:OAS/GIS payment: 1408.93
2036-07-28:OAS/GIS payment: 1408.93
2036-07-28:CPP payment:  297.90
2036-07-28:CPP payment:  297.90
2036-08-01:BANK SPEND:  700.00
2036-08-01:BANK SPEND:  700.00
2036-08-23:BANK SPEND:  950.00
2036-08-23:BANK SPEND:  950.00
2036-08-28:OAS/GIS payment: 1408.93
2036-08-28:OAS/GIS payment: 1408.93
2036-08-28:CPP payment:  297.90
2036-08-28:CPP payment:  297.90
2036-09-01:BANK SPEND:  700.00
2036-09-01:BANK SPEND:  700.00
2036-09-23:BANK SPEND:  950.00
2036-09-23:BANK SPEND:  950.00
2036-09-28:OAS/GIS payment: 1408.93
2036-09-28:OAS/GIS payment: 1408.93
2036-09-28:CPP payment:  297.90
2036-09-28:CPP payment:  297.90
2036-10-01:BANK SPEND:  700.00
2036-10-01:BANK SPEND:  700.00
2036-10-23:BANK SPEND:  950.00
2036-10-23:BANK SPEND:  950.00
2036-10-28:OAS/GIS payment: 1408.93
2036-10-28:OAS/GIS payment: 1408.93
2036-10-28:CPP payment:  297.90
2036-10-28:CPP payment:  297.90
2036-11-01:BANK SPEND:  700.00
2036-11-01:BANK SPEND:  700.00
2036-11-23:BANK SPEND:  950.00
2036-11-23:BANK SPEND:  950.00
2036-11-28:OAS/GIS payment: 1408.93
2036-11-28:OAS/GIS payment: 1408.93
2036-11-28:CPP payment:  297.90
2036-11-28:CPP payment:  297.90
2036-12-01:BANK SPEND:  700.00
2036-12-01:BANK SPEND:  700.00
2036-12-23:BANK SPEND:  950.00
2036-12-23:BANK SPEND:  950.00
2036-12-28:OAS/GIS payment: 1408.93
2036-12-28:OAS/GIS payment: 1408.93
2036-12-28:CPP payment:  297.90
2036-12-28:CPP payment:  297.90
2036-12-31:PAY TAXES:  0.00
2036-12-31:PAY TAXES:  0.00
2036 year-end.
2036 year-end.
Cash generated
     3,574.80 CPP
     7,838.52 OAS
     9,068.64 GIS
         0.00 Pension
         0.00 Dividends
         0.00 Net liquidation (sell-buy)
         0.00 Interest
         0.00 Total cash swept from tfsa-rif-nra to bank
    20,481.96 Total cash generated

Cash generated
     3,574.80 CPP
     7,838.52 OAS
     9,068.64 GIS
         0.00 Pension
         0.00 Dividends
         0.00 Net liquidation (sell-buy)
         0.00 Interest
         0.00 Total cash swept from tfsa-rif-nra to bank
    20,481.96 Total cash generated

Tax return 2036
    11,413.32 Taxable income
         0.00 Federal tax
         0.00 Provincial tax
         0.00 Tax Payable
         0.00 Dividend tax credits
         0.00 Installments
         0.00 Balance owing
    11,413.32 Net income
    11,413.32 Net income before adj
     7,838.52 OAS income
         0.00 Employment income
         0.00 RIF withdrawals

Tax return 2036
    11,413.32 Taxable income
         0.00 Federal tax
         0.00 Provincial tax
         0.00 Tax Payable
         0.00 Dividend tax credits
         0.00 Installments
         0.00 Balance owing
    11,413.32 Net income
    11,413.32 Net income before adj
     7,838.52 OAS income
         0.00 Employment income
         0.00 RIF withdrawals

Accounts
Accounts
     7,714.58 -BANKACCOUNT-
     7,714.58 Cash

     7,714.58 -BANKACCOUNT-
     7,714.58 Cash

     7,714.58 Net worth
     7,714.58 Net worth
         0.00 Investments worth

         0.00 Investments worth

2037-01-01:BANK SPEND:  700.00
2037-01-01:BANK SPEND:  700.00
2037-01-23:BANK SPEND:  950.00
2037-01-23:BANK SPEND:  950.00
2037-01-28:OAS/GIS payment: 1408.93
2037-01-28:OAS/GIS payment: 1408.93
2037-01-28:CPP payment:  297.90
2037-01-28:CPP payment:  297.90
2037-02-01:BANK SPEND:  700.00
2037-02-01:BANK SPEND:  700.00
2037-02-23:BANK SPEND:  950.00
2037-02-23:BANK SPEND:  950.00
2037-02-28:OAS/GIS payment: 1408.93
2037-02-28:OAS/GIS payment: 1408.93
2037-02-28:CPP payment:  297.90
2037-02-28:CPP payment:  297.90
2037-03-01:BANK SPEND:  700.00
2037-03-01:BANK SPEND:  700.00
2037-03-23:BANK SPEND:  950.00
2037-03-23:BANK SPEND:  950.00
2037-03-28:OAS/GIS payment: 1408.93
2037-03-28:OAS/GIS payment: 1408.93
2037-03-28:CPP payment:  297.90
2037-03-28:CPP payment:  297.90
2037-04-01:BANK SPEND:  700.00
2037-04-01:BANK SPEND:  700.00
2037-04-23:BANK SPEND:  950.00
2037-04-23:BANK SPEND:  950.00
2037-04-28:OAS/GIS payment: 1408.93
2037-04-28:OAS/GIS payment: 1408.93
2037-04-28:CPP payment:  297.90
2037-04-28:CPP payment:  297.90
2037-05-01:BANK SPEND:  700.00
2037-05-01:BANK SPEND:  700.00
2037-05-23:BANK SPEND:  950.00
2037-05-23:BANK SPEND:  950.00
2037-05-28:OAS/GIS payment: 1474.25
2037-05-28:OAS/GIS payment: 1474.25
2037-05-28:CPP payment:  297.90
2037-05-28:CPP payment:  297.90
2037-06-01:BANK SPEND:  700.00
2037-06-01:BANK SPEND:  700.00
2037-06-23:BANK SPEND:  950.00
2037-06-23:BANK SPEND:  950.00
2037-06-28:OAS/GIS payment: 1474.25
2037-06-28:OAS/GIS payment: 1474.25
2037-06-28:CPP payment:  297.90
2037-06-28:CPP payment:  297.90
2037-07-01:BANK SPEND:  700.00
2037-07-01:BANK SPEND:  700.00
2037-07-23:BANK SPEND:  950.00
2037-07-23:BANK SPEND:  950.00
2037-07-28:OAS/GIS payment: 1474.25
2037-07-28:OAS/GIS payment: 1474.25
2037-07-28:CPP payment:  297.90
2037-07-28:CPP payment:  297.90
2037-08-01:BANK SPEND:  700.00
2037-08-01:BANK SPEND:  700.00
2037-08-15:SPLURGE SPENDING:  108.35
2037-08-15:SPLURGE SPENDING:  108.35
2037-08-23:BANK SPEND:  950.00
2037-08-23:BANK SPEND:  950.00
2037-08-28:OAS/GIS payment: 1474.25
2037-08-28:OAS/GIS payment: 1474.25
2037-08-28:CPP payment:  297.90
2037-08-28:CPP payment:  297.90
2037-09-01:BANK SPEND:  700.00
2037-09-01:BANK SPEND:  700.00
2037-09-23:BANK SPEND:  950.00
2037-09-23:BANK SPEND:  950.00
2037-09-28:OAS/GIS payment: 1474.25
2037-09-28:OAS/GIS payment: 1474.25
2037-09-28:CPP payment:  297.90
2037-09-28:CPP payment:  297.90
2037-10-01:BANK SPEND:  700.00
2037-10-01:BANK SPEND:  700.00
2037-10-23:BANK SPEND:  950.00
2037-10-23:BANK SPEND:  950.00
2037-10-28:OAS/GIS payment: 1474.25
2037-10-28:OAS/GIS payment: 1474.25
2037-10-28:CPP payment:  297.90
2037-10-28:CPP payment:  297.90
2037-11-01:BANK SPEND:  700.00
2037-11-01:BANK SPEND:  700.00
2037-11-15:SPLURGE SPENDING:  366.45
2037-11-15:SPLURGE SPENDING:  366.45
2037-11-23:BANK SPEND:  950.00
2037-11-23:BANK SPEND:  950.00
2037-11-28:OAS/GIS payment: 1474.25
2037-11-28:OAS/GIS payment: 1474.25
2037-11-28:CPP payment:  297.90
2037-11-28:CPP payment:  297.90
2037-12-01:BANK SPEND:  700.00
2037-12-01:BANK SPEND:  700.00
2037-12-23:BANK SPEND:  950.00
2037-12-23:BANK SPEND:  950.00
2037-12-28:OAS/GIS payment: 1474.25
2037-12-28:OAS/GIS payment: 1474.25
2037-12-28:CPP payment:  297.90
2037-12-28:CPP payment:  297.90
2037-12-31:PAY TAXES:  0.00
2037-12-31:PAY TAXES:  0.00
2037 year-end.
2037 year-end.
Cash generated
     3,574.80 CPP
     8,361.08 OAS
     9,068.64 GIS
         0.00 Pension
         0.00 Dividends
         0.00 Net liquidation (sell-buy)
         0.00 Interest
         0.00 Total cash swept from tfsa-rif-nra to bank
    21,004.52 Total cash generated

Cash generated
     3,574.80 CPP
     8,361.08 OAS
     9,068.64 GIS
         0.00 Pension
         0.00 Dividends
         0.00 Net liquidation (sell-buy)
         0.00 Interest
         0.00 Total cash swept from tfsa-rif-nra to bank
    21,004.52 Total cash generated

Tax return 2037
    11,935.88 Taxable income
         0.00 Federal tax
         0.00 Provincial tax
         0.00 Tax Payable
         0.00 Dividend tax credits
         0.00 Installments
         0.00 Balance owing
    11,935.88 Net income
    11,935.88 Net income before adj
     8,361.08 OAS income
         0.00 Employment income
         0.00 RIF withdrawals

Tax return 2037
    11,935.88 Taxable income
         0.00 Federal tax
         0.00 Provincial tax
         0.00 Tax Payable
         0.00 Dividend tax credits
         0.00 Installments
         0.00 Balance owing
    11,935.88 Net income
    11,935.88 Net income before adj
     8,361.08 OAS income
         0.00 Employment income
         0.00 RIF withdrawals

Accounts
Accounts
     8,444.30 -BANKACCOUNT-
     8,444.30 Cash

     8,444.30 -BANKACCOUNT-
     8,444.30 Cash

     8,444.30 Net worth
     8,444.30 Net worth
         0.00 Investments worth

         0.00 Investments worth

2038-01-01:BANK SPEND:  700.00
2038-01-01:BANK SPEND:  700.00
2038-01-23:BANK SPEND:  950.00
2038-01-23:BANK SPEND:  950.00
2038-01-28:OAS/GIS payment: 1474.25
2038-01-28:OAS/GIS payment: 1474.25
2038-01-28:CPP payment:  297.90
2038-01-28:CPP payment:  297.90
2038-02-01:BANK SPEND:  700.00
2038-02-01:BANK SPEND:  700.00
2038-02-15:SPLURGE SPENDING:  366.45
2038-02-15:SPLURGE SPENDING:  366.45
2038-02-23:BANK SPEND:  950.00
2038-02-23:BANK SPEND:  950.00
2038-02-28:OAS/GIS payment: 1474.25
2038-02-28:OAS/GIS payment: 1474.25
2038-02-28:CPP payment:  297.90
2038-02-28:CPP payment:  297.90
2038-03-01:BANK SPEND:  700.00
2038-03-01:BANK SPEND:  700.00
2038-03-23:BANK SPEND:  950.00
2038-03-23:BANK SPEND:  950.00
2038-03-28:OAS/GIS payment: 1474.25
2038-03-28:OAS/GIS payment: 1474.25
2038-03-28:CPP payment:  297.90
2038-03-28:CPP payment:  297.90
2038-04-01:BANK SPEND:  700.00
2038-04-01:BANK SPEND:  700.00
2038-04-23:BANK SPEND:  950.00
2038-04-23:BANK SPEND:  950.00
2038-04-28:OAS/GIS payment: 1474.25
2038-04-28:OAS/GIS payment: 1474.25
2038-04-28:CPP payment:  297.90
2038-04-28:CPP payment:  297.90
2038-05-01:BANK SPEND:  700.00
2038-05-01:BANK SPEND:  700.00
2038-05-15:SPLURGE SPENDING:  366.45
2038-05-15:SPLURGE SPENDING:  366.45
2038-05-23:BANK SPEND:  950.00
2038-05-23:BANK SPEND:  950.00
2038-05-28:OAS/GIS payment: 1474.25
2038-05-28:OAS/GIS payment: 1474.25
2038-05-28:CPP payment:  297.90
2038-05-28:CPP payment:  297.90
2038-06-01:BANK SPEND:  700.00
2038-06-01:BANK SPEND:  700.00
2038-06-23:BANK SPEND:  950.00
2038-06-23:BANK SPEND:  950.00
2038-06-28:OAS/GIS payment: 1474.25
2038-06-28:OAS/GIS payment: 1474.25
2038-06-28:CPP payment:  297.90
2038-06-28:CPP payment:  297.90
2038-07-01:BANK SPEND:  700.00
2038-07-01:BANK SPEND:  700.00
2038-07-23:BANK SPEND:  950.00
2038-07-23:BANK SPEND:  950.00
2038-07-28:OAS/GIS payment: 1474.25
2038-07-28:OAS/GIS payment: 1474.25
2038-07-28:CPP payment:  297.90
2038-07-28:CPP payment:  297.90
2038-08-01:BANK SPEND:  700.00
2038-08-01:BANK SPEND:  700.00
2038-08-15:SPLURGE SPENDING:  366.45
2038-08-15:SPLURGE SPENDING:  366.45
2038-08-23:BANK SPEND:  950.00
2038-08-23:BANK SPEND:  950.00
2038-08-28:OAS/GIS payment: 1474.25
2038-08-28:OAS/GIS payment: 1474.25
2038-08-28:CPP payment:  297.90
2038-08-28:CPP payment:  297.90
2038-09-01:BANK SPEND:  700.00
2038-09-01:BANK SPEND:  700.00
2038-09-23:BANK SPEND:  950.00
2038-09-23:BANK SPEND:  950.00
2038-09-28:OAS/GIS payment: 1474.25
2038-09-28:OAS/GIS payment: 1474.25
2038-09-28:CPP payment:  297.90
2038-09-28:CPP payment:  297.90
2038-10-01:BANK SPEND:  700.00
2038-10-01:BANK SPEND:  700.00
2038-10-23:BANK SPEND:  950.00
2038-10-23:BANK SPEND:  950.00
2038-10-28:OAS/GIS payment: 1474.25
2038-10-28:OAS/GIS payment: 1474.25
2038-10-28:CPP payment:  297.90
2038-10-28:CPP payment:  297.90
2038-11-01:BANK SPEND:  700.00
2038-11-01:BANK SPEND:  700.00
2038-11-15:SPLURGE SPENDING:  366.45
2038-11-15:SPLURGE SPENDING:  366.45
2038-11-23:BANK SPEND:  950.00
2038-11-23:BANK SPEND:  950.00
2038-11-28:OAS/GIS payment: 1474.25
2038-11-28:OAS/GIS payment: 1474.25
2038-11-28:CPP payment:  297.90
2038-11-28:CPP payment:  297.90
2038-12-01:BANK SPEND:  700.00
2038-12-01:BANK SPEND:  700.00
2038-12-23:BANK SPEND:  950.00
2038-12-23:BANK SPEND:  950.00
2038-12-28:OAS/GIS payment: 1474.25
2038-12-28:OAS/GIS payment: 1474.25
2038-12-28:CPP payment:  297.90
2038-12-28:CPP payment:  297.90
2038-12-31:PAY TAXES:  0.00
2038-12-31:PAY TAXES:  0.00
2038 year-end.
2038 year-end.
Cash generated
     3,574.80 CPP
     8,622.36 OAS
     9,068.64 GIS
         0.00 Pension
         0.00 Dividends
         0.00 Net liquidation (sell-buy)
         0.00 Interest
         0.00 Total cash swept from tfsa-rif-nra to bank
    21,265.80 Total cash generated

Cash generated
     3,574.80 CPP
     8,622.36 OAS
     9,068.64 GIS
         0.00 Pension
         0.00 Dividends
         0.00 Net liquidation (sell-buy)
         0.00 Interest
         0.00 Total cash swept from tfsa-rif-nra to bank
    21,265.80 Total cash generated

Tax return 2038
    12,197.16 Taxable income
         0.00 Federal tax
         0.00 Provincial tax
         0.00 Tax Payable
         0.00 Dividend tax credits
         0.00 Installments
         0.00 Balance owing
    12,197.16 Net income
    12,197.16 Net income before adj
     8,622.36 OAS income
         0.00 Employment income
         0.00 RIF withdrawals

Tax return 2038
    12,197.16 Taxable income
         0.00 Federal tax
         0.00 Provincial tax
         0.00 Tax Payable
         0.00 Dividend tax credits
         0.00 Installments
         0.00 Balance owing
    12,197.16 Net income
    12,197.16 Net income before adj
     8,622.36 OAS income
         0.00 Employment income
         0.00 RIF withdrawals

Accounts
Accounts
     8,444.30 -BANKACCOUNT-
     8,444.30 Cash

     8,444.30 -BANKACCOUNT-
     8,444.30 Cash

     8,444.30 Net worth
     8,444.30 Net worth
         0.00 Investments worth

         0.00 Investments worth

2039-01-01:BANK SPEND:  700.00
2039-01-01:BANK SPEND:  700.00
2039-01-23:BANK SPEND:  950.00
2039-01-23:BANK SPEND:  950.00
2039-01-28:OAS/GIS payment: 1474.25
2039-01-28:OAS/GIS payment: 1474.25
2039-01-28:CPP payment:  297.90
2039-01-28:CPP payment:  297.90
2039-02-01:BANK SPEND:  700.00
2039-02-01:BANK SPEND:  700.00
2039-02-15:SPLURGE SPENDING:  366.45
2039-02-15:SPLURGE SPENDING:  366.45
2039-02-23:BANK SPEND:  950.00
2039-02-23:BANK SPEND:  950.00
2039-02-28:OAS/GIS payment: 1474.25
2039-02-28:OAS/GIS payment: 1474.25
2039-02-28:CPP payment:  297.90
2039-02-28:CPP payment:  297.90
2039-03-01:BANK SPEND:  700.00
2039-03-01:BANK SPEND:  700.00
2039-03-23:BANK SPEND:  950.00
2039-03-23:BANK SPEND:  950.00
2039-03-28:OAS/GIS payment: 1474.25
2039-03-28:OAS/GIS payment: 1474.25
2039-03-28:CPP payment:  297.90
2039-03-28:CPP payment:  297.90
2039-04-01:BANK SPEND:  700.00
2039-04-01:BANK SPEND:  700.00
2039-04-23:BANK SPEND:  950.00
2039-04-23:BANK SPEND:  950.00
2039-04-28:OAS/GIS payment: 1474.25
2039-04-28:OAS/GIS payment: 1474.25
2039-04-28:CPP payment:  297.90
2039-04-28:CPP payment:  297.90
2039-05-01:BANK SPEND:  700.00
2039-05-01:BANK SPEND:  700.00
2039-05-15:SPLURGE SPENDING:  366.45
2039-05-15:SPLURGE SPENDING:  366.45
2039-05-23:BANK SPEND:  950.00
2039-05-23:BANK SPEND:  950.00
2039-05-28:OAS/GIS payment: 1474.25
2039-05-28:OAS/GIS payment: 1474.25
2039-05-28:CPP payment:  297.90
2039-05-28:CPP payment:  297.90
2039-06-01:BANK SPEND:  700.00
2039-06-01:BANK SPEND:  700.00
2039-06-23:BANK SPEND:  950.00
2039-06-23:BANK SPEND:  950.00
2039-06-28:OAS/GIS payment: 1474.25
2039-06-28:OAS/GIS payment: 1474.25
2039-06-28:CPP payment:  297.90
2039-06-28:CPP payment:  297.90
2039-07-01:BANK SPEND:  700.00
2039-07-01:BANK SPEND:  700.00
2039-07-23:BANK SPEND:  950.00
2039-07-23:BANK SPEND:  950.00
2039-07-28:OAS/GIS payment: 1474.25
2039-07-28:OAS/GIS payment: 1474.25
2039-07-28:CPP payment:  297.90
2039-07-28:CPP payment:  297.90
2039-08-01:BANK SPEND:  700.00
2039-08-01:BANK SPEND:  700.00
2039-08-15:SPLURGE SPENDING:  366.45
2039-08-15:SPLURGE SPENDING:  366.45
2039-08-23:BANK SPEND:  950.00
2039-08-23:BANK SPEND:  950.00
2039-08-28:OAS/GIS payment: 1474.25
2039-08-28:OAS/GIS payment: 1474.25
2039-08-28:CPP payment:  297.90
2039-08-28:CPP payment:  297.90
2039-09-01:BANK SPEND:  700.00
2039-09-01:BANK SPEND:  700.00
2039-09-23:BANK SPEND:  950.00
2039-09-23:BANK SPEND:  950.00
2039-09-28:OAS/GIS payment: 1474.25
2039-09-28:OAS/GIS payment: 1474.25
2039-09-28:CPP payment:  297.90
2039-09-28:CPP payment:  297.90
2039-10-01:BANK SPEND:  700.00
2039-10-01:BANK SPEND:  700.00
2039-10-23:BANK SPEND:  950.00
2039-10-23:BANK SPEND:  950.00
2039-10-28:OAS/GIS payment: 1474.25
2039-10-28:OAS/GIS payment: 1474.25
2039-10-28:CPP payment:  297.90
2039-10-28:CPP payment:  297.90
2039-11-01:BANK SPEND:  700.00
2039-11-01:BANK SPEND:  700.00
2039-11-15:SPLURGE SPENDING:  366.45
2039-11-15:SPLURGE SPENDING:  366.45
2039-11-23:BANK SPEND:  950.00
2039-11-23:BANK SPEND:  950.00
2039-11-28:OAS/GIS payment: 1474.25
2039-11-28:OAS/GIS payment: 1474.25
2039-11-28:CPP payment:  297.90
2039-11-28:CPP payment:  297.90
2039-12-01:BANK SPEND:  700.00
2039-12-01:BANK SPEND:  700.00
2039-12-23:BANK SPEND:  950.00
2039-12-23:BANK SPEND:  950.00
2039-12-28:OAS/GIS payment: 1474.25
2039-12-28:OAS/GIS payment: 1474.25
2039-12-28:CPP payment:  297.90
2039-12-28:CPP payment:  297.90
2039-12-31:PAY TAXES:  0.00
2039-12-31:PAY TAXES:  0.00
2039 year-end.
2039 year-end.
Cash generated
     3,574.80 CPP
     8,622.36 OAS
     9,068.64 GIS
         0.00 Pension
         0.00 Dividends
         0.00 Net liquidation (sell-buy)
         0.00 Interest
         0.00 Total cash swept from tfsa-rif-nra to bank
    21,265.80 Total cash generated

Cash generated
     3,574.80 CPP
     8,622.36 OAS
     9,068.64 GIS
         0.00 Pension
         0.00 Dividends
         0.00 Net liquidation (sell-buy)
         0.00 Interest
         0.00 Total cash swept from tfsa-rif-nra to bank
    21,265.80 Total cash generated

Tax return 2039
    12,197.16 Taxable income
         0.00 Federal tax
         0.00 Provincial tax
         0.00 Tax Payable
         0.00 Dividend tax credits
         0.00 Installments
         0.00 Balance owing
    12,197.16 Net income
    12,197.16 Net income before adj
     8,622.36 OAS income
         0.00 Employment income
         0.00 RIF withdrawals

Tax return 2039
    12,197.16 Taxable income
         0.00 Federal tax
         0.00 Provincial tax
         0.00 Tax Payable
         0.00 Dividend tax credits
         0.00 Installments
         0.00 Balance owing
    12,197.16 Net income
    12,197.16 Net income before adj
     8,622.36 OAS income
         0.00 Employment income
         0.00 RIF withdrawals

Accounts
Accounts
     8,444.30 -BANKACCOUNT-
     8,444.30 Cash

     8,444.30 -BANKACCOUNT-
     8,444.30 Cash

     8,444.30 Net worth
     8,444.30 Net worth
         0.00 Investments worth

         0.00 Investments worth

2040-01-01:BANK SPEND:  700.00
2040-01-01:BANK SPEND:  700.00
2040-01-23:BANK SPEND:  950.00
2040-01-23:BANK SPEND:  950.00
2040-01-28:OAS/GIS payment: 1474.25
2040-01-28:OAS/GIS payment: 1474.25
2040-01-28:CPP payment:  297.90
2040-01-28:CPP payment:  297.90
2040-02-01:BANK SPEND:  700.00
2040-02-01:BANK SPEND:  700.00
2040-02-15:SPLURGE SPENDING:  366.45
2040-02-15:SPLURGE SPENDING:  366.45
2040-02-23:BANK SPEND:  950.00
2040-02-23:BANK SPEND:  950.00
2040-02-28:OAS/GIS payment: 1474.25
2040-02-28:OAS/GIS payment: 1474.25
2040-02-28:CPP payment:  297.90
2040-02-28:CPP payment:  297.90
2040-03-01:BANK SPEND:  700.00
2040-03-01:BANK SPEND:  700.00
2040-03-23:BANK SPEND:  950.00
2040-03-23:BANK SPEND:  950.00
2040-03-28:OAS/GIS payment: 1474.25
2040-03-28:OAS/GIS payment: 1474.25
2040-03-28:CPP payment:  297.90
2040-03-28:CPP payment:  297.90
2040-04-01:BANK SPEND:  700.00
2040-04-01:BANK SPEND:  700.00
2040-04-23:BANK SPEND:  950.00
2040-04-23:BANK SPEND:  950.00
2040-04-28:OAS/GIS payment: 1474.25
2040-04-28:OAS/GIS payment: 1474.25
2040-04-28:CPP payment:  297.90
2040-04-28:CPP payment:  297.90
2040-05-01:BANK SPEND:  700.00
2040-05-01:BANK SPEND:  700.00
2040-05-15:SPLURGE SPENDING:  366.45
2040-05-15:SPLURGE SPENDING:  366.45
2040-05-23:BANK SPEND:  950.00
2040-05-23:BANK SPEND:  950.00
2040-05-28:OAS/GIS payment: 1474.25
2040-05-28:OAS/GIS payment: 1474.25
2040-05-28:CPP payment:  297.90
2040-05-28:CPP payment:  297.90
2040-06-01:BANK SPEND:  700.00
2040-06-01:BANK SPEND:  700.00
2040-06-23:BANK SPEND:  950.00
2040-06-23:BANK SPEND:  950.00
2040-06-28:OAS/GIS payment: 1474.25
2040-06-28:OAS/GIS payment: 1474.25
2040-06-28:CPP payment:  297.90
2040-06-28:CPP payment:  297.90
2040-07-01:BANK SPEND:  700.00
2040-07-01:BANK SPEND:  700.00
2040-07-23:BANK SPEND:  950.00
2040-07-23:BANK SPEND:  950.00
2040-07-28:OAS/GIS payment: 1474.25
2040-07-28:OAS/GIS payment: 1474.25
2040-07-28:CPP payment:  297.90
2040-07-28:CPP payment:  297.90
2040-08-01:BANK SPEND:  700.00
2040-08-01:BANK SPEND:  700.00
2040-08-15:SPLURGE SPENDING:  366.45
2040-08-15:SPLURGE SPENDING:  366.45
2040-08-23:BANK SPEND:  950.00
2040-08-23:BANK SPEND:  950.00
2040-08-28:OAS/GIS payment: 1474.25
2040-08-28:OAS/GIS payment: 1474.25
2040-08-28:CPP payment:  297.90
2040-08-28:CPP payment:  297.90
2040-09-01:BANK SPEND:  700.00
2040-09-01:BANK SPEND:  700.00
2040-09-23:BANK SPEND:  950.00
2040-09-23:BANK SPEND:  950.00
2040-09-28:OAS/GIS payment: 1474.25
2040-09-28:OAS/GIS payment: 1474.25
2040-09-28:CPP payment:  297.90
2040-09-28:CPP payment:  297.90
2040-10-01:BANK SPEND:  700.00
2040-10-01:BANK SPEND:  700.00
2040-10-23:BANK SPEND:  950.00
2040-10-23:BANK SPEND:  950.00
2040-10-28:OAS/GIS payment: 1474.25
2040-10-28:OAS/GIS payment: 1474.25
2040-10-28:CPP payment:  297.90
2040-10-28:CPP payment:  297.90
2040-11-01:BANK SPEND:  700.00
2040-11-01:BANK SPEND:  700.00
2040-11-15:SPLURGE SPENDING:  366.45
2040-11-15:SPLURGE SPENDING:  366.45
2040-11-23:BANK SPEND:  950.00
2040-11-23:BANK SPEND:  950.00
2040-11-28:OAS/GIS payment: 1474.25
2040-11-28:OAS/GIS payment: 1474.25
2040-11-28:CPP payment:  297.90
2040-11-28:CPP payment:  297.90
2040-12-01:BANK SPEND:  700.00
2040-12-01:BANK SPEND:  700.00
2040-12-23:BANK SPEND:  950.00
2040-12-23:BANK SPEND:  950.00
2040-12-28:OAS/GIS payment: 1474.25
2040-12-28:OAS/GIS payment: 1474.25
2040-12-28:CPP payment:  297.90
2040-12-28:CPP payment:  297.90
2040-12-31:PAY TAXES:  0.00
2040-12-31:PAY TAXES:  0.00
2040 year-end.
2040 year-end.
Cash generated
     3,574.80 CPP
     8,622.36 OAS
     9,068.64 GIS
         0.00 Pension
         0.00 Dividends
         0.00 Net liquidation (sell-buy)
         0.00 Interest
         0.00 Total cash swept from tfsa-rif-nra to bank
    21,265.80 Total cash generated

Cash generated
     3,574.80 CPP
     8,622.36 OAS
     9,068.64 GIS
         0.00 Pension
         0.00 Dividends
         0.00 Net liquidation (sell-buy)
         0.00 Interest
         0.00 Total cash swept from tfsa-rif-nra to bank
    21,265.80 Total cash generated

Tax return 2040
    12,197.16 Taxable income
         0.00 Federal tax
         0.00 Provincial tax
         0.00 Tax Payable
         0.00 Dividend tax credits
         0.00 Installments
         0.00 Balance owing
    12,197.16 Net income
    12,197.16 Net income before adj
     8,622.36 OAS income
         0.00 Employment income
         0.00 RIF withdrawals

Tax return 2040
    12,197.16 Taxable income
         0.00 Federal tax
         0.00 Provincial tax
         0.00 Tax Payable
         0.00 Dividend tax credits
         0.00 Installments
         0.00 Balance owing
    12,197.16 Net income
    12,197.16 Net income before adj
     8,622.36 OAS income
         0.00 Employment income
         0.00 RIF withdrawals

Accounts
Accounts
     8,444.30 -BANKACCOUNT-
     8,444.30 Cash

     8,444.30 -BANKACCOUNT-
     8,444.30 Cash

     8,444.30 Net worth
     8,444.30 Net worth
         0.00 Investments worth

         0.00 Investments worth

2041-01-01:BANK SPEND:  700.00
2041-01-01:BANK SPEND:  700.00
2041-01-23:BANK SPEND:  950.00
2041-01-23:BANK SPEND:  950.00
2041-01-28:OAS/GIS payment: 1474.25
2041-01-28:OAS/GIS payment: 1474.25
2041-01-28:CPP payment:  297.90
2041-01-28:CPP payment:  297.90
2041-02-01:BANK SPEND:  700.00
2041-02-01:BANK SPEND:  700.00
2041-02-15:SPLURGE SPENDING:  366.45
2041-02-15:SPLURGE SPENDING:  366.45
2041-02-23:BANK SPEND:  950.00
2041-02-23:BANK SPEND:  950.00
2041-02-28:OAS/GIS payment: 1474.25
2041-02-28:OAS/GIS payment: 1474.25
2041-02-28:CPP payment:  297.90
2041-02-28:CPP payment:  297.90
2041-03-01:BANK SPEND:  700.00
2041-03-01:BANK SPEND:  700.00
2041-03-23:BANK SPEND:  950.00
2041-03-23:BANK SPEND:  950.00
2041-03-28:OAS/GIS payment: 1474.25
2041-03-28:OAS/GIS payment: 1474.25
2041-03-28:CPP payment:  297.90
2041-03-28:CPP payment:  297.90
2041-04-01:BANK SPEND:  700.00
2041-04-01:BANK SPEND:  700.00
2041-04-23:BANK SPEND:  950.00
2041-04-23:BANK SPEND:  950.00
2041-04-28:OAS/GIS payment: 1474.25
2041-04-28:OAS/GIS payment: 1474.25
2041-04-28:CPP payment:  297.90
2041-04-28:CPP payment:  297.90
2041-05-01:BANK SPEND:  700.00
2041-05-01:BANK SPEND:  700.00
2041-05-15:SPLURGE SPENDING:  366.45
2041-05-15:SPLURGE SPENDING:  366.45
2041-05-23:BANK SPEND:  950.00
2041-05-23:BANK SPEND:  950.00
2041-05-28:OAS/GIS payment: 1474.25
2041-05-28:OAS/GIS payment: 1474.25
2041-05-28:CPP payment:  297.90
2041-05-28:CPP payment:  297.90
2041-06-01:BANK SPEND:  700.00
2041-06-01:BANK SPEND:  700.00
2041-06-23:BANK SPEND:  950.00
2041-06-23:BANK SPEND:  950.00
2041-06-28:OAS/GIS payment: 1474.25
2041-06-28:OAS/GIS payment: 1474.25
2041-06-28:CPP payment:  297.90
2041-06-28:CPP payment:  297.90
2041-07-01:BANK SPEND:  700.00
2041-07-01:BANK SPEND:  700.00
2041-07-23:BANK SPEND:  950.00
2041-07-23:BANK SPEND:  950.00
2041-07-28:OAS/GIS payment: 1474.25
2041-07-28:OAS/GIS payment: 1474.25
2041-07-28:CPP payment:  297.90
2041-07-28:CPP payment:  297.90
2041-08-01:BANK SPEND:  700.00
2041-08-01:BANK SPEND:  700.00
2041-08-15:SPLURGE SPENDING:  366.45
2041-08-15:SPLURGE SPENDING:  366.45
2041-08-23:BANK SPEND:  950.00
2041-08-23:BANK SPEND:  950.00
2041-08-28:OAS/GIS payment: 1474.25
2041-08-28:OAS/GIS payment: 1474.25
2041-08-28:CPP payment:  297.90
2041-08-28:CPP payment:  297.90
2041-09-01:BANK SPEND:  700.00
2041-09-01:BANK SPEND:  700.00
2041-09-23:BANK SPEND:  950.00
2041-09-23:BANK SPEND:  950.00
2041-09-28:OAS/GIS payment: 1474.25
2041-09-28:OAS/GIS payment: 1474.25
2041-09-28:CPP payment:  297.90
2041-09-28:CPP payment:  297.90
2041-10-01:BANK SPEND:  700.00
2041-10-01:BANK SPEND:  700.00
2041-10-23:BANK SPEND:  950.00
2041-10-23:BANK SPEND:  950.00
2041-10-28:OAS/GIS payment: 1474.25
2041-10-28:OAS/GIS payment: 1474.25
2041-10-28:CPP payment:  297.90
2041-10-28:CPP payment:  297.90
2041-11-01:BANK SPEND:  700.00
2041-11-01:BANK SPEND:  700.00
2041-11-15:SPLURGE SPENDING:  366.45
2041-11-15:SPLURGE SPENDING:  366.45
2041-11-23:BANK SPEND:  950.00
2041-11-23:BANK SPEND:  950.00
2041-11-28:OAS/GIS payment: 1474.25
2041-11-28:OAS/GIS payment: 1474.25
2041-11-28:CPP payment:  297.90
2041-11-28:CPP payment:  297.90
2041-12-01:BANK SPEND:  700.00
2041-12-01:BANK SPEND:  700.00
2041-12-23:BANK SPEND:  950.00
2041-12-23:BANK SPEND:  950.00
2041-12-28:OAS/GIS payment: 1474.25
2041-12-28:OAS/GIS payment: 1474.25
2041-12-28:CPP payment:  297.90
2041-12-28:CPP payment:  297.90
2041-12-31:PAY TAXES:  0.00
2041-12-31:PAY TAXES:  0.00
2041 year-end.
2041 year-end.
Cash generated
     3,574.80 CPP
     8,622.36 OAS
     9,068.64 GIS
         0.00 Pension
         0.00 Dividends
         0.00 Net liquidation (sell-buy)
         0.00 Interest
         0.00 Total cash swept from tfsa-rif-nra to bank
    21,265.80 Total cash generated

Cash generated
     3,574.80 CPP
     8,622.36 OAS
     9,068.64 GIS
         0.00 Pension
         0.00 Dividends
         0.00 Net liquidation (sell-buy)
         0.00 Interest
         0.00 Total cash swept from tfsa-rif-nra to bank
    21,265.80 Total cash generated

Tax return 2041
    12,197.16 Taxable income
         0.00 Federal tax
         0.00 Provincial tax
         0.00 Tax Payable
         0.00 Dividend tax credits
         0.00 Installments
         0.00 Balance owing
    12,197.16 Net income
    12,197.16 Net income before adj
     8,622.36 OAS income
         0.00 Employment income
         0.00 RIF withdrawals

Tax return 2041
    12,197.16 Taxable income
         0.00 Federal tax
         0.00 Provincial tax
         0.00 Tax Payable
         0.00 Dividend tax credits
         0.00 Installments
         0.00 Balance owing
    12,197.16 Net income
    12,197.16 Net income before adj
     8,622.36 OAS income
         0.00 Employment income
         0.00 RIF withdrawals

Accounts
Accounts
     8,444.30 -BANKACCOUNT-
     8,444.30 Cash

     8,444.30 -BANKACCOUNT-
     8,444.30 Cash

     8,444.30 Net worth
     8,444.30 Net worth
         0.00 Investments worth

         0.00 Investments worth

2042-01-01:BANK SPEND:  700.00
2042-01-01:BANK SPEND:  700.00
2042-01-23:BANK SPEND:  950.00
2042-01-23:BANK SPEND:  950.00
2042-01-28:OAS/GIS payment: 1474.25
2042-01-28:OAS/GIS payment: 1474.25
2042-01-28:CPP payment:  297.90
2042-01-28:CPP payment:  297.90
2042-02-01:BANK SPEND:  700.00
2042-02-01:BANK SPEND:  700.00
2042-02-15:SPLURGE SPENDING:  366.45
2042-02-15:SPLURGE SPENDING:  366.45
2042-02-23:BANK SPEND:  950.00
2042-02-23:BANK SPEND:  950.00
2042-02-28:OAS/GIS payment: 1474.25
2042-02-28:OAS/GIS payment: 1474.25
2042-02-28:CPP payment:  297.90
2042-02-28:CPP payment:  297.90
2042-03-01:BANK SPEND:  700.00
2042-03-01:BANK SPEND:  700.00
2042-03-23:BANK SPEND:  950.00
2042-03-23:BANK SPEND:  950.00
2042-03-28:OAS/GIS payment: 1474.25
2042-03-28:OAS/GIS payment: 1474.25
2042-03-28:CPP payment:  297.90
2042-03-28:CPP payment:  297.90
2042-04-01:BANK SPEND:  700.00
2042-04-01:BANK SPEND:  700.00
2042-04-23:BANK SPEND:  950.00
2042-04-23:BANK SPEND:  950.00
2042-04-28:OAS/GIS payment: 1474.25
2042-04-28:OAS/GIS payment: 1474.25
2042-04-28:CPP payment:  297.90
2042-04-28:CPP payment:  297.90
2042-05-01:BANK SPEND:  700.00
2042-05-01:BANK SPEND:  700.00
2042-05-15:SPLURGE SPENDING:  366.45
2042-05-15:SPLURGE SPENDING:  366.45
2042-05-23:BANK SPEND:  950.00
2042-05-23:BANK SPEND:  950.00
2042-05-28:OAS/GIS payment: 1474.25
2042-05-28:OAS/GIS payment: 1474.25
2042-05-28:CPP payment:  297.90
2042-05-28:CPP payment:  297.90
2042-06-01:BANK SPEND:  700.00
2042-06-01:BANK SPEND:  700.00
2042-06-23:BANK SPEND:  950.00
2042-06-23:BANK SPEND:  950.00
2042-06-28:OAS/GIS payment: 1474.25
2042-06-28:OAS/GIS payment: 1474.25
2042-06-28:CPP payment:  297.90
2042-06-28:CPP payment:  297.90
2042-07-01:BANK SPEND:  700.00
2042-07-01:BANK SPEND:  700.00
2042-07-23:BANK SPEND:  950.00
2042-07-23:BANK SPEND:  950.00
2042-07-28:OAS/GIS payment: 1474.25
2042-07-28:OAS/GIS payment: 1474.25
2042-07-28:CPP payment:  297.90
2042-07-28:CPP payment:  297.90
2042-08-01:BANK SPEND:  700.00
2042-08-01:BANK SPEND:  700.00
2042-08-15:SPLURGE SPENDING:  366.45
2042-08-15:SPLURGE SPENDING:  366.45
2042-08-23:BANK SPEND:  950.00
2042-08-23:BANK SPEND:  950.00
2042-08-28:OAS/GIS payment: 1474.25
2042-08-28:OAS/GIS payment: 1474.25
2042-08-28:CPP payment:  297.90
2042-08-28:CPP payment:  297.90
2042-09-01:BANK SPEND:  700.00
2042-09-01:BANK SPEND:  700.00
2042-09-23:BANK SPEND:  950.00
2042-09-23:BANK SPEND:  950.00
2042-09-28:OAS/GIS payment: 1474.25
2042-09-28:OAS/GIS payment: 1474.25
2042-09-28:CPP payment:  297.90
2042-09-28:CPP payment:  297.90
2042-10-01:BANK SPEND:  700.00
2042-10-01:BANK SPEND:  700.00
2042-10-23:BANK SPEND:  950.00
2042-10-23:BANK SPEND:  950.00
2042-10-28:OAS/GIS payment: 1474.25
2042-10-28:OAS/GIS payment: 1474.25
2042-10-28:CPP payment:  297.90
2042-10-28:CPP payment:  297.90
2042-11-01:BANK SPEND:  700.00
2042-11-01:BANK SPEND:  700.00
2042-11-15:SPLURGE SPENDING:  366.45
2042-11-15:SPLURGE SPENDING:  366.45
2042-11-23:BANK SPEND:  950.00
2042-11-23:BANK SPEND:  950.00
2042-11-28:OAS/GIS payment: 1474.25
2042-11-28:OAS/GIS payment: 1474.25
2042-11-28:CPP payment:  297.90
2042-11-28:CPP payment:  297.90
2042-12-01:BANK SPEND:  700.00
2042-12-01:BANK SPEND:  700.00
2042-12-23:BANK SPEND:  950.00
2042-12-23:BANK SPEND:  950.00
2042-12-28:OAS/GIS payment: 1474.25
2042-12-28:OAS/GIS payment: 1474.25
2042-12-28:CPP payment:  297.90
2042-12-28:CPP payment:  297.90
2042-12-31:PAY TAXES:  0.00
2042-12-31:PAY TAXES:  0.00
2042 year-end.
2042 year-end.
Cash generated
     3,574.80 CPP
     8,622.36 OAS
     9,068.64 GIS
         0.00 Pension
         0.00 Dividends
         0.00 Net liquidation (sell-buy)
         0.00 Interest
         0.00 Total cash swept from tfsa-rif-nra to bank
    21,265.80 Total cash generated

Cash generated
     3,574.80 CPP
     8,622.36 OAS
     9,068.64 GIS
         0.00 Pension
         0.00 Dividends
         0.00 Net liquidation (sell-buy)
         0.00 Interest
         0.00 Total cash swept from tfsa-rif-nra to bank
    21,265.80 Total cash generated

Tax return 2042
    12,197.16 Taxable income
         0.00 Federal tax
         0.00 Provincial tax
         0.00 Tax Payable
         0.00 Dividend tax credits
         0.00 Installments
         0.00 Balance owing
    12,197.16 Net income
    12,197.16 Net income before adj
     8,622.36 OAS income
         0.00 Employment income
         0.00 RIF withdrawals

Tax return 2042
    12,197.16 Taxable income
         0.00 Federal tax
         0.00 Provincial tax
         0.00 Tax Payable
         0.00 Dividend tax credits
         0.00 Installments
         0.00 Balance owing
    12,197.16 Net income
    12,197.16 Net income before adj
     8,622.36 OAS income
         0.00 Employment income
         0.00 RIF withdrawals

Accounts
Accounts
     8,444.30 -BANKACCOUNT-
     8,444.30 Cash

     8,444.30 -BANKACCOUNT-
     8,444.30 Cash

     8,444.30 Net worth
     8,444.30 Net worth
         0.00 Investments worth

         0.00 Investments worth

Summations (nominal)
Summations (nominal)
Cash generated
    53,622.00 CPP
   122,019.56 OAS
   128,866.44 GIS
         0.00 Pension
         0.00 Dividends
         0.00 Net liquidation (sell-buy)
         0.00 Interest
         0.00 Total cash swept from tfsa-rif-nra to bank
   304,508.00 Total cash generated

Cash generated
    53,622.00 CPP
   122,019.56 OAS
   128,866.44 GIS
         0.00 Pension
         0.00 Dividends
         0.00 Net liquidation (sell-buy)
         0.00 Interest
         0.00 Total cash swept from tfsa-rif-nra to bank
   304,508.00 Total cash generated

Tax return 
   175,641.56 Taxable income
         0.00 Federal tax
         0.00 Provincial tax
         0.00 Tax Payable
         0.00 Dividend tax credits
         0.00 Installments
         0.00 Balance owing
   175,641.56 Net income
   175,641.56 Net income before adj
   175,641.56 OAS income
         0.00 Employment income
         0.00 RIF withdrawals

Tax return 
   175,641.56 Taxable income
         0.00 Federal tax
         0.00 Provincial tax
         0.00 Tax Payable
         0.00 Dividend tax credits
         0.00 Installments
         0.00 Balance owing
   175,641.56 Net income
   175,641.56 Net income before adj
   175,641.56 OAS income
         0.00 Employment income
         0.00 RIF withdrawals

Summations (per year)
Summations (per year)
Cash generated
     3,574.80 CPP
     8,134.64 OAS
     8,591.10 GIS
         0.00 Pension
         0.00 Dividends
         0.00 Net liquidation (sell-buy)
         0.00 Interest
         0.00 Total cash swept from tfsa-rif-nra to bank
    20,300.54 Total cash generated

Cash generated
     3,574.80 CPP
     8,134.64 OAS
     8,591.10 GIS
         0.00 Pension
         0.00 Dividends
         0.00 Net liquidation (sell-buy)
         0.00 Interest
         0.00 Total cash swept from tfsa-rif-nra to bank
    20,300.54 Total cash generated

Tax return 
    11,709.44 Taxable income
         0.00 Federal tax
         0.00 Provincial tax
         0.00 Tax Payable
         0.00 Dividend tax credits
         0.00 Installments
         0.00 Balance owing
    11,709.44 Net income
   175,641.56 Net income before adj
    11,709.44 OAS income
         0.00 Employment income
         0.00 RIF withdrawals

Tax return 
    11,709.44 Taxable income
         0.00 Federal tax
         0.00 Provincial tax
         0.00 Tax Payable
         0.00 Dividend tax credits
         0.00 Installments
         0.00 Balance owing
    11,709.44 Net income
   175,641.56 Net income before adj
    11,709.44 OAS income
         0.00 Employment income
         0.00 RIF withdrawals

# Net, gross, tax paid:
# Net, gross, tax paid:
# 2028 net: 13318.80 = 13318.80 - 0.00.  [Net worth:2258.90] (age 66)
# 2028 net: 13318.80 = 13318.80 - 0.00.  [Net worth:2258.90] (age 66)
# 2029 net: 20481.96 = 20481.96 - 0.00.  [Net worth:2940.86] (age 67)
# 2029 net: 20481.96 = 20481.96 - 0.00.  [Net worth:2940.86] (age 67)
# 2030 net: 20481.96 = 20481.96 - 0.00.  [Net worth:3622.82] (age 68)
# 2030 net: 20481.96 = 20481.96 - 0.00.  [Net worth:3622.82] (age 68)
# 2031 net: 20481.96 = 20481.96 - 0.00.  [Net worth:4304.78] (age 69)
# 2031 net: 20481.96 = 20481.96 - 0.00.  [Net worth:4304.78] (age 69)
# 2032 net: 20481.96 = 20481.96 - 0.00.  [Net worth:4986.74] (age 70)
# 2032 net: 20481.96 = 20481.96 - 0.00.  [Net worth:4986.74] (age 70)
# 2033 net: 20481.96 = 20481.96 - 0.00.  [Net worth:5668.70] (age 71)
# 2033 net: 20481.96 = 20481.96 - 0.00.  [Net worth:5668.70] (age 71)
# 2034 net: 20481.96 = 20481.96 - 0.00.  [Net worth:6350.66] (age 72)
# 2034 net: 20481.96 = 20481.96 - 0.00.  [Net worth:6350.66] (age 72)
# 2035 net: 20481.96 = 20481.96 - 0.00.  [Net worth:7032.62] (age 73)
# 2035 net: 20481.96 = 20481.96 - 0.00.  [Net worth:7032.62] (age 73)
# 2036 net: 20481.96 = 20481.96 - 0.00.  [Net worth:7714.58] (age 74)
# 2036 net: 20481.96 = 20481.96 - 0.00.  [Net worth:7714.58] (age 74)
# 2037 net: 21004.52 = 21004.52 - 0.00.  [Net worth:8444.30] (age 75)
# 2037 net: 21004.52 = 21004.52 - 0.00.  [Net worth:8444.30] (age 75)
# 2038 net: 21265.80 = 21265.80 - 0.00.  [Net worth:8444.30] (age 76)
# 2038 net: 21265.80 = 21265.80 - 0.00.  [Net worth:8444.30] (age 76)
# 2039 net: 21265.80 = 21265.80 - 0.00.  [Net worth:8444.30] (age 77)
# 2039 net: 21265.80 = 21265.80 - 0.00.  [Net worth:8444.30] (age 77)
# 2040 net: 21265.80 = 21265.80 - 0.00.  [Net worth:8444.30] (age 78)
# 2040 net: 21265.80 = 21265.80 - 0.00.  [Net worth:8444.30] (age 78)
# 2041 net: 21265.80 = 21265.80 - 0.00.  [Net worth:8444.30] (age 79)
# 2041 net: 21265.80 = 21265.80 - 0.00.  [Net worth:8444.30] (age 79)
# 2042 net: 21265.80 = 21265.80 - 0.00.  [Net worth:8444.30] (age 80)
# 2042 net: 21265.80 = 21265.80 - 0.00.  [Net worth:8444.30] (age 80)
#   Total: 304508.00 = 304508.00 - 0.00   (Net Worth: 8444.30)
#   Total: 304508.00 = 304508.00 - 0.00   (Net Worth: 8444.30)
Saving reports. Number of histories: 1.
Saving reports. Number of histories: 1.
Writing report to C:\johanley\ProjectsPhoton\end-game\scenario\01.2\01.2-cash-and-tax-summary.csv
Writing report to C:\johanley\ProjectsPhoton\end-game\scenario\01.2\01.2-cash-and-tax-summary.csv
Writing report to C:\johanley\ProjectsPhoton\end-game\scenario\01.2\01.2-cash-flows.csv
Writing report to C:\johanley\ProjectsPhoton\end-game\scenario\01.2\01.2-cash-flows.csv
Scenario description: 01.2: Worker with no savings, retires at 65. CPP 300/month, OAS/GIS. PE. Deterministic.
Scenario description: 01.2: Worker with no savings, retires at 65. CPP 300/month, OAS/GIS. PE. Deterministic.
Start-date: 2028-01-01 end-date: 2042-12-31
Start-date: 2028-01-01 end-date: 2042-12-31
Execution time: 3.1585521s
Execution time: 3.1585521s
Done.
Writing to log file C:\johanley\ProjectsPhoton\end-game\scenario\01.2\01.2.log
Writing to log file C:\johanley\ProjectsPhoton\end-game\scenario\01.2\01.2.log
