Scenario: C:\johanley\ProjectsPhoton\end-game\scenario\01.4\01.4-no-savings-CPP-max.ini
Running the scenario...
Reading the input scenario file: C:\johanley\ProjectsPhoton\end-game\scenario\01.4\01.4-no-savings-CPP-max.ini
Checking the syntax-version of the file. It should be v1.0.0, otherwise the scenario file can't be read properly.
Parsing file: C:\johanley\ProjectsPhoton\end-game\scenario\01.4\01.4-no-savings-CPP-max.ini
01.4: Worker with no savings, retires at 65. CPP max monthly 1175.75, OAS/GIS. PE. Deterministic.
Reading file C:\johanley\ProjectsPhoton\end-game\input\gis\gis-brackets.utf8
Reading file C:\johanley\ProjectsPhoton\end-game\input\probability-of-survival\male-lx.utf8
Reading file C:\johanley\ProjectsPhoton\end-game\input\probability-of-survival\female-lx.utf8
History #1
Incrementing one day at a time, starting with 2028-01-01
2028-01-01:BANK SPEND:  700.00
2028-01-23:BANK SPEND:  950.00
2028-01-28:OAS/GIS payment: 807.46
2028-01-28:CPP payment:  1175.75
2028-02-01:BANK SPEND:  700.00
2028-02-15:SPLURGE SPENDING:  2133.21
2028-02-23:BANK SPEND:  950.00
2028-02-28:OAS/GIS payment: 807.46
2028-02-28:CPP payment:  1175.75
2028-03-01:BANK SPEND:  700.00
2028-03-23:BANK SPEND:  950.00
2028-03-28:OAS/GIS payment: 807.46
2028-03-28:CPP payment:  1175.75
2028-04-01:BANK SPEND:  700.00
2028-04-23:BANK SPEND:  950.00
2028-04-28:OAS/GIS payment: 807.46
2028-04-28:CPP payment:  1175.75
2028-05-01:BANK SPEND:  700.00
2028-05-15:SPLURGE SPENDING:  999.63
2028-05-23:BANK SPEND:  950.00
2028-05-28:OAS/GIS payment: 807.46
2028-05-28:CPP payment:  1175.75
2028-06-01:BANK SPEND:  700.00
2028-06-23:BANK SPEND:  950.00
2028-06-28:OAS/GIS payment: 807.46
2028-06-28:CPP payment:  1175.75
2028-07-01:BANK SPEND:  700.00
2028-07-23:BANK SPEND:  950.00
2028-07-28:OAS/GIS payment: 807.46
2028-07-28:CPP payment:  1175.75
2028-08-01:BANK SPEND:  700.00
2028-08-15:SPLURGE SPENDING:  999.63
2028-08-23:BANK SPEND:  950.00
2028-08-28:OAS/GIS payment: 807.46
2028-08-28:CPP payment:  1175.75
2028-09-01:BANK SPEND:  700.00
2028-09-23:BANK SPEND:  950.00
2028-09-28:OAS/GIS payment: 807.46
2028-09-28:CPP payment:  1175.75
2028-10-01:BANK SPEND:  700.00
2028-10-23:BANK SPEND:  950.00
2028-10-28:OAS/GIS payment: 807.46
2028-10-28:CPP payment:  1175.75
2028-11-01:BANK SPEND:  700.00
2028-11-15:SPLURGE SPENDING:  999.63
2028-11-23:BANK SPEND:  950.00
2028-11-28:OAS/GIS payment: 807.46
2028-11-28:CPP payment:  1175.75
2028-12-01:BANK SPEND:  700.00
2028-12-23:BANK SPEND:  950.00
2028-12-28:OAS/GIS payment: 807.46
2028-12-28:CPP payment:  1175.75
2028-12-31:PAY TAXES:  375.11
2028 year-end.
Cash generated
    14,109.00 CPP
     7,784.04 OAS
     1,905.48 GIS
         0.00 Pension
         0.00 Dividends
         0.00 Net liquidation (sell-buy)
         0.00 Interest
         0.00 Total cash swept from tfsa-rif-nra to bank
    23,798.52 Total cash generated

Tax return 2028
    21,893.04 Taxable income
        82.81 Federal tax
       292.30 Provincial tax
       375.11 Tax Payable
         0.00 Dividend tax credits
         0.00 Installments
       375.11 Balance owing
    21,893.04 Net income
    21,893.04 Net income before adj
     7,784.04 OAS income
         0.00 Employment income
         0.00 RIF withdrawals

Accounts
     8,491.31 -BANKACCOUNT-
     8,491.31 Cash

     8,491.31 Net worth
         0.00 Investments worth

2029-01-01:BANK SPEND:  700.00
2029-01-23:BANK SPEND:  950.00
2029-01-28:OAS/GIS payment: 852.46
2029-01-28:CPP payment:  1175.75
2029-02-01:BANK SPEND:  700.00
2029-02-15:SPLURGE SPENDING:  669.52
2029-02-23:BANK SPEND:  950.00
2029-02-28:OAS/GIS payment: 852.46
2029-02-28:CPP payment:  1175.75
2029-03-01:BANK SPEND:  700.00
2029-03-23:BANK SPEND:  950.00
2029-03-28:OAS/GIS payment: 852.46
2029-03-28:CPP payment:  1175.75
2029-04-01:BANK SPEND:  700.00
2029-04-23:BANK SPEND:  950.00
2029-04-28:OAS/GIS payment: 852.46
2029-04-28:CPP payment:  1175.75
2029-05-01:BANK SPEND:  700.00
2029-05-15:SPLURGE SPENDING:  1134.63
2029-05-23:BANK SPEND:  950.00
2029-05-28:OAS/GIS payment: 852.46
2029-05-28:CPP payment:  1175.75
2029-06-01:BANK SPEND:  700.00
2029-06-23:BANK SPEND:  950.00
2029-06-28:OAS/GIS payment: 852.46
2029-06-28:CPP payment:  1175.75
2029-07-01:BANK SPEND:  700.00
2029-07-23:BANK SPEND:  950.00
2029-07-28:OAS/GIS payment: 852.46
2029-07-28:CPP payment:  1175.75
2029-08-01:BANK SPEND:  700.00
2029-08-15:SPLURGE SPENDING:  1134.63
2029-08-23:BANK SPEND:  950.00
2029-08-28:OAS/GIS payment: 852.46
2029-08-28:CPP payment:  1175.75
2029-09-01:BANK SPEND:  700.00
2029-09-23:BANK SPEND:  950.00
2029-09-28:OAS/GIS payment: 852.46
2029-09-28:CPP payment:  1175.75
2029-10-01:BANK SPEND:  700.00
2029-10-23:BANK SPEND:  950.00
2029-10-28:OAS/GIS payment: 852.46
2029-10-28:CPP payment:  1175.75
2029-11-01:BANK SPEND:  700.00
2029-11-15:SPLURGE SPENDING:  1134.63
2029-11-23:BANK SPEND:  950.00
2029-11-28:OAS/GIS payment: 852.46
2029-11-28:CPP payment:  1175.75
2029-12-01:BANK SPEND:  700.00
2029-12-23:BANK SPEND:  950.00
2029-12-28:OAS/GIS payment: 852.46
2029-12-28:CPP payment:  1175.75
2029-12-31:PAY TAXES:  375.11
2029 year-end.
Cash generated
    14,109.00 CPP
     7,784.04 OAS
     2,445.48 GIS
         0.00 Pension
         0.00 Dividends
         0.00 Net liquidation (sell-buy)
         0.00 Interest
         0.00 Total cash swept from tfsa-rif-nra to bank
    24,338.52 Total cash generated

Tax return 2029
    21,893.04 Taxable income
        82.81 Federal tax
       292.30 Provincial tax
       375.11 Tax Payable
         0.00 Dividend tax credits
         0.00 Installments
       375.11 Balance owing
    21,893.04 Net income
    21,893.04 Net income before adj
     7,784.04 OAS income
         0.00 Employment income
         0.00 RIF withdrawals

Accounts
     8,581.31 -BANKACCOUNT-
     8,581.31 Cash

     8,581.31 Net worth
         0.00 Investments worth

2030-01-01:BANK SPEND:  700.00
2030-01-23:BANK SPEND:  950.00
2030-01-28:OAS/GIS payment: 852.46
2030-01-28:CPP payment:  1175.75
2030-02-01:BANK SPEND:  700.00
2030-02-15:SPLURGE SPENDING:  759.52
2030-02-23:BANK SPEND:  950.00
2030-02-28:OAS/GIS payment: 852.46
2030-02-28:CPP payment:  1175.75
2030-03-01:BANK SPEND:  700.00
2030-03-23:BANK SPEND:  950.00
2030-03-28:OAS/GIS payment: 852.46
2030-03-28:CPP payment:  1175.75
2030-04-01:BANK SPEND:  700.00
2030-04-23:BANK SPEND:  950.00
2030-04-28:OAS/GIS payment: 852.46
2030-04-28:CPP payment:  1175.75
2030-05-01:BANK SPEND:  700.00
2030-05-15:SPLURGE SPENDING:  1134.63
2030-05-23:BANK SPEND:  950.00
2030-05-28:OAS/GIS payment: 852.46
2030-05-28:CPP payment:  1175.75
2030-06-01:BANK SPEND:  700.00
2030-06-23:BANK SPEND:  950.00
2030-06-28:OAS/GIS payment: 852.46
2030-06-28:CPP payment:  1175.75
2030-07-01:BANK SPEND:  700.00
2030-07-23:BANK SPEND:  950.00
2030-07-28:OAS/GIS payment: 852.46
2030-07-28:CPP payment:  1175.75
2030-08-01:BANK SPEND:  700.00
2030-08-15:SPLURGE SPENDING:  1134.63
2030-08-23:BANK SPEND:  950.00
2030-08-28:OAS/GIS payment: 852.46
2030-08-28:CPP payment:  1175.75
2030-09-01:BANK SPEND:  700.00
2030-09-23:BANK SPEND:  950.00
2030-09-28:OAS/GIS payment: 852.46
2030-09-28:CPP payment:  1175.75
2030-10-01:BANK SPEND:  700.00
2030-10-23:BANK SPEND:  950.00
2030-10-28:OAS/GIS payment: 852.46
2030-10-28:CPP payment:  1175.75
2030-11-01:BANK SPEND:  700.00
2030-11-15:SPLURGE SPENDING:  1134.63
2030-11-23:BANK SPEND:  950.00
2030-11-28:OAS/GIS payment: 852.46
2030-11-28:CPP payment:  1175.75
2030-12-01:BANK SPEND:  700.00
2030-12-23:BANK SPEND:  950.00
2030-12-28:OAS/GIS payment: 852.46
2030-12-28:CPP payment:  1175.75
2030-12-31:PAY TAXES:  375.11
2030 year-end.
Cash generated
    14,109.00 CPP
     7,784.04 OAS
     2,445.48 GIS
         0.00 Pension
         0.00 Dividends
         0.00 Net liquidation (sell-buy)
         0.00 Interest
         0.00 Total cash swept from tfsa-rif-nra to bank
    24,338.52 Total cash generated

Tax return 2030
    21,893.04 Taxable income
        82.81 Federal tax
       292.30 Provincial tax
       375.11 Tax Payable
         0.00 Dividend tax credits
         0.00 Installments
       375.11 Balance owing
    21,893.04 Net income
    21,893.04 Net income before adj
     7,784.04 OAS income
         0.00 Employment income
         0.00 RIF withdrawals

Accounts
     8,581.31 -BANKACCOUNT-
     8,581.31 Cash

     8,581.31 Net worth
         0.00 Investments worth

2031-01-01:BANK SPEND:  700.00
2031-01-23:BANK SPEND:  950.00
2031-01-28:OAS/GIS payment: 852.46
2031-01-28:CPP payment:  1175.75
2031-02-01:BANK SPEND:  700.00
2031-02-15:SPLURGE SPENDING:  759.52
2031-02-23:BANK SPEND:  950.00
2031-02-28:OAS/GIS payment: 852.46
2031-02-28:CPP payment:  1175.75
2031-03-01:BANK SPEND:  700.00
2031-03-23:BANK SPEND:  950.00
2031-03-28:OAS/GIS payment: 852.46
2031-03-28:CPP payment:  1175.75
2031-04-01:BANK SPEND:  700.00
2031-04-23:BANK SPEND:  950.00
2031-04-28:OAS/GIS payment: 852.46
2031-04-28:CPP payment:  1175.75
2031-05-01:BANK SPEND:  700.00
2031-05-15:SPLURGE SPENDING:  1134.63
2031-05-23:BANK SPEND:  950.00
2031-05-28:OAS/GIS payment: 852.46
2031-05-28:CPP payment:  1175.75
2031-06-01:BANK SPEND:  700.00
2031-06-23:BANK SPEND:  950.00
2031-06-28:OAS/GIS payment: 852.46
2031-06-28:CPP payment:  1175.75
2031-07-01:BANK SPEND:  700.00
2031-07-23:BANK SPEND:  950.00
2031-07-28:OAS/GIS payment: 852.46
2031-07-28:CPP payment:  1175.75
2031-08-01:BANK SPEND:  700.00
2031-08-15:SPLURGE SPENDING:  1134.63
2031-08-23:BANK SPEND:  950.00
2031-08-28:OAS/GIS payment: 852.46
2031-08-28:CPP payment:  1175.75
2031-09-01:BANK SPEND:  700.00
2031-09-23:BANK SPEND:  950.00
2031-09-28:OAS/GIS payment: 852.46
2031-09-28:CPP payment:  1175.75
2031-10-01:BANK SPEND:  700.00
2031-10-23:BANK SPEND:  950.00
2031-10-28:OAS/GIS payment: 852.46
2031-10-28:CPP payment:  1175.75
2031-11-01:BANK SPEND:  700.00
2031-11-15:SPLURGE SPENDING:  1134.63
2031-11-23:BANK SPEND:  950.00
2031-11-28:OAS/GIS payment: 852.46
2031-11-28:CPP payment:  1175.75
2031-12-01:BANK SPEND:  700.00
2031-12-23:BANK SPEND:  950.00
2031-12-28:OAS/GIS payment: 852.46
2031-12-28:CPP payment:  1175.75
2031-12-31:PAY TAXES:  375.11
2031 year-end.
Cash generated
    14,109.00 CPP
     7,784.04 OAS
     2,445.48 GIS
         0.00 Pension
         0.00 Dividends
         0.00 Net liquidation (sell-buy)
         0.00 Interest
         0.00 Total cash swept from tfsa-rif-nra to bank
    24,338.52 Total cash generated

Tax return 2031
    21,893.04 Taxable income
        82.81 Federal tax
       292.30 Provincial tax
       375.11 Tax Payable
         0.00 Dividend tax credits
         0.00 Installments
       375.11 Balance owing
    21,893.04 Net income
    21,893.04 Net income before adj
     7,784.04 OAS income
         0.00 Employment income
         0.00 RIF withdrawals

Accounts
     8,581.31 -BANKACCOUNT-
     8,581.31 Cash

     8,581.31 Net worth
         0.00 Investments worth

2032-01-01:BANK SPEND:  700.00
2032-01-23:BANK SPEND:  950.00
2032-01-28:OAS/GIS payment: 852.46
2032-01-28:CPP payment:  1175.75
2032-02-01:BANK SPEND:  700.00
2032-02-15:SPLURGE SPENDING:  759.52
2032-02-23:BANK SPEND:  950.00
2032-02-28:OAS/GIS payment: 852.46
2032-02-28:CPP payment:  1175.75
2032-03-01:BANK SPEND:  700.00
2032-03-23:BANK SPEND:  950.00
2032-03-28:OAS/GIS payment: 852.46
2032-03-28:CPP payment:  1175.75
2032-04-01:BANK SPEND:  700.00
2032-04-23:BANK SPEND:  950.00
2032-04-28:OAS/GIS payment: 852.46
2032-04-28:CPP payment:  1175.75
2032-05-01:BANK SPEND:  700.00
2032-05-15:SPLURGE SPENDING:  1134.63
2032-05-23:BANK SPEND:  950.00
2032-05-28:OAS/GIS payment: 852.46
2032-05-28:CPP payment:  1175.75
2032-06-01:BANK SPEND:  700.00
2032-06-23:BANK SPEND:  950.00
2032-06-28:OAS/GIS payment: 852.46
2032-06-28:CPP payment:  1175.75
2032-07-01:BANK SPEND:  700.00
2032-07-23:BANK SPEND:  950.00
2032-07-28:OAS/GIS payment: 852.46
2032-07-28:CPP payment:  1175.75
2032-08-01:BANK SPEND:  700.00
2032-08-15:SPLURGE SPENDING:  1134.63
2032-08-23:BANK SPEND:  950.00
2032-08-28:OAS/GIS payment: 852.46
2032-08-28:CPP payment:  1175.75
2032-09-01:BANK SPEND:  700.00
2032-09-23:BANK SPEND:  950.00
2032-09-28:OAS/GIS payment: 852.46
2032-09-28:CPP payment:  1175.75
2032-10-01:BANK SPEND:  700.00
2032-10-23:BANK SPEND:  950.00
2032-10-28:OAS/GIS payment: 852.46
2032-10-28:CPP payment:  1175.75
2032-11-01:BANK SPEND:  700.00
2032-11-15:SPLURGE SPENDING:  1134.63
2032-11-23:BANK SPEND:  950.00
2032-11-28:OAS/GIS payment: 852.46
2032-11-28:CPP payment:  1175.75
2032-12-01:BANK SPEND:  700.00
2032-12-23:BANK SPEND:  950.00
2032-12-28:OAS/GIS payment: 852.46
2032-12-28:CPP payment:  1175.75
2032-12-31:PAY TAXES:  375.11
2032 year-end.
Cash generated
    14,109.00 CPP
     7,784.04 OAS
     2,445.48 GIS
         0.00 Pension
         0.00 Dividends
         0.00 Net liquidation (sell-buy)
         0.00 Interest
         0.00 Total cash swept from tfsa-rif-nra to bank
    24,338.52 Total cash generated

Tax return 2032
    21,893.04 Taxable income
        82.81 Federal tax
       292.30 Provincial tax
       375.11 Tax Payable
         0.00 Dividend tax credits
         0.00 Installments
       375.11 Balance owing
    21,893.04 Net income
    21,893.04 Net income before adj
     7,784.04 OAS income
         0.00 Employment income
         0.00 RIF withdrawals

Accounts
     8,581.31 -BANKACCOUNT-
     8,581.31 Cash

     8,581.31 Net worth
         0.00 Investments worth

2033-01-01:BANK SPEND:  700.00
2033-01-23:BANK SPEND:  950.00
2033-01-28:OAS/GIS payment: 852.46
2033-01-28:CPP payment:  1175.75
2033-02-01:BANK SPEND:  700.00
2033-02-15:SPLURGE SPENDING:  759.52
2033-02-23:BANK SPEND:  950.00
2033-02-28:OAS/GIS payment: 852.46
2033-02-28:CPP payment:  1175.75
2033-03-01:BANK SPEND:  700.00
2033-03-23:BANK SPEND:  950.00
2033-03-28:OAS/GIS payment: 852.46
2033-03-28:CPP payment:  1175.75
2033-04-01:BANK SPEND:  700.00
2033-04-23:BANK SPEND:  950.00
2033-04-28:OAS/GIS payment: 852.46
2033-04-28:CPP payment:  1175.75
2033-05-01:BANK SPEND:  700.00
2033-05-15:SPLURGE SPENDING:  1134.63
2033-05-23:BANK SPEND:  950.00
2033-05-28:OAS/GIS payment: 852.46
2033-05-28:CPP payment:  1175.75
2033-06-01:BANK SPEND:  700.00
2033-06-23:BANK SPEND:  950.00
2033-06-28:OAS/GIS payment: 852.46
2033-06-28:CPP payment:  1175.75
2033-07-01:BANK SPEND:  700.00
2033-07-23:BANK SPEND:  950.00
2033-07-28:OAS/GIS payment: 852.46
2033-07-28:CPP payment:  1175.75
2033-08-01:BANK SPEND:  700.00
2033-08-15:SPLURGE SPENDING:  1134.63
2033-08-23:BANK SPEND:  950.00
2033-08-28:OAS/GIS payment: 852.46
2033-08-28:CPP payment:  1175.75
2033-09-01:BANK SPEND:  700.00
2033-09-23:BANK SPEND:  950.00
2033-09-28:OAS/GIS payment: 852.46
2033-09-28:CPP payment:  1175.75
2033-10-01:BANK SPEND:  700.00
2033-10-23:BANK SPEND:  950.00
2033-10-28:OAS/GIS payment: 852.46
2033-10-28:CPP payment:  1175.75
2033-11-01:BANK SPEND:  700.00
2033-11-15:SPLURGE SPENDING:  1134.63
2033-11-23:BANK SPEND:  950.00
2033-11-28:OAS/GIS payment: 852.46
2033-11-28:CPP payment:  1175.75
2033-12-01:BANK SPEND:  700.00
2033-12-23:BANK SPEND:  950.00
2033-12-28:OAS/GIS payment: 852.46
2033-12-28:CPP payment:  1175.75
2033-12-31:PAY TAXES:  375.11
2033 year-end.
Cash generated
    14,109.00 CPP
     7,784.04 OAS
     2,445.48 GIS
         0.00 Pension
         0.00 Dividends
         0.00 Net liquidation (sell-buy)
         0.00 Interest
         0.00 Total cash swept from tfsa-rif-nra to bank
    24,338.52 Total cash generated

Tax return 2033
    21,893.04 Taxable income
        82.81 Federal tax
       292.30 Provincial tax
       375.11 Tax Payable
         0.00 Dividend tax credits
         0.00 Installments
       375.11 Balance owing
    21,893.04 Net income
    21,893.04 Net income before adj
     7,784.04 OAS income
         0.00 Employment income
         0.00 RIF withdrawals

Accounts
     8,581.31 -BANKACCOUNT-
     8,581.31 Cash

     8,581.31 Net worth
         0.00 Investments worth

2034-01-01:BANK SPEND:  700.00
2034-01-23:BANK SPEND:  950.00
2034-01-28:OAS/GIS payment: 852.46
2034-01-28:CPP payment:  1175.75
2034-02-01:BANK SPEND:  700.00
2034-02-15:SPLURGE SPENDING:  759.52
2034-02-23:BANK SPEND:  950.00
2034-02-28:OAS/GIS payment: 852.46
2034-02-28:CPP payment:  1175.75
2034-03-01:BANK SPEND:  700.00
2034-03-23:BANK SPEND:  950.00
2034-03-28:OAS/GIS payment: 852.46
2034-03-28:CPP payment:  1175.75
2034-04-01:BANK SPEND:  700.00
2034-04-23:BANK SPEND:  950.00
2034-04-28:OAS/GIS payment: 852.46
2034-04-28:CPP payment:  1175.75
2034-05-01:BANK SPEND:  700.00
2034-05-15:SPLURGE SPENDING:  1134.63
2034-05-23:BANK SPEND:  950.00
2034-05-28:OAS/GIS payment: 852.46
2034-05-28:CPP payment:  1175.75
2034-06-01:BANK SPEND:  700.00
2034-06-23:BANK SPEND:  950.00
2034-06-28:OAS/GIS payment: 852.46
2034-06-28:CPP payment:  1175.75
2034-07-01:BANK SPEND:  700.00
2034-07-23:BANK SPEND:  950.00
2034-07-28:OAS/GIS payment: 852.46
2034-07-28:CPP payment:  1175.75
2034-08-01:BANK SPEND:  700.00
2034-08-15:SPLURGE SPENDING:  1134.63
2034-08-23:BANK SPEND:  950.00
2034-08-28:OAS/GIS payment: 852.46
2034-08-28:CPP payment:  1175.75
2034-09-01:BANK SPEND:  700.00
2034-09-23:BANK SPEND:  950.00
2034-09-28:OAS/GIS payment: 852.46
2034-09-28:CPP payment:  1175.75
2034-10-01:BANK SPEND:  700.00
2034-10-23:BANK SPEND:  950.00
2034-10-28:OAS/GIS payment: 852.46
2034-10-28:CPP payment:  1175.75
2034-11-01:BANK SPEND:  700.00
2034-11-15:SPLURGE SPENDING:  1134.63
2034-11-23:BANK SPEND:  950.00
2034-11-28:OAS/GIS payment: 852.46
2034-11-28:CPP payment:  1175.75
2034-12-01:BANK SPEND:  700.00
2034-12-23:BANK SPEND:  950.00
2034-12-28:OAS/GIS payment: 852.46
2034-12-28:CPP payment:  1175.75
2034-12-31:PAY TAXES:  375.11
2034 year-end.
Cash generated
    14,109.00 CPP
     7,784.04 OAS
     2,445.48 GIS
         0.00 Pension
         0.00 Dividends
         0.00 Net liquidation (sell-buy)
         0.00 Interest
         0.00 Total cash swept from tfsa-rif-nra to bank
    24,338.52 Total cash generated

Tax return 2034
    21,893.04 Taxable income
        82.81 Federal tax
       292.30 Provincial tax
       375.11 Tax Payable
         0.00 Dividend tax credits
         0.00 Installments
       375.11 Balance owing
    21,893.04 Net income
    21,893.04 Net income before adj
     7,784.04 OAS income
         0.00 Employment income
         0.00 RIF withdrawals

Accounts
     8,581.31 -BANKACCOUNT-
     8,581.31 Cash

     8,581.31 Net worth
         0.00 Investments worth

2035-01-01:BANK SPEND:  700.00
2035-01-23:BANK SPEND:  950.00
2035-01-28:OAS/GIS payment: 852.46
2035-01-28:CPP payment:  1175.75
2035-02-01:BANK SPEND:  700.00
2035-02-15:SPLURGE SPENDING:  759.52
2035-02-23:BANK SPEND:  950.00
2035-02-28:OAS/GIS payment: 852.46
2035-02-28:CPP payment:  1175.75
2035-03-01:BANK SPEND:  700.00
2035-03-23:BANK SPEND:  950.00
2035-03-28:OAS/GIS payment: 852.46
2035-03-28:CPP payment:  1175.75
2035-04-01:BANK SPEND:  700.00
2035-04-23:BANK SPEND:  950.00
2035-04-28:OAS/GIS payment: 852.46
2035-04-28:CPP payment:  1175.75
2035-05-01:BANK SPEND:  700.00
2035-05-15:SPLURGE SPENDING:  1134.63
2035-05-23:BANK SPEND:  950.00
2035-05-28:OAS/GIS payment: 852.46
2035-05-28:CPP payment:  1175.75
2035-06-01:BANK SPEND:  700.00
2035-06-23:BANK SPEND:  950.00
2035-06-28:OAS/GIS payment: 852.46
2035-06-28:CPP payment:  1175.75
2035-07-01:BANK SPEND:  700.00
2035-07-23:BANK SPEND:  950.00
2035-07-28:OAS/GIS payment: 852.46
2035-07-28:CPP payment:  1175.75
2035-08-01:BANK SPEND:  700.00
2035-08-15:SPLURGE SPENDING:  1134.63
2035-08-23:BANK SPEND:  950.00
2035-08-28:OAS/GIS payment: 852.46
2035-08-28:CPP payment:  1175.75
2035-09-01:BANK SPEND:  700.00
2035-09-23:BANK SPEND:  950.00
2035-09-28:OAS/GIS payment: 852.46
2035-09-28:CPP payment:  1175.75
2035-10-01:BANK SPEND:  700.00
2035-10-23:BANK SPEND:  950.00
2035-10-28:OAS/GIS payment: 852.46
2035-10-28:CPP payment:  1175.75
2035-11-01:BANK SPEND:  700.00
2035-11-15:SPLURGE SPENDING:  1134.63
2035-11-23:BANK SPEND:  950.00
2035-11-28:OAS/GIS payment: 852.46
2035-11-28:CPP payment:  1175.75
2035-12-01:BANK SPEND:  700.00
2035-12-23:BANK SPEND:  950.00
2035-12-28:OAS/GIS payment: 852.46
2035-12-28:CPP payment:  1175.75
2035-12-31:PAY TAXES:  375.11
2035 year-end.
Cash generated
    14,109.00 CPP
     7,784.04 OAS
     2,445.48 GIS
         0.00 Pension
         0.00 Dividends
         0.00 Net liquidation (sell-buy)
         0.00 Interest
         0.00 Total cash swept from tfsa-rif-nra to bank
    24,338.52 Total cash generated

Tax return 2035
    21,893.04 Taxable income
        82.81 Federal tax
       292.30 Provincial tax
       375.11 Tax Payable
         0.00 Dividend tax credits
         0.00 Installments
       375.11 Balance owing
    21,893.04 Net income
    21,893.04 Net income before adj
     7,784.04 OAS income
         0.00 Employment income
         0.00 RIF withdrawals

Accounts
     8,581.31 -BANKACCOUNT-
     8,581.31 Cash

     8,581.31 Net worth
         0.00 Investments worth

2036-01-01:BANK SPEND:  700.00
2036-01-23:BANK SPEND:  950.00
2036-01-28:OAS/GIS payment: 852.46
2036-01-28:CPP payment:  1175.75
2036-02-01:BANK SPEND:  700.00
2036-02-15:SPLURGE SPENDING:  759.52
2036-02-23:BANK SPEND:  950.00
2036-02-28:OAS/GIS payment: 852.46
2036-02-28:CPP payment:  1175.75
2036-03-01:BANK SPEND:  700.00
2036-03-23:BANK SPEND:  950.00
2036-03-28:OAS/GIS payment: 852.46
2036-03-28:CPP payment:  1175.75
2036-04-01:BANK SPEND:  700.00
2036-04-23:BANK SPEND:  950.00
2036-04-28:OAS/GIS payment: 852.46
2036-04-28:CPP payment:  1175.75
2036-05-01:BANK SPEND:  700.00
2036-05-15:SPLURGE SPENDING:  1134.63
2036-05-23:BANK SPEND:  950.00
2036-05-28:OAS/GIS payment: 852.46
2036-05-28:CPP payment:  1175.75
2036-06-01:BANK SPEND:  700.00
2036-06-23:BANK SPEND:  950.00
2036-06-28:OAS/GIS payment: 852.46
2036-06-28:CPP payment:  1175.75
2036-07-01:BANK SPEND:  700.00
2036-07-23:BANK SPEND:  950.00
2036-07-28:OAS/GIS payment: 852.46
2036-07-28:CPP payment:  1175.75
2036-08-01:BANK SPEND:  700.00
2036-08-15:SPLURGE SPENDING:  1134.63
2036-08-23:BANK SPEND:  950.00
2036-08-28:OAS/GIS payment: 852.46
2036-08-28:CPP payment:  1175.75
2036-09-01:BANK SPEND:  700.00
2036-09-23:BANK SPEND:  950.00
2036-09-28:OAS/GIS payment: 852.46
2036-09-28:CPP payment:  1175.75
2036-10-01:BANK SPEND:  700.00
2036-10-23:BANK SPEND:  950.00
2036-10-28:OAS/GIS payment: 852.46
2036-10-28:CPP payment:  1175.75
2036-11-01:BANK SPEND:  700.00
2036-11-15:SPLURGE SPENDING:  1134.63
2036-11-23:BANK SPEND:  950.00
2036-11-28:OAS/GIS payment: 852.46
2036-11-28:CPP payment:  1175.75
2036-12-01:BANK SPEND:  700.00
2036-12-23:BANK SPEND:  950.00
2036-12-28:OAS/GIS payment: 852.46
2036-12-28:CPP payment:  1175.75
2036-12-31:PAY TAXES:  375.11
2036 year-end.
Cash generated
    14,109.00 CPP
     7,784.04 OAS
     2,445.48 GIS
         0.00 Pension
         0.00 Dividends
         0.00 Net liquidation (sell-buy)
         0.00 Interest
         0.00 Total cash swept from tfsa-rif-nra to bank
    24,338.52 Total cash generated

Tax return 2036
    21,893.04 Taxable income
        82.81 Federal tax
       292.30 Provincial tax
       375.11 Tax Payable
         0.00 Dividend tax credits
         0.00 Installments
       375.11 Balance owing
    21,893.04 Net income
    21,893.04 Net income before adj
     7,784.04 OAS income
         0.00 Employment income
         0.00 RIF withdrawals

Accounts
     8,581.31 -BANKACCOUNT-
     8,581.31 Cash

     8,581.31 Net worth
         0.00 Investments worth

2037-01-01:BANK SPEND:  700.00
2037-01-23:BANK SPEND:  950.00
2037-01-28:OAS/GIS payment: 852.46
2037-01-28:CPP payment:  1175.75
2037-02-01:BANK SPEND:  700.00
2037-02-15:SPLURGE SPENDING:  759.52
2037-02-23:BANK SPEND:  950.00
2037-02-28:OAS/GIS payment: 852.46
2037-02-28:CPP payment:  1175.75
2037-03-01:BANK SPEND:  700.00
2037-03-23:BANK SPEND:  950.00
2037-03-28:OAS/GIS payment: 917.33
2037-03-28:CPP payment:  1175.75
2037-04-01:BANK SPEND:  700.00
2037-04-23:BANK SPEND:  950.00
2037-04-28:OAS/GIS payment: 917.33
2037-04-28:CPP payment:  1175.75
2037-05-01:BANK SPEND:  700.00
2037-05-15:SPLURGE SPENDING:  1264.37
2037-05-23:BANK SPEND:  950.00
2037-05-28:OAS/GIS payment: 917.33
2037-05-28:CPP payment:  1175.75
2037-06-01:BANK SPEND:  700.00
2037-06-23:BANK SPEND:  950.00
2037-06-28:OAS/GIS payment: 917.33
2037-06-28:CPP payment:  1175.75
2037-07-01:BANK SPEND:  700.00
2037-07-23:BANK SPEND:  950.00
2037-07-28:OAS/GIS payment: 917.33
2037-07-28:CPP payment:  1175.75
2037-08-01:BANK SPEND:  700.00
2037-08-15:SPLURGE SPENDING:  1329.24
2037-08-23:BANK SPEND:  950.00
2037-08-28:OAS/GIS payment: 917.33
2037-08-28:CPP payment:  1175.75
2037-09-01:BANK SPEND:  700.00
2037-09-23:BANK SPEND:  950.00
2037-09-28:OAS/GIS payment: 917.33
2037-09-28:CPP payment:  1175.75
2037-10-01:BANK SPEND:  700.00
2037-10-23:BANK SPEND:  950.00
2037-10-28:OAS/GIS payment: 917.33
2037-10-28:CPP payment:  1175.75
2037-11-01:BANK SPEND:  700.00
2037-11-15:SPLURGE SPENDING:  1329.24
2037-11-23:BANK SPEND:  950.00
2037-11-28:OAS/GIS payment: 917.33
2037-11-28:CPP payment:  1175.75
2037-12-01:BANK SPEND:  700.00
2037-12-23:BANK SPEND:  950.00
2037-12-28:OAS/GIS payment: 917.33
2037-12-28:CPP payment:  1175.75
2037-12-31:PAY TAXES:  568.42
2037 year-end.
Cash generated
    14,109.00 CPP
     8,432.74 OAS
     2,445.48 GIS
         0.00 Pension
         0.00 Dividends
         0.00 Net liquidation (sell-buy)
         0.00 Interest
         0.00 Total cash swept from tfsa-rif-nra to bank
    24,987.22 Total cash generated

Tax return 2037
    22,541.74 Taxable income
       180.11 Federal tax
       388.31 Provincial tax
       568.42 Tax Payable
         0.00 Dividend tax credits
         0.00 Installments
       568.42 Balance owing
    22,541.74 Net income
    22,541.74 Net income before adj
     8,432.74 OAS income
         0.00 Employment income
         0.00 RIF withdrawals

Accounts
     8,517.74 -BANKACCOUNT-
     8,517.74 Cash

     8,517.74 Net worth
         0.00 Investments worth

2038-01-01:BANK SPEND:  700.00
2038-01-23:BANK SPEND:  950.00
2038-01-28:OAS/GIS payment: 917.33
2038-01-28:CPP payment:  1175.75
2038-02-01:BANK SPEND:  700.00
2038-02-15:SPLURGE SPENDING:  760.82
2038-02-23:BANK SPEND:  950.00
2038-02-28:OAS/GIS payment: 917.33
2038-02-28:CPP payment:  1175.75
2038-03-01:BANK SPEND:  700.00
2038-03-23:BANK SPEND:  950.00
2038-03-28:OAS/GIS payment: 917.33
2038-03-28:CPP payment:  1175.75
2038-04-01:BANK SPEND:  700.00
2038-04-23:BANK SPEND:  950.00
2038-04-28:OAS/GIS payment: 917.33
2038-04-28:CPP payment:  1175.75
2038-05-01:BANK SPEND:  700.00
2038-05-15:SPLURGE SPENDING:  1329.24
2038-05-23:BANK SPEND:  950.00
2038-05-28:OAS/GIS payment: 917.33
2038-05-28:CPP payment:  1175.75
2038-06-01:BANK SPEND:  700.00
2038-06-23:BANK SPEND:  950.00
2038-06-28:OAS/GIS payment: 917.33
2038-06-28:CPP payment:  1175.75
2038-07-01:BANK SPEND:  700.00
2038-07-23:BANK SPEND:  950.00
2038-07-28:OAS/GIS payment: 917.33
2038-07-28:CPP payment:  1175.75
2038-08-01:BANK SPEND:  700.00
2038-08-15:SPLURGE SPENDING:  1329.24
2038-08-23:BANK SPEND:  950.00
2038-08-28:OAS/GIS payment: 917.33
2038-08-28:CPP payment:  1175.75
2038-09-01:BANK SPEND:  700.00
2038-09-23:BANK SPEND:  950.00
2038-09-28:OAS/GIS payment: 917.33
2038-09-28:CPP payment:  1175.75
2038-10-01:BANK SPEND:  700.00
2038-10-23:BANK SPEND:  950.00
2038-10-28:OAS/GIS payment: 917.33
2038-10-28:CPP payment:  1175.75
2038-11-01:BANK SPEND:  700.00
2038-11-15:SPLURGE SPENDING:  1329.24
2038-11-23:BANK SPEND:  950.00
2038-11-28:OAS/GIS payment: 917.33
2038-11-28:CPP payment:  1175.75
2038-12-01:BANK SPEND:  700.00
2038-12-23:BANK SPEND:  950.00
2038-12-28:OAS/GIS payment: 917.33
2038-12-28:CPP payment:  1175.75
2038-12-31:PAY TAXES:  607.08
2038 year-end.
Cash generated
    14,109.00 CPP
     8,562.48 OAS
     2,445.48 GIS
         0.00 Pension
         0.00 Dividends
         0.00 Net liquidation (sell-buy)
         0.00 Interest
         0.00 Total cash swept from tfsa-rif-nra to bank
    25,116.96 Total cash generated

Tax return 2038
    22,671.48 Taxable income
       199.57 Federal tax
       407.51 Provincial tax
       607.08 Tax Payable
         0.00 Dividend tax credits
         0.00 Installments
       607.08 Balance owing
    22,671.48 Net income
    22,671.48 Net income before adj
     8,562.48 OAS income
         0.00 Employment income
         0.00 RIF withdrawals

Accounts
     8,479.08 -BANKACCOUNT-
     8,479.08 Cash

     8,479.08 Net worth
         0.00 Investments worth

2039-01-01:BANK SPEND:  700.00
2039-01-23:BANK SPEND:  950.00
2039-01-28:OAS/GIS payment: 917.33
2039-01-28:CPP payment:  1175.75
2039-02-01:BANK SPEND:  700.00
2039-02-15:SPLURGE SPENDING:  722.16
2039-02-23:BANK SPEND:  950.00
2039-02-28:OAS/GIS payment: 917.33
2039-02-28:CPP payment:  1175.75
2039-03-01:BANK SPEND:  700.00
2039-03-23:BANK SPEND:  950.00
2039-03-28:OAS/GIS payment: 917.33
2039-03-28:CPP payment:  1175.75
2039-04-01:BANK SPEND:  700.00
2039-04-23:BANK SPEND:  950.00
2039-04-28:OAS/GIS payment: 917.33
2039-04-28:CPP payment:  1175.75
2039-05-01:BANK SPEND:  700.00
2039-05-15:SPLURGE SPENDING:  1329.24
2039-05-23:BANK SPEND:  950.00
2039-05-28:OAS/GIS payment: 917.33
2039-05-28:CPP payment:  1175.75
2039-06-01:BANK SPEND:  700.00
2039-06-23:BANK SPEND:  950.00
2039-06-28:OAS/GIS payment: 917.33
2039-06-28:CPP payment:  1175.75
2039-07-01:BANK SPEND:  700.00
2039-07-23:BANK SPEND:  950.00
2039-07-28:OAS/GIS payment: 917.33
2039-07-28:CPP payment:  1175.75
2039-08-01:BANK SPEND:  700.00
2039-08-15:SPLURGE SPENDING:  1329.24
2039-08-23:BANK SPEND:  950.00
2039-08-28:OAS/GIS payment: 917.33
2039-08-28:CPP payment:  1175.75
2039-09-01:BANK SPEND:  700.00
2039-09-23:BANK SPEND:  950.00
2039-09-28:OAS/GIS payment: 917.33
2039-09-28:CPP payment:  1175.75
2039-10-01:BANK SPEND:  700.00
2039-10-23:BANK SPEND:  950.00
2039-10-28:OAS/GIS payment: 917.33
2039-10-28:CPP payment:  1175.75
2039-11-01:BANK SPEND:  700.00
2039-11-15:SPLURGE SPENDING:  1329.24
2039-11-23:BANK SPEND:  950.00
2039-11-28:OAS/GIS payment: 917.33
2039-11-28:CPP payment:  1175.75
2039-12-01:BANK SPEND:  700.00
2039-12-23:BANK SPEND:  950.00
2039-12-28:OAS/GIS payment: 917.33
2039-12-28:CPP payment:  1175.75
2039-12-31:PAY TAXES:  607.08
2039 year-end.
Cash generated
    14,109.00 CPP
     8,562.48 OAS
     2,445.48 GIS
         0.00 Pension
         0.00 Dividends
         0.00 Net liquidation (sell-buy)
         0.00 Interest
         0.00 Total cash swept from tfsa-rif-nra to bank
    25,116.96 Total cash generated

Tax return 2039
    22,671.48 Taxable income
       199.57 Federal tax
       407.51 Provincial tax
       607.08 Tax Payable
         0.00 Dividend tax credits
         0.00 Installments
       607.08 Balance owing
    22,671.48 Net income
    22,671.48 Net income before adj
     8,562.48 OAS income
         0.00 Employment income
         0.00 RIF withdrawals

Accounts
     8,479.08 -BANKACCOUNT-
     8,479.08 Cash

     8,479.08 Net worth
         0.00 Investments worth

2040-01-01:BANK SPEND:  700.00
2040-01-23:BANK SPEND:  950.00
2040-01-28:OAS/GIS payment: 917.33
2040-01-28:CPP payment:  1175.75
2040-02-01:BANK SPEND:  700.00
2040-02-15:SPLURGE SPENDING:  722.16
2040-02-23:BANK SPEND:  950.00
2040-02-28:OAS/GIS payment: 917.33
2040-02-28:CPP payment:  1175.75
2040-03-01:BANK SPEND:  700.00
2040-03-23:BANK SPEND:  950.00
2040-03-28:OAS/GIS payment: 917.33
2040-03-28:CPP payment:  1175.75
2040-04-01:BANK SPEND:  700.00
2040-04-23:BANK SPEND:  950.00
2040-04-28:OAS/GIS payment: 917.33
2040-04-28:CPP payment:  1175.75
2040-05-01:BANK SPEND:  700.00
2040-05-15:SPLURGE SPENDING:  1329.24
2040-05-23:BANK SPEND:  950.00
2040-05-28:OAS/GIS payment: 917.33
2040-05-28:CPP payment:  1175.75
2040-06-01:BANK SPEND:  700.00
2040-06-23:BANK SPEND:  950.00
2040-06-28:OAS/GIS payment: 917.33
2040-06-28:CPP payment:  1175.75
2040-07-01:BANK SPEND:  700.00
2040-07-23:BANK SPEND:  950.00
2040-07-28:OAS/GIS payment: 917.33
2040-07-28:CPP payment:  1175.75
2040-08-01:BANK SPEND:  700.00
2040-08-15:SPLURGE SPENDING:  1329.24
2040-08-23:BANK SPEND:  950.00
2040-08-28:OAS/GIS payment: 917.33
2040-08-28:CPP payment:  1175.75
2040-09-01:BANK SPEND:  700.00
2040-09-23:BANK SPEND:  950.00
2040-09-28:OAS/GIS payment: 917.33
2040-09-28:CPP payment:  1175.75
2040-10-01:BANK SPEND:  700.00
2040-10-23:BANK SPEND:  950.00
2040-10-28:OAS/GIS payment: 917.33
2040-10-28:CPP payment:  1175.75
2040-11-01:BANK SPEND:  700.00
2040-11-15:SPLURGE SPENDING:  1329.24
2040-11-23:BANK SPEND:  950.00
2040-11-28:OAS/GIS payment: 917.33
2040-11-28:CPP payment:  1175.75
2040-12-01:BANK SPEND:  700.00
2040-12-23:BANK SPEND:  950.00
2040-12-28:OAS/GIS payment: 917.33
2040-12-28:CPP payment:  1175.75
2040-12-31:PAY TAXES:  607.08
2040 year-end.
Cash generated
    14,109.00 CPP
     8,562.48 OAS
     2,445.48 GIS
         0.00 Pension
         0.00 Dividends
         0.00 Net liquidation (sell-buy)
         0.00 Interest
         0.00 Total cash swept from tfsa-rif-nra to bank
    25,116.96 Total cash generated

Tax return 2040
    22,671.48 Taxable income
       199.57 Federal tax
       407.51 Provincial tax
       607.08 Tax Payable
         0.00 Dividend tax credits
         0.00 Installments
       607.08 Balance owing
    22,671.48 Net income
    22,671.48 Net income before adj
     8,562.48 OAS income
         0.00 Employment income
         0.00 RIF withdrawals

Accounts
     8,479.08 -BANKACCOUNT-
     8,479.08 Cash

     8,479.08 Net worth
         0.00 Investments worth

2041-01-01:BANK SPEND:  700.00
2041-01-23:BANK SPEND:  950.00
2041-01-28:OAS/GIS payment: 917.33
2041-01-28:CPP payment:  1175.75
2041-02-01:BANK SPEND:  700.00
2041-02-15:SPLURGE SPENDING:  722.16
2041-02-23:BANK SPEND:  950.00
2041-02-28:OAS/GIS payment: 917.33
2041-02-28:CPP payment:  1175.75
2041-03-01:BANK SPEND:  700.00
2041-03-23:BANK SPEND:  950.00
2041-03-28:OAS/GIS payment: 917.33
2041-03-28:CPP payment:  1175.75
2041-04-01:BANK SPEND:  700.00
2041-04-23:BANK SPEND:  950.00
2041-04-28:OAS/GIS payment: 917.33
2041-04-28:CPP payment:  1175.75
2041-05-01:BANK SPEND:  700.00
2041-05-15:SPLURGE SPENDING:  1329.24
2041-05-23:BANK SPEND:  950.00
2041-05-28:OAS/GIS payment: 917.33
2041-05-28:CPP payment:  1175.75
2041-06-01:BANK SPEND:  700.00
2041-06-23:BANK SPEND:  950.00
2041-06-28:OAS/GIS payment: 917.33
2041-06-28:CPP payment:  1175.75
2041-07-01:BANK SPEND:  700.00
2041-07-23:BANK SPEND:  950.00
2041-07-28:OAS/GIS payment: 917.33
2041-07-28:CPP payment:  1175.75
2041-08-01:BANK SPEND:  700.00
2041-08-15:SPLURGE SPENDING:  1329.24
2041-08-23:BANK SPEND:  950.00
2041-08-28:OAS/GIS payment: 917.33
2041-08-28:CPP payment:  1175.75
2041-09-01:BANK SPEND:  700.00
2041-09-23:BANK SPEND:  950.00
2041-09-28:OAS/GIS payment: 917.33
2041-09-28:CPP payment:  1175.75
2041-10-01:BANK SPEND:  700.00
2041-10-23:BANK SPEND:  950.00
2041-10-28:OAS/GIS payment: 917.33
2041-10-28:CPP payment:  1175.75
2041-11-01:BANK SPEND:  700.00
2041-11-15:SPLURGE SPENDING:  1329.24
2041-11-23:BANK SPEND:  950.00
2041-11-28:OAS/GIS payment: 917.33
2041-11-28:CPP payment:  1175.75
2041-12-01:BANK SPEND:  700.00
2041-12-23:BANK SPEND:  950.00
2041-12-28:OAS/GIS payment: 917.33
2041-12-28:CPP payment:  1175.75
2041-12-31:PAY TAXES:  607.08
2041 year-end.
Cash generated
    14,109.00 CPP
     8,562.48 OAS
     2,445.48 GIS
         0.00 Pension
         0.00 Dividends
         0.00 Net liquidation (sell-buy)
         0.00 Interest
         0.00 Total cash swept from tfsa-rif-nra to bank
    25,116.96 Total cash generated

Tax return 2041
    22,671.48 Taxable income
       199.57 Federal tax
       407.51 Provincial tax
       607.08 Tax Payable
         0.00 Dividend tax credits
         0.00 Installments
       607.08 Balance owing
    22,671.48 Net income
    22,671.48 Net income before adj
     8,562.48 OAS income
         0.00 Employment income
         0.00 RIF withdrawals

Accounts
     8,479.08 -BANKACCOUNT-
     8,479.08 Cash

     8,479.08 Net worth
         0.00 Investments worth

2042-01-01:BANK SPEND:  700.00
2042-01-23:BANK SPEND:  950.00
2042-01-28:OAS/GIS payment: 917.33
2042-01-28:CPP payment:  1175.75
2042-02-01:BANK SPEND:  700.00
2042-02-15:SPLURGE SPENDING:  722.16
2042-02-23:BANK SPEND:  950.00
2042-02-28:OAS/GIS payment: 917.33
2042-02-28:CPP payment:  1175.75
2042-03-01:BANK SPEND:  700.00
2042-03-23:BANK SPEND:  950.00
2042-03-28:OAS/GIS payment: 917.33
2042-03-28:CPP payment:  1175.75
2042-04-01:BANK SPEND:  700.00
2042-04-23:BANK SPEND:  950.00
2042-04-28:OAS/GIS payment: 917.33
2042-04-28:CPP payment:  1175.75
2042-05-01:BANK SPEND:  700.00
2042-05-15:SPLURGE SPENDING:  1329.24
2042-05-23:BANK SPEND:  950.00
2042-05-28:OAS/GIS payment: 917.33
2042-05-28:CPP payment:  1175.75
2042-06-01:BANK SPEND:  700.00
2042-06-23:BANK SPEND:  950.00
2042-06-28:OAS/GIS payment: 917.33
2042-06-28:CPP payment:  1175.75
2042-07-01:BANK SPEND:  700.00
2042-07-23:BANK SPEND:  950.00
2042-07-28:OAS/GIS payment: 917.33
2042-07-28:CPP payment:  1175.75
2042-08-01:BANK SPEND:  700.00
2042-08-15:SPLURGE SPENDING:  1329.24
2042-08-23:BANK SPEND:  950.00
2042-08-28:OAS/GIS payment: 917.33
2042-08-28:CPP payment:  1175.75
2042-09-01:BANK SPEND:  700.00
2042-09-23:BANK SPEND:  950.00
2042-09-28:OAS/GIS payment: 917.33
2042-09-28:CPP payment:  1175.75
2042-10-01:BANK SPEND:  700.00
2042-10-23:BANK SPEND:  950.00
2042-10-28:OAS/GIS payment: 917.33
2042-10-28:CPP payment:  1175.75
2042-11-01:BANK SPEND:  700.00
2042-11-15:SPLURGE SPENDING:  1329.24
2042-11-23:BANK SPEND:  950.00
2042-11-28:OAS/GIS payment: 917.33
2042-11-28:CPP payment:  1175.75
2042-12-01:BANK SPEND:  700.00
2042-12-23:BANK SPEND:  950.00
2042-12-28:OAS/GIS payment: 917.33
2042-12-28:CPP payment:  1175.75
2042-12-31:PAY TAXES:  607.08
2042 year-end.
Cash generated
    14,109.00 CPP
     8,562.48 OAS
     2,445.48 GIS
         0.00 Pension
         0.00 Dividends
         0.00 Net liquidation (sell-buy)
         0.00 Interest
         0.00 Total cash swept from tfsa-rif-nra to bank
    25,116.96 Total cash generated

Tax return 2042
    22,671.48 Taxable income
       199.57 Federal tax
       407.51 Provincial tax
       607.08 Tax Payable
         0.00 Dividend tax credits
         0.00 Installments
       607.08 Balance owing
    22,671.48 Net income
    22,671.48 Net income before adj
     8,562.48 OAS income
         0.00 Employment income
         0.00 RIF withdrawals

Accounts
     8,479.08 -BANKACCOUNT-
     8,479.08 Cash

     8,479.08 Net worth
         0.00 Investments worth

Summations (nominal)
Cash generated
   211,635.00 CPP
   121,301.50 OAS
    36,142.20 GIS
         0.00 Pension
         0.00 Dividends
         0.00 Net liquidation (sell-buy)
         0.00 Interest
         0.00 Total cash swept from tfsa-rif-nra to bank
   369,078.70 Total cash generated

Tax return 
   332,936.50 Taxable income
     1,923.25 Federal tax
     5,056.56 Provincial tax
     6,979.81 Tax Payable
         0.00 Dividend tax credits
         0.00 Installments
     6,979.81 Balance owing
   332,936.50 Net income
   332,936.50 Net income before adj
   332,936.50 OAS income
         0.00 Employment income
         0.00 RIF withdrawals

Summations (per year)
Cash generated
    14,109.00 CPP
     8,086.77 OAS
     2,409.48 GIS
         0.00 Pension
         0.00 Dividends
         0.00 Net liquidation (sell-buy)
         0.00 Interest
         0.00 Total cash swept from tfsa-rif-nra to bank
    24,605.25 Total cash generated

Tax return 
    22,195.77 Taxable income
       128.22 Federal tax
       337.10 Provincial tax
       465.32 Tax Payable
         0.00 Dividend tax credits
         0.00 Installments
       465.32 Balance owing
    22,195.77 Net income
   332,936.50 Net income before adj
    22,195.77 OAS income
         0.00 Employment income
         0.00 RIF withdrawals

# Net, gross, tax paid:
# 2028 net: 23423.41 = 23798.52 - 375.11.  [Net worth:8491.31] (age 66)
# 2029 net: 23963.41 = 24338.52 - 375.11.  [Net worth:8581.31] (age 67)
# 2030 net: 23963.41 = 24338.52 - 375.11.  [Net worth:8581.31] (age 68)
# 2031 net: 23963.41 = 24338.52 - 375.11.  [Net worth:8581.31] (age 69)
# 2032 net: 23963.41 = 24338.52 - 375.11.  [Net worth:8581.31] (age 70)
# 2033 net: 23963.41 = 24338.52 - 375.11.  [Net worth:8581.31] (age 71)
# 2034 net: 23963.41 = 24338.52 - 375.11.  [Net worth:8581.31] (age 72)
# 2035 net: 23963.41 = 24338.52 - 375.11.  [Net worth:8581.31] (age 73)
# 2036 net: 23963.41 = 24338.52 - 375.11.  [Net worth:8581.31] (age 74)
# 2037 net: 24418.80 = 24987.22 - 568.42.  [Net worth:8517.74] (age 75)
# 2038 net: 24509.88 = 25116.96 - 607.08.  [Net worth:8479.08] (age 76)
# 2039 net: 24509.88 = 25116.96 - 607.08.  [Net worth:8479.08] (age 77)
# 2040 net: 24509.88 = 25116.96 - 607.08.  [Net worth:8479.08] (age 78)
# 2041 net: 24509.88 = 25116.96 - 607.08.  [Net worth:8479.08] (age 79)
# 2042 net: 24509.88 = 25116.96 - 607.08.  [Net worth:8479.08] (age 80)
#   Total: 362098.89 = 369078.70 - 6979.81   (Net Worth: 8479.08)
Saving reports. Number of histories: 1.
Writing report to C:\johanley\ProjectsPhoton\end-game\scenario\01.4\01.4-cash-and-tax-summary.csv
Writing report to C:\johanley\ProjectsPhoton\end-game\scenario\01.4\01.4-cash-flows.csv
Scenario description: 01.4: Worker with no savings, retires at 65. CPP max monthly 1175.75, OAS/GIS. PE. Deterministic.
Start-date: 2028-01-01 end-date: 2042-12-31
Execution time: 1.335248s
Done.
Writing to log file C:\johanley\ProjectsPhoton\end-game\scenario\01.4\01.4.log
