Scenario: C:\johanley\ProjectsPhoton\end-game\scenario\02.2\02.2-only-tfsa-100k.ini
Running the scenario...
Reading the input scenario file: C:\johanley\ProjectsPhoton\end-game\scenario\02.2\02.2-only-tfsa-100k.ini
Checking the syntax-version of the file. It should be v1.0.0, otherwise the scenario file can't be read properly.
Parsing file: C:\johanley\ProjectsPhoton\end-game\scenario\02.2\02.2-only-tfsa-100k.ini
02.2: Only a TFSA with 100k in blue-chip dividends. Half the average CPP. 3% dividend growth, 3% stock price growth.
Reading file C:\johanley\ProjectsPhoton\end-game\input\gis\gis-brackets.utf8
Reading file C:\johanley\ProjectsPhoton\end-game\input\probability-of-survival\male-lx.utf8
Reading file C:\johanley\ProjectsPhoton\end-game\input\probability-of-survival\female-lx.utf8
History #1
Incrementing one day at a time, starting with 2027-01-01
2027-01-01:BANK WITHDRAWAL:  700.00
2027-01-23:BANK WITHDRAWAL:  500.00
2027-01-28:DIVIDEND: XYZ Tfsa 330@1.61 = 531.30
2027-02-01:BANK WITHDRAWAL:  700.00
2027-02-15:SPLURGE SPENDING:  3100.00
2027-02-23:BANK WITHDRAWAL:  500.00
2027-03-01:DIVIDEND: ABC Tfsa 1000@0.86 = 860.00
2027-03-01:BANK WITHDRAWAL:  700.00
  Bank balance: 3800.00 is under the small-balance limit of 4000.00
2027-03-01:MOVE CASH from Tfsa to BankAccount 1391.30
2027-03-23:BANK WITHDRAWAL:  500.00
2027-04-01:BANK WITHDRAWAL:  700.00
  Bank balance: 3991.30 is under the small-balance limit of 4000.00
2027-04-23:BANK WITHDRAWAL:  500.00
  Bank balance: 3491.30 is under the small-balance limit of 4000.00
2027-04-28:DIVIDEND: XYZ Tfsa 330@1.61 = 531.30
2027-05-01:BANK WITHDRAWAL:  700.00
  Bank balance: 2791.30 is under the small-balance limit of 4000.00
2027-05-23:BANK WITHDRAWAL:  500.00
  Bank balance: 2291.30 is under the small-balance limit of 4000.00
2027-06-01:DIVIDEND: ABC Tfsa 1000@0.86 = 860.00
2027-06-01:BANK WITHDRAWAL:  700.00
  Bank balance: 1591.30 is under the small-balance limit of 4000.00
2027-06-01:MOVE CASH from Tfsa to BankAccount 1391.30
2027-06-23:BANK WITHDRAWAL:  500.00
  Bank balance: 2482.60 is under the small-balance limit of 4000.00
2027-06-28:OAS/GIS payment: 835.46
2027-06-28:CPP payment:  336.00
2027-07-01:BANK WITHDRAWAL:  700.00
  Bank balance: 2954.06 is under the small-balance limit of 4000.00
2027-07-23:BANK WITHDRAWAL:  500.00
  Bank balance: 2454.06 is under the small-balance limit of 4000.00
2027-07-28:OAS/GIS payment: 835.46
2027-07-28:CPP payment:  336.00
2027-07-28:DIVIDEND: XYZ Tfsa 330@1.61 = 531.30
2027-08-01:BANK WITHDRAWAL:  700.00
  Bank balance: 2925.52 is under the small-balance limit of 4000.00
2027-08-23:BANK WITHDRAWAL:  500.00
  Bank balance: 2425.52 is under the small-balance limit of 4000.00
2027-08-28:OAS/GIS payment: 835.46
2027-08-28:CPP payment:  336.00
2027-09-01:DIVIDEND: ABC Tfsa 1000@0.86 = 860.00
2027-09-01:BANK WITHDRAWAL:  700.00
  Bank balance: 2896.98 is under the small-balance limit of 4000.00
2027-09-01:MOVE CASH from Tfsa to BankAccount 1391.30
2027-09-23:BANK WITHDRAWAL:  500.00
  Bank balance: 3788.28 is under the small-balance limit of 4000.00
2027-09-28:OAS/GIS payment: 835.46
2027-09-28:CPP payment:  336.00
2027-10-01:BANK WITHDRAWAL:  700.00
2027-10-23:BANK WITHDRAWAL:  500.00
  Bank balance: 3759.74 is under the small-balance limit of 4000.00
2027-10-28:OAS/GIS payment: 835.46
2027-10-28:CPP payment:  336.00
2027-10-28:DIVIDEND: XYZ Tfsa 330@1.61 = 531.30
2027-11-01:BANK WITHDRAWAL:  700.00
2027-11-23:BANK WITHDRAWAL:  500.00
  Bank balance: 3731.20 is under the small-balance limit of 4000.00
2027-11-25:STOCK-PRICE-UPDATE:  ABC 51.50 [3.0%]
2027-11-25:STOCK-PRICE-UPDATE:  XYZ 154.50 [3.0%]
2027-11-26:LIQUIDATE:  [Tfsa sold 48 XYZ net:7341.84]
2027-11-28:OAS/GIS payment: 835.46
2027-11-28:CPP payment:  336.00
2027-12-01:DIVIDEND: ABC Tfsa 1000@0.86 = 860.00
2027-12-01:BANK WITHDRAWAL:  700.00
2027-12-01:MOVE CASH from Tfsa to BankAccount 8733.14
2027-12-23:BANK WITHDRAWAL:  500.00
2027-12-28:OAS/GIS payment: 835.46
2027-12-28:CPP payment:  336.00
2027-12-31:PAY TAXES:  0.00
2027 year-end.
Cash generated
     2,352.00 CPP
     4,540.69 OAS
     1,307.53 GIS
         0.00 Pension
     5,565.20 Dividends
     7,341.84 Net liquidation (sell-buy)
         0.00 Interest
    12,907.04 Total cash swept from tfsa-rif-nra to bank
    21,107.26 Total cash generated

Tax return 2027
     6,892.69 Taxable income
         0.00 Federal tax
         0.00 Provincial tax
         0.00 Tax Payable
         0.00 Dividend tax credits
         0.00 Installments
         0.00 Balance owing
     6,892.69 Net income
     6,892.69 Net income before adj
     4,540.69 OAS income
         0.00 Employment income
         0.00 RIF withdrawals

Accounts
    95,069.00 -TFSA-
    51,500.00 ABC 1000sh @ 51.50
    43,569.00 XYZ 282sh @ 154.50
         0.00 Cash

    13,607.26 -BANKACCOUNT-
    13,607.26 Cash

   108,676.26 Net worth
    95,069.00 Investments worth

    24,907.04 TFSA room for 2028
2028-01-01:BANK WITHDRAWAL:  700.00
2028-01-23:BANK WITHDRAWAL:  500.00
2028-01-28:OAS/GIS payment: 1512.53
2028-01-28:CPP payment:  336.00
2028-01-28:DIVIDEND: XYZ Tfsa 282@1.67 = 470.94
2028-02-01:BANK WITHDRAWAL:  700.00
2028-02-15:SPLURGE SPENDING:  8555.79
2028-02-23:BANK WITHDRAWAL:  500.00
2028-02-28:OAS/GIS payment: 1512.53
2028-02-28:CPP payment:  336.00
2028-03-01:DIVIDEND: ABC Tfsa 1000@0.89 = 890.00
2028-03-01:BANK WITHDRAWAL:  700.00
2028-03-01:MOVE CASH from Tfsa to BankAccount 1360.94
2028-03-23:BANK WITHDRAWAL:  500.00
2028-03-28:OAS/GIS payment: 1512.53
2028-03-28:CPP payment:  336.00
2028-04-01:BANK WITHDRAWAL:  700.00
2028-04-23:BANK WITHDRAWAL:  500.00
2028-04-28:OAS/GIS payment: 1512.53
2028-04-28:CPP payment:  336.00
2028-04-28:DIVIDEND: XYZ Tfsa 282@1.67 = 470.94
2028-05-01:BANK WITHDRAWAL:  700.00
2028-05-15:SPLURGE SPENDING:  3306.53
2028-05-23:BANK WITHDRAWAL:  500.00
2028-05-28:OAS/GIS payment: 1512.53
2028-05-28:CPP payment:  336.00
2028-06-01:DIVIDEND: ABC Tfsa 1000@0.89 = 890.00
2028-06-01:BANK WITHDRAWAL:  700.00
2028-06-01:MOVE CASH from Tfsa to BankAccount 1360.94
2028-06-23:BANK WITHDRAWAL:  500.00
2028-06-28:OAS/GIS payment: 1512.53
2028-06-28:CPP payment:  336.00
2028-07-01:BANK WITHDRAWAL:  700.00
2028-07-23:BANK WITHDRAWAL:  500.00
2028-07-28:OAS/GIS payment: 1512.53
2028-07-28:CPP payment:  336.00
2028-07-28:DIVIDEND: XYZ Tfsa 282@1.67 = 470.94
2028-08-01:BANK WITHDRAWAL:  700.00
2028-08-15:SPLURGE SPENDING:  3306.53
2028-08-23:BANK WITHDRAWAL:  500.00
2028-08-28:OAS/GIS payment: 1512.53
2028-08-28:CPP payment:  336.00
2028-09-01:DIVIDEND: ABC Tfsa 1000@0.89 = 890.00
2028-09-01:BANK WITHDRAWAL:  700.00
2028-09-01:MOVE CASH from Tfsa to BankAccount 1360.94
2028-09-23:BANK WITHDRAWAL:  500.00
2028-09-28:OAS/GIS payment: 1512.53
2028-09-28:CPP payment:  336.00
2028-10-01:BANK WITHDRAWAL:  700.00
2028-10-23:BANK WITHDRAWAL:  500.00
2028-10-28:OAS/GIS payment: 1512.53
2028-10-28:CPP payment:  336.00
2028-10-28:DIVIDEND: XYZ Tfsa 282@1.67 = 470.94
2028-11-01:BANK WITHDRAWAL:  700.00
2028-11-15:SPLURGE SPENDING:  3306.53
2028-11-23:BANK WITHDRAWAL:  500.00
2028-11-25:STOCK-PRICE-UPDATE:  ABC 53.04 [2.99%]
2028-11-25:STOCK-PRICE-UPDATE:  XYZ 159.14 [3.0%]
2028-11-26:LIQUIDATE:  [Tfsa sold 47 XYZ net:7404.78]
2028-11-28:OAS/GIS payment: 1512.53
2028-11-28:CPP payment:  336.00
2028-12-01:DIVIDEND: ABC Tfsa 1000@0.89 = 890.00
2028-12-01:BANK WITHDRAWAL:  700.00
2028-12-01:MOVE CASH from Tfsa to BankAccount 8765.72
2028-12-23:BANK WITHDRAWAL:  500.00
2028-12-28:OAS/GIS payment: 1512.53
2028-12-28:CPP payment:  336.00
2028-12-31:PAY TAXES:  0.00
2028 year-end.
Cash generated
     4,032.00 CPP
     7,784.04 OAS
    10,366.32 GIS
         0.00 Pension
     5,443.76 Dividends
     7,404.78 Net liquidation (sell-buy)
         0.00 Interest
    12,848.54 Total cash swept from tfsa-rif-nra to bank
    35,030.90 Total cash generated

Tax return 2028
    11,816.04 Taxable income
         0.00 Federal tax
         0.00 Provincial tax
         0.00 Tax Payable
         0.00 Dividend tax credits
         0.00 Installments
         0.00 Balance owing
    11,816.04 Net income
    11,816.04 Net income before adj
     7,784.04 OAS income
         0.00 Employment income
         0.00 RIF withdrawals

Accounts
    90,437.90 -TFSA-
    53,040.00 ABC 1000sh @ 53.04
    37,397.90 XYZ 235sh @ 159.14
         0.00 Cash

    15,762.78 -BANKACCOUNT-
    15,762.78 Cash

   106,200.68 Net worth
    90,437.90 Investments worth

    43,755.58 TFSA room for 2029
2029-01-01:BANK WITHDRAWAL:  700.00
2029-01-23:BANK WITHDRAWAL:  500.00
2029-01-28:OAS/GIS payment: 1407.53
2029-01-28:CPP payment:  336.00
2029-01-28:DIVIDEND: XYZ Tfsa 235@1.74 = 408.90
2029-02-01:BANK WITHDRAWAL:  700.00
2029-02-15:SPLURGE SPENDING:  10606.31
2029-02-23:BANK WITHDRAWAL:  500.00
2029-02-28:OAS/GIS payment: 1407.53
2029-02-28:CPP payment:  336.00
2029-03-01:DIVIDEND: ABC Tfsa 1000@0.93 = 930.00
2029-03-01:BANK WITHDRAWAL:  700.00
2029-03-01:MOVE CASH from Tfsa to BankAccount 1338.90
2029-03-23:BANK WITHDRAWAL:  500.00
2029-03-28:OAS/GIS payment: 1407.53
2029-03-28:CPP payment:  336.00
2029-04-01:BANK WITHDRAWAL:  700.00
2029-04-23:BANK WITHDRAWAL:  500.00
2029-04-28:OAS/GIS payment: 1407.53
2029-04-28:CPP payment:  336.00
2029-04-28:DIVIDEND: XYZ Tfsa 235@1.74 = 408.90
2029-05-01:BANK WITHDRAWAL:  700.00
2029-05-15:SPLURGE SPENDING:  2969.49
2029-05-23:BANK WITHDRAWAL:  500.00
2029-05-28:OAS/GIS payment: 1407.53
2029-05-28:CPP payment:  336.00
2029-06-01:DIVIDEND: ABC Tfsa 1000@0.93 = 930.00
2029-06-01:BANK WITHDRAWAL:  700.00
2029-06-01:MOVE CASH from Tfsa to BankAccount 1338.90
2029-06-23:BANK WITHDRAWAL:  500.00
2029-06-28:OAS/GIS payment: 1407.53
2029-06-28:CPP payment:  336.00
2029-07-01:BANK WITHDRAWAL:  700.00
2029-07-23:BANK WITHDRAWAL:  500.00
2029-07-28:OAS/GIS payment: 1407.53
2029-07-28:CPP payment:  336.00
2029-07-28:DIVIDEND: XYZ Tfsa 235@1.74 = 408.90
2029-08-01:BANK WITHDRAWAL:  700.00
2029-08-15:SPLURGE SPENDING:  2969.49
2029-08-23:BANK WITHDRAWAL:  500.00
2029-08-28:OAS/GIS payment: 1407.53
2029-08-28:CPP payment:  336.00
2029-09-01:DIVIDEND: ABC Tfsa 1000@0.93 = 930.00
2029-09-01:BANK WITHDRAWAL:  700.00
2029-09-01:MOVE CASH from Tfsa to BankAccount 1338.90
2029-09-23:BANK WITHDRAWAL:  500.00
2029-09-28:OAS/GIS payment: 1407.53
2029-09-28:CPP payment:  336.00
2029-10-01:BANK WITHDRAWAL:  700.00
2029-10-23:BANK WITHDRAWAL:  500.00
2029-10-28:OAS/GIS payment: 1407.53
2029-10-28:CPP payment:  336.00
2029-10-28:DIVIDEND: XYZ Tfsa 235@1.74 = 408.90
2029-11-01:BANK WITHDRAWAL:  700.00
2029-11-15:SPLURGE SPENDING:  2969.49
2029-11-23:BANK WITHDRAWAL:  500.00
2029-11-25:STOCK-PRICE-UPDATE:  ABC 54.63 [3.0%]
2029-11-25:STOCK-PRICE-UPDATE:  XYZ 163.91 [3.0%]
2029-11-26:LIQUIDATE:  [Tfsa sold 45 XYZ net:7302.19]
2029-11-28:OAS/GIS payment: 1407.53
2029-11-28:CPP payment:  336.00
2029-12-01:DIVIDEND: ABC Tfsa 1000@0.93 = 930.00
2029-12-01:BANK WITHDRAWAL:  700.00
2029-12-01:MOVE CASH from Tfsa to BankAccount 8641.09
2029-12-23:BANK WITHDRAWAL:  500.00
2029-12-28:OAS/GIS payment: 1407.53
2029-12-28:CPP payment:  336.00
2029-12-31:PAY TAXES:  0.00
2029 year-end.
Cash generated
     4,032.00 CPP
     7,784.04 OAS
     9,106.32 GIS
         0.00 Pension
     5,355.60 Dividends
     7,302.19 Net liquidation (sell-buy)
         0.00 Interest
    12,657.79 Total cash swept from tfsa-rif-nra to bank
    33,580.15 Total cash generated

Tax return 2029
    11,816.04 Taxable income
         0.00 Federal tax
         0.00 Provincial tax
         0.00 Tax Payable
         0.00 Dividend tax credits
         0.00 Installments
         0.00 Balance owing
    11,816.04 Net income
    11,816.04 Net income before adj
     7,784.04 OAS income
         0.00 Employment income
         0.00 RIF withdrawals

Accounts
    85,772.90 -TFSA-
    54,630.00 ABC 1000sh @ 54.63
    31,142.90 XYZ 190sh @ 163.91
         0.00 Cash

    15,428.15 -BANKACCOUNT-
    15,428.15 Cash

   101,201.05 Net worth
    85,772.90 Investments worth

    62,413.37 TFSA room for 2030
2030-01-01:BANK WITHDRAWAL:  700.00
2030-01-23:BANK WITHDRAWAL:  500.00
2030-01-28:OAS/GIS payment: 1407.53
2030-01-28:CPP payment:  336.00
2030-01-28:DIVIDEND: XYZ Tfsa 190@1.81 = 343.90
2030-02-01:BANK WITHDRAWAL:  700.00
2030-02-15:SPLURGE SPENDING:  10271.68
2030-02-23:BANK WITHDRAWAL:  500.00
2030-02-28:OAS/GIS payment: 1407.53
2030-02-28:CPP payment:  336.00
2030-03-01:DIVIDEND: ABC Tfsa 1000@0.97 = 970.00
2030-03-01:BANK WITHDRAWAL:  700.00
2030-03-01:MOVE CASH from Tfsa to BankAccount 1313.90
2030-03-23:BANK WITHDRAWAL:  500.00
2030-03-28:OAS/GIS payment: 1407.53
2030-03-28:CPP payment:  336.00
2030-04-01:BANK WITHDRAWAL:  700.00
2030-04-23:BANK WITHDRAWAL:  500.00
2030-04-28:OAS/GIS payment: 1407.53
2030-04-28:CPP payment:  336.00
2030-04-28:DIVIDEND: XYZ Tfsa 190@1.81 = 343.90
2030-05-01:BANK WITHDRAWAL:  700.00
2030-05-15:SPLURGE SPENDING:  2944.49
2030-05-23:BANK WITHDRAWAL:  500.00
2030-05-28:OAS/GIS payment: 1407.53
2030-05-28:CPP payment:  336.00
2030-06-01:DIVIDEND: ABC Tfsa 1000@0.97 = 970.00
2030-06-01:BANK WITHDRAWAL:  700.00
2030-06-01:MOVE CASH from Tfsa to BankAccount 1313.90
2030-06-23:BANK WITHDRAWAL:  500.00
2030-06-28:OAS/GIS payment: 1407.53
2030-06-28:CPP payment:  336.00
2030-07-01:BANK WITHDRAWAL:  700.00
2030-07-23:BANK WITHDRAWAL:  500.00
2030-07-28:OAS/GIS payment: 1407.53
2030-07-28:CPP payment:  336.00
2030-07-28:DIVIDEND: XYZ Tfsa 190@1.81 = 343.90
2030-08-01:BANK WITHDRAWAL:  700.00
2030-08-15:SPLURGE SPENDING:  2944.49
2030-08-23:BANK WITHDRAWAL:  500.00
2030-08-28:OAS/GIS payment: 1407.53
2030-08-28:CPP payment:  336.00
2030-09-01:DIVIDEND: ABC Tfsa 1000@0.97 = 970.00
2030-09-01:BANK WITHDRAWAL:  700.00
2030-09-01:MOVE CASH from Tfsa to BankAccount 1313.90
2030-09-23:BANK WITHDRAWAL:  500.00
2030-09-28:OAS/GIS payment: 1407.53
2030-09-28:CPP payment:  336.00
2030-10-01:BANK WITHDRAWAL:  700.00
2030-10-23:BANK WITHDRAWAL:  500.00
2030-10-28:OAS/GIS payment: 1407.53
2030-10-28:CPP payment:  336.00
2030-10-28:DIVIDEND: XYZ Tfsa 190@1.81 = 343.90
2030-11-01:BANK WITHDRAWAL:  700.00
2030-11-15:SPLURGE SPENDING:  2944.49
2030-11-23:BANK WITHDRAWAL:  500.00
2030-11-25:STOCK-PRICE-UPDATE:  ABC 56.27 [3.0%]
2030-11-25:STOCK-PRICE-UPDATE:  XYZ 168.83 [3.0%]
2030-11-26:LIQUIDATE:  [Tfsa sold 44 XYZ net:7354.23]
2030-11-28:OAS/GIS payment: 1407.53
2030-11-28:CPP payment:  336.00
2030-12-01:DIVIDEND: ABC Tfsa 1000@0.97 = 970.00
2030-12-01:BANK WITHDRAWAL:  700.00
2030-12-01:MOVE CASH from Tfsa to BankAccount 8668.13
2030-12-23:BANK WITHDRAWAL:  500.00
2030-12-28:OAS/GIS payment: 1407.53
2030-12-28:CPP payment:  336.00
2030-12-31:PAY TAXES:  0.00
2030 year-end.
Cash generated
     4,032.00 CPP
     7,784.04 OAS
     9,106.32 GIS
         0.00 Pension
     5,255.60 Dividends
     7,354.23 Net liquidation (sell-buy)
         0.00 Interest
    12,609.83 Total cash swept from tfsa-rif-nra to bank
    33,532.19 Total cash generated

Tax return 2030
    11,816.04 Taxable income
         0.00 Federal tax
         0.00 Provincial tax
         0.00 Tax Payable
         0.00 Dividend tax credits
         0.00 Installments
         0.00 Balance owing
    11,816.04 Net income
    11,816.04 Net income before adj
     7,784.04 OAS income
         0.00 Employment income
         0.00 RIF withdrawals

Accounts
    80,919.18 -TFSA-
    56,270.00 ABC 1000sh @ 56.27
    24,649.18 XYZ 146sh @ 168.83
         0.00 Cash

    15,455.19 -BANKACCOUNT-
    15,455.19 Cash

    96,374.37 Net worth
    80,919.18 Investments worth

    81,023.20 TFSA room for 2031
2031-01-01:BANK WITHDRAWAL:  700.00
2031-01-23:BANK WITHDRAWAL:  500.00
2031-01-28:OAS/GIS payment: 1407.53
2031-01-28:CPP payment:  336.00
2031-01-28:DIVIDEND: XYZ Tfsa 146@1.88 = 274.48
2031-02-01:BANK WITHDRAWAL:  700.00
2031-02-15:SPLURGE SPENDING:  10298.72
2031-02-23:BANK WITHDRAWAL:  500.00
2031-02-28:OAS/GIS payment: 1407.53
2031-02-28:CPP payment:  336.00
2031-03-01:DIVIDEND: ABC Tfsa 1000@1.01 = 1010.00
2031-03-01:BANK WITHDRAWAL:  700.00
2031-03-01:MOVE CASH from Tfsa to BankAccount 1284.48
2031-03-23:BANK WITHDRAWAL:  500.00
2031-03-28:OAS/GIS payment: 1407.53
2031-03-28:CPP payment:  336.00
2031-04-01:BANK WITHDRAWAL:  700.00
2031-04-23:BANK WITHDRAWAL:  500.00
2031-04-28:OAS/GIS payment: 1407.53
2031-04-28:CPP payment:  336.00
2031-04-28:DIVIDEND: XYZ Tfsa 146@1.88 = 274.48
2031-05-01:BANK WITHDRAWAL:  700.00
2031-05-15:SPLURGE SPENDING:  2915.07
2031-05-23:BANK WITHDRAWAL:  500.00
2031-05-28:OAS/GIS payment: 1407.53
2031-05-28:CPP payment:  336.00
2031-06-01:DIVIDEND: ABC Tfsa 1000@1.01 = 1010.00
2031-06-01:BANK WITHDRAWAL:  700.00
2031-06-01:MOVE CASH from Tfsa to BankAccount 1284.48
2031-06-23:BANK WITHDRAWAL:  500.00
2031-06-28:OAS/GIS payment: 1407.53
2031-06-28:CPP payment:  336.00
2031-07-01:BANK WITHDRAWAL:  700.00
2031-07-23:BANK WITHDRAWAL:  500.00
2031-07-28:OAS/GIS payment: 1407.53
2031-07-28:CPP payment:  336.00
2031-07-28:DIVIDEND: XYZ Tfsa 146@1.88 = 274.48
2031-08-01:BANK WITHDRAWAL:  700.00
2031-08-15:SPLURGE SPENDING:  2915.07
2031-08-23:BANK WITHDRAWAL:  500.00
2031-08-28:OAS/GIS payment: 1407.53
2031-08-28:CPP payment:  336.00
2031-09-01:DIVIDEND: ABC Tfsa 1000@1.01 = 1010.00
2031-09-01:BANK WITHDRAWAL:  700.00
2031-09-01:MOVE CASH from Tfsa to BankAccount 1284.48
2031-09-23:BANK WITHDRAWAL:  500.00
2031-09-28:OAS/GIS payment: 1407.53
2031-09-28:CPP payment:  336.00
2031-10-01:BANK WITHDRAWAL:  700.00
2031-10-23:BANK WITHDRAWAL:  500.00
2031-10-28:OAS/GIS payment: 1407.53
2031-10-28:CPP payment:  336.00
2031-10-28:DIVIDEND: XYZ Tfsa 146@1.88 = 274.48
2031-11-01:BANK WITHDRAWAL:  700.00
2031-11-15:SPLURGE SPENDING:  2915.07
2031-11-23:BANK WITHDRAWAL:  500.00
2031-11-25:STOCK-PRICE-UPDATE:  ABC 57.96 [3.0%]
2031-11-25:STOCK-PRICE-UPDATE:  XYZ 173.89 [3.0%]
2031-11-26:LIQUIDATE:  [Tfsa sold 43 XYZ net:7402.50]
2031-11-28:OAS/GIS payment: 1407.53
2031-11-28:CPP payment:  336.00
2031-12-01:DIVIDEND: ABC Tfsa 1000@1.01 = 1010.00
2031-12-01:BANK WITHDRAWAL:  700.00
2031-12-01:MOVE CASH from Tfsa to BankAccount 8686.98
2031-12-23:BANK WITHDRAWAL:  500.00
2031-12-28:OAS/GIS payment: 1407.53
2031-12-28:CPP payment:  336.00
2031-12-31:PAY TAXES:  0.00
2031 year-end.
Cash generated
     4,032.00 CPP
     7,784.04 OAS
     9,106.32 GIS
         0.00 Pension
     5,137.92 Dividends
     7,402.50 Net liquidation (sell-buy)
         0.00 Interest
    12,540.42 Total cash swept from tfsa-rif-nra to bank
    33,462.78 Total cash generated

Tax return 2031
    11,816.04 Taxable income
         0.00 Federal tax
         0.00 Provincial tax
         0.00 Tax Payable
         0.00 Dividend tax credits
         0.00 Installments
         0.00 Balance owing
    11,816.04 Net income
    11,816.04 Net income before adj
     7,784.04 OAS income
         0.00 Employment income
         0.00 RIF withdrawals

Accounts
    75,870.67 -TFSA-
    57,960.00 ABC 1000sh @ 57.96
    17,910.67 XYZ 103sh @ 173.89
         0.00 Cash

    15,474.04 -BANKACCOUNT-
    15,474.04 Cash

    91,344.71 Net worth
    75,870.67 Investments worth

    99,563.62 TFSA room for 2032
2032-01-01:BANK WITHDRAWAL:  700.00
2032-01-23:BANK WITHDRAWAL:  500.00
2032-01-28:OAS/GIS payment: 1407.53
2032-01-28:CPP payment:  336.00
2032-01-28:DIVIDEND: XYZ Tfsa 103@1.96 = 201.88
2032-02-01:BANK WITHDRAWAL:  700.00
2032-02-15:SPLURGE SPENDING:  10317.57
2032-02-23:BANK WITHDRAWAL:  500.00
2032-02-28:OAS/GIS payment: 1407.53
2032-02-28:CPP payment:  336.00
2032-03-01:DIVIDEND: ABC Tfsa 1000@1.05 = 1050.00
2032-03-01:BANK WITHDRAWAL:  700.00
2032-03-01:MOVE CASH from Tfsa to BankAccount 1251.88
2032-03-23:BANK WITHDRAWAL:  500.00
2032-03-28:OAS/GIS payment: 1407.53
2032-03-28:CPP payment:  336.00
2032-04-01:BANK WITHDRAWAL:  700.00
2032-04-23:BANK WITHDRAWAL:  500.00
2032-04-28:OAS/GIS payment: 1407.53
2032-04-28:CPP payment:  336.00
2032-04-28:DIVIDEND: XYZ Tfsa 103@1.96 = 201.88
2032-05-01:BANK WITHDRAWAL:  700.00
2032-05-15:SPLURGE SPENDING:  2882.47
2032-05-23:BANK WITHDRAWAL:  500.00
2032-05-28:OAS/GIS payment: 1407.53
2032-05-28:CPP payment:  336.00
2032-06-01:DIVIDEND: ABC Tfsa 1000@1.05 = 1050.00
2032-06-01:BANK WITHDRAWAL:  700.00
2032-06-01:MOVE CASH from Tfsa to BankAccount 1251.88
2032-06-23:BANK WITHDRAWAL:  500.00
2032-06-28:OAS/GIS payment: 1407.53
2032-06-28:CPP payment:  336.00
2032-07-01:BANK WITHDRAWAL:  700.00
2032-07-23:BANK WITHDRAWAL:  500.00
2032-07-28:OAS/GIS payment: 1407.53
2032-07-28:CPP payment:  336.00
2032-07-28:DIVIDEND: XYZ Tfsa 103@1.96 = 201.88
2032-08-01:BANK WITHDRAWAL:  700.00
2032-08-15:SPLURGE SPENDING:  2882.47
2032-08-23:BANK WITHDRAWAL:  500.00
2032-08-28:OAS/GIS payment: 1407.53
2032-08-28:CPP payment:  336.00
2032-09-01:DIVIDEND: ABC Tfsa 1000@1.05 = 1050.00
2032-09-01:BANK WITHDRAWAL:  700.00
2032-09-01:MOVE CASH from Tfsa to BankAccount 1251.88
2032-09-23:BANK WITHDRAWAL:  500.00
2032-09-28:OAS/GIS payment: 1407.53
2032-09-28:CPP payment:  336.00
2032-10-01:BANK WITHDRAWAL:  700.00
2032-10-23:BANK WITHDRAWAL:  500.00
2032-10-28:OAS/GIS payment: 1407.53
2032-10-28:CPP payment:  336.00
2032-10-28:DIVIDEND: XYZ Tfsa 103@1.96 = 201.88
2032-11-01:BANK WITHDRAWAL:  700.00
2032-11-15:SPLURGE SPENDING:  2882.47
2032-11-23:BANK WITHDRAWAL:  500.00
2032-11-25:STOCK-PRICE-UPDATE:  ABC 59.70 [3.0%]
2032-11-25:STOCK-PRICE-UPDATE:  XYZ 179.11 [3.0%]
2032-11-26:LIQUIDATE:  [Tfsa sold 41 XYZ net:7270.07]
2032-11-28:OAS/GIS payment: 1407.53
2032-11-28:CPP payment:  336.00
2032-12-01:DIVIDEND: ABC Tfsa 1000@1.05 = 1050.00
2032-12-01:BANK WITHDRAWAL:  700.00
2032-12-01:MOVE CASH from Tfsa to BankAccount 8521.95
2032-12-23:BANK WITHDRAWAL:  500.00
2032-12-28:OAS/GIS payment: 1407.53
2032-12-28:CPP payment:  336.00
2032-12-31:PAY TAXES:  0.00
2032 year-end.
Cash generated
     4,032.00 CPP
     7,784.04 OAS
     9,106.32 GIS
         0.00 Pension
     5,007.52 Dividends
     7,270.07 Net liquidation (sell-buy)
         0.00 Interest
    12,277.59 Total cash swept from tfsa-rif-nra to bank
    33,199.95 Total cash generated

Tax return 2032
    11,816.04 Taxable income
         0.00 Federal tax
         0.00 Provincial tax
         0.00 Tax Payable
         0.00 Dividend tax credits
         0.00 Installments
         0.00 Balance owing
    11,816.04 Net income
    11,816.04 Net income before adj
     7,784.04 OAS income
         0.00 Employment income
         0.00 RIF withdrawals

Accounts
    70,804.82 -TFSA-
    59,700.00 ABC 1000sh @ 59.70
    11,104.82 XYZ 62sh @ 179.11
         0.00 Cash

    15,309.01 -BANKACCOUNT-
    15,309.01 Cash

    86,113.83 Net worth
    70,804.82 Investments worth

   117,841.21 TFSA room for 2033
2033-01-01:BANK WITHDRAWAL:  700.00
2033-01-23:BANK WITHDRAWAL:  500.00
2033-01-28:OAS/GIS payment: 1407.53
2033-01-28:CPP payment:  336.00
2033-01-28:DIVIDEND: XYZ Tfsa 62@2.04 = 126.48
2033-02-01:BANK WITHDRAWAL:  700.00
2033-02-15:SPLURGE SPENDING:  10152.54
2033-02-23:BANK WITHDRAWAL:  500.00
2033-02-28:OAS/GIS payment: 1407.53
2033-02-28:CPP payment:  336.00
2033-03-01:DIVIDEND: ABC Tfsa 1000@1.09 = 1090.00
2033-03-01:BANK WITHDRAWAL:  700.00
2033-03-01:MOVE CASH from Tfsa to BankAccount 1216.48
2033-03-23:BANK WITHDRAWAL:  500.00
2033-03-28:OAS/GIS payment: 1407.53
2033-03-28:CPP payment:  336.00
2033-04-01:BANK WITHDRAWAL:  700.00
2033-04-23:BANK WITHDRAWAL:  500.00
2033-04-28:OAS/GIS payment: 1407.53
2033-04-28:CPP payment:  336.00
2033-04-28:DIVIDEND: XYZ Tfsa 62@2.04 = 126.48
2033-05-01:BANK WITHDRAWAL:  700.00
2033-05-15:SPLURGE SPENDING:  2847.07
2033-05-23:BANK WITHDRAWAL:  500.00
2033-05-28:OAS/GIS payment: 1407.53
2033-05-28:CPP payment:  336.00
2033-06-01:DIVIDEND: ABC Tfsa 1000@1.09 = 1090.00
2033-06-01:BANK WITHDRAWAL:  700.00
2033-06-01:MOVE CASH from Tfsa to BankAccount 1216.48
2033-06-23:BANK WITHDRAWAL:  500.00
2033-06-28:OAS/GIS payment: 1407.53
2033-06-28:CPP payment:  336.00
2033-07-01:BANK WITHDRAWAL:  700.00
2033-07-23:BANK WITHDRAWAL:  500.00
2033-07-28:OAS/GIS payment: 1407.53
2033-07-28:CPP payment:  336.00
2033-07-28:DIVIDEND: XYZ Tfsa 62@2.04 = 126.48
2033-08-01:BANK WITHDRAWAL:  700.00
2033-08-15:SPLURGE SPENDING:  2847.07
2033-08-23:BANK WITHDRAWAL:  500.00
2033-08-28:OAS/GIS payment: 1407.53
2033-08-28:CPP payment:  336.00
2033-09-01:DIVIDEND: ABC Tfsa 1000@1.09 = 1090.00
2033-09-01:BANK WITHDRAWAL:  700.00
2033-09-01:MOVE CASH from Tfsa to BankAccount 1216.48
2033-09-23:BANK WITHDRAWAL:  500.00
2033-09-28:OAS/GIS payment: 1407.53
2033-09-28:CPP payment:  336.00
2033-10-01:BANK WITHDRAWAL:  700.00
2033-10-23:BANK WITHDRAWAL:  500.00
2033-10-28:OAS/GIS payment: 1407.53
2033-10-28:CPP payment:  336.00
2033-10-28:DIVIDEND: XYZ Tfsa 62@2.04 = 126.48
2033-11-01:BANK WITHDRAWAL:  700.00
2033-11-15:SPLURGE SPENDING:  2847.07
2033-11-23:BANK WITHDRAWAL:  500.00
2033-11-25:STOCK-PRICE-UPDATE:  ABC 61.49 [3.0%]
2033-11-25:STOCK-PRICE-UPDATE:  XYZ 184.48 [3.0%]
2033-11-26:LIQUIDATE:  [Tfsa sold 40 XYZ net:7305.41]
2033-11-28:OAS/GIS payment: 1407.53
2033-11-28:CPP payment:  336.00
2033-12-01:DIVIDEND: ABC Tfsa 1000@1.09 = 1090.00
2033-12-01:BANK WITHDRAWAL:  700.00
2033-12-01:MOVE CASH from Tfsa to BankAccount 8521.89
2033-12-23:BANK WITHDRAWAL:  500.00
2033-12-28:OAS/GIS payment: 1407.53
2033-12-28:CPP payment:  336.00
2033-12-31:PAY TAXES:  0.00
2033 year-end.
Cash generated
     4,032.00 CPP
     7,784.04 OAS
     9,106.32 GIS
         0.00 Pension
     4,865.92 Dividends
     7,305.41 Net liquidation (sell-buy)
         0.00 Interest
    12,171.33 Total cash swept from tfsa-rif-nra to bank
    33,093.69 Total cash generated

Tax return 2033
    11,816.04 Taxable income
         0.00 Federal tax
         0.00 Provincial tax
         0.00 Tax Payable
         0.00 Dividend tax credits
         0.00 Installments
         0.00 Balance owing
    11,816.04 Net income
    11,816.04 Net income before adj
     7,784.04 OAS income
         0.00 Employment income
         0.00 RIF withdrawals

Accounts
    65,548.56 -TFSA-
    61,490.00 ABC 1000sh @ 61.49
     4,058.56 XYZ 22sh @ 184.48
         0.00 Cash

    15,308.95 -BANKACCOUNT-
    15,308.95 Cash

    80,857.51 Net worth
    65,548.56 Investments worth

   136,012.54 TFSA room for 2034
2034-01-01:BANK WITHDRAWAL:  700.00
2034-01-23:BANK WITHDRAWAL:  500.00
2034-01-28:OAS/GIS payment: 1407.53
2034-01-28:CPP payment:  336.00
2034-01-28:DIVIDEND: XYZ Tfsa 22@2.12 = 46.64
2034-02-01:BANK WITHDRAWAL:  700.00
2034-02-15:SPLURGE SPENDING:  10152.48
2034-02-23:BANK WITHDRAWAL:  500.00
2034-02-28:OAS/GIS payment: 1407.53
2034-02-28:CPP payment:  336.00
2034-03-01:DIVIDEND: ABC Tfsa 1000@1.13 = 1130.00
2034-03-01:BANK WITHDRAWAL:  700.00
2034-03-01:MOVE CASH from Tfsa to BankAccount 1176.64
2034-03-23:BANK WITHDRAWAL:  500.00
2034-03-28:OAS/GIS payment: 1407.53
2034-03-28:CPP payment:  336.00
2034-04-01:BANK WITHDRAWAL:  700.00
2034-04-23:BANK WITHDRAWAL:  500.00
2034-04-28:OAS/GIS payment: 1407.53
2034-04-28:CPP payment:  336.00
2034-04-28:DIVIDEND: XYZ Tfsa 22@2.12 = 46.64
2034-05-01:BANK WITHDRAWAL:  700.00
2034-05-15:SPLURGE SPENDING:  2807.23
2034-05-23:BANK WITHDRAWAL:  500.00
2034-05-28:OAS/GIS payment: 1407.53
2034-05-28:CPP payment:  336.00
2034-06-01:DIVIDEND: ABC Tfsa 1000@1.13 = 1130.00
2034-06-01:BANK WITHDRAWAL:  700.00
2034-06-01:MOVE CASH from Tfsa to BankAccount 1176.64
2034-06-23:BANK WITHDRAWAL:  500.00
2034-06-28:OAS/GIS payment: 1407.53
2034-06-28:CPP payment:  336.00
2034-07-01:BANK WITHDRAWAL:  700.00
2034-07-23:BANK WITHDRAWAL:  500.00
2034-07-28:OAS/GIS payment: 1407.53
2034-07-28:CPP payment:  336.00
2034-07-28:DIVIDEND: XYZ Tfsa 22@2.12 = 46.64
2034-08-01:BANK WITHDRAWAL:  700.00
2034-08-15:SPLURGE SPENDING:  2807.23
2034-08-23:BANK WITHDRAWAL:  500.00
2034-08-28:OAS/GIS payment: 1407.53
2034-08-28:CPP payment:  336.00
2034-09-01:DIVIDEND: ABC Tfsa 1000@1.13 = 1130.00
2034-09-01:BANK WITHDRAWAL:  700.00
2034-09-01:MOVE CASH from Tfsa to BankAccount 1176.64
2034-09-23:BANK WITHDRAWAL:  500.00
2034-09-28:OAS/GIS payment: 1407.53
2034-09-28:CPP payment:  336.00
2034-10-01:BANK WITHDRAWAL:  700.00
2034-10-23:BANK WITHDRAWAL:  500.00
2034-10-28:OAS/GIS payment: 1407.53
2034-10-28:CPP payment:  336.00
2034-10-28:DIVIDEND: XYZ Tfsa 22@2.12 = 46.64
2034-11-01:BANK WITHDRAWAL:  700.00
2034-11-15:SPLURGE SPENDING:  2807.23
2034-11-23:BANK WITHDRAWAL:  500.00
2034-11-25:STOCK-PRICE-UPDATE:  ABC 63.33 [2.99%]
2034-11-25:STOCK-PRICE-UPDATE:  XYZ 190.01 [3.0%]
2034-11-26:LIQUIDATE:  [Tfsa sold 22 XYZ net:4138.42, Tfsa sold 52 ABC net:3260.23]
2034-11-28:OAS/GIS payment: 1407.53
2034-11-28:CPP payment:  336.00
2034-12-01:DIVIDEND: ABC Tfsa 948@1.13 = 1071.24
2034-12-01:BANK WITHDRAWAL:  700.00
2034-12-01:MOVE CASH from Tfsa to BankAccount 8516.53
2034-12-23:BANK WITHDRAWAL:  500.00
2034-12-28:OAS/GIS payment: 1407.53
2034-12-28:CPP payment:  336.00
2034-12-31:PAY TAXES:  0.00
2034 year-end.
Cash generated
     4,032.00 CPP
     7,784.04 OAS
     9,106.32 GIS
         0.00 Pension
     4,647.80 Dividends
     7,398.65 Net liquidation (sell-buy)
         0.00 Interest
    12,046.45 Total cash swept from tfsa-rif-nra to bank
    32,968.81 Total cash generated

Tax return 2034
    11,816.04 Taxable income
         0.00 Federal tax
         0.00 Provincial tax
         0.00 Tax Payable
         0.00 Dividend tax credits
         0.00 Installments
         0.00 Balance owing
    11,816.04 Net income
    11,816.04 Net income before adj
     7,784.04 OAS income
         0.00 Employment income
         0.00 RIF withdrawals

Accounts
    60,036.84 -TFSA-
    60,036.84 ABC 948sh @ 63.33
         0.00 Cash

    15,303.59 -BANKACCOUNT-
    15,303.59 Cash

    75,340.43 Net worth
    60,036.84 Investments worth

   154,058.99 TFSA room for 2035
2035-01-01:BANK WITHDRAWAL:  700.00
2035-01-23:BANK WITHDRAWAL:  500.00
2035-01-28:OAS/GIS payment: 1407.53
2035-01-28:CPP payment:  336.00
2035-02-01:BANK WITHDRAWAL:  700.00
2035-02-15:SPLURGE SPENDING:  10147.12
2035-02-23:BANK WITHDRAWAL:  500.00
2035-02-28:OAS/GIS payment: 1407.53
2035-02-28:CPP payment:  336.00
2035-03-01:DIVIDEND: ABC Tfsa 948@1.18 = 1118.64
2035-03-01:BANK WITHDRAWAL:  700.00
2035-03-01:MOVE CASH from Tfsa to BankAccount 1118.64
2035-03-23:BANK WITHDRAWAL:  500.00
2035-03-28:OAS/GIS payment: 1407.53
2035-03-28:CPP payment:  336.00
2035-04-01:BANK WITHDRAWAL:  700.00
2035-04-23:BANK WITHDRAWAL:  500.00
2035-04-28:OAS/GIS payment: 1407.53
2035-04-28:CPP payment:  336.00
2035-05-01:BANK WITHDRAWAL:  700.00
2035-05-15:SPLURGE SPENDING:  2749.23
2035-05-23:BANK WITHDRAWAL:  500.00
2035-05-28:OAS/GIS payment: 1407.53
2035-05-28:CPP payment:  336.00
2035-06-01:DIVIDEND: ABC Tfsa 948@1.18 = 1118.64
2035-06-01:BANK WITHDRAWAL:  700.00
2035-06-01:MOVE CASH from Tfsa to BankAccount 1118.64
2035-06-23:BANK WITHDRAWAL:  500.00
2035-06-28:OAS/GIS payment: 1407.53
2035-06-28:CPP payment:  336.00
2035-07-01:BANK WITHDRAWAL:  700.00
2035-07-23:BANK WITHDRAWAL:  500.00
2035-07-28:OAS/GIS payment: 1407.53
2035-07-28:CPP payment:  336.00
2035-08-01:BANK WITHDRAWAL:  700.00
2035-08-15:SPLURGE SPENDING:  2749.23
2035-08-23:BANK WITHDRAWAL:  500.00
2035-08-28:OAS/GIS payment: 1407.53
2035-08-28:CPP payment:  336.00
2035-09-01:DIVIDEND: ABC Tfsa 948@1.18 = 1118.64
2035-09-01:BANK WITHDRAWAL:  700.00
2035-09-01:MOVE CASH from Tfsa to BankAccount 1118.64
2035-09-23:BANK WITHDRAWAL:  500.00
2035-09-28:OAS/GIS payment: 1407.53
2035-09-28:CPP payment:  336.00
2035-10-01:BANK WITHDRAWAL:  700.00
2035-10-23:BANK WITHDRAWAL:  500.00
2035-10-28:OAS/GIS payment: 1407.53
2035-10-28:CPP payment:  336.00
2035-11-01:BANK WITHDRAWAL:  700.00
2035-11-15:SPLURGE SPENDING:  2749.23
2035-11-23:BANK WITHDRAWAL:  500.00
2035-11-25:STOCK-PRICE-UPDATE:  ABC 65.23 [3.0%]
2035-11-25:STOCK-PRICE-UPDATE:  XYZ 195.71 [3.0%]
2035-11-26:LIQUIDATE:  [Tfsa sold 114 ABC net:7361.86]
2035-11-28:OAS/GIS payment: 1407.53
2035-11-28:CPP payment:  336.00
2035-12-01:DIVIDEND: ABC Tfsa 834@1.18 = 984.12
2035-12-01:BANK WITHDRAWAL:  700.00
2035-12-01:MOVE CASH from Tfsa to BankAccount 8345.98
2035-12-23:BANK WITHDRAWAL:  500.00
2035-12-28:OAS/GIS payment: 1407.53
2035-12-28:CPP payment:  336.00
2035-12-31:PAY TAXES:  0.00
2035 year-end.
Cash generated
     4,032.00 CPP
     7,784.04 OAS
     9,106.32 GIS
         0.00 Pension
     4,340.04 Dividends
     7,361.86 Net liquidation (sell-buy)
         0.00 Interest
    11,701.90 Total cash swept from tfsa-rif-nra to bank
    32,624.26 Total cash generated

Tax return 2035
    11,816.04 Taxable income
         0.00 Federal tax
         0.00 Provincial tax
         0.00 Tax Payable
         0.00 Dividend tax credits
         0.00 Installments
         0.00 Balance owing
    11,816.04 Net income
    11,816.04 Net income before adj
     7,784.04 OAS income
         0.00 Employment income
         0.00 RIF withdrawals

Accounts
    54,401.82 -TFSA-
    54,401.82 ABC 834sh @ 65.23
         0.00 Cash

    15,133.04 -BANKACCOUNT-
    15,133.04 Cash

    69,534.86 Net worth
    54,401.82 Investments worth

   171,760.89 TFSA room for 2036
2036-01-01:BANK WITHDRAWAL:  700.00
2036-01-23:BANK WITHDRAWAL:  500.00
2036-01-28:OAS/GIS payment: 1407.53
2036-01-28:CPP payment:  336.00
2036-02-01:BANK WITHDRAWAL:  700.00
2036-02-15:SPLURGE SPENDING:  9976.57
2036-02-23:BANK WITHDRAWAL:  500.00
2036-02-28:OAS/GIS payment: 1407.53
2036-02-28:CPP payment:  336.00
2036-03-01:DIVIDEND: ABC Tfsa 834@1.22 = 1017.48
2036-03-01:BANK WITHDRAWAL:  700.00
2036-03-01:MOVE CASH from Tfsa to BankAccount 1017.48
2036-03-23:BANK WITHDRAWAL:  500.00
2036-03-28:OAS/GIS payment: 1407.53
2036-03-28:CPP payment:  336.00
2036-04-01:BANK WITHDRAWAL:  700.00
2036-04-23:BANK WITHDRAWAL:  500.00
2036-04-28:OAS/GIS payment: 1407.53
2036-04-28:CPP payment:  336.00
2036-05-01:BANK WITHDRAWAL:  700.00
2036-05-15:SPLURGE SPENDING:  2648.07
2036-05-23:BANK WITHDRAWAL:  500.00
2036-05-28:OAS/GIS payment: 1407.53
2036-05-28:CPP payment:  336.00
2036-06-01:DIVIDEND: ABC Tfsa 834@1.22 = 1017.48
2036-06-01:BANK WITHDRAWAL:  700.00
2036-06-01:MOVE CASH from Tfsa to BankAccount 1017.48
2036-06-23:BANK WITHDRAWAL:  500.00
2036-06-28:OAS/GIS payment: 1407.53
2036-06-28:CPP payment:  336.00
2036-07-01:BANK WITHDRAWAL:  700.00
2036-07-23:BANK WITHDRAWAL:  500.00
2036-07-28:OAS/GIS payment: 1407.53
2036-07-28:CPP payment:  336.00
2036-08-01:BANK WITHDRAWAL:  700.00
2036-08-15:SPLURGE SPENDING:  2648.07
2036-08-23:BANK WITHDRAWAL:  500.00
2036-08-28:OAS/GIS payment: 1407.53
2036-08-28:CPP payment:  336.00
2036-09-01:DIVIDEND: ABC Tfsa 834@1.22 = 1017.48
2036-09-01:BANK WITHDRAWAL:  700.00
2036-09-01:MOVE CASH from Tfsa to BankAccount 1017.48
2036-09-23:BANK WITHDRAWAL:  500.00
2036-09-28:OAS/GIS payment: 1407.53
2036-09-28:CPP payment:  336.00
2036-10-01:BANK WITHDRAWAL:  700.00
2036-10-23:BANK WITHDRAWAL:  500.00
2036-10-28:OAS/GIS payment: 1407.53
2036-10-28:CPP payment:  336.00
2036-11-01:BANK WITHDRAWAL:  700.00
2036-11-15:SPLURGE SPENDING:  2648.07
2036-11-23:BANK WITHDRAWAL:  500.00
2036-11-25:STOCK-PRICE-UPDATE:  ABC 67.19 [3.0%]
2036-11-25:STOCK-PRICE-UPDATE:  XYZ 201.58 [3.0%]
2036-11-26:LIQUIDATE:  [Tfsa sold 111 ABC net:7383.51]
2036-11-28:OAS/GIS payment: 1407.53
2036-11-28:CPP payment:  336.00
2036-12-01:DIVIDEND: ABC Tfsa 723@1.22 = 882.06
2036-12-01:BANK WITHDRAWAL:  700.00
2036-12-01:MOVE CASH from Tfsa to BankAccount 8265.57
2036-12-23:BANK WITHDRAWAL:  500.00
2036-12-28:OAS/GIS payment: 1407.53
2036-12-28:CPP payment:  336.00
2036-12-31:PAY TAXES:  0.00
2036 year-end.
Cash generated
     4,032.00 CPP
     7,784.04 OAS
     9,106.32 GIS
         0.00 Pension
     3,934.50 Dividends
     7,383.51 Net liquidation (sell-buy)
         0.00 Interest
    11,318.01 Total cash swept from tfsa-rif-nra to bank
    32,240.37 Total cash generated

Tax return 2036
    11,816.04 Taxable income
         0.00 Federal tax
         0.00 Provincial tax
         0.00 Tax Payable
         0.00 Dividend tax credits
         0.00 Installments
         0.00 Balance owing
    11,816.04 Net income
    11,816.04 Net income before adj
     7,784.04 OAS income
         0.00 Employment income
         0.00 RIF withdrawals

Accounts
    48,578.37 -TFSA-
    48,578.37 ABC 723sh @ 67.19
         0.00 Cash

    15,052.63 -BANKACCOUNT-
    15,052.63 Cash

    63,631.00 Net worth
    48,578.37 Investments worth

   189,078.90 TFSA room for 2037
2037-01-01:BANK WITHDRAWAL:  700.00
2037-01-23:BANK WITHDRAWAL:  500.00
2037-01-28:OAS/GIS payment: 1407.53
2037-01-28:CPP payment:  336.00
2037-02-01:BANK WITHDRAWAL:  700.00
2037-02-15:SPLURGE SPENDING:  9896.16
2037-02-23:BANK WITHDRAWAL:  500.00
2037-02-28:OAS/GIS payment: 1407.53
2037-02-28:CPP payment:  336.00
2037-03-01:DIVIDEND: ABC Tfsa 723@1.27 = 918.21
2037-03-01:BANK WITHDRAWAL:  700.00
2037-03-01:MOVE CASH from Tfsa to BankAccount 918.21
2037-03-23:BANK WITHDRAWAL:  500.00
2037-03-28:OAS/GIS payment: 1407.53
2037-03-28:CPP payment:  336.00
2037-04-01:BANK WITHDRAWAL:  700.00
2037-04-23:BANK WITHDRAWAL:  500.00
2037-04-28:OAS/GIS payment: 1407.53
2037-04-28:CPP payment:  336.00
2037-05-01:BANK WITHDRAWAL:  700.00
2037-05-15:SPLURGE SPENDING:  2548.80
2037-05-23:BANK WITHDRAWAL:  500.00
2037-05-28:OAS/GIS payment: 1472.40
2037-05-28:CPP payment:  336.00
2037-06-01:DIVIDEND: ABC Tfsa 723@1.27 = 918.21
2037-06-01:BANK WITHDRAWAL:  700.00
2037-06-01:MOVE CASH from Tfsa to BankAccount 918.21
2037-06-23:BANK WITHDRAWAL:  500.00
2037-06-28:OAS/GIS payment: 1472.40
2037-06-28:CPP payment:  336.00
2037-07-01:BANK WITHDRAWAL:  700.00
2037-07-23:BANK WITHDRAWAL:  500.00
2037-07-28:OAS/GIS payment: 1472.40
2037-07-28:CPP payment:  336.00
2037-08-01:BANK WITHDRAWAL:  700.00
2037-08-15:SPLURGE SPENDING:  2743.41
2037-08-23:BANK WITHDRAWAL:  500.00
2037-08-28:OAS/GIS payment: 1472.40
2037-08-28:CPP payment:  336.00
2037-09-01:DIVIDEND: ABC Tfsa 723@1.27 = 918.21
2037-09-01:BANK WITHDRAWAL:  700.00
2037-09-01:MOVE CASH from Tfsa to BankAccount 918.21
2037-09-23:BANK WITHDRAWAL:  500.00
2037-09-28:OAS/GIS payment: 1472.40
2037-09-28:CPP payment:  336.00
2037-10-01:BANK WITHDRAWAL:  700.00
2037-10-23:BANK WITHDRAWAL:  500.00
2037-10-28:OAS/GIS payment: 1472.40
2037-10-28:CPP payment:  336.00
2037-11-01:BANK WITHDRAWAL:  700.00
2037-11-15:SPLURGE SPENDING:  2743.41
2037-11-23:BANK WITHDRAWAL:  500.00
2037-11-25:STOCK-PRICE-UPDATE:  ABC 69.21 [3.01%]
2037-11-25:STOCK-PRICE-UPDATE:  XYZ 207.63 [3.0%]
2037-11-26:LIQUIDATE:  [Tfsa sold 108 ABC net:7399.93]
2037-11-28:OAS/GIS payment: 1472.40
2037-11-28:CPP payment:  336.00
2037-12-01:DIVIDEND: ABC Tfsa 615@1.27 = 781.05
2037-12-01:BANK WITHDRAWAL:  700.00
2037-12-01:MOVE CASH from Tfsa to BankAccount 8180.98
2037-12-23:BANK WITHDRAWAL:  500.00
2037-12-28:OAS/GIS payment: 1472.40
2037-12-28:CPP payment:  336.00
2037-12-31:PAY TAXES:  0.00
2037 year-end.
Cash generated
     4,032.00 CPP
     8,303.00 OAS
     9,106.32 GIS
         0.00 Pension
     3,535.68 Dividends
     7,399.93 Net liquidation (sell-buy)
         0.00 Interest
    10,935.61 Total cash swept from tfsa-rif-nra to bank
    32,376.93 Total cash generated

Tax return 2037
    12,335.00 Taxable income
         0.00 Federal tax
         0.00 Provincial tax
         0.00 Tax Payable
         0.00 Dividend tax credits
         0.00 Installments
         0.00 Balance owing
    12,335.00 Net income
    12,335.00 Net income before adj
     8,303.00 OAS income
         0.00 Employment income
         0.00 RIF withdrawals

Accounts
    42,564.15 -TFSA-
    42,564.15 ABC 615sh @ 69.21
         0.00 Cash

    15,097.78 -BANKACCOUNT-
    15,097.78 Cash

    57,661.93 Net worth
    42,564.15 Investments worth

   206,014.51 TFSA room for 2038
2038-01-01:BANK WITHDRAWAL:  700.00
2038-01-23:BANK WITHDRAWAL:  500.00
2038-01-28:OAS/GIS payment: 1472.40
2038-01-28:CPP payment:  336.00
2038-02-01:BANK WITHDRAWAL:  700.00
2038-02-15:SPLURGE SPENDING:  10006.18
2038-02-23:BANK WITHDRAWAL:  500.00
2038-02-28:OAS/GIS payment: 1472.40
2038-02-28:CPP payment:  336.00
2038-03-01:DIVIDEND: ABC Tfsa 615@1.32 = 811.80
2038-03-01:BANK WITHDRAWAL:  700.00
2038-03-01:MOVE CASH from Tfsa to BankAccount 811.80
2038-03-23:BANK WITHDRAWAL:  500.00
2038-03-28:OAS/GIS payment: 1472.40
2038-03-28:CPP payment:  336.00
2038-04-01:BANK WITHDRAWAL:  700.00
2038-04-23:BANK WITHDRAWAL:  500.00
2038-04-28:OAS/GIS payment: 1472.40
2038-04-28:CPP payment:  336.00
2038-05-01:BANK WITHDRAWAL:  700.00
2038-05-15:SPLURGE SPENDING:  2637.00
2038-05-23:BANK WITHDRAWAL:  500.00
2038-05-28:OAS/GIS payment: 1472.40
2038-05-28:CPP payment:  336.00
2038-06-01:DIVIDEND: ABC Tfsa 615@1.32 = 811.80
2038-06-01:BANK WITHDRAWAL:  700.00
2038-06-01:MOVE CASH from Tfsa to BankAccount 811.80
2038-06-23:BANK WITHDRAWAL:  500.00
2038-06-28:OAS/GIS payment: 1472.40
2038-06-28:CPP payment:  336.00
2038-07-01:BANK WITHDRAWAL:  700.00
2038-07-23:BANK WITHDRAWAL:  500.00
2038-07-28:OAS/GIS payment: 1472.40
2038-07-28:CPP payment:  336.00
2038-08-01:BANK WITHDRAWAL:  700.00
2038-08-15:SPLURGE SPENDING:  2637.00
2038-08-23:BANK WITHDRAWAL:  500.00
2038-08-28:OAS/GIS payment: 1472.40
2038-08-28:CPP payment:  336.00
2038-09-01:DIVIDEND: ABC Tfsa 615@1.32 = 811.80
2038-09-01:BANK WITHDRAWAL:  700.00
2038-09-01:MOVE CASH from Tfsa to BankAccount 811.80
2038-09-23:BANK WITHDRAWAL:  500.00
2038-09-28:OAS/GIS payment: 1472.40
2038-09-28:CPP payment:  336.00
2038-10-01:BANK WITHDRAWAL:  700.00
2038-10-23:BANK WITHDRAWAL:  500.00
2038-10-28:OAS/GIS payment: 1472.40
2038-10-28:CPP payment:  336.00
2038-11-01:BANK WITHDRAWAL:  700.00
2038-11-15:SPLURGE SPENDING:  2637.00
2038-11-23:BANK WITHDRAWAL:  500.00
2038-11-25:STOCK-PRICE-UPDATE:  ABC 71.29 [3.01%]
2038-11-25:STOCK-PRICE-UPDATE:  XYZ 213.86 [3.0%]
2038-11-26:LIQUIDATE:  [Tfsa sold 105 ABC net:7410.60]
2038-11-28:OAS/GIS payment: 1472.40
2038-11-28:CPP payment:  336.00
2038-12-01:DIVIDEND: ABC Tfsa 510@1.32 = 673.20
2038-12-01:BANK WITHDRAWAL:  700.00
2038-12-01:MOVE CASH from Tfsa to BankAccount 8083.80
2038-12-23:BANK WITHDRAWAL:  500.00
2038-12-28:OAS/GIS payment: 1472.40
2038-12-28:CPP payment:  336.00
2038-12-31:PAY TAXES:  0.00
2038 year-end.
Cash generated
     4,032.00 CPP
     8,562.48 OAS
     9,106.32 GIS
         0.00 Pension
     3,108.60 Dividends
     7,410.60 Net liquidation (sell-buy)
         0.00 Interest
    10,519.20 Total cash swept from tfsa-rif-nra to bank
    32,220.00 Total cash generated

Tax return 2038
    12,594.48 Taxable income
         0.00 Federal tax
         0.00 Provincial tax
         0.00 Tax Payable
         0.00 Dividend tax credits
         0.00 Installments
         0.00 Balance owing
    12,594.48 Net income
    12,594.48 Net income before adj
     8,562.48 OAS income
         0.00 Employment income
         0.00 RIF withdrawals

Accounts
    36,357.90 -TFSA-
    36,357.90 ABC 510sh @ 71.29
         0.00 Cash

    15,000.60 -BANKACCOUNT-
    15,000.60 Cash

    51,358.50 Net worth
    36,357.90 Investments worth

   222,533.71 TFSA room for 2039
2039-01-01:BANK WITHDRAWAL:  700.00
2039-01-23:BANK WITHDRAWAL:  500.00
2039-01-28:OAS/GIS payment: 1472.40
2039-01-28:CPP payment:  336.00
2039-02-01:BANK WITHDRAWAL:  700.00
2039-02-15:SPLURGE SPENDING:  9909.00
2039-02-23:BANK WITHDRAWAL:  500.00
2039-02-28:OAS/GIS payment: 1472.40
2039-02-28:CPP payment:  336.00
2039-03-01:DIVIDEND: ABC Tfsa 510@1.38 = 703.80
2039-03-01:BANK WITHDRAWAL:  700.00
2039-03-01:MOVE CASH from Tfsa to BankAccount 703.80
2039-03-23:BANK WITHDRAWAL:  500.00
2039-03-28:OAS/GIS payment: 1472.40
2039-03-28:CPP payment:  336.00
2039-04-01:BANK WITHDRAWAL:  700.00
2039-04-23:BANK WITHDRAWAL:  500.00
2039-04-28:OAS/GIS payment: 1472.40
2039-04-28:CPP payment:  336.00
2039-05-01:BANK WITHDRAWAL:  700.00
2039-05-15:SPLURGE SPENDING:  2529.00
2039-05-23:BANK WITHDRAWAL:  500.00
2039-05-28:OAS/GIS payment: 1472.40
2039-05-28:CPP payment:  336.00
2039-06-01:DIVIDEND: ABC Tfsa 510@1.38 = 703.80
2039-06-01:BANK WITHDRAWAL:  700.00
2039-06-01:MOVE CASH from Tfsa to BankAccount 703.80
2039-06-23:BANK WITHDRAWAL:  500.00
2039-06-28:OAS/GIS payment: 1472.40
2039-06-28:CPP payment:  336.00
2039-07-01:BANK WITHDRAWAL:  700.00
2039-07-23:BANK WITHDRAWAL:  500.00
2039-07-28:OAS/GIS payment: 1472.40
2039-07-28:CPP payment:  336.00
2039-08-01:BANK WITHDRAWAL:  700.00
2039-08-15:SPLURGE SPENDING:  2529.00
2039-08-23:BANK WITHDRAWAL:  500.00
2039-08-28:OAS/GIS payment: 1472.40
2039-08-28:CPP payment:  336.00
2039-09-01:DIVIDEND: ABC Tfsa 510@1.38 = 703.80
2039-09-01:BANK WITHDRAWAL:  700.00
2039-09-01:MOVE CASH from Tfsa to BankAccount 703.80
2039-09-23:BANK WITHDRAWAL:  500.00
2039-09-28:OAS/GIS payment: 1472.40
2039-09-28:CPP payment:  336.00
2039-10-01:BANK WITHDRAWAL:  700.00
2039-10-23:BANK WITHDRAWAL:  500.00
2039-10-28:OAS/GIS payment: 1472.40
2039-10-28:CPP payment:  336.00
2039-11-01:BANK WITHDRAWAL:  700.00
2039-11-15:SPLURGE SPENDING:  2529.00
2039-11-23:BANK WITHDRAWAL:  500.00
2039-11-25:STOCK-PRICE-UPDATE:  ABC 73.43 [3.0%]
2039-11-25:STOCK-PRICE-UPDATE:  XYZ 220.28 [3.0%]
2039-11-26:LIQUIDATE:  [Tfsa sold 102 ABC net:7414.96]
2039-11-28:OAS/GIS payment: 1472.40
2039-11-28:CPP payment:  336.00
2039-12-01:DIVIDEND: ABC Tfsa 408@1.38 = 563.04
2039-12-01:BANK WITHDRAWAL:  700.00
2039-12-01:MOVE CASH from Tfsa to BankAccount 7978.00
2039-12-23:BANK WITHDRAWAL:  500.00
2039-12-28:OAS/GIS payment: 1472.40
2039-12-28:CPP payment:  336.00
2039-12-31:PAY TAXES:  0.00
2039 year-end.
Cash generated
     4,032.00 CPP
     8,562.48 OAS
     9,106.32 GIS
         0.00 Pension
     2,674.44 Dividends
     7,414.96 Net liquidation (sell-buy)
         0.00 Interest
    10,089.40 Total cash swept from tfsa-rif-nra to bank
    31,790.20 Total cash generated

Tax return 2039
    12,594.48 Taxable income
         0.00 Federal tax
         0.00 Provincial tax
         0.00 Tax Payable
         0.00 Dividend tax credits
         0.00 Installments
         0.00 Balance owing
    12,594.48 Net income
    12,594.48 Net income before adj
     8,562.48 OAS income
         0.00 Employment income
         0.00 RIF withdrawals

Accounts
    29,959.44 -TFSA-
    29,959.44 ABC 408sh @ 73.43
         0.00 Cash

    14,894.80 -BANKACCOUNT-
    14,894.80 Cash

    44,854.24 Net worth
    29,959.44 Investments worth

   238,623.11 TFSA room for 2040
2040-01-01:BANK WITHDRAWAL:  700.00
2040-01-23:BANK WITHDRAWAL:  500.00
2040-01-28:OAS/GIS payment: 1472.40
2040-01-28:CPP payment:  336.00
2040-02-01:BANK WITHDRAWAL:  700.00
2040-02-15:SPLURGE SPENDING:  9803.20
2040-02-23:BANK WITHDRAWAL:  500.00
2040-02-28:OAS/GIS payment: 1472.40
2040-02-28:CPP payment:  336.00
2040-03-01:DIVIDEND: ABC Tfsa 408@1.43 = 583.44
2040-03-01:BANK WITHDRAWAL:  700.00
2040-03-01:MOVE CASH from Tfsa to BankAccount 583.44
2040-03-23:BANK WITHDRAWAL:  500.00
2040-03-28:OAS/GIS payment: 1472.40
2040-03-28:CPP payment:  336.00
2040-04-01:BANK WITHDRAWAL:  700.00
2040-04-23:BANK WITHDRAWAL:  500.00
2040-04-28:OAS/GIS payment: 1472.40
2040-04-28:CPP payment:  336.00
2040-05-01:BANK WITHDRAWAL:  700.00
2040-05-15:SPLURGE SPENDING:  2408.64
2040-05-23:BANK WITHDRAWAL:  500.00
2040-05-28:OAS/GIS payment: 1472.40
2040-05-28:CPP payment:  336.00
2040-06-01:DIVIDEND: ABC Tfsa 408@1.43 = 583.44
2040-06-01:BANK WITHDRAWAL:  700.00
2040-06-01:MOVE CASH from Tfsa to BankAccount 583.44
2040-06-23:BANK WITHDRAWAL:  500.00
2040-06-28:OAS/GIS payment: 1472.40
2040-06-28:CPP payment:  336.00
2040-07-01:BANK WITHDRAWAL:  700.00
2040-07-23:BANK WITHDRAWAL:  500.00
2040-07-28:OAS/GIS payment: 1472.40
2040-07-28:CPP payment:  336.00
2040-08-01:BANK WITHDRAWAL:  700.00
2040-08-15:SPLURGE SPENDING:  2408.64
2040-08-23:BANK WITHDRAWAL:  500.00
2040-08-28:OAS/GIS payment: 1472.40
2040-08-28:CPP payment:  336.00
2040-09-01:DIVIDEND: ABC Tfsa 408@1.43 = 583.44
2040-09-01:BANK WITHDRAWAL:  700.00
2040-09-01:MOVE CASH from Tfsa to BankAccount 583.44
2040-09-23:BANK WITHDRAWAL:  500.00
2040-09-28:OAS/GIS payment: 1472.40
2040-09-28:CPP payment:  336.00
2040-10-01:BANK WITHDRAWAL:  700.00
2040-10-23:BANK WITHDRAWAL:  500.00
2040-10-28:OAS/GIS payment: 1472.40
2040-10-28:CPP payment:  336.00
2040-11-01:BANK WITHDRAWAL:  700.00
2040-11-15:SPLURGE SPENDING:  2408.64
2040-11-23:BANK WITHDRAWAL:  500.00
2040-11-25:STOCK-PRICE-UPDATE:  ABC 75.63 [3.0%]
2040-11-25:STOCK-PRICE-UPDATE:  XYZ 226.89 [3.0%]
2040-11-26:LIQUIDATE:  [Tfsa sold 99 ABC net:7412.50]
2040-11-28:OAS/GIS payment: 1472.40
2040-11-28:CPP payment:  336.00
2040-12-01:DIVIDEND: ABC Tfsa 309@1.43 = 441.87
2040-12-01:BANK WITHDRAWAL:  700.00
2040-12-01:MOVE CASH from Tfsa to BankAccount 7854.37
2040-12-23:BANK WITHDRAWAL:  500.00
2040-12-28:OAS/GIS payment: 1472.40
2040-12-28:CPP payment:  336.00
2040-12-31:PAY TAXES:  0.00
2040 year-end.
Cash generated
     4,032.00 CPP
     8,562.48 OAS
     9,106.32 GIS
         0.00 Pension
     2,192.19 Dividends
     7,412.50 Net liquidation (sell-buy)
         0.00 Interest
     9,604.69 Total cash swept from tfsa-rif-nra to bank
    31,305.49 Total cash generated

Tax return 2040
    12,594.48 Taxable income
         0.00 Federal tax
         0.00 Provincial tax
         0.00 Tax Payable
         0.00 Dividend tax credits
         0.00 Installments
         0.00 Balance owing
    12,594.48 Net income
    12,594.48 Net income before adj
     8,562.48 OAS income
         0.00 Employment income
         0.00 RIF withdrawals

Accounts
    23,369.67 -TFSA-
    23,369.67 ABC 309sh @ 75.63
         0.00 Cash

    14,771.17 -BANKACCOUNT-
    14,771.17 Cash

    38,140.84 Net worth
    23,369.67 Investments worth

   254,227.80 TFSA room for 2041
2041-01-01:BANK WITHDRAWAL:  700.00
2041-01-23:BANK WITHDRAWAL:  500.00
2041-01-28:OAS/GIS payment: 1472.40
2041-01-28:CPP payment:  336.00
2041-02-01:BANK WITHDRAWAL:  700.00
2041-02-15:SPLURGE SPENDING:  9679.57
2041-02-23:BANK WITHDRAWAL:  500.00
2041-02-28:OAS/GIS payment: 1472.40
2041-02-28:CPP payment:  336.00
2041-03-01:DIVIDEND: ABC Tfsa 309@1.49 = 460.41
2041-03-01:BANK WITHDRAWAL:  700.00
2041-03-01:MOVE CASH from Tfsa to BankAccount 460.41
2041-03-23:BANK WITHDRAWAL:  500.00
2041-03-28:OAS/GIS payment: 1472.40
2041-03-28:CPP payment:  336.00
2041-04-01:BANK WITHDRAWAL:  700.00
2041-04-23:BANK WITHDRAWAL:  500.00
2041-04-28:OAS/GIS payment: 1472.40
2041-04-28:CPP payment:  336.00
2041-05-01:BANK WITHDRAWAL:  700.00
2041-05-15:SPLURGE SPENDING:  2285.61
2041-05-23:BANK WITHDRAWAL:  500.00
2041-05-28:OAS/GIS payment: 1472.40
2041-05-28:CPP payment:  336.00
2041-06-01:DIVIDEND: ABC Tfsa 309@1.49 = 460.41
2041-06-01:BANK WITHDRAWAL:  700.00
2041-06-01:MOVE CASH from Tfsa to BankAccount 460.41
2041-06-23:BANK WITHDRAWAL:  500.00
2041-06-28:OAS/GIS payment: 1472.40
2041-06-28:CPP payment:  336.00
2041-07-01:BANK WITHDRAWAL:  700.00
2041-07-23:BANK WITHDRAWAL:  500.00
2041-07-28:OAS/GIS payment: 1472.40
2041-07-28:CPP payment:  336.00
2041-08-01:BANK WITHDRAWAL:  700.00
2041-08-15:SPLURGE SPENDING:  2285.61
2041-08-23:BANK WITHDRAWAL:  500.00
2041-08-28:OAS/GIS payment: 1472.40
2041-08-28:CPP payment:  336.00
2041-09-01:DIVIDEND: ABC Tfsa 309@1.49 = 460.41
2041-09-01:BANK WITHDRAWAL:  700.00
2041-09-01:MOVE CASH from Tfsa to BankAccount 460.41
2041-09-23:BANK WITHDRAWAL:  500.00
2041-09-28:OAS/GIS payment: 1472.40
2041-09-28:CPP payment:  336.00
2041-10-01:BANK WITHDRAWAL:  700.00
2041-10-23:BANK WITHDRAWAL:  500.00
2041-10-28:OAS/GIS payment: 1472.40
2041-10-28:CPP payment:  336.00
2041-11-01:BANK WITHDRAWAL:  700.00
2041-11-15:SPLURGE SPENDING:  2285.61
2041-11-23:BANK WITHDRAWAL:  500.00
2041-11-25:STOCK-PRICE-UPDATE:  ABC 77.90 [3.0%]
2041-11-25:STOCK-PRICE-UPDATE:  XYZ 233.70 [3.0%]
2041-11-26:LIQUIDATE:  [Tfsa sold 96 ABC net:7403.62]
2041-11-28:OAS/GIS payment: 1472.40
2041-11-28:CPP payment:  336.00
2041-12-01:DIVIDEND: ABC Tfsa 213@1.49 = 317.37
2041-12-01:BANK WITHDRAWAL:  700.00
2041-12-01:MOVE CASH from Tfsa to BankAccount 7720.99
2041-12-23:BANK WITHDRAWAL:  500.00
2041-12-28:OAS/GIS payment: 1472.40
2041-12-28:CPP payment:  336.00
2041-12-31:PAY TAXES:  0.00
2041 year-end.
Cash generated
     4,032.00 CPP
     8,562.48 OAS
     9,106.32 GIS
         0.00 Pension
     1,698.60 Dividends
     7,403.62 Net liquidation (sell-buy)
         0.00 Interest
     9,102.22 Total cash swept from tfsa-rif-nra to bank
    30,803.02 Total cash generated

Tax return 2041
    12,594.48 Taxable income
         0.00 Federal tax
         0.00 Provincial tax
         0.00 Tax Payable
         0.00 Dividend tax credits
         0.00 Installments
         0.00 Balance owing
    12,594.48 Net income
    12,594.48 Net income before adj
     8,562.48 OAS income
         0.00 Employment income
         0.00 RIF withdrawals

Accounts
    16,592.70 -TFSA-
    16,592.70 ABC 213sh @ 77.90
         0.00 Cash

    14,637.79 -BANKACCOUNT-
    14,637.79 Cash

    31,230.49 Net worth
    16,592.70 Investments worth

   269,330.02 TFSA room for 2042
2042-01-01:BANK WITHDRAWAL:  700.00
2042-01-23:BANK WITHDRAWAL:  500.00
2042-01-28:OAS/GIS payment: 1472.40
2042-01-28:CPP payment:  336.00
2042-02-01:BANK WITHDRAWAL:  700.00
2042-02-15:SPLURGE SPENDING:  9546.19
2042-02-23:BANK WITHDRAWAL:  500.00
2042-02-28:OAS/GIS payment: 1472.40
2042-02-28:CPP payment:  336.00
2042-03-01:DIVIDEND: ABC Tfsa 213@1.55 = 330.15
2042-03-01:BANK WITHDRAWAL:  700.00
2042-03-01:MOVE CASH from Tfsa to BankAccount 330.15
2042-03-23:BANK WITHDRAWAL:  500.00
2042-03-28:OAS/GIS payment: 1472.40
2042-03-28:CPP payment:  336.00
2042-04-01:BANK WITHDRAWAL:  700.00
2042-04-23:BANK WITHDRAWAL:  500.00
2042-04-28:OAS/GIS payment: 1472.40
2042-04-28:CPP payment:  336.00
2042-05-01:BANK WITHDRAWAL:  700.00
2042-05-15:SPLURGE SPENDING:  2155.35
2042-05-23:BANK WITHDRAWAL:  500.00
2042-05-28:OAS/GIS payment: 1472.40
2042-05-28:CPP payment:  336.00
2042-06-01:DIVIDEND: ABC Tfsa 213@1.55 = 330.15
2042-06-01:BANK WITHDRAWAL:  700.00
2042-06-01:MOVE CASH from Tfsa to BankAccount 330.15
2042-06-23:BANK WITHDRAWAL:  500.00
2042-06-28:OAS/GIS payment: 1472.40
2042-06-28:CPP payment:  336.00
2042-07-01:BANK WITHDRAWAL:  700.00
2042-07-23:BANK WITHDRAWAL:  500.00
2042-07-28:OAS/GIS payment: 1472.40
2042-07-28:CPP payment:  336.00
2042-08-01:BANK WITHDRAWAL:  700.00
2042-08-15:SPLURGE SPENDING:  2155.35
2042-08-23:BANK WITHDRAWAL:  500.00
2042-08-28:OAS/GIS payment: 1472.40
2042-08-28:CPP payment:  336.00
2042-09-01:DIVIDEND: ABC Tfsa 213@1.55 = 330.15
2042-09-01:BANK WITHDRAWAL:  700.00
2042-09-01:MOVE CASH from Tfsa to BankAccount 330.15
2042-09-23:BANK WITHDRAWAL:  500.00
2042-09-28:OAS/GIS payment: 1472.40
2042-09-28:CPP payment:  336.00
2042-10-01:BANK WITHDRAWAL:  700.00
2042-10-23:BANK WITHDRAWAL:  500.00
2042-10-28:OAS/GIS payment: 1472.40
2042-10-28:CPP payment:  336.00
2042-11-01:BANK WITHDRAWAL:  700.00
2042-11-15:SPLURGE SPENDING:  2155.35
2042-11-23:BANK WITHDRAWAL:  500.00
2042-11-25:STOCK-PRICE-UPDATE:  ABC 80.24 [3.0%]
2042-11-25:STOCK-PRICE-UPDATE:  XYZ 240.71 [3.0%]
2042-11-26:LIQUIDATE:  [Tfsa sold 93 ABC net:7387.70]
2042-11-28:OAS/GIS payment: 1472.40
2042-11-28:CPP payment:  336.00
2042-12-01:DIVIDEND: ABC Tfsa 120@1.55 = 186.00
2042-12-01:BANK WITHDRAWAL:  700.00
2042-12-01:MOVE CASH from Tfsa to BankAccount 7573.70
2042-12-23:BANK WITHDRAWAL:  500.00
2042-12-28:OAS/GIS payment: 1472.40
2042-12-28:CPP payment:  336.00
2042-12-31:PAY TAXES:  0.00
2042 year-end.
Cash generated
     4,032.00 CPP
     8,562.48 OAS
     9,106.32 GIS
         0.00 Pension
     1,176.45 Dividends
     7,387.70 Net liquidation (sell-buy)
         0.00 Interest
     8,564.15 Total cash swept from tfsa-rif-nra to bank
    30,264.95 Total cash generated

Tax return 2042
    12,594.48 Taxable income
         0.00 Federal tax
         0.00 Provincial tax
         0.00 Tax Payable
         0.00 Dividend tax credits
         0.00 Installments
         0.00 Balance owing
    12,594.48 Net income
    12,594.48 Net income before adj
     8,562.48 OAS income
         0.00 Employment income
         0.00 RIF withdrawals

Accounts
     9,628.80 -TFSA-
     9,628.80 ABC 120sh @ 80.24
         0.00 Cash

    14,490.50 -BANKACCOUNT-
    14,490.50 Cash

    24,119.30 Net worth
     9,628.80 Investments worth

   283,894.17 TFSA room for 2043
2043-01-01:BANK WITHDRAWAL:  700.00
2043-01-23:BANK WITHDRAWAL:  500.00
2043-01-28:OAS/GIS payment: 1472.40
2043-01-28:CPP payment:  336.00
2043-02-01:BANK WITHDRAWAL:  700.00
2043-02-15:SPLURGE SPENDING:  9398.90
2043-02-23:BANK WITHDRAWAL:  500.00
2043-02-28:OAS/GIS payment: 1472.40
2043-02-28:CPP payment:  336.00
2043-03-01:DIVIDEND: ABC Tfsa 120@1.61 = 193.20
2043-03-01:BANK WITHDRAWAL:  700.00
2043-03-01:MOVE CASH from Tfsa to BankAccount 193.20
2043-03-23:BANK WITHDRAWAL:  500.00
2043-03-28:OAS/GIS payment: 1472.40
2043-03-28:CPP payment:  336.00
2043-04-01:BANK WITHDRAWAL:  700.00
2043-04-23:BANK WITHDRAWAL:  500.00
2043-04-28:OAS/GIS payment: 1472.40
2043-04-28:CPP payment:  336.00
2043-05-01:BANK WITHDRAWAL:  700.00
2043-05-15:SPLURGE SPENDING:  2018.40
2043-05-23:BANK WITHDRAWAL:  500.00
2043-05-28:OAS/GIS payment: 1472.40
2043-05-28:CPP payment:  336.00
2043-06-01:DIVIDEND: ABC Tfsa 120@1.61 = 193.20
2043-06-01:BANK WITHDRAWAL:  700.00
2043-06-01:MOVE CASH from Tfsa to BankAccount 193.20
2043-06-23:BANK WITHDRAWAL:  500.00
2043-06-28:OAS/GIS payment: 1472.40
2043-06-28:CPP payment:  336.00
2043-07-01:BANK WITHDRAWAL:  700.00
2043-07-23:BANK WITHDRAWAL:  500.00
2043-07-28:OAS/GIS payment: 1472.40
2043-07-28:CPP payment:  336.00
2043-08-01:BANK WITHDRAWAL:  700.00
2043-08-15:SPLURGE SPENDING:  2018.40
2043-08-23:BANK WITHDRAWAL:  500.00
2043-08-28:OAS/GIS payment: 1472.40
2043-08-28:CPP payment:  336.00
2043-09-01:DIVIDEND: ABC Tfsa 120@1.61 = 193.20
2043-09-01:BANK WITHDRAWAL:  700.00
2043-09-01:MOVE CASH from Tfsa to BankAccount 193.20
2043-09-23:BANK WITHDRAWAL:  500.00
2043-09-28:OAS/GIS payment: 1472.40
2043-09-28:CPP payment:  336.00
2043-10-01:BANK WITHDRAWAL:  700.00
2043-10-23:BANK WITHDRAWAL:  500.00
2043-10-28:OAS/GIS payment: 1472.40
2043-10-28:CPP payment:  336.00
2043-11-01:BANK WITHDRAWAL:  700.00
2043-11-15:SPLURGE SPENDING:  2018.40
2043-11-23:BANK WITHDRAWAL:  500.00
2043-11-25:STOCK-PRICE-UPDATE:  ABC 82.65 [3.0%]
2043-11-25:STOCK-PRICE-UPDATE:  XYZ 247.93 [3.0%]
2043-11-26:LIQUIDATE:  [Tfsa sold 90 ABC net:7364.12]
2043-11-28:OAS/GIS payment: 1472.40
2043-11-28:CPP payment:  336.00
2043-12-01:DIVIDEND: ABC Tfsa 30@1.61 = 48.30
2043-12-01:BANK WITHDRAWAL:  700.00
2043-12-01:MOVE CASH from Tfsa to BankAccount 7412.42
2043-12-23:BANK WITHDRAWAL:  500.00
2043-12-28:OAS/GIS payment: 1472.40
2043-12-28:CPP payment:  336.00
2043-12-31:PAY TAXES:  0.00
2043 year-end.
Cash generated
     4,032.00 CPP
     8,562.48 OAS
     9,106.32 GIS
         0.00 Pension
       627.90 Dividends
     7,364.12 Net liquidation (sell-buy)
         0.00 Interest
     7,992.02 Total cash swept from tfsa-rif-nra to bank
    29,692.82 Total cash generated

Tax return 2043
    12,594.48 Taxable income
         0.00 Federal tax
         0.00 Provincial tax
         0.00 Tax Payable
         0.00 Dividend tax credits
         0.00 Installments
         0.00 Balance owing
    12,594.48 Net income
    12,594.48 Net income before adj
     8,562.48 OAS income
         0.00 Employment income
         0.00 RIF withdrawals

Accounts
     2,479.50 -TFSA-
     2,479.50 ABC 30sh @ 82.65
         0.00 Cash

    14,329.22 -BANKACCOUNT-
    14,329.22 Cash

    16,808.72 Net worth
     2,479.50 Investments worth

   297,886.19 TFSA room for 2044
2044-01-01:BANK WITHDRAWAL:  700.00
2044-01-23:BANK WITHDRAWAL:  500.00
2044-01-28:OAS/GIS payment: 1472.40
2044-01-28:CPP payment:  336.00
2044-02-01:BANK WITHDRAWAL:  700.00
2044-02-15:SPLURGE SPENDING:  9237.62
2044-02-23:BANK WITHDRAWAL:  500.00
2044-02-28:OAS/GIS payment: 1472.40
2044-02-28:CPP payment:  336.00
2044-03-01:DIVIDEND: ABC Tfsa 30@1.68 = 50.40
2044-03-01:BANK WITHDRAWAL:  700.00
2044-03-01:MOVE CASH from Tfsa to BankAccount 50.40
2044-03-23:BANK WITHDRAWAL:  500.00
2044-03-28:OAS/GIS payment: 1472.40
2044-03-28:CPP payment:  336.00
2044-04-01:BANK WITHDRAWAL:  700.00
2044-04-23:BANK WITHDRAWAL:  500.00
2044-04-28:OAS/GIS payment: 1472.40
2044-04-28:CPP payment:  336.00
2044-05-01:BANK WITHDRAWAL:  700.00
2044-05-15:SPLURGE SPENDING:  1875.60
2044-05-23:BANK WITHDRAWAL:  500.00
2044-05-28:OAS/GIS payment: 1472.40
2044-05-28:CPP payment:  336.00
2044-06-01:DIVIDEND: ABC Tfsa 30@1.68 = 50.40
2044-06-01:BANK WITHDRAWAL:  700.00
2044-06-01:MOVE CASH from Tfsa to BankAccount 50.40
2044-06-23:BANK WITHDRAWAL:  500.00
2044-06-28:OAS/GIS payment: 1472.40
2044-06-28:CPP payment:  336.00
2044-07-01:BANK WITHDRAWAL:  700.00
2044-07-23:BANK WITHDRAWAL:  500.00
2044-07-28:OAS/GIS payment: 1472.40
2044-07-28:CPP payment:  336.00
2044-08-01:BANK WITHDRAWAL:  700.00
2044-08-15:SPLURGE SPENDING:  1875.60
2044-08-23:BANK WITHDRAWAL:  500.00
2044-08-28:OAS/GIS payment: 1472.40
2044-08-28:CPP payment:  336.00
2044-09-01:DIVIDEND: ABC Tfsa 30@1.68 = 50.40
2044-09-01:BANK WITHDRAWAL:  700.00
2044-09-01:MOVE CASH from Tfsa to BankAccount 50.40
2044-09-23:BANK WITHDRAWAL:  500.00
2044-09-28:OAS/GIS payment: 1472.40
2044-09-28:CPP payment:  336.00
2044-10-01:BANK WITHDRAWAL:  700.00
2044-10-23:BANK WITHDRAWAL:  500.00
2044-10-28:OAS/GIS payment: 1472.40
2044-10-28:CPP payment:  336.00
2044-11-01:BANK WITHDRAWAL:  700.00
2044-11-15:SPLURGE SPENDING:  1875.60
2044-11-23:BANK WITHDRAWAL:  500.00
2044-11-25:STOCK-PRICE-UPDATE:  ABC 85.13 [3.0%]
2044-11-25:STOCK-PRICE-UPDATE:  XYZ 255.37 [3.0%]
2044-11-26:LIQUIDATE:  [Tfsa sold 30 ABC net:2528.36]
2044-11-28:OAS/GIS payment: 1472.40
2044-11-28:CPP payment:  336.00
2044-12-01:BANK WITHDRAWAL:  700.00
2044-12-01:MOVE CASH from Tfsa to BankAccount 2528.36
2044-12-23:BANK WITHDRAWAL:  500.00
2044-12-28:OAS/GIS payment: 1472.40
2044-12-28:CPP payment:  336.00
2044-12-31:PAY TAXES:  0.00
2044 year-end.
Cash generated
     4,032.00 CPP
     8,562.48 OAS
     9,106.32 GIS
         0.00 Pension
       151.20 Dividends
     2,528.36 Net liquidation (sell-buy)
         0.00 Interest
     2,679.56 Total cash swept from tfsa-rif-nra to bank
    24,380.36 Total cash generated

Tax return 2044
    12,594.48 Taxable income
         0.00 Federal tax
         0.00 Provincial tax
         0.00 Tax Payable
         0.00 Dividend tax credits
         0.00 Installments
         0.00 Balance owing
    12,594.48 Net income
    12,594.48 Net income before adj
     8,562.48 OAS income
         0.00 Employment income
         0.00 RIF withdrawals

Accounts
         0.00 -TFSA-
         0.00 Cash

     9,445.16 -BANKACCOUNT-
     9,445.16 Cash

     9,445.16 Net worth
         0.00 Investments worth

   306,565.75 TFSA room for 2045
2045-01-01:BANK WITHDRAWAL:  700.00
2045-01-23:BANK WITHDRAWAL:  500.00
2045-01-28:OAS/GIS payment: 1472.40
2045-01-28:CPP payment:  336.00
2045-02-01:BANK WITHDRAWAL:  700.00
2045-02-15:SPLURGE SPENDING:  4353.56
2045-02-23:BANK WITHDRAWAL:  500.00
2045-02-28:OAS/GIS payment: 1472.40
2045-02-28:CPP payment:  336.00
2045-03-01:BANK WITHDRAWAL:  700.00
2045-03-23:BANK WITHDRAWAL:  500.00
2045-03-28:OAS/GIS payment: 1472.40
2045-03-28:CPP payment:  336.00
2045-04-01:BANK WITHDRAWAL:  700.00
2045-04-23:BANK WITHDRAWAL:  500.00
2045-04-28:OAS/GIS payment: 1472.40
2045-04-28:CPP payment:  336.00
2045-05-01:BANK WITHDRAWAL:  700.00
2045-05-15:SPLURGE SPENDING:  1825.20
2045-05-23:BANK WITHDRAWAL:  500.00
2045-05-28:OAS/GIS payment: 1472.40
2045-05-28:CPP payment:  336.00
2045-06-01:BANK WITHDRAWAL:  700.00
2045-06-23:BANK WITHDRAWAL:  500.00
2045-06-28:OAS/GIS payment: 1472.40
2045-06-28:CPP payment:  336.00
2045-07-01:BANK WITHDRAWAL:  700.00
2045-07-23:BANK WITHDRAWAL:  500.00
2045-07-28:OAS/GIS payment: 1472.40
2045-07-28:CPP payment:  336.00
2045-08-01:BANK WITHDRAWAL:  700.00
2045-08-15:SPLURGE SPENDING:  1825.20
2045-08-23:BANK WITHDRAWAL:  500.00
2045-08-28:OAS/GIS payment: 1472.40
2045-08-28:CPP payment:  336.00
2045-09-01:BANK WITHDRAWAL:  700.00
2045-09-23:BANK WITHDRAWAL:  500.00
2045-09-28:OAS/GIS payment: 1472.40
2045-09-28:CPP payment:  336.00
2045-10-01:BANK WITHDRAWAL:  700.00
2045-10-23:BANK WITHDRAWAL:  500.00
2045-10-28:OAS/GIS payment: 1472.40
2045-10-28:CPP payment:  336.00
2045-11-01:BANK WITHDRAWAL:  700.00
2045-11-15:SPLURGE SPENDING:  1825.20
2045-11-23:BANK WITHDRAWAL:  500.00
2045-11-25:STOCK-PRICE-UPDATE:  ABC 87.68 [3.0%]
2045-11-25:STOCK-PRICE-UPDATE:  XYZ 263.03 [3.0%]
2045-11-26:LIQUIDATE:  []
2045-11-28:OAS/GIS payment: 1472.40
2045-11-28:CPP payment:  336.00
2045-12-01:BANK WITHDRAWAL:  700.00
2045-12-23:BANK WITHDRAWAL:  500.00
2045-12-28:OAS/GIS payment: 1472.40
2045-12-28:CPP payment:  336.00
2045-12-31:PAY TAXES:  0.00
2045 year-end.
Cash generated
     4,032.00 CPP
     8,562.48 OAS
     9,106.32 GIS
         0.00 Pension
         0.00 Dividends
         0.00 Net liquidation (sell-buy)
         0.00 Interest
         0.00 Total cash swept from tfsa-rif-nra to bank
    21,700.80 Total cash generated

Tax return 2045
    12,594.48 Taxable income
         0.00 Federal tax
         0.00 Provincial tax
         0.00 Tax Payable
         0.00 Dividend tax credits
         0.00 Installments
         0.00 Balance owing
    12,594.48 Net income
    12,594.48 Net income before adj
     8,562.48 OAS income
         0.00 Employment income
         0.00 RIF withdrawals

Accounts
         0.00 -TFSA-
         0.00 Cash

     6,916.80 -BANKACCOUNT-
     6,916.80 Cash

     6,916.80 Net worth
         0.00 Investments worth

   312,565.75 TFSA room for 2046
2046-01-01:BANK WITHDRAWAL:  700.00
2046-01-23:BANK WITHDRAWAL:  500.00
2046-01-28:OAS/GIS payment: 1472.40
2046-01-28:CPP payment:  336.00
2046-02-01:BANK WITHDRAWAL:  700.00
2046-02-15:SPLURGE SPENDING:  1825.20
2046-02-23:BANK WITHDRAWAL:  500.00
2046-02-28:OAS/GIS payment: 1472.40
2046-02-28:CPP payment:  336.00
2046-03-01:BANK WITHDRAWAL:  700.00
2046-03-23:BANK WITHDRAWAL:  500.00
2046-03-28:OAS/GIS payment: 1472.40
2046-03-28:CPP payment:  336.00
2046-04-01:BANK WITHDRAWAL:  700.00
2046-04-23:BANK WITHDRAWAL:  500.00
2046-04-28:OAS/GIS payment: 1472.40
2046-04-28:CPP payment:  336.00
2046-05-01:BANK WITHDRAWAL:  700.00
2046-05-15:SPLURGE SPENDING:  1825.20
2046-05-23:BANK WITHDRAWAL:  500.00
2046-05-28:OAS/GIS payment: 1472.40
2046-05-28:CPP payment:  336.00
2046-06-01:BANK WITHDRAWAL:  700.00
2046-06-23:BANK WITHDRAWAL:  500.00
2046-06-28:OAS/GIS payment: 1472.40
2046-06-28:CPP payment:  336.00
2046-07-01:BANK WITHDRAWAL:  700.00
2046-07-23:BANK WITHDRAWAL:  500.00
2046-07-28:OAS/GIS payment: 1472.40
2046-07-28:CPP payment:  336.00
2046-08-01:BANK WITHDRAWAL:  700.00
2046-08-15:SPLURGE SPENDING:  1825.20
2046-08-23:BANK WITHDRAWAL:  500.00
2046-08-28:OAS/GIS payment: 1472.40
2046-08-28:CPP payment:  336.00
2046-09-01:BANK WITHDRAWAL:  700.00
2046-09-23:BANK WITHDRAWAL:  500.00
2046-09-28:OAS/GIS payment: 1472.40
2046-09-28:CPP payment:  336.00
2046-10-01:BANK WITHDRAWAL:  700.00
2046-10-23:BANK WITHDRAWAL:  500.00
2046-10-28:OAS/GIS payment: 1472.40
2046-10-28:CPP payment:  336.00
2046-11-01:BANK WITHDRAWAL:  700.00
2046-11-15:SPLURGE SPENDING:  1825.20
2046-11-23:BANK WITHDRAWAL:  500.00
2046-11-25:STOCK-PRICE-UPDATE:  ABC 90.31 [3.0%]
2046-11-25:STOCK-PRICE-UPDATE:  XYZ 270.92 [3.0%]
2046-11-26:LIQUIDATE:  []
2046-11-28:OAS/GIS payment: 1472.40
2046-11-28:CPP payment:  336.00
2046-12-01:BANK WITHDRAWAL:  700.00
2046-12-23:BANK WITHDRAWAL:  500.00
2046-12-28:OAS/GIS payment: 1472.40
2046-12-28:CPP payment:  336.00
2046-12-31:PAY TAXES:  0.00
2046 year-end.
Cash generated
     4,032.00 CPP
     8,562.48 OAS
     9,106.32 GIS
         0.00 Pension
         0.00 Dividends
         0.00 Net liquidation (sell-buy)
         0.00 Interest
         0.00 Total cash swept from tfsa-rif-nra to bank
    21,700.80 Total cash generated

Tax return 2046
    12,594.48 Taxable income
         0.00 Federal tax
         0.00 Provincial tax
         0.00 Tax Payable
         0.00 Dividend tax credits
         0.00 Installments
         0.00 Balance owing
    12,594.48 Net income
    12,594.48 Net income before adj
     8,562.48 OAS income
         0.00 Employment income
         0.00 RIF withdrawals

Accounts
         0.00 -TFSA-
         0.00 Cash

     6,916.80 -BANKACCOUNT-
     6,916.80 Cash

     6,916.80 Net worth
         0.00 Investments worth

   318,565.75 TFSA room for 2047
2047-01-01:BANK WITHDRAWAL:  700.00
2047-01-23:BANK WITHDRAWAL:  500.00
2047-01-28:OAS/GIS payment: 1472.40
2047-01-28:CPP payment:  336.00
2047-02-01:BANK WITHDRAWAL:  700.00
2047-02-15:SPLURGE SPENDING:  1825.20
2047-02-23:BANK WITHDRAWAL:  500.00
2047-02-28:OAS/GIS payment: 1472.40
2047-02-28:CPP payment:  336.00
2047-03-01:BANK WITHDRAWAL:  700.00
2047-03-23:BANK WITHDRAWAL:  500.00
2047-03-28:OAS/GIS payment: 1472.40
2047-03-28:CPP payment:  336.00
2047-04-01:BANK WITHDRAWAL:  700.00
2047-04-23:BANK WITHDRAWAL:  500.00
2047-04-28:OAS/GIS payment: 1472.40
2047-04-28:CPP payment:  336.00
2047-05-01:BANK WITHDRAWAL:  700.00
2047-05-15:SPLURGE SPENDING:  1825.20
2047-05-23:BANK WITHDRAWAL:  500.00
2047-05-28:OAS/GIS payment: 1472.40
2047-05-28:CPP payment:  336.00
2047-06-01:BANK WITHDRAWAL:  700.00
2047-06-23:BANK WITHDRAWAL:  500.00
2047-06-28:OAS/GIS payment: 1472.40
2047-06-28:CPP payment:  336.00
2047-07-01:BANK WITHDRAWAL:  700.00
2047-07-23:BANK WITHDRAWAL:  500.00
2047-07-28:OAS/GIS payment: 1472.40
2047-07-28:CPP payment:  336.00
2047-08-01:BANK WITHDRAWAL:  700.00
2047-08-15:SPLURGE SPENDING:  1825.20
2047-08-23:BANK WITHDRAWAL:  500.00
2047-08-28:OAS/GIS payment: 1472.40
2047-08-28:CPP payment:  336.00
2047-09-01:BANK WITHDRAWAL:  700.00
2047-09-23:BANK WITHDRAWAL:  500.00
2047-09-28:OAS/GIS payment: 1472.40
2047-09-28:CPP payment:  336.00
2047-10-01:BANK WITHDRAWAL:  700.00
2047-10-23:BANK WITHDRAWAL:  500.00
2047-10-28:OAS/GIS payment: 1472.40
2047-10-28:CPP payment:  336.00
2047-11-01:BANK WITHDRAWAL:  700.00
2047-11-15:SPLURGE SPENDING:  1825.20
2047-11-23:BANK WITHDRAWAL:  500.00
2047-11-25:STOCK-PRICE-UPDATE:  ABC 93.02 [3.0%]
2047-11-25:STOCK-PRICE-UPDATE:  XYZ 279.05 [3.0%]
2047-11-26:LIQUIDATE:  []
2047-11-28:OAS/GIS payment: 1472.40
2047-11-28:CPP payment:  336.00
2047-12-01:BANK WITHDRAWAL:  700.00
2047-12-23:BANK WITHDRAWAL:  500.00
2047-12-28:OAS/GIS payment: 1472.40
2047-12-28:CPP payment:  336.00
2047-12-31:PAY TAXES:  0.00
2047 year-end.
Cash generated
     4,032.00 CPP
     8,562.48 OAS
     9,106.32 GIS
         0.00 Pension
         0.00 Dividends
         0.00 Net liquidation (sell-buy)
         0.00 Interest
         0.00 Total cash swept from tfsa-rif-nra to bank
    21,700.80 Total cash generated

Tax return 2047
    12,594.48 Taxable income
         0.00 Federal tax
         0.00 Provincial tax
         0.00 Tax Payable
         0.00 Dividend tax credits
         0.00 Installments
         0.00 Balance owing
    12,594.48 Net income
    12,594.48 Net income before adj
     8,562.48 OAS income
         0.00 Employment income
         0.00 RIF withdrawals

Accounts
         0.00 -TFSA-
         0.00 Cash

     6,916.80 -BANKACCOUNT-
     6,916.80 Cash

     6,916.80 Net worth
         0.00 Investments worth

Summations (nominal)
Cash generated
    82,992.00 CPP
   168,524.85 OAS
   184,693.93 GIS
         0.00 Pension
    64,718.92 Dividends
   127,846.83 Net liquidation (sell-buy)
         0.00 Interest
   192,565.75 Total cash swept from tfsa-rif-nra to bank
   628,776.53 Total cash generated

Tax return 
   251,516.85 Taxable income
         0.00 Federal tax
         0.00 Provincial tax
         0.00 Tax Payable
         0.00 Dividend tax credits
         0.00 Installments
         0.00 Balance owing
   251,516.85 Net income
   251,516.85 Net income before adj
   251,516.85 OAS income
         0.00 Employment income
         0.00 RIF withdrawals

Summations (per year)
Cash generated
     3,952.00 CPP
     8,024.99 OAS
     8,794.95 GIS
         0.00 Pension
     3,081.85 Dividends
     6,087.94 Net liquidation (sell-buy)
         0.00 Interest
     9,169.80 Total cash swept from tfsa-rif-nra to bank
    29,941.73 Total cash generated

Tax return 
    11,976.99 Taxable income
         0.00 Federal tax
         0.00 Provincial tax
         0.00 Tax Payable
         0.00 Dividend tax credits
         0.00 Installments
         0.00 Balance owing
    11,976.99 Net income
   251,516.85 Net income before adj
    11,976.99 OAS income
         0.00 Employment income
         0.00 RIF withdrawals

# Net, gross, tax paid:
# 2027 net: 21107.26 = 21107.26 - 0.00.  [Net worth:108676.26] (age 65)
# 2028 net: 35030.90 = 35030.90 - 0.00.  [Net worth:106200.68] (age 66)
# 2029 net: 33580.15 = 33580.15 - 0.00.  [Net worth:101201.05] (age 67)
# 2030 net: 33532.19 = 33532.19 - 0.00.  [Net worth:96374.37] (age 68)
# 2031 net: 33462.78 = 33462.78 - 0.00.  [Net worth:91344.71] (age 69)
# 2032 net: 33199.95 = 33199.95 - 0.00.  [Net worth:86113.83] (age 70)
# 2033 net: 33093.69 = 33093.69 - 0.00.  [Net worth:80857.51] (age 71)
# 2034 net: 32968.81 = 32968.81 - 0.00.  [Net worth:75340.43] (age 72)
# 2035 net: 32624.26 = 32624.26 - 0.00.  [Net worth:69534.86] (age 73)
# 2036 net: 32240.37 = 32240.37 - 0.00.  [Net worth:63631.00] (age 74)
# 2037 net: 32376.93 = 32376.93 - 0.00.  [Net worth:57661.93] (age 75)
# 2038 net: 32220.00 = 32220.00 - 0.00.  [Net worth:51358.50] (age 76)
# 2039 net: 31790.20 = 31790.20 - 0.00.  [Net worth:44854.24] (age 77)
# 2040 net: 31305.49 = 31305.49 - 0.00.  [Net worth:38140.84] (age 78)
# 2041 net: 30803.02 = 30803.02 - 0.00.  [Net worth:31230.49] (age 79)
# 2042 net: 30264.95 = 30264.95 - 0.00.  [Net worth:24119.30] (age 80)
# 2043 net: 29692.82 = 29692.82 - 0.00.  [Net worth:16808.72] (age 81)
# 2044 net: 24380.36 = 24380.36 - 0.00.  [Net worth:9445.16] (age 82)
# 2045 net: 21700.80 = 21700.80 - 0.00.  [Net worth:6916.80] (age 83)
# 2046 net: 21700.80 = 21700.80 - 0.00.  [Net worth:6916.80] (age 84)
# 2047 net: 21700.80 = 21700.80 - 0.00.  [Net worth:6916.80] (age 85)
#   Total: 628776.53 = 628776.53 - 0.00   (Net Worth: 6916.80)
Saving reports. Number of histories: 1.
Writing report to C:\johanley\ProjectsPhoton\end-game\scenario\02.2\02.2-cash-and-tax-summary.csv
Writing report to C:\johanley\ProjectsPhoton\end-game\scenario\02.2\02.2-cash-flows.csv
Scenario description: 02.2: Only a TFSA with 100k in blue-chip dividends. Half the average CPP. 3% dividend growth, 3% stock price growth.
Start-date: 2027-01-01 end-date: 2047-12-31
Execution time: 1.8268422s
Done.
Writing to log file C:\johanley\ProjectsPhoton\end-game\scenario\02.2\02.2.log
