Scenario: C:\johanley\ProjectsPhoton\end-game\scenario\08.2\08.2-transfer-rif-then-nra-to-tfsa.ini
Running the scenario...
Reading the input scenario file: C:\johanley\ProjectsPhoton\end-game\scenario\08.2\08.2-transfer-rif-then-nra-to-tfsa.ini
Checking the syntax-version of the file. It should be v1.0.0, otherwise the scenario file can't be read properly.
Parsing file: C:\johanley\ProjectsPhoton\end-game\scenario\08.2\08.2-transfer-rif-then-nra-to-tfsa.ini
08.1: Fixed 3% growth in stock prices. Liquidate rif-nra-tfsa 6-3% when 65+. Top up TFSA first with RIF, then NRA. PE.
Reading file C:\johanley\ProjectsPhoton\end-game\input\gis\gis-brackets.utf8
Reading file C:\johanley\ProjectsPhoton\end-game\input\probability-of-survival\male-lx.utf8
Reading file C:\johanley\ProjectsPhoton\end-game\input\probability-of-survival\female-lx.utf8
History #1
Incrementing one day at a time, starting with 2022-01-01
2022-01-01:BANK SPEND:  925.00
2022-01-01:SWEEP cash from Nra 283.90
2022-01-03:TOP-UP TFSA:  TFSA room for 2022 20000.00
2022-01-03:TOP-UP TFSA:   Transfer from Rif 19992.00 (357 shares) of ABC. Room remaining 8.00
2022-01-06:DIVIDEND: CLU Rif 1000@0.06 = 60.00
2022-01-23:BANK SPEND:  925.00
2022-01-28:DIVIDEND: XYZ Rif 1000@1.61 = 1610.00
2022-01-28:DIVIDEND: XYZ Tfsa 200@1.61 = 322.00
2022-01-28:DIVIDEND: XYZ Nra 300@1.61 = 483.00
2022-02-01:BANK SPEND:  925.00
2022-02-01:SWEEP cash from Nra 483.00
2022-02-15:SPLURGE SPENDING:  2991.90
2022-02-23:BANK SPEND:  925.00
2022-03-01:DIVIDEND: ABC Rif 1643@0.86 = 1412.98
2022-03-01:DIVIDEND: ABC Tfsa 1357@0.86 = 1167.02
2022-03-01:DIVIDEND: ABC Nra 350@0.86 = 301.00
2022-03-01:BANK SPEND:  925.00
  Bank balance: 3150.00 is under the small-balance limit of 4000.00
2022-03-01:SWEEP cash from Nra 301.00
2022-03-01:SWEEP cash from Rif 3082.98 withheld 616.60
2022-03-01:SWEEP cash from Tfsa 1489.02
2022-03-23:BANK SPEND:  925.00
2022-03-31:DIVIDEND: CLU Rif 1000@0.06 = 60.00
2022-04-01:BANK SPEND:  925.00
2022-04-23:BANK SPEND:  925.00
2022-04-28:DIVIDEND: XYZ Rif 1000@1.61 = 1610.00
2022-04-28:DIVIDEND: XYZ Tfsa 200@1.61 = 322.00
2022-04-28:DIVIDEND: XYZ Nra 300@1.61 = 483.00
2022-05-01:BANK SPEND:  925.00
2022-05-01:SWEEP cash from Nra 483.00
2022-05-23:BANK SPEND:  925.00
  Bank balance: 3881.00 is under the small-balance limit of 4000.00
2022-06-01:DIVIDEND: ABC Rif 1643@0.86 = 1412.98
2022-06-01:DIVIDEND: ABC Tfsa 1357@0.86 = 1167.02
2022-06-01:DIVIDEND: ABC Nra 350@0.86 = 301.00
2022-06-01:BANK SPEND:  925.00
  Bank balance: 2956.00 is under the small-balance limit of 4000.00
2022-06-01:SWEEP cash from Nra 301.00
2022-06-01:SWEEP cash from Rif 3082.98 withheld 842.39
2022-06-01:SWEEP cash from Tfsa 1489.02
2022-06-20:SELL: CLU Rif 952@15.00 commish:142.80 14137.20
2022-06-21:BUY GIC Home Trust 1-year GIC, 7500.00 @ 2.5% matures 2023-06-21, purchased on 2022-06-21 in Rif 
2022-06-23:BANK SPEND:  925.00
2022-06-28:CPP payment:  549.10
2022-06-30:DIVIDEND: CLU Rif 48@0.06 = 2.88
2022-07-01:BANK SPEND:  925.00
2022-07-23:BANK SPEND:  925.00
2022-07-28:CPP payment:  549.10
2022-07-28:DIVIDEND: XYZ Rif 1000@1.61 = 1610.00
2022-07-28:DIVIDEND: XYZ Tfsa 200@1.61 = 322.00
2022-07-28:DIVIDEND: XYZ Nra 300@1.61 = 483.00
2022-08-01:BANK SPEND:  925.00
2022-08-01:SWEEP cash from Nra 483.00
2022-08-15:SPLURGE SPENDING:  710.20
2022-08-23:BANK SPEND:  925.00
2022-08-28:CPP payment:  549.10
2022-09-01:DIVIDEND: ABC Rif 1643@0.86 = 1412.98
2022-09-01:DIVIDEND: ABC Tfsa 1357@0.86 = 1167.02
2022-09-01:DIVIDEND: ABC Nra 350@0.86 = 301.00
2022-09-01:BANK SPEND:  925.00
  Bank balance: 3699.10 is under the small-balance limit of 4000.00
2022-09-01:SWEEP cash from Nra 301.00
2022-09-01:SWEEP cash from Rif 9663.06 withheld 2898.92
2022-09-01:SWEEP cash from Tfsa 1489.02
2022-09-23:BANK SPEND:  925.00
2022-09-28:CPP payment:  549.10
2022-09-30:DIVIDEND: CLU Rif 48@0.06 = 2.88
2022-10-01:BANK SPEND:  925.00
2022-10-23:BANK SPEND:  925.00
2022-10-28:CPP payment:  549.10
2022-10-28:DIVIDEND: XYZ Rif 1000@1.61 = 1610.00
2022-10-28:DIVIDEND: XYZ Tfsa 200@1.61 = 322.00
2022-10-28:DIVIDEND: XYZ Nra 300@1.61 = 483.00
2022-11-01:BANK SPEND:  925.00
2022-11-01:SWEEP cash from Nra 483.00
2022-11-15:SPLURGE SPENDING:  8033.38
2022-11-23:BANK SPEND:  925.00
2022-11-25:STOCK-PRICE-UPDATE:  ABC 57.68 [3.0%]
2022-11-25:STOCK-PRICE-UPDATE:  XYZ 144.20 [3.0%]
2022-11-25:STOCK-PRICE-UPDATE:  CLU 15.45 [3.0%]
2022-11-28:CPP payment:  549.10
2022-12-01:DIVIDEND: ABC Rif 1643@0.86 = 1412.98
2022-12-01:DIVIDEND: ABC Tfsa 1357@0.86 = 1167.02
2022-12-01:DIVIDEND: ABC Nra 350@0.86 = 301.00
2022-12-01:BANK SPEND:  925.00
  Bank balance: 3699.10 is under the small-balance limit of 4000.00
2022-12-01:SWEEP cash from Nra 301.00
2022-12-01:SWEEP cash from Rif 3025.86 withheld 907.75
2022-12-01:SWEEP cash from Tfsa 1489.02
2022-12-23:BANK SPEND:  925.00
2022-12-28:CPP payment:  549.10
2022-12-31:PAY TAXES:  1100.22
2022 year-end.
Cash generated
     3,843.70 CPP
         0.00 OAS
         0.00 GIS
         0.00 Pension
    21,309.76 Dividends
     6,637.20 Net liquidation (sell-buy)
         0.00 Interest
    28,230.86 Total cash swept from tfsa-rif-nra to bank
    31,790.66 Total cash generated

Tax return 2022
    47,018.26 Taxable income
     4,358.53 Federal tax
     3,725.75 Provincial tax
     8,084.28 Tax Payable
       650.01 Dividend tax credits
     6,984.06 Installments
     1,100.22 Balance owing
    47,018.26 Net income
    47,018.26 Net income before adj
         0.00 OAS income
         0.00 Employment income
    38,846.88 RIF withdrawals

Accounts
   247,209.84 -RIF-
    94,768.24 ABC 1643sh @ 57.68
   144,200.00 XYZ 1000sh @ 144.20
       741.60 CLU 48sh @ 15.45
     7,500.00 Home Trust GIC 2.5% 2023-06-21
         0.00 Cash

   107,111.76 -TFSA-
    78,271.76 ABC 1357sh @ 57.68
    28,840.00 XYZ 200sh @ 144.20
         0.00 Cash

    63,448.00 -NRA-
    20,188.00 ABC 350sh @ 57.68
    43,260.00 XYZ 300sh @ 144.20
         0.00 Cash

     7,038.86 -BANKACCOUNT-
     7,038.86 Cash

   424,808.46 Net worth
   417,769.60 Investments worth

     8,524.48 RIF minimum for 2023
    11,964.08 TFSA room for 2023
2023-01-01:BANK SPEND:  925.00
2023-01-03:TOP-UP TFSA:  TFSA room for 2023 11964.08
2023-01-03:TOP-UP TFSA:   Transfer from Rif 11939.76 (207 shares) of ABC. Room remaining 24.32
2023-01-06:DIVIDEND: CLU Rif 48@0.06 = 2.88
2023-01-23:BANK SPEND:  925.00
2023-01-28:CPP payment:  549.10
2023-01-28:DIVIDEND: XYZ Rif 1000@1.67 = 1670.00
2023-01-28:DIVIDEND: XYZ Tfsa 200@1.67 = 334.00
2023-01-28:DIVIDEND: XYZ Nra 300@1.67 = 501.00
2023-02-01:BANK SPEND:  925.00
2023-02-01:SWEEP cash from Nra 501.00
2023-02-15:SPLURGE SPENDING:  313.96
2023-02-23:BANK SPEND:  925.00
2023-02-28:CPP payment:  549.10
2023-03-01:DIVIDEND: ABC Rif 1436@0.89 = 1278.04
2023-03-01:DIVIDEND: ABC Tfsa 1564@0.89 = 1391.96
2023-03-01:DIVIDEND: ABC Nra 350@0.89 = 311.50
2023-03-01:BANK SPEND:  925.00
  Bank balance: 3699.10 is under the small-balance limit of 4000.00
2023-03-01:SWEEP cash from Nra 311.50
2023-03-01:SWEEP cash from Rif 2950.92 withheld 431.71
2023-03-01:SWEEP cash from Tfsa 1725.96
2023-03-23:BANK SPEND:  925.00
2023-03-28:CPP payment:  549.10
2023-03-31:DIVIDEND: CLU Rif 48@0.06 = 2.88
2023-04-01:BANK SPEND:  925.00
2023-04-23:BANK SPEND:  925.00
2023-04-28:CPP payment:  549.10
2023-04-28:DIVIDEND: XYZ Rif 1000@1.67 = 1670.00
2023-04-28:DIVIDEND: XYZ Tfsa 200@1.67 = 334.00
2023-04-28:DIVIDEND: XYZ Nra 300@1.67 = 501.00
2023-05-01:BANK SPEND:  925.00
2023-05-01:SWEEP cash from Nra 501.00
2023-05-15:SPLURGE SPENDING:  1586.68
2023-05-23:BANK SPEND:  925.00
2023-05-28:CPP payment:  549.10
2023-06-01:DIVIDEND: ABC Rif 1436@0.89 = 1278.04
2023-06-01:DIVIDEND: ABC Tfsa 1564@0.89 = 1391.96
2023-06-01:DIVIDEND: ABC Nra 350@0.89 = 311.50
2023-06-01:BANK SPEND:  925.00
  Bank balance: 3699.10 is under the small-balance limit of 4000.00
2023-06-01:SWEEP cash from Nra 311.50
2023-06-01:SWEEP cash from Rif 2950.92 withheld 590.18
2023-06-01:SWEEP cash from Tfsa 1725.96
2023-06-21:REDEEM GIC Home Trust 1-year GIC, 7500.00 @ 2.5% matures 2023-06-21, purchased on 2022-06-21 in Rif 7687.50
2023-06-23:BANK SPEND:  925.00
2023-06-28:CPP payment:  549.10
2023-06-30:DIVIDEND: CLU Rif 48@0.06 = 2.88
2023-07-01:BANK SPEND:  925.00
2023-07-23:BANK SPEND:  925.00
2023-07-28:CPP payment:  549.10
2023-07-28:DIVIDEND: XYZ Rif 1000@1.67 = 1670.00
2023-07-28:DIVIDEND: XYZ Tfsa 200@1.67 = 334.00
2023-07-28:DIVIDEND: XYZ Nra 300@1.67 = 501.00
2023-08-01:BANK SPEND:  925.00
2023-08-01:SWEEP cash from Nra 501.00
2023-08-15:SPLURGE SPENDING:  1586.68
2023-08-23:BANK SPEND:  925.00
2023-08-28:CPP payment:  549.10
2023-09-01:DIVIDEND: ABC Rif 1436@0.89 = 1278.04
2023-09-01:DIVIDEND: ABC Tfsa 1564@0.89 = 1391.96
2023-09-01:DIVIDEND: ABC Nra 350@0.89 = 311.50
2023-09-01:BANK SPEND:  925.00
  Bank balance: 3699.10 is under the small-balance limit of 4000.00
2023-09-01:SWEEP cash from Nra 311.50
2023-09-01:SWEEP cash from Rif 10638.42 withheld 2623.24
2023-09-01:SWEEP cash from Tfsa 1725.96
2023-09-23:BANK SPEND:  925.00
2023-09-28:CPP payment:  549.10
2023-09-30:DIVIDEND: CLU Rif 48@0.06 = 2.88
2023-10-01:BANK SPEND:  925.00
2023-10-23:BANK SPEND:  925.00
2023-10-28:CPP payment:  549.10
2023-10-28:DIVIDEND: XYZ Rif 1000@1.67 = 1670.00
2023-10-28:DIVIDEND: XYZ Tfsa 200@1.67 = 334.00
2023-10-28:DIVIDEND: XYZ Nra 300@1.67 = 501.00
2023-11-01:BANK SPEND:  925.00
2023-11-01:SWEEP cash from Nra 501.00
2023-11-15:SPLURGE SPENDING:  9274.18
2023-11-23:BANK SPEND:  925.00
2023-11-25:STOCK-PRICE-UPDATE:  ABC 59.41 [3.0%]
2023-11-25:STOCK-PRICE-UPDATE:  XYZ 148.53 [3.0%]
2023-11-25:STOCK-PRICE-UPDATE:  CLU 15.91 [2.98%]
2023-11-28:CPP payment:  549.10
2023-12-01:DIVIDEND: ABC Rif 1436@0.89 = 1278.04
2023-12-01:DIVIDEND: ABC Tfsa 1564@0.89 = 1391.96
2023-12-01:DIVIDEND: ABC Nra 350@0.89 = 311.50
2023-12-01:BANK SPEND:  925.00
  Bank balance: 3699.10 is under the small-balance limit of 4000.00
2023-12-01:SWEEP cash from Nra 311.50
2023-12-01:SWEEP cash from Rif 2950.92 withheld 885.28
2023-12-01:SWEEP cash from Tfsa 1725.96
2023-12-23:BANK SPEND:  925.00
2023-12-28:CPP payment:  549.10
2023-12-31:PAY TAXES:  1872.42
2023 year-end.
Cash generated
     6,589.20 CPP
         0.00 OAS
         0.00 GIS
         0.00 Pension
    21,957.52 Dividends
     7,687.50 Net liquidation (sell-buy)
       187.50 Interest
    29,645.02 Total cash swept from tfsa-rif-nra to bank
    36,421.72 Total cash generated

Tax return 2023
    42,505.14 Taxable income
     3,657.93 Federal tax
     3,086.43 Provincial tax
     6,744.36 Tax Payable
       673.64 Dividend tax credits
     4,871.94 Installments
     1,872.42 Balance owing
    42,505.14 Net income
    42,505.14 Net income before adj
         0.00 OAS income
         0.00 Employment income
    31,430.94 RIF withdrawals

Accounts
   234,606.44 -RIF-
    85,312.76 ABC 1436sh @ 59.41
   148,530.00 XYZ 1000sh @ 148.53
       763.68 CLU 48sh @ 15.91
         0.00 Cash

   122,623.24 -TFSA-
    92,917.24 ABC 1564sh @ 59.41
    29,706.00 XYZ 200sh @ 148.53
         0.00 Cash

    65,352.50 -NRA-
    20,793.50 ABC 350sh @ 59.41
    44,559.00 XYZ 300sh @ 148.53
         0.00 Cash

     6,439.16 -BANKACCOUNT-
     6,439.16 Cash

   429,021.34 Net worth
   422,582.18 Investments worth

     8,378.80 RIF minimum for 2024
    12,928.16 TFSA room for 2024
2024-01-01:BANK SPEND:  925.00
2024-01-03:TOP-UP TFSA:  TFSA room for 2024 12928.16
2024-01-03:TOP-UP TFSA:   Transfer from Rif 12891.97 (217 shares) of ABC. Room remaining 36.19
2024-01-06:DIVIDEND: CLU Rif 48@0.06 = 2.88
2024-01-23:BANK SPEND:  925.00
2024-01-28:CPP payment:  549.10
2024-01-28:DIVIDEND: XYZ Rif 1000@1.74 = 1740.00
2024-01-28:DIVIDEND: XYZ Tfsa 200@1.74 = 348.00
2024-01-28:DIVIDEND: XYZ Nra 300@1.74 = 522.00
2024-02-01:BANK SPEND:  925.00
2024-02-01:SWEEP cash from Nra 522.00
2024-02-23:BANK SPEND:  925.00
  Bank balance: 3810.26 is under the small-balance limit of 4000.00
2024-02-28:CPP payment:  549.10
2024-03-01:DIVIDEND: ABC Rif 1219@0.93 = 1133.67
2024-03-01:DIVIDEND: ABC Tfsa 1781@0.93 = 1656.33
2024-03-01:DIVIDEND: ABC Nra 350@0.93 = 325.50
2024-03-01:BANK SPEND:  925.00
  Bank balance: 3434.36 is under the small-balance limit of 4000.00
2024-03-01:SWEEP cash from Nra 325.50
2024-03-01:SWEEP cash from Rif 2876.55 withheld 526.62
2024-03-01:SWEEP cash from Tfsa 2004.33
2024-03-23:BANK SPEND:  925.00
2024-03-28:CPP payment:  549.10
2024-03-31:DIVIDEND: CLU Rif 48@0.06 = 2.88
2024-04-01:BANK SPEND:  925.00
2024-04-23:BANK SPEND:  925.00
2024-04-28:CPP payment:  549.10
2024-04-28:DIVIDEND: XYZ Rif 1000@1.74 = 1740.00
2024-04-28:DIVIDEND: XYZ Tfsa 200@1.74 = 348.00
2024-04-28:DIVIDEND: XYZ Nra 300@1.74 = 522.00
2024-05-01:BANK SPEND:  925.00
2024-05-01:SWEEP cash from Nra 522.00
2024-05-15:SPLURGE SPENDING:  1560.94
2024-05-23:BANK SPEND:  925.00
2024-05-28:CPP payment:  549.10
2024-06-01:DIVIDEND: ABC Rif 1219@0.93 = 1133.67
2024-06-01:DIVIDEND: ABC Tfsa 1781@0.93 = 1656.33
2024-06-01:DIVIDEND: ABC Nra 350@0.93 = 325.50
2024-06-01:BANK SPEND:  925.00
  Bank balance: 3699.10 is under the small-balance limit of 4000.00
2024-06-01:SWEEP cash from Nra 325.50
2024-06-01:SWEEP cash from Rif 2876.55 withheld 575.31
2024-06-01:SWEEP cash from Tfsa 2004.33
2024-06-20:SELL: XYZ Rif 73@148.53 commish:108.43 10734.26
2024-06-21:BUY GIC Cda Trust 1-year GIC, 5700.00 @ 2.5% matures 2025-06-21, purchased on 2024-06-21 in Rif 
2024-06-23:BANK SPEND:  925.00
2024-06-28:CPP payment:  549.10
2024-06-30:DIVIDEND: CLU Rif 48@0.06 = 2.88
2024-07-01:BANK SPEND:  925.00
2024-07-23:BANK SPEND:  925.00
2024-07-28:CPP payment:  549.10
2024-07-28:DIVIDEND: XYZ Rif 927@1.74 = 1612.98
2024-07-28:DIVIDEND: XYZ Tfsa 200@1.74 = 348.00
2024-07-28:DIVIDEND: XYZ Nra 300@1.74 = 522.00
2024-08-01:BANK SPEND:  925.00
2024-08-01:SWEEP cash from Nra 522.00
2024-08-15:SPLURGE SPENDING:  1825.68
2024-08-23:BANK SPEND:  925.00
2024-08-28:CPP payment:  549.10
2024-09-01:DIVIDEND: ABC Rif 1219@0.93 = 1133.67
2024-09-01:DIVIDEND: ABC Tfsa 1781@0.93 = 1656.33
2024-09-01:DIVIDEND: ABC Nra 350@0.93 = 325.50
2024-09-01:BANK SPEND:  925.00
  Bank balance: 3699.10 is under the small-balance limit of 4000.00
2024-09-01:SWEEP cash from Nra 325.50
2024-09-01:SWEEP cash from Rif 7783.79 withheld 1861.77
2024-09-01:SWEEP cash from Tfsa 2004.33
2024-09-23:BANK SPEND:  925.00
2024-09-28:CPP payment:  549.10
2024-09-30:DIVIDEND: CLU Rif 48@0.06 = 2.88
2024-10-01:BANK SPEND:  925.00
2024-10-23:BANK SPEND:  925.00
2024-10-28:CPP payment:  549.10
2024-10-28:DIVIDEND: XYZ Rif 927@1.74 = 1612.98
2024-10-28:DIVIDEND: XYZ Tfsa 200@1.74 = 348.00
2024-10-28:DIVIDEND: XYZ Nra 300@1.74 = 522.00
2024-11-01:BANK SPEND:  925.00
2024-11-01:SWEEP cash from Nra 522.00
2024-11-15:SPLURGE SPENDING:  6732.92
2024-11-23:BANK SPEND:  925.00
2024-11-25:STOCK-PRICE-UPDATE:  ABC 61.19 [3.0%]
2024-11-25:STOCK-PRICE-UPDATE:  XYZ 152.99 [3.0%]
2024-11-25:STOCK-PRICE-UPDATE:  CLU 16.39 [3.02%]
2024-11-28:CPP payment:  549.10
2024-12-01:DIVIDEND: ABC Rif 1219@0.93 = 1133.67
2024-12-01:DIVIDEND: ABC Tfsa 1781@0.93 = 1656.33
2024-12-01:DIVIDEND: ABC Nra 350@0.93 = 325.50
2024-12-01:BANK SPEND:  925.00
  Bank balance: 3699.10 is under the small-balance limit of 4000.00
2024-12-01:SWEEP cash from Nra 325.50
2024-12-01:SWEEP cash from Rif 2749.53 withheld 824.86
2024-12-01:SWEEP cash from Tfsa 2004.33
2024-12-23:BANK SPEND:  925.00
2024-12-28:CPP payment:  549.10
2024-12-31:PAY TAXES:  1862.09
2024 year-end.
Cash generated
     6,589.20 CPP
         0.00 OAS
         0.00 GIS
         0.00 Pension
    22,659.48 Dividends
     5,034.26 Net liquidation (sell-buy)
         0.00 Interest
    27,693.74 Total cash swept from tfsa-rif-nra to bank
    34,282.94 Total cash generated

Tax return 2024
    40,445.79 Taxable income
     3,320.02 Federal tax
     2,781.95 Provincial tax
     6,101.97 Tax Payable
       702.65 Dividend tax credits
     4,239.88 Installments
     1,862.09 Balance owing
    40,445.79 Net income
    40,445.79 Net income before adj
         0.00 OAS income
         0.00 Employment income
    29,178.39 RIF withdrawals

Accounts
   222,899.06 -RIF-
    74,590.61 ABC 1219sh @ 61.19
   141,821.73 XYZ 927sh @ 152.99
       786.72 CLU 48sh @ 16.39
     5,700.00 Cda Trust GIC 2.5% 2025-06-21
         0.00 Cash

   139,577.39 -TFSA-
   108,979.39 ABC 1781sh @ 61.19
    30,598.00 XYZ 200sh @ 152.99
         0.00 Cash

    67,313.50 -NRA-
    21,416.50 ABC 350sh @ 61.19
    45,897.00 XYZ 300sh @ 152.99
         0.00 Cash

     6,540.47 -BANKACCOUNT-
     6,540.47 Cash

   436,330.42 Net worth
   429,789.95 Investments worth

     8,255.52 RIF minimum for 2025
    14,053.51 TFSA room for 2025
2025-01-01:BANK SPEND:  925.00
2025-01-03:TOP-UP TFSA:  TFSA room for 2025 14053.51
2025-01-03:TOP-UP TFSA:   Transfer from Rif 14012.51 (229 shares) of ABC. Room remaining 41.00
2025-01-06:DIVIDEND: CLU Rif 48@0.06 = 2.88
2025-01-23:BANK SPEND:  925.00
2025-01-28:CPP payment:  549.10
2025-01-28:DIVIDEND: XYZ Rif 927@1.81 = 1677.87
2025-01-28:DIVIDEND: XYZ Tfsa 200@1.81 = 362.00
2025-01-28:DIVIDEND: XYZ Nra 300@1.81 = 543.00
2025-02-01:BANK SPEND:  925.00
2025-02-01:SWEEP cash from Nra 543.00
2025-02-23:BANK SPEND:  925.00
  Bank balance: 3932.57 is under the small-balance limit of 4000.00
2025-02-28:CPP payment:  549.10
2025-03-01:DIVIDEND: ABC Rif 990@0.97 = 960.30
2025-03-01:DIVIDEND: ABC Tfsa 2010@0.97 = 1949.70
2025-03-01:DIVIDEND: ABC Nra 350@0.97 = 339.50
2025-03-01:BANK SPEND:  925.00
  Bank balance: 3556.67 is under the small-balance limit of 4000.00
2025-03-01:SWEEP cash from Nra 339.50
2025-03-01:SWEEP cash from Rif 2641.05 withheld 528.21
2025-03-01:SWEEP cash from Tfsa 2311.70
2025-03-23:BANK SPEND:  925.00
2025-03-28:CPP payment:  549.10
2025-03-31:DIVIDEND: CLU Rif 48@0.06 = 2.88
2025-04-01:BANK SPEND:  925.00
2025-04-23:BANK SPEND:  925.00
2025-04-28:CPP payment:  549.10
2025-04-28:DIVIDEND: XYZ Rif 927@1.81 = 1677.87
2025-04-28:DIVIDEND: XYZ Tfsa 200@1.81 = 362.00
2025-04-28:DIVIDEND: XYZ Nra 300@1.81 = 543.00
2025-05-01:BANK SPEND:  925.00
2025-05-01:SWEEP cash from Nra 543.00
2025-05-15:SPLURGE SPENDING:  1790.12
2025-05-23:BANK SPEND:  925.00
2025-05-28:CPP payment:  549.10
2025-06-01:DIVIDEND: ABC Rif 990@0.97 = 960.30
2025-06-01:DIVIDEND: ABC Tfsa 2010@0.97 = 1949.70
2025-06-01:DIVIDEND: ABC Nra 350@0.97 = 339.50
2025-06-01:BANK SPEND:  925.00
  Bank balance: 3699.10 is under the small-balance limit of 4000.00
2025-06-01:SWEEP cash from Nra 339.50
2025-06-01:SWEEP cash from Rif 2641.05 withheld 528.21
2025-06-01:SWEEP cash from Tfsa 2311.70
2025-06-21:REDEEM GIC Cda Trust 1-year GIC, 5700.00 @ 2.5% matures 2025-06-21, purchased on 2024-06-21 in Rif 5842.50
2025-06-23:BANK SPEND:  925.00
2025-06-28:CPP payment:  549.10
2025-06-30:DIVIDEND: CLU Rif 48@0.06 = 2.88
2025-07-01:BANK SPEND:  925.00
2025-07-23:BANK SPEND:  925.00
2025-07-28:CPP payment:  549.10
2025-07-28:DIVIDEND: XYZ Rif 927@1.81 = 1677.87
2025-07-28:DIVIDEND: XYZ Tfsa 200@1.81 = 362.00
2025-07-28:DIVIDEND: XYZ Nra 300@1.81 = 543.00
2025-08-01:BANK SPEND:  925.00
2025-08-01:SWEEP cash from Nra 543.00
2025-08-15:SPLURGE SPENDING:  1932.55
2025-08-23:BANK SPEND:  925.00
2025-08-28:CPP payment:  549.10
2025-09-01:DIVIDEND: ABC Rif 990@0.97 = 960.30
2025-09-01:DIVIDEND: ABC Tfsa 2010@0.97 = 1949.70
2025-09-01:DIVIDEND: ABC Nra 350@0.97 = 339.50
2025-09-01:BANK SPEND:  925.00
  Bank balance: 3699.10 is under the small-balance limit of 4000.00
2025-09-01:SWEEP cash from Nra 339.50
2025-09-01:SWEEP cash from Rif 8483.55 withheld 2148.97
2025-09-01:SWEEP cash from Tfsa 2311.70
2025-09-23:BANK SPEND:  925.00
2025-09-28:CPP payment:  549.10
2025-09-30:DIVIDEND: CLU Rif 48@0.06 = 2.88
2025-10-01:BANK SPEND:  925.00
2025-10-23:BANK SPEND:  925.00
2025-10-28:CPP payment:  549.10
2025-10-28:DIVIDEND: XYZ Rif 927@1.81 = 1677.87
2025-10-28:DIVIDEND: XYZ Tfsa 200@1.81 = 362.00
2025-10-28:DIVIDEND: XYZ Nra 300@1.81 = 543.00
2025-11-01:BANK SPEND:  925.00
2025-11-01:SWEEP cash from Nra 543.00
2025-11-15:SPLURGE SPENDING:  7775.05
2025-11-23:BANK SPEND:  925.00
2025-11-25:STOCK-PRICE-UPDATE:  ABC 63.03 [3.01%]
2025-11-25:STOCK-PRICE-UPDATE:  XYZ 157.58 [3.0%]
2025-11-25:STOCK-PRICE-UPDATE:  CLU 16.88 [2.99%]
2025-11-28:CPP payment:  549.10
2025-12-01:DIVIDEND: ABC Rif 990@0.97 = 960.30
2025-12-01:DIVIDEND: ABC Tfsa 2010@0.97 = 1949.70
2025-12-01:DIVIDEND: ABC Nra 350@0.97 = 339.50
2025-12-01:BANK SPEND:  925.00
  Bank balance: 3699.10 is under the small-balance limit of 4000.00
2025-12-01:SWEEP cash from Nra 339.50
2025-12-01:SWEEP cash from Rif 2641.05 withheld 792.32
2025-12-01:SWEEP cash from Tfsa 2311.70
2025-12-23:BANK SPEND:  925.00
2025-12-28:CPP payment:  549.10
2025-12-31:PAY TAXES:  1816.54
2025 year-end.
Cash generated
     6,589.20 CPP
         0.00 OAS
         0.00 GIS
         0.00 Pension
    23,341.00 Dividends
     5,842.50 Net liquidation (sell-buy)
       142.50 Interest
    29,183.50 Total cash swept from tfsa-rif-nra to bank
    35,915.20 Total cash generated

Tax return 2025
    41,879.81 Taxable income
     3,506.10 Federal tax
     2,959.55 Provincial tax
     6,465.65 Tax Payable
       731.67 Dividend tax credits
     4,649.11 Installments
     1,816.54 Balance owing
    41,879.81 Net income
    41,879.81 Net income before adj
         0.00 OAS income
         0.00 Employment income
    30,419.21 RIF withdrawals

Accounts
   209,286.60 -RIF-
    62,399.70 ABC 990sh @ 63.03
   146,076.66 XYZ 927sh @ 157.58
       810.24 CLU 48sh @ 16.88
         0.00 Cash

   158,206.30 -TFSA-
   126,690.30 ABC 2010sh @ 63.03
    31,516.00 XYZ 200sh @ 157.58
         0.00 Cash

    69,334.50 -NRA-
    22,060.50 ABC 350sh @ 63.03
    47,274.00 XYZ 300sh @ 157.58
         0.00 Cash

     6,798.91 -BANKACCOUNT-
     6,798.91 Cash

   443,626.31 Net worth
   436,827.40 Investments worth

     8,049.48 RIF minimum for 2026
    15,287.80 TFSA room for 2026
2026-01-01:BANK SPEND:  925.00
2026-01-03:TOP-UP TFSA:  TFSA room for 2026 15287.80
2026-01-03:TOP-UP TFSA:   Transfer from Rif 15253.26 (242 shares) of ABC. Room remaining 34.54
2026-01-06:DIVIDEND: CLU Rif 48@0.06 = 2.88
2026-01-23:BANK SPEND:  925.00
2026-01-28:CPP payment:  549.10
2026-01-28:DIVIDEND: XYZ Rif 927@1.88 = 1742.76
2026-01-28:DIVIDEND: XYZ Tfsa 200@1.88 = 376.00
2026-01-28:DIVIDEND: XYZ Nra 300@1.88 = 564.00
2026-02-01:BANK SPEND:  925.00
2026-02-01:SWEEP cash from Nra 564.00
2026-02-15:SPLURGE SPENDING:  137.01
2026-02-23:BANK SPEND:  925.00
2026-02-28:CPP payment:  549.10
2026-03-01:DIVIDEND: ABC Rif 748@1.01 = 755.48
2026-03-01:DIVIDEND: ABC Tfsa 2252@1.01 = 2274.52
2026-03-01:DIVIDEND: ABC Nra 350@1.01 = 353.50
2026-03-01:BANK SPEND:  925.00
  Bank balance: 3699.10 is under the small-balance limit of 4000.00
2026-03-01:SWEEP cash from Nra 353.50
2026-03-01:SWEEP cash from Rif 2501.12 withheld 500.22
2026-03-01:SWEEP cash from Tfsa 2650.52
2026-03-23:BANK SPEND:  925.00
2026-03-28:CPP payment:  549.10
2026-03-31:DIVIDEND: CLU Rif 48@0.06 = 2.88
2026-04-01:BANK SPEND:  925.00
2026-04-23:BANK SPEND:  925.00
2026-04-28:CPP payment:  549.10
2026-04-28:DIVIDEND: XYZ Rif 927@1.88 = 1742.76
2026-04-28:DIVIDEND: XYZ Tfsa 200@1.88 = 376.00
2026-04-28:DIVIDEND: XYZ Nra 300@1.88 = 564.00
2026-05-01:BANK SPEND:  925.00
2026-05-01:SWEEP cash from Nra 564.00
2026-05-15:SPLURGE SPENDING:  2166.44
2026-05-23:BANK SPEND:  925.00
2026-05-28:CPP payment:  549.10
2026-06-01:DIVIDEND: ABC Rif 748@1.01 = 755.48
2026-06-01:DIVIDEND: ABC Tfsa 2252@1.01 = 2274.52
2026-06-01:DIVIDEND: ABC Nra 350@1.01 = 353.50
2026-06-01:BANK SPEND:  925.00
  Bank balance: 3699.10 is under the small-balance limit of 4000.00
2026-06-01:SWEEP cash from Nra 353.50
2026-06-01:SWEEP cash from Rif 2501.12 withheld 500.22
2026-06-01:SWEEP cash from Tfsa 2650.52
2026-06-20:SELL: ABC Rif 150@63.03 commish:94.54 9359.96
2026-06-21:BUY GIC Home Trust 1-year GIC, 4100.00 @ 2.5% matures 2027-06-21, purchased on 2026-06-21 in Rif 
2026-06-23:BANK SPEND:  925.00
2026-06-28:CPP payment:  549.10
2026-06-30:DIVIDEND: CLU Rif 48@0.06 = 2.88
2026-07-01:BANK SPEND:  925.00
2026-07-23:BANK SPEND:  925.00
2026-07-28:CPP payment:  549.10
2026-07-28:DIVIDEND: XYZ Rif 927@1.88 = 1742.76
2026-07-28:DIVIDEND: XYZ Tfsa 200@1.88 = 376.00
2026-07-28:DIVIDEND: XYZ Nra 300@1.88 = 564.00
2026-08-01:BANK SPEND:  925.00
2026-08-01:SWEEP cash from Nra 564.00
2026-08-15:SPLURGE SPENDING:  2166.44
2026-08-23:BANK SPEND:  925.00
2026-08-28:CPP payment:  549.10
2026-09-01:DIVIDEND: ABC Rif 598@1.01 = 603.98
2026-09-01:DIVIDEND: ABC Tfsa 2252@1.01 = 2274.52
2026-09-01:DIVIDEND: ABC Nra 350@1.01 = 353.50
2026-09-01:BANK SPEND:  925.00
  Bank balance: 3699.10 is under the small-balance limit of 4000.00
2026-09-01:SWEEP cash from Nra 353.50
2026-09-01:SWEEP cash from Rif 7609.58 withheld 2003.48
2026-09-01:SWEEP cash from Tfsa 2650.52
2026-09-23:BANK SPEND:  925.00
2026-09-28:CPP payment:  549.10
2026-09-30:DIVIDEND: CLU Rif 48@0.06 = 2.88
2026-10-01:BANK SPEND:  925.00
2026-10-23:BANK SPEND:  925.00
2026-10-28:CPP payment:  549.10
2026-10-28:DIVIDEND: XYZ Rif 927@1.88 = 1742.76
2026-10-28:DIVIDEND: XYZ Tfsa 200@1.88 = 376.00
2026-10-28:DIVIDEND: XYZ Nra 300@1.88 = 564.00
2026-11-01:BANK SPEND:  925.00
2026-11-01:SWEEP cash from Nra 564.00
2026-11-15:SPLURGE SPENDING:  7274.90
2026-11-23:BANK SPEND:  925.00
2026-11-25:STOCK-PRICE-UPDATE:  ABC 64.92 [3.0%]
2026-11-25:STOCK-PRICE-UPDATE:  XYZ 162.31 [3.0%]
2026-11-25:STOCK-PRICE-UPDATE:  CLU 17.39 [3.02%]
2026-11-28:CPP payment:  549.10
2026-12-01:DIVIDEND: ABC Rif 598@1.01 = 603.98
2026-12-01:DIVIDEND: ABC Tfsa 2252@1.01 = 2274.52
2026-12-01:DIVIDEND: ABC Nra 350@1.01 = 353.50
2026-12-01:BANK SPEND:  925.00
  Bank balance: 3699.10 is under the small-balance limit of 4000.00
2026-12-01:SWEEP cash from Nra 353.50
2026-12-01:SWEEP cash from Rif 2349.62 withheld 704.89
2026-12-01:SWEEP cash from Tfsa 2650.52
2026-12-23:BANK SPEND:  925.00
2026-12-28:CPP payment:  549.10
2026-12-31:PAY TAXES:  1763.53
2026 year-end.
Cash generated
     6,589.20 CPP
         0.00 OAS
         0.00 GIS
         0.00 Pension
    23,973.56 Dividends
     5,259.96 Net liquidation (sell-buy)
         0.00 Interest
    29,233.52 Total cash swept from tfsa-rif-nra to bank
    35,822.72 Total cash generated

Tax return 2026
    41,868.50 Taxable income
     3,475.39 Federal tax
     2,937.71 Provincial tax
     6,413.10 Tax Payable
       760.69 Dividend tax credits
     4,649.57 Installments
     1,763.53 Balance owing
    41,868.50 Net income
    41,868.50 Net income before adj
         0.00 OAS income
         0.00 Employment income
    30,214.70 RIF withdrawals

Accounts
   194,218.25 -RIF-
    38,822.16 ABC 598sh @ 64.92
   150,461.37 XYZ 927sh @ 162.31
       834.72 CLU 48sh @ 17.39
     4,100.00 Home Trust GIC 2.5% 2027-06-21
         0.00 Cash

   178,661.84 -TFSA-
   146,199.84 ABC 2252sh @ 64.92
    32,462.00 XYZ 200sh @ 162.31
         0.00 Cash

    71,415.00 -NRA-
    22,722.00 ABC 350sh @ 64.92
    48,693.00 XYZ 300sh @ 162.31
         0.00 Cash

     6,913.31 -BANKACCOUNT-
     6,913.31 Cash

   451,208.40 Net worth
   444,295.09 Investments worth

     7,768.73 RIF minimum for 2027
    16,636.62 TFSA room for 2027
2027-01-01:BANK SPEND:  925.00
2027-01-03:TOP-UP TFSA:  TFSA room for 2027 16636.62
2027-01-03:TOP-UP TFSA:   Transfer from Rif 16619.52 (256 shares) of ABC. Room remaining 17.10
2027-01-06:DIVIDEND: CLU Rif 48@0.06 = 2.88
2027-01-23:BANK SPEND:  925.00
2027-01-28:CPP payment:  549.10
2027-01-28:DIVIDEND: XYZ Rif 927@1.96 = 1816.92
2027-01-28:DIVIDEND: XYZ Tfsa 200@1.96 = 392.00
2027-01-28:DIVIDEND: XYZ Nra 300@1.96 = 588.00
2027-02-01:BANK SPEND:  925.00
2027-02-01:SWEEP cash from Nra 588.00
2027-02-15:SPLURGE SPENDING:  275.41
2027-02-23:BANK SPEND:  925.00
2027-02-28:CPP payment:  549.10
2027-03-01:DIVIDEND: ABC Rif 342@1.05 = 359.10
2027-03-01:DIVIDEND: ABC Tfsa 2508@1.05 = 2633.40
2027-03-01:DIVIDEND: ABC Nra 350@1.05 = 367.50
2027-03-01:BANK SPEND:  925.00
  Bank balance: 3699.10 is under the small-balance limit of 4000.00
2027-03-01:SWEEP cash from Nra 367.50
2027-03-01:SWEEP cash from Rif 2178.90 withheld 435.78
2027-03-01:SWEEP cash from Tfsa 3025.40
2027-03-23:BANK SPEND:  925.00
2027-03-28:CPP payment:  549.10
2027-03-31:DIVIDEND: CLU Rif 48@0.06 = 2.88
2027-04-01:BANK SPEND:  925.00
2027-04-23:BANK SPEND:  925.00
2027-04-28:CPP payment:  549.10
2027-04-28:DIVIDEND: XYZ Rif 927@1.96 = 1816.92
2027-04-28:DIVIDEND: XYZ Tfsa 200@1.96 = 392.00
2027-04-28:DIVIDEND: XYZ Nra 300@1.96 = 588.00
2027-05-01:BANK SPEND:  925.00
2027-05-01:SWEEP cash from Nra 588.00
2027-05-15:SPLURGE SPENDING:  2257.10
2027-05-23:BANK SPEND:  925.00
2027-05-28:CPP payment:  549.10
2027-06-01:DIVIDEND: ABC Rif 342@1.05 = 359.10
2027-06-01:DIVIDEND: ABC Tfsa 2508@1.05 = 2633.40
2027-06-01:DIVIDEND: ABC Nra 350@1.05 = 367.50
2027-06-01:BANK SPEND:  925.00
  Bank balance: 3699.10 is under the small-balance limit of 4000.00
2027-06-01:SWEEP cash from Nra 367.50
2027-06-01:SWEEP cash from Rif 2178.90 withheld 435.78
2027-06-01:SWEEP cash from Tfsa 3025.40
2027-06-21:REDEEM GIC Home Trust 1-year GIC, 4100.00 @ 2.5% matures 2027-06-21, purchased on 2026-06-21 in Rif 4202.50
2027-06-23:BANK SPEND:  925.00
2027-06-28:OAS/GIS payment: 654.55
2027-06-28:CPP payment:  549.10
2027-06-30:DIVIDEND: CLU Rif 48@0.06 = 2.88
2027-07-01:BANK SPEND:  925.00
2027-07-23:BANK SPEND:  925.00
2027-07-28:OAS/GIS payment: 654.55
2027-07-28:CPP payment:  549.10
2027-07-28:DIVIDEND: XYZ Rif 927@1.96 = 1816.92
2027-07-28:DIVIDEND: XYZ Tfsa 200@1.96 = 392.00
2027-07-28:DIVIDEND: XYZ Nra 300@1.96 = 588.00
2027-08-01:BANK SPEND:  925.00
2027-08-01:SWEEP cash from Nra 588.00
2027-08-15:SPLURGE SPENDING:  3566.20
2027-08-23:BANK SPEND:  925.00
2027-08-28:OAS/GIS payment: 654.55
2027-08-28:CPP payment:  549.10
2027-09-01:DIVIDEND: ABC Rif 342@1.05 = 359.10
2027-09-01:DIVIDEND: ABC Tfsa 2508@1.05 = 2633.40
2027-09-01:DIVIDEND: ABC Nra 350@1.05 = 367.50
2027-09-01:BANK SPEND:  925.00
2027-09-01:SWEEP cash from Nra 367.50
2027-09-01:SWEEP cash from Rif 6381.40 withheld 1735.28
2027-09-01:SWEEP cash from Tfsa 3025.40
2027-09-23:BANK SPEND:  925.00
2027-09-28:OAS/GIS payment: 654.55
2027-09-28:CPP payment:  549.10
2027-09-30:DIVIDEND: CLU Rif 48@0.06 = 2.88
2027-10-01:BANK SPEND:  925.00
2027-10-23:BANK SPEND:  925.00
2027-10-28:OAS/GIS payment: 654.55
2027-10-28:CPP payment:  549.10
2027-10-28:DIVIDEND: XYZ Rif 927@1.96 = 1816.92
2027-10-28:DIVIDEND: XYZ Tfsa 200@1.96 = 392.00
2027-10-28:DIVIDEND: XYZ Nra 300@1.96 = 588.00
2027-11-01:BANK SPEND:  925.00
2027-11-01:SWEEP cash from Nra 588.00
2027-11-15:SPLURGE SPENDING:  8423.25
2027-11-23:BANK SPEND:  925.00
2027-11-25:STOCK-PRICE-UPDATE:  ABC 66.87 [3.0%]
2027-11-25:STOCK-PRICE-UPDATE:  XYZ 167.18 [3.0%]
2027-11-25:STOCK-PRICE-UPDATE:  CLU 17.91 [2.99%]
2027-11-26:LIQUIDATE:  [Rif sold 48 CLU net:851.08, Rif sold 158 XYZ net:26150.30]
2027-11-28:OAS/GIS payment: 654.55
2027-11-28:CPP payment:  549.10
2027-12-01:DIVIDEND: ABC Rif 342@1.05 = 359.10
2027-12-01:DIVIDEND: ABC Tfsa 2508@1.05 = 2633.40
2027-12-01:DIVIDEND: ABC Nra 350@1.05 = 367.50
2027-12-01:BANK SPEND:  925.00
2027-12-01:SWEEP cash from Nra 367.50
2027-12-01:SWEEP cash from Rif 29180.28 withheld 8754.08
2027-12-01:SWEEP cash from Tfsa 3025.40
2027-12-23:BANK SPEND:  925.00
2027-12-28:OAS/GIS payment: 654.55
2027-12-28:CPP payment:  549.10
2027-12-31:PAY TAXES:  3481.45
2027 year-end.
Cash generated
     6,589.20 CPP
     4,581.85 OAS
         0.00 GIS
         0.00 Pension
    24,639.20 Dividends
    31,203.88 Net liquidation (sell-buy)
       102.50 Interest
    55,843.08 Total cash swept from tfsa-rif-nra to bank
    67,116.63 Total cash generated

Tax return 2027
    72,984.41 Taxable income
     8,739.41 Federal tax
     7,373.12 Provincial tax
    16,112.53 Tax Payable
       792.20 Dividend tax credits
    12,631.08 Installments
     3,481.45 Balance owing
    72,984.41 Net income
    72,984.41 Net income before adj
     4,581.85 OAS income
         0.00 Employment income
    56,539.00 RIF withdrawals

Accounts
   151,430.96 -RIF-
    22,869.54 ABC 342sh @ 66.87
   128,561.42 XYZ 769sh @ 167.18
         0.00 Cash

   201,145.96 -TFSA-
   167,709.96 ABC 2508sh @ 66.87
    33,436.00 XYZ 200sh @ 167.18
         0.00 Cash

    73,558.50 -NRA-
    23,404.50 ABC 350sh @ 66.87
    50,154.00 XYZ 300sh @ 167.18
         0.00 Cash

    33,724.03 -BANKACCOUNT-
    33,724.03 Cash

   459,859.45 Net worth
   426,135.42 Investments worth

     6,309.62 RIF minimum for 2028
    18,118.70 TFSA room for 2028
2028-01-01:BANK SPEND:  925.00
2028-01-03:TOP-UP TFSA:  TFSA room for 2028 18118.70
2028-01-03:TOP-UP TFSA:   Transfer from Rif 18054.90 (270 shares) of ABC. Room remaining 63.80
2028-01-23:BANK SPEND:  925.00
2028-01-28:OAS/GIS payment: 654.55
2028-01-28:CPP payment:  549.10
2028-01-28:DIVIDEND: XYZ Rif 769@2.04 = 1568.76
2028-01-28:DIVIDEND: XYZ Tfsa 200@2.04 = 408.00
2028-01-28:DIVIDEND: XYZ Nra 300@2.04 = 612.00
2028-02-01:BANK SPEND:  925.00
2028-02-01:SWEEP cash from Nra 612.00
2028-02-15:SPLURGE SPENDING:  27764.68
2028-02-23:BANK SPEND:  925.00
2028-02-28:OAS/GIS payment: 654.55
2028-02-28:CPP payment:  549.10
2028-03-01:DIVIDEND: ABC Rif 72@1.09 = 78.48
2028-03-01:DIVIDEND: ABC Tfsa 2778@1.09 = 3028.02
2028-03-01:DIVIDEND: ABC Nra 350@1.09 = 381.50
2028-03-01:BANK SPEND:  925.00
2028-03-01:SWEEP cash from Nra 381.50
2028-03-01:SWEEP cash from Rif 1647.24 withheld 329.44
2028-03-01:SWEEP cash from Tfsa 3436.02
2028-03-23:BANK SPEND:  925.00
2028-03-28:OAS/GIS payment: 654.55
2028-03-28:CPP payment:  549.10
2028-04-01:BANK SPEND:  925.00
2028-04-23:BANK SPEND:  925.00
2028-04-28:OAS/GIS payment: 654.55
2028-04-28:CPP payment:  549.10
2028-04-28:DIVIDEND: XYZ Rif 769@2.04 = 1568.76
2028-04-28:DIVIDEND: XYZ Tfsa 200@2.04 = 408.00
2028-04-28:DIVIDEND: XYZ Nra 300@2.04 = 612.00
2028-05-01:BANK SPEND:  925.00
2028-05-01:SWEEP cash from Nra 612.00
2028-05-15:SPLURGE SPENDING:  4137.71
2028-05-23:BANK SPEND:  925.00
2028-05-28:OAS/GIS payment: 654.55
2028-05-28:CPP payment:  549.10
2028-06-01:DIVIDEND: ABC Rif 72@1.09 = 78.48
2028-06-01:DIVIDEND: ABC Tfsa 2778@1.09 = 3028.02
2028-06-01:DIVIDEND: ABC Nra 350@1.09 = 381.50
2028-06-01:BANK SPEND:  925.00
2028-06-01:SWEEP cash from Nra 381.50
2028-06-01:SWEEP cash from Rif 1647.24 withheld 333.43
2028-06-01:SWEEP cash from Tfsa 3436.02
2028-06-23:BANK SPEND:  925.00
2028-06-28:OAS/GIS payment: 654.55
2028-06-28:CPP payment:  549.10
2028-07-01:BANK SPEND:  925.00
2028-07-23:BANK SPEND:  925.00
2028-07-28:OAS/GIS payment: 654.55
2028-07-28:CPP payment:  549.10
2028-07-28:DIVIDEND: XYZ Rif 769@2.04 = 1568.76
2028-07-28:DIVIDEND: XYZ Tfsa 200@2.04 = 408.00
2028-07-28:DIVIDEND: XYZ Nra 300@2.04 = 612.00
2028-08-01:BANK SPEND:  925.00
2028-08-01:SWEEP cash from Nra 612.00
2028-08-15:SPLURGE SPENDING:  4137.71
2028-08-23:BANK SPEND:  925.00
2028-08-28:OAS/GIS payment: 654.55
2028-08-28:CPP payment:  549.10
2028-09-01:DIVIDEND: ABC Rif 72@1.09 = 78.48
2028-09-01:DIVIDEND: ABC Tfsa 2778@1.09 = 3028.02
2028-09-01:DIVIDEND: ABC Nra 350@1.09 = 381.50
2028-09-01:BANK SPEND:  925.00
2028-09-01:SWEEP cash from Nra 381.50
2028-09-01:SWEEP cash from Rif 1647.24 withheld 494.17
2028-09-01:SWEEP cash from Tfsa 3436.02
2028-09-23:BANK SPEND:  925.00
2028-09-28:OAS/GIS payment: 654.55
2028-09-28:CPP payment:  549.10
2028-10-01:BANK SPEND:  925.00
2028-10-23:BANK SPEND:  925.00
2028-10-28:OAS/GIS payment: 654.55
2028-10-28:CPP payment:  549.10
2028-10-28:DIVIDEND: XYZ Rif 769@2.04 = 1568.76
2028-10-28:DIVIDEND: XYZ Tfsa 200@2.04 = 408.00
2028-10-28:DIVIDEND: XYZ Nra 300@2.04 = 612.00
2028-11-01:BANK SPEND:  925.00
2028-11-01:SWEEP cash from Nra 612.00
2028-11-15:SPLURGE SPENDING:  4137.71
2028-11-23:BANK SPEND:  925.00
2028-11-25:STOCK-PRICE-UPDATE:  ABC 68.88 [3.01%]
2028-11-25:STOCK-PRICE-UPDATE:  XYZ 172.20 [3.0%]
2028-11-25:STOCK-PRICE-UPDATE:  CLU 18.45 [3.02%]
2028-11-26:LIQUIDATE:  [Rif sold 153 XYZ net:26083.13]
2028-11-28:OAS/GIS payment: 654.55
2028-11-28:CPP payment:  549.10
2028-12-01:DIVIDEND: ABC Rif 72@1.09 = 78.48
2028-12-01:DIVIDEND: ABC Tfsa 2778@1.09 = 3028.02
2028-12-01:DIVIDEND: ABC Nra 350@1.09 = 381.50
2028-12-01:BANK SPEND:  925.00
2028-12-01:SWEEP cash from Nra 381.50
2028-12-01:SWEEP cash from Rif 27730.37 withheld 8319.11
2028-12-01:SWEEP cash from Tfsa 3436.02
2028-12-23:BANK SPEND:  925.00
2028-12-28:OAS/GIS payment: 654.55
2028-12-28:CPP payment:  549.10
2028-12-31:PAY TAXES:  3814.82
2028 year-end.
Cash generated
     6,589.20 CPP
     7,854.60 OAS
         0.00 GIS
         0.00 Pension
    24,307.04 Dividends
    26,083.13 Net liquidation (sell-buy)
         0.00 Interest
    50,390.17 Total cash swept from tfsa-rif-nra to bank
    64,833.97 Total cash generated

Tax return 2028
    70,654.91 Taxable income
     8,177.95 Federal tax
     6,962.08 Provincial tax
    15,140.03 Tax Payable
       823.70 Dividend tax credits
    11,325.21 Installments
     3,814.82 Balance owing
    70,654.91 Net income
    70,654.91 Net income before adj
     7,854.60 OAS income
         0.00 Employment income
    50,726.99 RIF withdrawals

Accounts
   111,034.56 -RIF-
     4,959.36 ABC 72sh @ 68.88
   106,075.20 XYZ 616sh @ 172.20
         0.00 Cash

   225,788.64 -TFSA-
   191,348.64 ABC 2778sh @ 68.88
    34,440.00 XYZ 200sh @ 172.20
         0.00 Cash

    75,768.00 -NRA-
    24,108.00 ABC 350sh @ 68.88
    51,660.00 XYZ 300sh @ 172.20
         0.00 Cash

    32,365.37 -BANKACCOUNT-
    32,365.37 Cash

   444,956.57 Net worth
   412,591.20 Investments worth

     4,827.59 RIF minimum for 2029
    19,807.88 TFSA room for 2029
2029-01-01:BANK SPEND:  925.00
2029-01-03:TOP-UP TFSA:  TFSA room for 2029 19807.88
2029-01-03:TOP-UP TFSA:   Transfer from Rif 4959.36 (72 shares) of ABC. Room remaining 14848.52
2029-01-03:TOP-UP TFSA:   Transfer from Rif 14809.20 (86 shares) of XYZ. Room remaining 39.32
2029-01-23:BANK SPEND:  925.00
2029-01-28:OAS/GIS payment: 654.55
2029-01-28:CPP payment:  549.10
2029-01-28:DIVIDEND: XYZ Rif 530@2.12 = 1123.60
2029-01-28:DIVIDEND: XYZ Tfsa 286@2.12 = 606.32
2029-01-28:DIVIDEND: XYZ Nra 300@2.12 = 636.00
2029-02-01:BANK SPEND:  925.00
2029-02-01:SWEEP cash from Nra 636.00
2029-02-15:SPLURGE SPENDING:  26430.02
2029-02-23:BANK SPEND:  925.00
2029-02-28:OAS/GIS payment: 654.55
2029-02-28:CPP payment:  549.10
2029-03-01:DIVIDEND: ABC Tfsa 2850@1.13 = 3220.50
2029-03-01:DIVIDEND: ABC Nra 350@1.13 = 395.50
2029-03-01:BANK SPEND:  925.00
2029-03-01:SWEEP cash from Nra 395.50
2029-03-01:SWEEP cash from Rif 1123.60 withheld 331.18
2029-03-01:SWEEP cash from Tfsa 3826.82
2029-03-23:BANK SPEND:  925.00
2029-03-28:OAS/GIS payment: 654.55
2029-03-28:CPP payment:  549.10
2029-04-01:BANK SPEND:  925.00
2029-04-23:BANK SPEND:  925.00
2029-04-28:OAS/GIS payment: 654.55
2029-04-28:CPP payment:  549.10
2029-04-28:DIVIDEND: XYZ Rif 530@2.12 = 1123.60
2029-04-28:DIVIDEND: XYZ Tfsa 286@2.12 = 606.32
2029-04-28:DIVIDEND: XYZ Nra 300@2.12 = 636.00
2029-05-01:BANK SPEND:  925.00
2029-05-01:SWEEP cash from Nra 636.00
2029-05-15:SPLURGE SPENDING:  4042.87
2029-05-23:BANK SPEND:  925.00
2029-05-28:OAS/GIS payment: 654.55
2029-05-28:CPP payment:  549.10
2029-06-01:DIVIDEND: ABC Tfsa 2850@1.13 = 3220.50
2029-06-01:DIVIDEND: ABC Nra 350@1.13 = 395.50
2029-06-01:BANK SPEND:  925.00
2029-06-01:SWEEP cash from Nra 395.50
2029-06-01:SWEEP cash from Rif 1123.60 withheld 337.08
2029-06-01:SWEEP cash from Tfsa 3826.82
2029-06-23:BANK SPEND:  925.00
2029-06-28:OAS/GIS payment: 654.55
2029-06-28:CPP payment:  549.10
2029-07-01:BANK SPEND:  925.00
2029-07-23:BANK SPEND:  925.00
2029-07-28:OAS/GIS payment: 654.55
2029-07-28:CPP payment:  549.10
2029-07-28:DIVIDEND: XYZ Rif 530@2.12 = 1123.60
2029-07-28:DIVIDEND: XYZ Tfsa 286@2.12 = 606.32
2029-07-28:DIVIDEND: XYZ Nra 300@2.12 = 636.00
2029-08-01:BANK SPEND:  925.00
2029-08-01:SWEEP cash from Nra 636.00
2029-08-15:SPLURGE SPENDING:  4042.87
2029-08-23:BANK SPEND:  925.00
2029-08-28:OAS/GIS payment: 654.55
2029-08-28:CPP payment:  549.10
2029-09-01:DIVIDEND: ABC Tfsa 2850@1.13 = 3220.50
2029-09-01:DIVIDEND: ABC Nra 350@1.13 = 395.50
2029-09-01:BANK SPEND:  925.00
2029-09-01:SWEEP cash from Nra 395.50
2029-09-01:SWEEP cash from Rif 1123.60 withheld 337.08
2029-09-01:SWEEP cash from Tfsa 3826.82
2029-09-23:BANK SPEND:  925.00
2029-09-28:OAS/GIS payment: 654.55
2029-09-28:CPP payment:  549.10
2029-10-01:BANK SPEND:  925.00
2029-10-23:BANK SPEND:  925.00
2029-10-28:OAS/GIS payment: 654.55
2029-10-28:CPP payment:  549.10
2029-10-28:DIVIDEND: XYZ Rif 530@2.12 = 1123.60
2029-10-28:DIVIDEND: XYZ Tfsa 286@2.12 = 606.32
2029-10-28:DIVIDEND: XYZ Nra 300@2.12 = 636.00
2029-11-01:BANK SPEND:  925.00
2029-11-01:SWEEP cash from Nra 636.00
2029-11-15:SPLURGE SPENDING:  4042.87
2029-11-23:BANK SPEND:  925.00
2029-11-25:STOCK-PRICE-UPDATE:  ABC 70.95 [3.01%]
2029-11-25:STOCK-PRICE-UPDATE:  XYZ 177.37 [3.0%]
2029-11-25:STOCK-PRICE-UPDATE:  CLU 19.00 [2.98%]
2029-11-26:LIQUIDATE:  [Rif sold 144 XYZ net:25285.87]
2029-11-28:OAS/GIS payment: 654.55
2029-11-28:CPP payment:  549.10
2029-12-01:DIVIDEND: ABC Tfsa 2850@1.13 = 3220.50
2029-12-01:DIVIDEND: ABC Nra 350@1.13 = 395.50
2029-12-01:BANK SPEND:  925.00
2029-12-01:SWEEP cash from Nra 395.50
2029-12-01:SWEEP cash from Rif 26409.47 withheld 7922.84
2029-12-01:SWEEP cash from Tfsa 3826.82
2029-12-23:BANK SPEND:  925.00
2029-12-28:OAS/GIS payment: 654.55
2029-12-28:CPP payment:  549.10
2029-12-31:PAY TAXES:  3288.07
2029 year-end.
Cash generated
     6,589.20 CPP
     7,854.60 OAS
         0.00 GIS
         0.00 Pension
    23,927.68 Dividends
    25,285.87 Net liquidation (sell-buy)
         0.00 Interest
    49,213.55 Total cash swept from tfsa-rif-nra to bank
    63,657.35 Total cash generated

Tax return 2029
    69,686.51 Taxable income
     7,926.12 Federal tax
     6,778.32 Provincial tax
    14,704.44 Tax Payable
       855.21 Dividend tax credits
    11,416.37 Installments
     3,288.07 Balance owing
    69,686.51 Net income
    69,686.51 Net income before adj
     7,854.60 OAS income
         0.00 Employment income
    49,548.83 RIF withdrawals

Accounts
    68,464.82 -RIF-
    68,464.82 XYZ 386sh @ 177.37
         0.00 Cash

   252,935.32 -TFSA-
   202,207.50 ABC 2850sh @ 70.95
    50,727.82 XYZ 286sh @ 177.37
         0.00 Cash

    78,043.50 -NRA-
    24,832.50 ABC 350sh @ 70.95
    53,211.00 XYZ 300sh @ 177.37
         0.00 Cash

    31,976.02 -BANKACCOUNT-
    31,976.02 Cash

   431,419.66 Net worth
   399,443.64 Investments worth

     3,112.04 RIF minimum for 2030
    21,346.60 TFSA room for 2030
2030-01-01:BANK SPEND:  925.00
2030-01-03:TOP-UP TFSA:  TFSA room for 2030 21346.60
2030-01-03:TOP-UP TFSA:   Transfer from Rif 21284.40 (120 shares) of XYZ. Room remaining 62.20
2030-01-23:BANK SPEND:  925.00
2030-01-28:OAS/GIS payment: 654.55
2030-01-28:CPP payment:  549.10
2030-01-28:DIVIDEND: XYZ Rif 266@2.20 = 585.20
2030-01-28:DIVIDEND: XYZ Tfsa 406@2.20 = 893.20
2030-01-28:DIVIDEND: XYZ Nra 300@2.20 = 660.00
2030-02-01:BANK SPEND:  925.00
2030-02-01:SWEEP cash from Nra 660.00
2030-02-15:SPLURGE SPENDING:  26064.67
2030-02-23:BANK SPEND:  925.00
2030-02-28:OAS/GIS payment: 654.55
2030-02-28:CPP payment:  549.10
2030-03-01:DIVIDEND: ABC Tfsa 2850@1.18 = 3363.00
2030-03-01:DIVIDEND: ABC Nra 350@1.18 = 413.00
2030-03-01:BANK SPEND:  925.00
2030-03-01:SWEEP cash from Nra 413.00
2030-03-01:SWEEP cash from Rif 585.20 withheld 175.56
2030-03-01:SWEEP cash from Tfsa 4256.20
2030-03-23:BANK SPEND:  925.00
2030-03-28:OAS/GIS payment: 654.55
2030-03-28:CPP payment:  549.10
2030-04-01:BANK SPEND:  925.00
2030-04-23:BANK SPEND:  925.00
2030-04-28:OAS/GIS payment: 654.55
2030-04-28:CPP payment:  549.10
2030-04-28:DIVIDEND: XYZ Rif 266@2.20 = 585.20
2030-04-28:DIVIDEND: XYZ Tfsa 406@2.20 = 893.20
2030-04-28:DIVIDEND: XYZ Nra 300@2.20 = 660.00
2030-05-01:BANK SPEND:  925.00
2030-05-01:SWEEP cash from Nra 660.00
2030-05-15:SPLURGE SPENDING:  3975.35
2030-05-23:BANK SPEND:  925.00
2030-05-28:OAS/GIS payment: 654.55
2030-05-28:CPP payment:  549.10
2030-06-01:DIVIDEND: ABC Tfsa 2850@1.18 = 3363.00
2030-06-01:DIVIDEND: ABC Nra 350@1.18 = 413.00
2030-06-01:BANK SPEND:  925.00
2030-06-01:SWEEP cash from Nra 413.00
2030-06-01:SWEEP cash from Rif 585.20 withheld 175.56
2030-06-01:SWEEP cash from Tfsa 4256.20
2030-06-23:BANK SPEND:  925.00
2030-06-28:OAS/GIS payment: 654.55
2030-06-28:CPP payment:  549.10
2030-07-01:BANK SPEND:  925.00
2030-07-23:BANK SPEND:  925.00
2030-07-28:OAS/GIS payment: 654.55
2030-07-28:CPP payment:  549.10
2030-07-28:DIVIDEND: XYZ Rif 266@2.20 = 585.20
2030-07-28:DIVIDEND: XYZ Tfsa 406@2.20 = 893.20
2030-07-28:DIVIDEND: XYZ Nra 300@2.20 = 660.00
2030-08-01:BANK SPEND:  925.00
2030-08-01:SWEEP cash from Nra 660.00
2030-08-15:SPLURGE SPENDING:  3975.35
2030-08-23:BANK SPEND:  925.00
2030-08-28:OAS/GIS payment: 654.55
2030-08-28:CPP payment:  549.10
2030-09-01:DIVIDEND: ABC Tfsa 2850@1.18 = 3363.00
2030-09-01:DIVIDEND: ABC Nra 350@1.18 = 413.00
2030-09-01:BANK SPEND:  925.00
2030-09-01:SWEEP cash from Nra 413.00
2030-09-01:SWEEP cash from Rif 585.20 withheld 175.56
2030-09-01:SWEEP cash from Tfsa 4256.20
2030-09-23:BANK SPEND:  925.00
2030-09-28:OAS/GIS payment: 654.55
2030-09-28:CPP payment:  549.10
2030-10-01:BANK SPEND:  925.00
2030-10-23:BANK SPEND:  925.00
2030-10-28:OAS/GIS payment: 654.55
2030-10-28:CPP payment:  549.10
2030-10-28:DIVIDEND: XYZ Rif 266@2.20 = 585.20
2030-10-28:DIVIDEND: XYZ Tfsa 406@2.20 = 893.20
2030-10-28:DIVIDEND: XYZ Nra 300@2.20 = 660.00
2030-11-01:BANK SPEND:  925.00
2030-11-01:SWEEP cash from Nra 660.00
2030-11-15:SPLURGE SPENDING:  3975.35
2030-11-23:BANK SPEND:  925.00
2030-11-25:STOCK-PRICE-UPDATE:  ABC 73.08 [3.0%]
2030-11-25:STOCK-PRICE-UPDATE:  XYZ 182.69 [3.0%]
2030-11-25:STOCK-PRICE-UPDATE:  CLU 19.57 [3.0%]
2030-11-26:LIQUIDATE:  [Rif sold 135 XYZ net:24416.52]
2030-11-28:OAS/GIS payment: 654.55
2030-11-28:CPP payment:  549.10
2030-12-01:DIVIDEND: ABC Tfsa 2850@1.18 = 3363.00
2030-12-01:DIVIDEND: ABC Nra 350@1.18 = 413.00
2030-12-01:BANK SPEND:  925.00
2030-12-01:SWEEP cash from Nra 413.00
2030-12-01:SWEEP cash from Rif 25001.72 withheld 7500.51
2030-12-01:SWEEP cash from Tfsa 4256.20
2030-12-23:BANK SPEND:  925.00
2030-12-28:OAS/GIS payment: 654.55
2030-12-28:CPP payment:  549.10
2030-12-31:PAY TAXES:  2662.92
2030 year-end.
Cash generated
     6,589.20 CPP
     7,854.60 OAS
         0.00 GIS
         0.00 Pension
    23,657.60 Dividends
    24,416.52 Net liquidation (sell-buy)
         0.00 Interest
    48,074.12 Total cash swept from tfsa-rif-nra to bank
    62,517.92 Total cash generated

Tax return 2030
    68,408.48 Taxable income
     7,600.98 Federal tax
     6,540.84 Provincial tax
    14,141.82 Tax Payable
       889.61 Dividend tax credits
    11,478.90 Installments
     2,662.92 Balance owing
    68,408.48 Net income
    68,408.48 Net income before adj
     7,854.60 OAS income
         0.00 Employment income
    48,041.72 RIF withdrawals

Accounts
    23,932.39 -RIF-
    23,932.39 XYZ 131sh @ 182.69
         0.00 Cash

   282,450.14 -TFSA-
   208,278.00 ABC 2850sh @ 73.08
    74,172.14 XYZ 406sh @ 182.69
         0.00 Cash

    80,385.00 -NRA-
    25,578.00 ABC 350sh @ 73.08
    54,807.00 XYZ 300sh @ 182.69
         0.00 Cash

    31,640.30 -BANKACCOUNT-
    31,640.30 Cash

   418,407.83 Net worth
   386,767.53 Investments worth

     1,139.64 RIF minimum for 2031
    23,087.00 TFSA room for 2031
2031-01-01:BANK SPEND:  925.00
2031-01-03:TOP-UP TFSA:  TFSA room for 2031 23087.00
2031-01-03:TOP-UP TFSA:   Transfer from Rif 23018.94 (126 shares) of XYZ. Room remaining 68.06
2031-01-23:BANK SPEND:  925.00
2031-01-28:OAS/GIS payment: 654.55
2031-01-28:CPP payment:  549.10
2031-01-28:DIVIDEND: XYZ Rif 5@2.29 = 11.45
2031-01-28:DIVIDEND: XYZ Tfsa 532@2.29 = 1218.28
2031-01-28:DIVIDEND: XYZ Nra 300@2.29 = 687.00
2031-02-01:BANK SPEND:  925.00
2031-02-01:SWEEP cash from Nra 687.00
2031-02-15:SPLURGE SPENDING:  25755.95
2031-02-23:BANK SPEND:  925.00
2031-02-28:OAS/GIS payment: 654.55
2031-02-28:CPP payment:  549.10
2031-03-01:DIVIDEND: ABC Tfsa 2850@1.22 = 3477.00
2031-03-01:DIVIDEND: ABC Nra 350@1.22 = 427.00
2031-03-01:BANK SPEND:  925.00
2031-03-01:SWEEP cash from Nra 427.00
2031-03-01:SWEEP cash from Rif 11.45 withheld 3.43
2031-03-01:SWEEP cash from Tfsa 4695.28
2031-03-23:BANK SPEND:  925.00
2031-03-28:OAS/GIS payment: 654.55
2031-03-28:CPP payment:  549.10
2031-04-01:BANK SPEND:  925.00
2031-04-23:BANK SPEND:  925.00
2031-04-28:OAS/GIS payment: 654.55
2031-04-28:CPP payment:  549.10
2031-04-28:DIVIDEND: XYZ Rif 5@2.29 = 11.45
2031-04-28:DIVIDEND: XYZ Tfsa 532@2.29 = 1218.28
2031-04-28:DIVIDEND: XYZ Nra 300@2.29 = 687.00
2031-05-01:BANK SPEND:  925.00
2031-05-01:SWEEP cash from Nra 687.00
2031-05-15:SPLURGE SPENDING:  3881.68
2031-05-23:BANK SPEND:  925.00
2031-05-28:OAS/GIS payment: 654.55
2031-05-28:CPP payment:  549.10
2031-06-01:DIVIDEND: ABC Tfsa 2850@1.22 = 3477.00
2031-06-01:DIVIDEND: ABC Nra 350@1.22 = 427.00
2031-06-01:BANK SPEND:  925.00
2031-06-01:SWEEP cash from Nra 427.00
2031-06-01:SWEEP cash from Rif 11.45 withheld 3.44
2031-06-01:SWEEP cash from Tfsa 4695.28
2031-06-23:BANK SPEND:  925.00
2031-06-28:OAS/GIS payment: 654.55
2031-06-28:CPP payment:  549.10
2031-07-01:BANK SPEND:  925.00
2031-07-23:BANK SPEND:  925.00
2031-07-28:OAS/GIS payment: 654.55
2031-07-28:CPP payment:  549.10
2031-07-28:DIVIDEND: XYZ Rif 5@2.29 = 11.45
2031-07-28:DIVIDEND: XYZ Tfsa 532@2.29 = 1218.28
2031-07-28:DIVIDEND: XYZ Nra 300@2.29 = 687.00
2031-08-01:BANK SPEND:  925.00
2031-08-01:SWEEP cash from Nra 687.00
2031-08-15:SPLURGE SPENDING:  3881.68
2031-08-23:BANK SPEND:  925.00
2031-08-28:OAS/GIS payment: 654.55
2031-08-28:CPP payment:  549.10
2031-09-01:DIVIDEND: ABC Tfsa 2850@1.22 = 3477.00
2031-09-01:DIVIDEND: ABC Nra 350@1.22 = 427.00
2031-09-01:BANK SPEND:  925.00
2031-09-01:SWEEP cash from Nra 427.00
2031-09-01:SWEEP cash from Rif 11.45 withheld 3.44
2031-09-01:SWEEP cash from Tfsa 4695.28
2031-09-23:BANK SPEND:  925.00
2031-09-28:OAS/GIS payment: 654.55
2031-09-28:CPP payment:  549.10
2031-10-01:BANK SPEND:  925.00
2031-10-23:BANK SPEND:  925.00
2031-10-28:OAS/GIS payment: 654.55
2031-10-28:CPP payment:  549.10
2031-10-28:DIVIDEND: XYZ Rif 5@2.29 = 11.45
2031-10-28:DIVIDEND: XYZ Tfsa 532@2.29 = 1218.28
2031-10-28:DIVIDEND: XYZ Nra 300@2.29 = 687.00
2031-11-01:BANK SPEND:  925.00
2031-11-01:SWEEP cash from Nra 687.00
2031-11-15:SPLURGE SPENDING:  3881.68
2031-11-23:BANK SPEND:  925.00
2031-11-25:STOCK-PRICE-UPDATE:  ABC 75.27 [3.0%]
2031-11-25:STOCK-PRICE-UPDATE:  XYZ 188.17 [3.0%]
2031-11-25:STOCK-PRICE-UPDATE:  CLU 20.16 [3.01%]
Capital gain 9307.17 in 2031
2031-11-26:LIQUIDATE:  [Rif sold 5 XYZ net:931.44, Nra sold 122 XYZ net:22727.17]
2031-11-28:OAS/GIS payment: 654.55
2031-11-28:CPP payment:  549.10
2031-12-01:DIVIDEND: ABC Tfsa 2850@1.22 = 3477.00
2031-12-01:DIVIDEND: ABC Nra 350@1.22 = 427.00
2031-12-01:BANK SPEND:  925.00
2031-12-01:SWEEP cash from Nra 23154.17
2031-12-01:SWEEP cash from Rif 942.89 withheld 282.86
2031-12-01:SWEEP cash from Tfsa 4695.28
2031-12-23:BANK SPEND:  925.00
2031-12-28:OAS/GIS payment: 654.55
2031-12-28:CPP payment:  549.10
2031-12-31:PAY TAXES:  2036.43
2031 year-end.
Cash generated
     6,589.20 CPP
     7,854.60 OAS
         0.00 GIS
         0.00 Pension
    23,282.92 Dividends
    23,658.61 Net liquidation (sell-buy)
         0.00 Interest
    46,941.53 Total cash swept from tfsa-rif-nra to bank
    61,385.33 Total cash generated

Tax return 2031
    49,242.84 Taxable income
     3,206.79 Federal tax
     3,686.60 Provincial tax
     6,893.39 Tax Payable
       923.61 Dividend tax credits
     4,856.96 Installments
     2,036.43 Balance owing
    49,242.84 Net income
    49,242.84 Net income before adj
     7,854.60 OAS income
         0.00 Employment income
    23,996.18 RIF withdrawals

Accounts
         0.00 -RIF-
         0.00 Cash

   314,625.94 -TFSA-
   214,519.50 ABC 2850sh @ 75.27
   100,106.44 XYZ 532sh @ 188.17
         0.00 Cash

    59,838.76 -NRA-
    26,344.50 ABC 350sh @ 75.27
    33,494.26 XYZ 178sh @ 188.17
         0.00 Cash

    31,388.21 -BANKACCOUNT-
    31,388.21 Cash

   405,852.91 Net worth
   374,464.70 Investments worth

         0.00 No RIF minimum for 2032 (RSP converts on 2018-05-01).
    24,849.18 TFSA room for 2032
2032-01-01:BANK SPEND:  925.00
2032-01-03:TOP-UP TFSA:  TFSA room for 2032 24849.18
Capital gain 10696.24 in 2032
2032-01-03:TOP-UP TFSA:   Transfer from Nra 24839.10 (330 shares) of ABC. Room remaining 10.08
2032-01-23:BANK SPEND:  925.00
2032-01-28:OAS/GIS payment: 654.55
2032-01-28:CPP payment:  549.10
2032-01-28:DIVIDEND: XYZ Tfsa 532@2.38 = 1266.16
2032-01-28:DIVIDEND: XYZ Nra 178@2.38 = 423.64
2032-02-01:BANK SPEND:  925.00
2032-02-01:SWEEP cash from Nra 423.64
2032-02-15:SPLURGE SPENDING:  25240.50
2032-02-23:BANK SPEND:  925.00
2032-02-28:OAS/GIS payment: 654.55
2032-02-28:CPP payment:  549.10
2032-03-01:DIVIDEND: ABC Tfsa 3180@1.27 = 4038.60
2032-03-01:DIVIDEND: ABC Nra 20@1.27 = 25.40
2032-03-01:BANK SPEND:  925.00
2032-03-01:SWEEP cash from Nra 25.40
2032-03-01:SWEEP cash from Tfsa 5304.76
2032-03-23:BANK SPEND:  925.00
2032-03-28:OAS/GIS payment: 654.55
2032-03-28:CPP payment:  549.10
2032-04-01:BANK SPEND:  925.00
2032-04-23:BANK SPEND:  925.00
2032-04-28:OAS/GIS payment: 654.55
2032-04-28:CPP payment:  549.10
2032-04-28:DIVIDEND: XYZ Tfsa 532@2.38 = 1266.16
2032-04-28:DIVIDEND: XYZ Nra 178@2.38 = 423.64
2032-05-01:BANK SPEND:  925.00
2032-05-01:SWEEP cash from Nra 423.64
2032-05-15:SPLURGE SPENDING:  3814.75
2032-05-23:BANK SPEND:  925.00
2032-05-28:OAS/GIS payment: 654.55
2032-05-28:CPP payment:  549.10
2032-06-01:DIVIDEND: ABC Tfsa 3180@1.27 = 4038.60
2032-06-01:DIVIDEND: ABC Nra 20@1.27 = 25.40
2032-06-01:BANK SPEND:  925.00
2032-06-01:SWEEP cash from Nra 25.40
2032-06-01:SWEEP cash from Tfsa 5304.76
2032-06-23:BANK SPEND:  925.00
2032-06-28:OAS/GIS payment: 654.55
2032-06-28:CPP payment:  549.10
2032-07-01:BANK SPEND:  925.00
2032-07-23:BANK SPEND:  925.00
2032-07-28:OAS/GIS payment: 654.55
2032-07-28:CPP payment:  549.10
2032-07-28:DIVIDEND: XYZ Tfsa 532@2.38 = 1266.16
2032-07-28:DIVIDEND: XYZ Nra 178@2.38 = 423.64
2032-08-01:BANK SPEND:  925.00
2032-08-01:SWEEP cash from Nra 423.64
2032-08-15:SPLURGE SPENDING:  3814.75
2032-08-23:BANK SPEND:  925.00
2032-08-28:OAS/GIS payment: 654.55
2032-08-28:CPP payment:  549.10
2032-09-01:DIVIDEND: ABC Tfsa 3180@1.27 = 4038.60
2032-09-01:DIVIDEND: ABC Nra 20@1.27 = 25.40
2032-09-01:BANK SPEND:  925.00
2032-09-01:SWEEP cash from Nra 25.40
2032-09-01:SWEEP cash from Tfsa 5304.76
2032-09-23:BANK SPEND:  925.00
2032-09-28:OAS/GIS payment: 654.55
2032-09-28:CPP payment:  549.10
2032-10-01:BANK SPEND:  925.00
2032-10-23:BANK SPEND:  925.00
2032-10-28:OAS/GIS payment: 654.55
2032-10-28:CPP payment:  549.10
2032-10-28:DIVIDEND: XYZ Tfsa 532@2.38 = 1266.16
2032-10-28:DIVIDEND: XYZ Nra 178@2.38 = 423.64
2032-11-01:BANK SPEND:  925.00
2032-11-01:SWEEP cash from Nra 423.64
2032-11-15:SPLURGE SPENDING:  3814.75
2032-11-23:BANK SPEND:  925.00
2032-11-25:STOCK-PRICE-UPDATE:  ABC 77.53 [3.0%]
2032-11-25:STOCK-PRICE-UPDATE:  XYZ 193.82 [3.0%]
2032-11-25:STOCK-PRICE-UPDATE:  CLU 20.76 [2.98%]
Capital gain 9743.93 in 2032
2032-11-26:LIQUIDATE:  [Nra sold 119 XYZ net:22833.93]
2032-11-28:OAS/GIS payment: 654.55
2032-11-28:CPP payment:  549.10
2032-12-01:DIVIDEND: ABC Tfsa 3180@1.27 = 4038.60
2032-12-01:DIVIDEND: ABC Nra 20@1.27 = 25.40
2032-12-01:BANK SPEND:  925.00
2032-12-01:SWEEP cash from Nra 22859.33
2032-12-01:SWEEP cash from Tfsa 5304.76
2032-12-23:BANK SPEND:  925.00
2032-12-28:OAS/GIS payment: 654.55
2032-12-28:CPP payment:  549.10
2032-12-31:PAY TAXES:  2709.40
2032 year-end.
Cash generated
     6,589.20 CPP
     7,854.60 OAS
         0.00 GIS
         0.00 Pension
    23,015.20 Dividends
    22,833.93 Net liquidation (sell-buy)
         0.00 Interest
    45,849.13 Total cash swept from tfsa-rif-nra to bank
    60,292.93 Total cash generated

Tax return 2032
    31,796.17 Taxable income
     1,195.99 Federal tax
     1,513.41 Provincial tax
     2,709.40 Tax Payable
       372.29 Dividend tax credits
         0.00 Installments
     2,709.40 Balance owing
    31,796.17 Net income
    31,796.17 Net income before adj
     7,854.60 OAS income
         0.00 Employment income
         0.00 RIF withdrawals

Accounts
         0.00 -RIF-
         0.00 Cash

   349,657.64 -TFSA-
   246,545.40 ABC 3180sh @ 77.53
   103,112.24 XYZ 532sh @ 193.82
         0.00 Cash

    12,985.98 -NRA-
     1,550.60 ABC 20sh @ 77.53
    11,435.38 XYZ 59sh @ 193.82
         0.00 Cash

    30,086.99 -BANKACCOUNT-
    30,086.99 Cash

   392,730.61 Net worth
   362,643.62 Investments worth

    27,229.12 TFSA room for 2033
2033-01-01:BANK SPEND:  925.00
2033-01-03:TOP-UP TFSA:  TFSA room for 2033 27229.12
Capital gain 693.46 in 2033
2033-01-03:TOP-UP TFSA:   Transfer from Nra 1550.60 (20 shares) of ABC. Room remaining 25678.52
Capital gain 4945.38 in 2033
2033-01-03:TOP-UP TFSA:   Transfer from Nra 11435.38 (59 shares) of XYZ. Room remaining 14243.14
2033-01-23:BANK SPEND:  925.00
2033-01-28:OAS/GIS payment: 654.55
2033-01-28:CPP payment:  549.10
2033-01-28:DIVIDEND: XYZ Tfsa 591@2.48 = 1465.68
2033-02-01:BANK SPEND:  925.00
2033-02-15:SPLURGE SPENDING:  23515.64
2033-02-23:BANK SPEND:  925.00
2033-02-28:OAS/GIS payment: 654.55
2033-02-28:CPP payment:  549.10
2033-03-01:DIVIDEND: ABC Tfsa 3200@1.32 = 4224.00
2033-03-01:BANK SPEND:  925.00
2033-03-01:SWEEP cash from Tfsa 5689.68
2033-03-23:BANK SPEND:  925.00
2033-03-28:OAS/GIS payment: 654.55
2033-03-28:CPP payment:  549.10
2033-04-01:BANK SPEND:  925.00
2033-04-23:BANK SPEND:  925.00
2033-04-28:OAS/GIS payment: 654.55
2033-04-28:CPP payment:  549.10
2033-04-28:DIVIDEND: XYZ Tfsa 591@2.48 = 1465.68
2033-05-01:BANK SPEND:  925.00
2033-05-15:SPLURGE SPENDING:  3750.63
2033-05-23:BANK SPEND:  925.00
2033-05-28:OAS/GIS payment: 654.55
2033-05-28:CPP payment:  549.10
2033-06-01:DIVIDEND: ABC Tfsa 3200@1.32 = 4224.00
2033-06-01:BANK SPEND:  925.00
2033-06-01:SWEEP cash from Tfsa 5689.68
2033-06-23:BANK SPEND:  925.00
2033-06-28:OAS/GIS payment: 654.55
2033-06-28:CPP payment:  549.10
2033-07-01:BANK SPEND:  925.00
2033-07-23:BANK SPEND:  925.00
2033-07-28:OAS/GIS payment: 654.55
2033-07-28:CPP payment:  549.10
2033-07-28:DIVIDEND: XYZ Tfsa 591@2.48 = 1465.68
2033-08-01:BANK SPEND:  925.00
2033-08-15:SPLURGE SPENDING:  3750.63
2033-08-23:BANK SPEND:  925.00
2033-08-28:OAS/GIS payment: 654.55
2033-08-28:CPP payment:  549.10
2033-09-01:DIVIDEND: ABC Tfsa 3200@1.32 = 4224.00
2033-09-01:BANK SPEND:  925.00
2033-09-01:SWEEP cash from Tfsa 5689.68
2033-09-23:BANK SPEND:  925.00
2033-09-28:OAS/GIS payment: 654.55
2033-09-28:CPP payment:  549.10
2033-10-01:BANK SPEND:  925.00
2033-10-23:BANK SPEND:  925.00
2033-10-28:OAS/GIS payment: 654.55
2033-10-28:CPP payment:  549.10
2033-10-28:DIVIDEND: XYZ Tfsa 591@2.48 = 1465.68
2033-11-01:BANK SPEND:  925.00
2033-11-15:SPLURGE SPENDING:  3750.63
2033-11-23:BANK SPEND:  925.00
2033-11-25:STOCK-PRICE-UPDATE:  ABC 79.86 [3.01%]
2033-11-25:STOCK-PRICE-UPDATE:  XYZ 199.63 [3.0%]
2033-11-25:STOCK-PRICE-UPDATE:  CLU 21.38 [2.99%]
2033-11-26:LIQUIDATE:  [Tfsa sold 112 XYZ net:22134.97]
2033-11-28:OAS/GIS payment: 654.55
2033-11-28:CPP payment:  549.10
2033-12-01:DIVIDEND: ABC Tfsa 3200@1.32 = 4224.00
2033-12-01:BANK SPEND:  925.00
2033-12-01:SWEEP cash from Tfsa 27824.65
2033-12-23:BANK SPEND:  925.00
2033-12-28:OAS/GIS payment: 654.55
2033-12-28:CPP payment:  549.10
2033-12-31:PAY TAXES:  3437.57
2033 year-end.
Cash generated
     6,589.20 CPP
     7,854.60 OAS
         0.00 GIS
         0.00 Pension
    22,758.72 Dividends
    22,134.97 Net liquidation (sell-buy)
         0.00 Interest
    44,893.69 Total cash swept from tfsa-rif-nra to bank
    59,337.49 Total cash generated

Tax return 2033
    32,136.89 Taxable income
     1,619.38 Federal tax
     1,818.19 Provincial tax
     3,437.57 Tax Payable
         0.00 Dividend tax credits
         0.00 Installments
     3,437.57 Balance owing
    32,136.89 Net income
    32,136.89 Net income before adj
     7,854.60 OAS income
         0.00 Employment income
         0.00 RIF withdrawals

Accounts
         0.00 -RIF-
         0.00 Cash

   351,174.77 -TFSA-
   255,552.00 ABC 3200sh @ 79.86
    95,622.77 XYZ 479sh @ 199.63
         0.00 Cash

         0.00 -NRA-
         0.00 Cash

    29,019.38 -BANKACCOUNT-
    29,019.38 Cash

   380,194.15 Net worth
   351,174.77 Investments worth

    65,136.83 TFSA room for 2034
2034-01-01:BANK SPEND:  925.00
2034-01-03:TOP-UP TFSA:  TFSA room for 2034 65136.83
2034-01-23:BANK SPEND:  925.00
2034-01-28:OAS/GIS payment: 654.55
2034-01-28:CPP payment:  549.10
2034-01-28:DIVIDEND: XYZ Tfsa 479@2.58 = 1235.82
2034-02-01:BANK SPEND:  925.00
2034-02-15:SPLURGE SPENDING:  22448.03
2034-02-23:BANK SPEND:  925.00
2034-02-28:OAS/GIS payment: 654.55
2034-02-28:CPP payment:  549.10
2034-03-01:DIVIDEND: ABC Tfsa 3200@1.38 = 4416.00
2034-03-01:BANK SPEND:  925.00
2034-03-01:SWEEP cash from Tfsa 5651.82
2034-03-23:BANK SPEND:  925.00
2034-03-28:OAS/GIS payment: 654.55
2034-03-28:CPP payment:  549.10
2034-04-01:BANK SPEND:  925.00
2034-04-23:BANK SPEND:  925.00
2034-04-28:OAS/GIS payment: 654.55
2034-04-28:CPP payment:  549.10
2034-04-28:DIVIDEND: XYZ Tfsa 479@2.58 = 1235.82
2034-05-01:BANK SPEND:  925.00
2034-05-15:SPLURGE SPENDING:  3712.77
2034-05-23:BANK SPEND:  925.00
2034-05-28:OAS/GIS payment: 654.55
2034-05-28:CPP payment:  549.10
2034-06-01:DIVIDEND: ABC Tfsa 3200@1.38 = 4416.00
2034-06-01:BANK SPEND:  925.00
2034-06-01:SWEEP cash from Tfsa 5651.82
2034-06-23:BANK SPEND:  925.00
2034-06-28:OAS/GIS payment: 654.55
2034-06-28:CPP payment:  549.10
2034-07-01:BANK SPEND:  925.00
2034-07-23:BANK SPEND:  925.00
2034-07-28:OAS/GIS payment: 654.55
2034-07-28:CPP payment:  549.10
2034-07-28:DIVIDEND: XYZ Tfsa 479@2.58 = 1235.82
2034-08-01:BANK SPEND:  925.00
2034-08-15:SPLURGE SPENDING:  3712.77
2034-08-23:BANK SPEND:  925.00
2034-08-28:OAS/GIS payment: 654.55
2034-08-28:CPP payment:  549.10
2034-09-01:DIVIDEND: ABC Tfsa 3200@1.38 = 4416.00
2034-09-01:BANK SPEND:  925.00
2034-09-01:SWEEP cash from Tfsa 5651.82
2034-09-23:BANK SPEND:  925.00
2034-09-28:OAS/GIS payment: 654.55
2034-09-28:CPP payment:  549.10
2034-10-01:BANK SPEND:  925.00
2034-10-23:BANK SPEND:  925.00
2034-10-28:OAS/GIS payment: 654.55
2034-10-28:CPP payment:  549.10
2034-10-28:DIVIDEND: XYZ Tfsa 479@2.58 = 1235.82
2034-11-01:BANK SPEND:  925.00
2034-11-15:SPLURGE SPENDING:  3712.77
2034-11-23:BANK SPEND:  925.00
2034-11-25:STOCK-PRICE-UPDATE:  ABC 82.26 [3.01%]
2034-11-25:STOCK-PRICE-UPDATE:  XYZ 205.62 [3.0%]
2034-11-25:STOCK-PRICE-UPDATE:  CLU 22.02 [2.99%]
2034-11-26:LIQUIDATE:  [Tfsa sold 105 XYZ net:21374.20]
2034-11-28:OAS/GIS payment: 654.55
2034-11-28:CPP payment:  549.10
2034-12-01:DIVIDEND: ABC Tfsa 3200@1.38 = 4416.00
2034-12-01:BANK SPEND:  925.00
2034-12-01:SWEEP cash from Tfsa 27026.02
2034-12-23:BANK SPEND:  925.00
2034-12-28:OAS/GIS payment: 654.55
2034-12-28:CPP payment:  549.10
2034-12-31:PAY TAXES:  2041.00
2034 year-end.
Cash generated
     6,589.20 CPP
     7,854.60 OAS
         0.00 GIS
         0.00 Pension
    22,607.28 Dividends
    21,374.20 Net liquidation (sell-buy)
         0.00 Interest
    43,981.48 Total cash swept from tfsa-rif-nra to bank
    58,425.28 Total cash generated

Tax return 2034
    27,483.30 Taxable income
       921.35 Federal tax
     1,119.65 Provincial tax
     2,041.00 Tax Payable
         0.00 Dividend tax credits
         0.00 Installments
     2,041.00 Balance owing
    27,483.30 Net income
    27,483.30 Net income before adj
     7,854.60 OAS income
         0.00 Employment income
         0.00 RIF withdrawals

Accounts
         0.00 -RIF-
         0.00 Cash

   340,133.88 -TFSA-
   263,232.00 ABC 3200sh @ 82.26
    76,901.88 XYZ 374sh @ 205.62
         0.00 Cash

         0.00 -NRA-
         0.00 Cash

    29,617.32 -BANKACCOUNT-
    29,617.32 Cash

   369,751.20 Net worth
   340,133.88 Investments worth

   115,118.31 TFSA room for 2035
2035-01-01:BANK SPEND:  925.00
2035-01-03:TOP-UP TFSA:  TFSA room for 2035 115118.31
2035-01-23:BANK SPEND:  925.00
2035-01-28:OAS/GIS payment: 654.55
2035-01-28:CPP payment:  549.10
2035-01-28:DIVIDEND: XYZ Tfsa 374@2.68 = 1002.32
2035-02-01:BANK SPEND:  925.00
2035-02-15:SPLURGE SPENDING:  23045.97
2035-02-23:BANK SPEND:  925.00
2035-02-28:OAS/GIS payment: 654.55
2035-02-28:CPP payment:  549.10
2035-03-01:DIVIDEND: ABC Tfsa 3200@1.43 = 4576.00
2035-03-01:BANK SPEND:  925.00
2035-03-01:SWEEP cash from Tfsa 5578.32
2035-03-23:BANK SPEND:  925.00
2035-03-28:OAS/GIS payment: 654.55
2035-03-28:CPP payment:  549.10
2035-04-01:BANK SPEND:  925.00
2035-04-23:BANK SPEND:  925.00
2035-04-28:OAS/GIS payment: 654.55
2035-04-28:CPP payment:  549.10
2035-04-28:DIVIDEND: XYZ Tfsa 374@2.68 = 1002.32
2035-05-01:BANK SPEND:  925.00
2035-05-15:SPLURGE SPENDING:  3639.27
2035-05-23:BANK SPEND:  925.00
2035-05-28:OAS/GIS payment: 654.55
2035-05-28:CPP payment:  549.10
2035-06-01:DIVIDEND: ABC Tfsa 3200@1.43 = 4576.00
2035-06-01:BANK SPEND:  925.00
2035-06-01:SWEEP cash from Tfsa 5578.32
2035-06-23:BANK SPEND:  925.00
2035-06-28:OAS/GIS payment: 654.55
2035-06-28:CPP payment:  549.10
2035-07-01:BANK SPEND:  925.00
2035-07-23:BANK SPEND:  925.00
2035-07-28:OAS/GIS payment: 654.55
2035-07-28:CPP payment:  549.10
2035-07-28:DIVIDEND: XYZ Tfsa 374@2.68 = 1002.32
2035-08-01:BANK SPEND:  925.00
2035-08-15:SPLURGE SPENDING:  3639.27
2035-08-23:BANK SPEND:  925.00
2035-08-28:OAS/GIS payment: 654.55
2035-08-28:CPP payment:  549.10
2035-09-01:DIVIDEND: ABC Tfsa 3200@1.43 = 4576.00
2035-09-01:BANK SPEND:  925.00
2035-09-01:SWEEP cash from Tfsa 5578.32
2035-09-23:BANK SPEND:  925.00
2035-09-28:OAS/GIS payment: 654.55
2035-09-28:CPP payment:  549.10
2035-10-01:BANK SPEND:  925.00
2035-10-23:BANK SPEND:  925.00
2035-10-28:OAS/GIS payment: 654.55
2035-10-28:CPP payment:  549.10
2035-10-28:DIVIDEND: XYZ Tfsa 374@2.68 = 1002.32
2035-11-01:BANK SPEND:  925.00
2035-11-15:SPLURGE SPENDING:  3639.27
2035-11-23:BANK SPEND:  925.00
2035-11-25:STOCK-PRICE-UPDATE:  ABC 84.73 [3.0%]
2035-11-25:STOCK-PRICE-UPDATE:  XYZ 211.79 [3.0%]
2035-11-25:STOCK-PRICE-UPDATE:  CLU 22.68 [3.0%]
2035-11-26:LIQUIDATE:  [Tfsa sold 49 XYZ net:10273.93]
2035-11-28:OAS/GIS payment: 654.55
2035-11-28:CPP payment:  549.10
2035-12-01:DIVIDEND: ABC Tfsa 3200@1.43 = 4576.00
2035-12-01:BANK SPEND:  925.00
2035-12-01:SWEEP cash from Tfsa 15852.25
2035-12-23:BANK SPEND:  925.00
2035-12-28:OAS/GIS payment: 654.55
2035-12-28:CPP payment:  549.10
2035-12-31:PAY TAXES:  0.00
2035 year-end.
Cash generated
     6,589.20 CPP
     7,854.60 OAS
         0.00 GIS
         0.00 Pension
    22,313.28 Dividends
    10,273.93 Net liquidation (sell-buy)
         0.00 Interest
    32,587.21 Total cash swept from tfsa-rif-nra to bank
    47,031.01 Total cash generated

Tax return 2035
    17,263.22 Taxable income
         0.00 Federal tax
         0.00 Provincial tax
         0.00 Tax Payable
         0.00 Dividend tax credits
         0.00 Installments
         0.00 Balance owing
    17,263.22 Net income
    17,263.22 Net income before adj
     7,854.60 OAS income
         0.00 Employment income
         0.00 RIF withdrawals

Accounts
         0.00 -RIF-
         0.00 Cash

   339,967.75 -TFSA-
   271,136.00 ABC 3200sh @ 84.73
    68,831.75 XYZ 325sh @ 211.79
         0.00 Cash

         0.00 -NRA-
         0.00 Cash

    20,484.55 -BANKACCOUNT-
    20,484.55 Cash

   360,452.30 Net worth
   339,967.75 Investments worth

   153,705.52 TFSA room for 2036
2036-01-01:BANK SPEND:  925.00
2036-01-03:TOP-UP TFSA:  TFSA room for 2036 153705.52
2036-01-23:BANK SPEND:  925.00
2036-01-28:OAS/GIS payment: 1053.34
2036-01-28:CPP payment:  549.10
2036-01-28:DIVIDEND: XYZ Tfsa 325@2.79 = 906.75
2036-02-01:BANK SPEND:  925.00
2036-02-15:SPLURGE SPENDING:  14311.99
2036-02-23:BANK SPEND:  925.00
2036-02-28:OAS/GIS payment: 1053.34
2036-02-28:CPP payment:  549.10
2036-03-01:DIVIDEND: ABC Tfsa 3200@1.49 = 4768.00
2036-03-01:BANK SPEND:  925.00
2036-03-01:SWEEP cash from Tfsa 5674.75
2036-03-23:BANK SPEND:  925.00
2036-03-28:OAS/GIS payment: 1053.34
2036-03-28:CPP payment:  549.10
2036-04-01:BANK SPEND:  925.00
2036-04-23:BANK SPEND:  925.00
2036-04-28:OAS/GIS payment: 1053.34
2036-04-28:CPP payment:  549.10
2036-04-28:DIVIDEND: XYZ Tfsa 325@2.79 = 906.75
2036-05-01:BANK SPEND:  925.00
2036-05-15:SPLURGE SPENDING:  4932.07
2036-05-23:BANK SPEND:  925.00
2036-05-28:OAS/GIS payment: 1053.34
2036-05-28:CPP payment:  549.10
2036-06-01:DIVIDEND: ABC Tfsa 3200@1.49 = 4768.00
2036-06-01:BANK SPEND:  925.00
2036-06-01:SWEEP cash from Tfsa 5674.75
2036-06-23:BANK SPEND:  925.00
2036-06-28:OAS/GIS payment: 1053.34
2036-06-28:CPP payment:  549.10
2036-07-01:BANK SPEND:  925.00
2036-07-23:BANK SPEND:  925.00
2036-07-28:OAS/GIS payment: 1053.34
2036-07-28:CPP payment:  549.10
2036-07-28:DIVIDEND: XYZ Tfsa 325@2.79 = 906.75
2036-08-01:BANK SPEND:  925.00
2036-08-15:SPLURGE SPENDING:  4932.07
2036-08-23:BANK SPEND:  925.00
2036-08-28:OAS/GIS payment: 1053.34
2036-08-28:CPP payment:  549.10
2036-09-01:DIVIDEND: ABC Tfsa 3200@1.49 = 4768.00
2036-09-01:BANK SPEND:  925.00
2036-09-01:SWEEP cash from Tfsa 5674.75
2036-09-23:BANK SPEND:  925.00
2036-09-28:OAS/GIS payment: 1053.34
2036-09-28:CPP payment:  549.10
2036-10-01:BANK SPEND:  925.00
2036-10-23:BANK SPEND:  925.00
2036-10-28:OAS/GIS payment: 1053.34
2036-10-28:CPP payment:  549.10
2036-10-28:DIVIDEND: XYZ Tfsa 325@2.79 = 906.75
2036-11-01:BANK SPEND:  925.00
2036-11-15:SPLURGE SPENDING:  4932.07
2036-11-23:BANK SPEND:  925.00
2036-11-25:STOCK-PRICE-UPDATE:  ABC 87.27 [3.0%]
2036-11-25:STOCK-PRICE-UPDATE:  XYZ 218.14 [3.0%]
2036-11-25:STOCK-PRICE-UPDATE:  CLU 23.36 [3.0%]
2036-11-26:LIQUIDATE:  [Tfsa sold 48 XYZ net:10366.01]
2036-11-28:OAS/GIS payment: 1053.34
2036-11-28:CPP payment:  549.10
2036-12-01:DIVIDEND: ABC Tfsa 3200@1.49 = 4768.00
2036-12-01:BANK SPEND:  925.00
2036-12-01:SWEEP cash from Tfsa 16040.76
2036-12-23:BANK SPEND:  925.00
2036-12-28:OAS/GIS payment: 1053.34
2036-12-28:CPP payment:  549.10
2036-12-31:PAY TAXES:  0.00
2036 year-end.
Cash generated
     6,589.20 CPP
     7,854.60 OAS
     4,785.48 GIS
         0.00 Pension
    22,699.00 Dividends
    10,366.01 Net liquidation (sell-buy)
         0.00 Interest
    33,065.01 Total cash swept from tfsa-rif-nra to bank
    52,294.29 Total cash generated

Tax return 2036
    14,443.80 Taxable income
         0.00 Federal tax
         0.00 Provincial tax
         0.00 Tax Payable
         0.00 Dividend tax credits
         0.00 Installments
         0.00 Balance owing
    14,443.80 Net income
    14,443.80 Net income before adj
     7,854.60 OAS income
         0.00 Employment income
         0.00 RIF withdrawals

Accounts
         0.00 -RIF-
         0.00 Cash

   339,688.78 -TFSA-
   279,264.00 ABC 3200sh @ 87.27
    60,424.78 XYZ 277sh @ 218.14
         0.00 Cash

         0.00 -NRA-
         0.00 Cash

    21,470.64 -BANKACCOUNT-
    21,470.64 Cash

   361,159.42 Net worth
   339,688.78 Investments worth

   192,770.53 TFSA room for 2037
2037-01-01:BANK SPEND:  925.00
2037-01-03:TOP-UP TFSA:  TFSA room for 2037 192770.53
2037-01-23:BANK SPEND:  925.00
2037-01-28:OAS/GIS payment: 1221.27
2037-01-28:CPP payment:  549.10
2037-01-28:DIVIDEND: XYZ Tfsa 277@2.90 = 803.30
2037-02-01:BANK SPEND:  925.00
2037-02-15:SPLURGE SPENDING:  15466.01
2037-02-23:BANK SPEND:  925.00
2037-02-28:OAS/GIS payment: 1221.27
2037-02-28:CPP payment:  549.10
2037-03-01:DIVIDEND: ABC Tfsa 3200@1.55 = 4960.00
2037-03-01:BANK SPEND:  925.00
2037-03-01:SWEEP cash from Tfsa 5763.30
2037-03-23:BANK SPEND:  925.00
2037-03-28:OAS/GIS payment: 1221.27
2037-03-28:CPP payment:  549.10
2037-04-01:BANK SPEND:  925.00
2037-04-23:BANK SPEND:  925.00
2037-04-28:OAS/GIS payment: 1221.27
2037-04-28:CPP payment:  549.10
2037-04-28:DIVIDEND: XYZ Tfsa 277@2.90 = 803.30
2037-05-01:BANK SPEND:  925.00
2037-05-15:SPLURGE SPENDING:  5524.41
2037-05-23:BANK SPEND:  925.00
2037-05-28:OAS/GIS payment: 1286.72
2037-05-28:CPP payment:  549.10
2037-06-01:DIVIDEND: ABC Tfsa 3200@1.55 = 4960.00
2037-06-01:BANK SPEND:  925.00
2037-06-01:SWEEP cash from Tfsa 5763.30
2037-06-23:BANK SPEND:  925.00
2037-06-28:OAS/GIS payment: 1286.72
2037-06-28:CPP payment:  549.10
2037-07-01:BANK SPEND:  925.00
2037-07-23:BANK SPEND:  925.00
2037-07-28:OAS/GIS payment: 1286.72
2037-07-28:CPP payment:  549.10
2037-07-28:DIVIDEND: XYZ Tfsa 277@2.90 = 803.30
2037-08-01:BANK SPEND:  925.00
2037-08-15:SPLURGE SPENDING:  5720.76
2037-08-23:BANK SPEND:  925.00
2037-08-28:OAS/GIS payment: 1286.72
2037-08-28:CPP payment:  549.10
2037-09-01:DIVIDEND: ABC Tfsa 3200@1.55 = 4960.00
2037-09-01:BANK SPEND:  925.00
2037-09-01:SWEEP cash from Tfsa 5763.30
2037-09-23:BANK SPEND:  925.00
2037-09-28:OAS/GIS payment: 1286.72
2037-09-28:CPP payment:  549.10
2037-10-01:BANK SPEND:  925.00
2037-10-23:BANK SPEND:  925.00
2037-10-28:OAS/GIS payment: 1286.72
2037-10-28:CPP payment:  549.10
2037-10-28:DIVIDEND: XYZ Tfsa 277@2.90 = 803.30
2037-11-01:BANK SPEND:  925.00
2037-11-15:SPLURGE SPENDING:  5720.76
2037-11-23:BANK SPEND:  925.00
2037-11-25:STOCK-PRICE-UPDATE:  ABC 89.89 [3.0%]
2037-11-25:STOCK-PRICE-UPDATE:  XYZ 224.68 [3.0%]
2037-11-25:STOCK-PRICE-UPDATE:  CLU 24.06 [3.0%]
2037-11-26:LIQUIDATE:  [Tfsa sold 46 XYZ net:10231.93]
2037-11-28:OAS/GIS payment: 1286.72
2037-11-28:CPP payment:  549.10
2037-12-01:DIVIDEND: ABC Tfsa 3200@1.55 = 4960.00
2037-12-01:BANK SPEND:  925.00
2037-12-01:SWEEP cash from Tfsa 15995.23
2037-12-23:BANK SPEND:  925.00
2037-12-28:OAS/GIS payment: 1286.72
2037-12-28:CPP payment:  549.10
2037-12-31:PAY TAXES:  0.00
2037 year-end.
Cash generated
     6,589.20 CPP
     8,378.20 OAS
     6,800.64 GIS
         0.00 Pension
    23,053.20 Dividends
    10,231.93 Net liquidation (sell-buy)
         0.00 Interest
    33,285.13 Total cash swept from tfsa-rif-nra to bank
    55,053.17 Total cash generated

Tax return 2037
    14,967.40 Taxable income
         0.00 Federal tax
         0.00 Provincial tax
         0.00 Tax Payable
         0.00 Dividend tax credits
         0.00 Installments
         0.00 Balance owing
    14,967.40 Net income
    14,967.40 Net income before adj
     8,378.20 OAS income
         0.00 Employment income
         0.00 RIF withdrawals

Accounts
         0.00 -RIF-
         0.00 Cash

   339,549.08 -TFSA-
   287,648.00 ABC 3200sh @ 89.89
    51,901.08 XYZ 231sh @ 224.68
         0.00 Cash

         0.00 -NRA-
         0.00 Cash

    21,891.87 -BANKACCOUNT-
    21,891.87 Cash

   361,440.95 Net worth
   339,549.08 Investments worth

   232,055.66 TFSA room for 2038
2038-01-01:BANK SPEND:  925.00
2038-01-03:TOP-UP TFSA:  TFSA room for 2038 232055.66
2038-01-23:BANK SPEND:  925.00
2038-01-28:OAS/GIS payment: 1286.72
2038-01-28:CPP payment:  549.10
2038-01-28:DIVIDEND: XYZ Tfsa 231@3.02 = 697.62
2038-02-01:BANK SPEND:  925.00
2038-02-15:SPLURGE SPENDING:  15952.69
2038-02-23:BANK SPEND:  925.00
2038-02-28:OAS/GIS payment: 1286.72
2038-02-28:CPP payment:  549.10
2038-03-01:DIVIDEND: ABC Tfsa 3200@1.61 = 5152.00
2038-03-01:BANK SPEND:  925.00
2038-03-01:SWEEP cash from Tfsa 5849.62
2038-03-23:BANK SPEND:  925.00
2038-03-28:OAS/GIS payment: 1286.72
2038-03-28:CPP payment:  549.10
2038-04-01:BANK SPEND:  925.00
2038-04-23:BANK SPEND:  925.00
2038-04-28:OAS/GIS payment: 1286.72
2038-04-28:CPP payment:  549.10
2038-04-28:DIVIDEND: XYZ Tfsa 231@3.02 = 697.62
2038-05-01:BANK SPEND:  925.00
2038-05-15:SPLURGE SPENDING:  5807.08
2038-05-23:BANK SPEND:  925.00
2038-05-28:OAS/GIS payment: 1286.72
2038-05-28:CPP payment:  549.10
2038-06-01:DIVIDEND: ABC Tfsa 3200@1.61 = 5152.00
2038-06-01:BANK SPEND:  925.00
2038-06-01:SWEEP cash from Tfsa 5849.62
2038-06-23:BANK SPEND:  925.00
2038-06-28:OAS/GIS payment: 1286.72
2038-06-28:CPP payment:  549.10
2038-07-01:BANK SPEND:  925.00
2038-07-23:BANK SPEND:  925.00
2038-07-28:OAS/GIS payment: 1286.72
2038-07-28:CPP payment:  549.10
2038-07-28:DIVIDEND: XYZ Tfsa 231@3.02 = 697.62
2038-08-01:BANK SPEND:  925.00
2038-08-15:SPLURGE SPENDING:  5807.08
2038-08-23:BANK SPEND:  925.00
2038-08-28:OAS/GIS payment: 1286.72
2038-08-28:CPP payment:  549.10
2038-09-01:DIVIDEND: ABC Tfsa 3200@1.61 = 5152.00
2038-09-01:BANK SPEND:  925.00
2038-09-01:SWEEP cash from Tfsa 5849.62
2038-09-23:BANK SPEND:  925.00
2038-09-28:OAS/GIS payment: 1286.72
2038-09-28:CPP payment:  549.10
2038-10-01:BANK SPEND:  925.00
2038-10-23:BANK SPEND:  925.00
2038-10-28:OAS/GIS payment: 1286.72
2038-10-28:CPP payment:  549.10
2038-10-28:DIVIDEND: XYZ Tfsa 231@3.02 = 697.62
2038-11-01:BANK SPEND:  925.00
2038-11-15:SPLURGE SPENDING:  5807.08
2038-11-23:BANK SPEND:  925.00
2038-11-25:STOCK-PRICE-UPDATE:  ABC 92.59 [3.0%]
2038-11-25:STOCK-PRICE-UPDATE:  XYZ 231.42 [3.0%]
2038-11-25:STOCK-PRICE-UPDATE:  CLU 24.78 [2.99%]
2038-11-26:LIQUIDATE:  [Tfsa sold 45 XYZ net:10309.76]
2038-11-28:OAS/GIS payment: 1286.72
2038-11-28:CPP payment:  549.10
2038-12-01:DIVIDEND: ABC Tfsa 3200@1.61 = 5152.00
2038-12-01:BANK SPEND:  925.00
2038-12-01:SWEEP cash from Tfsa 16159.38
2038-12-23:BANK SPEND:  925.00
2038-12-28:OAS/GIS payment: 1286.72
2038-12-28:CPP payment:  549.10
2038-12-31:PAY TAXES:  0.00
2038 year-end.
Cash generated
     6,589.20 CPP
     8,640.00 OAS
     6,800.64 GIS
         0.00 Pension
    23,398.48 Dividends
    10,309.76 Net liquidation (sell-buy)
         0.00 Interest
    33,708.24 Total cash swept from tfsa-rif-nra to bank
    55,738.08 Total cash generated

Tax return 2038
    15,229.20 Taxable income
         0.00 Federal tax
         0.00 Provincial tax
         0.00 Tax Payable
         0.00 Dividend tax credits
         0.00 Installments
         0.00 Balance owing
    15,229.20 Net income
    15,229.20 Net income before adj
     8,640.00 OAS income
         0.00 Employment income
         0.00 RIF withdrawals

Accounts
         0.00 -RIF-
         0.00 Cash

   339,332.12 -TFSA-
   296,288.00 ABC 3200sh @ 92.59
    43,044.12 XYZ 186sh @ 231.42
         0.00 Cash

         0.00 -NRA-
         0.00 Cash

    22,056.02 -BANKACCOUNT-
    22,056.02 Cash

   361,388.14 Net worth
   339,332.12 Investments worth

   271,763.90 TFSA room for 2039
2039-01-01:BANK SPEND:  925.00
2039-01-03:TOP-UP TFSA:  TFSA room for 2039 271763.90
2039-01-23:BANK SPEND:  925.00
2039-01-28:OAS/GIS payment: 1286.72
2039-01-28:CPP payment:  549.10
2039-01-28:DIVIDEND: XYZ Tfsa 186@3.14 = 584.04
2039-02-01:BANK SPEND:  925.00
2039-02-15:SPLURGE SPENDING:  16116.84
2039-02-23:BANK SPEND:  925.00
2039-02-28:OAS/GIS payment: 1286.72
2039-02-28:CPP payment:  549.10
2039-03-01:DIVIDEND: ABC Tfsa 3200@1.68 = 5376.00
2039-03-01:BANK SPEND:  925.00
2039-03-01:SWEEP cash from Tfsa 5960.04
2039-03-23:BANK SPEND:  925.00
2039-03-28:OAS/GIS payment: 1286.72
2039-03-28:CPP payment:  549.10
2039-04-01:BANK SPEND:  925.00
2039-04-23:BANK SPEND:  925.00
2039-04-28:OAS/GIS payment: 1286.72
2039-04-28:CPP payment:  549.10
2039-04-28:DIVIDEND: XYZ Tfsa 186@3.14 = 584.04
2039-05-01:BANK SPEND:  925.00
2039-05-15:SPLURGE SPENDING:  5917.50
2039-05-23:BANK SPEND:  925.00
2039-05-28:OAS/GIS payment: 1286.72
2039-05-28:CPP payment:  549.10
2039-06-01:DIVIDEND: ABC Tfsa 3200@1.68 = 5376.00
2039-06-01:BANK SPEND:  925.00
2039-06-01:SWEEP cash from Tfsa 5960.04
2039-06-23:BANK SPEND:  925.00
2039-06-28:OAS/GIS payment: 1286.72
2039-06-28:CPP payment:  549.10
2039-07-01:BANK SPEND:  925.00
2039-07-23:BANK SPEND:  925.00
2039-07-28:OAS/GIS payment: 1286.72
2039-07-28:CPP payment:  549.10
2039-07-28:DIVIDEND: XYZ Tfsa 186@3.14 = 584.04
2039-08-01:BANK SPEND:  925.00
2039-08-15:SPLURGE SPENDING:  5917.50
2039-08-23:BANK SPEND:  925.00
2039-08-28:OAS/GIS payment: 1286.72
2039-08-28:CPP payment:  549.10
2039-09-01:DIVIDEND: ABC Tfsa 3200@1.68 = 5376.00
2039-09-01:BANK SPEND:  925.00
2039-09-01:SWEEP cash from Tfsa 5960.04
2039-09-23:BANK SPEND:  925.00
2039-09-28:OAS/GIS payment: 1286.72
2039-09-28:CPP payment:  549.10
2039-10-01:BANK SPEND:  925.00
2039-10-23:BANK SPEND:  925.00
2039-10-28:OAS/GIS payment: 1286.72
2039-10-28:CPP payment:  549.10
2039-10-28:DIVIDEND: XYZ Tfsa 186@3.14 = 584.04
2039-11-01:BANK SPEND:  925.00
2039-11-15:SPLURGE SPENDING:  5917.50
2039-11-23:BANK SPEND:  925.00
2039-11-25:STOCK-PRICE-UPDATE:  ABC 95.37 [3.0%]
2039-11-25:STOCK-PRICE-UPDATE:  XYZ 238.36 [3.0%]
2039-11-25:STOCK-PRICE-UPDATE:  CLU 25.52 [2.99%]
2039-11-26:LIQUIDATE:  [Tfsa sold 44 XYZ net:10382.96]
2039-11-28:OAS/GIS payment: 1286.72
2039-11-28:CPP payment:  549.10
2039-12-01:DIVIDEND: ABC Tfsa 3200@1.68 = 5376.00
2039-12-01:BANK SPEND:  925.00
2039-12-01:SWEEP cash from Tfsa 16343.00
2039-12-23:BANK SPEND:  925.00
2039-12-28:OAS/GIS payment: 1286.72
2039-12-28:CPP payment:  549.10
2039-12-31:PAY TAXES:  0.00
2039 year-end.
Cash generated
     6,589.20 CPP
     8,640.00 OAS
     6,800.64 GIS
         0.00 Pension
    23,840.16 Dividends
    10,382.96 Net liquidation (sell-buy)
         0.00 Interest
    34,223.12 Total cash swept from tfsa-rif-nra to bank
    56,252.96 Total cash generated

Tax return 2039
    15,229.20 Taxable income
         0.00 Federal tax
         0.00 Provincial tax
         0.00 Tax Payable
         0.00 Dividend tax credits
         0.00 Installments
         0.00 Balance owing
    15,229.20 Net income
    15,229.20 Net income before adj
     8,640.00 OAS income
         0.00 Employment income
         0.00 RIF withdrawals

Accounts
         0.00 -RIF-
         0.00 Cash

   339,031.12 -TFSA-
   305,184.00 ABC 3200sh @ 95.37
    33,847.12 XYZ 142sh @ 238.36
         0.00 Cash

         0.00 -NRA-
         0.00 Cash

    22,239.64 -BANKACCOUNT-
    22,239.64 Cash

   361,270.76 Net worth
   339,031.12 Investments worth

   311,987.02 TFSA room for 2040
2040-01-01:BANK SPEND:  925.00
2040-01-03:TOP-UP TFSA:  TFSA room for 2040 311987.02
2040-01-23:BANK SPEND:  925.00
2040-01-28:OAS/GIS payment: 1286.72
2040-01-28:CPP payment:  549.10
2040-01-28:DIVIDEND: XYZ Tfsa 142@3.26 = 462.92
2040-02-01:BANK SPEND:  925.00
2040-02-15:SPLURGE SPENDING:  16300.46
2040-02-23:BANK SPEND:  925.00
2040-02-28:OAS/GIS payment: 1286.72
2040-02-28:CPP payment:  549.10
2040-03-01:DIVIDEND: ABC Tfsa 3200@1.74 = 5568.00
2040-03-01:BANK SPEND:  925.00
2040-03-01:SWEEP cash from Tfsa 6030.92
2040-03-23:BANK SPEND:  925.00
2040-03-28:OAS/GIS payment: 1286.72
2040-03-28:CPP payment:  549.10
2040-04-01:BANK SPEND:  925.00
2040-04-23:BANK SPEND:  925.00
2040-04-28:OAS/GIS payment: 1286.72
2040-04-28:CPP payment:  549.10
2040-04-28:DIVIDEND: XYZ Tfsa 142@3.26 = 462.92
2040-05-01:BANK SPEND:  925.00
2040-05-15:SPLURGE SPENDING:  5988.38
2040-05-23:BANK SPEND:  925.00
2040-05-28:OAS/GIS payment: 1286.72
2040-05-28:CPP payment:  549.10
2040-06-01:DIVIDEND: ABC Tfsa 3200@1.74 = 5568.00
2040-06-01:BANK SPEND:  925.00
2040-06-01:SWEEP cash from Tfsa 6030.92
2040-06-23:BANK SPEND:  925.00
2040-06-28:OAS/GIS payment: 1286.72
2040-06-28:CPP payment:  549.10
2040-07-01:BANK SPEND:  925.00
2040-07-23:BANK SPEND:  925.00
2040-07-28:OAS/GIS payment: 1286.72
2040-07-28:CPP payment:  549.10
2040-07-28:DIVIDEND: XYZ Tfsa 142@3.26 = 462.92
2040-08-01:BANK SPEND:  925.00
2040-08-15:SPLURGE SPENDING:  5988.38
2040-08-23:BANK SPEND:  925.00
2040-08-28:OAS/GIS payment: 1286.72
2040-08-28:CPP payment:  549.10
2040-09-01:DIVIDEND: ABC Tfsa 3200@1.74 = 5568.00
2040-09-01:BANK SPEND:  925.00
2040-09-01:SWEEP cash from Tfsa 6030.92
2040-09-23:BANK SPEND:  925.00
2040-09-28:OAS/GIS payment: 1286.72
2040-09-28:CPP payment:  549.10
2040-10-01:BANK SPEND:  925.00
2040-10-23:BANK SPEND:  925.00
2040-10-28:OAS/GIS payment: 1286.72
2040-10-28:CPP payment:  549.10
2040-10-28:DIVIDEND: XYZ Tfsa 142@3.26 = 462.92
2040-11-01:BANK SPEND:  925.00
2040-11-15:SPLURGE SPENDING:  5988.38
2040-11-23:BANK SPEND:  925.00
2040-11-25:STOCK-PRICE-UPDATE:  ABC 98.23 [3.0%]
2040-11-25:STOCK-PRICE-UPDATE:  XYZ 245.51 [3.0%]
2040-11-25:STOCK-PRICE-UPDATE:  CLU 26.29 [3.02%]
2040-11-26:LIQUIDATE:  [Tfsa sold 42 XYZ net:10208.31]
2040-11-28:OAS/GIS payment: 1286.72
2040-11-28:CPP payment:  549.10
2040-12-01:DIVIDEND: ABC Tfsa 3200@1.74 = 5568.00
2040-12-01:BANK SPEND:  925.00
2040-12-01:SWEEP cash from Tfsa 16239.23
2040-12-23:BANK SPEND:  925.00
2040-12-28:OAS/GIS payment: 1286.72
2040-12-28:CPP payment:  549.10
2040-12-31:PAY TAXES:  0.00
2040 year-end.
Cash generated
     6,589.20 CPP
     8,640.00 OAS
     6,800.64 GIS
         0.00 Pension
    24,123.68 Dividends
    10,208.31 Net liquidation (sell-buy)
         0.00 Interest
    34,331.99 Total cash swept from tfsa-rif-nra to bank
    56,361.83 Total cash generated

Tax return 2040
    15,229.20 Taxable income
         0.00 Federal tax
         0.00 Provincial tax
         0.00 Tax Payable
         0.00 Dividend tax credits
         0.00 Installments
         0.00 Balance owing
    15,229.20 Net income
    15,229.20 Net income before adj
     8,640.00 OAS income
         0.00 Employment income
         0.00 RIF withdrawals

Accounts
         0.00 -RIF-
         0.00 Cash

   338,887.00 -TFSA-
   314,336.00 ABC 3200sh @ 98.23
    24,551.00 XYZ 100sh @ 245.51
         0.00 Cash

         0.00 -NRA-
         0.00 Cash

    22,135.87 -BANKACCOUNT-
    22,135.87 Cash

   361,022.87 Net worth
   338,887.00 Investments worth

   352,319.01 TFSA room for 2041
2041-01-01:BANK SPEND:  925.00
2041-01-03:TOP-UP TFSA:  TFSA room for 2041 352319.01
2041-01-23:BANK SPEND:  925.00
2041-01-28:OAS/GIS payment: 1286.72
2041-01-28:CPP payment:  549.10
2041-01-28:DIVIDEND: XYZ Tfsa 100@3.39 = 339.00
2041-02-01:BANK SPEND:  925.00
2041-02-15:SPLURGE SPENDING:  16196.69
2041-02-23:BANK SPEND:  925.00
2041-02-28:OAS/GIS payment: 1286.72
2041-02-28:CPP payment:  549.10
2041-03-01:DIVIDEND: ABC Tfsa 3200@1.81 = 5792.00
2041-03-01:BANK SPEND:  925.00
2041-03-01:SWEEP cash from Tfsa 6131.00
2041-03-23:BANK SPEND:  925.00
2041-03-28:OAS/GIS payment: 1286.72
2041-03-28:CPP payment:  549.10
2041-04-01:BANK SPEND:  925.00
2041-04-23:BANK SPEND:  925.00
2041-04-28:OAS/GIS payment: 1286.72
2041-04-28:CPP payment:  549.10
2041-04-28:DIVIDEND: XYZ Tfsa 100@3.39 = 339.00
2041-05-01:BANK SPEND:  925.00
2041-05-15:SPLURGE SPENDING:  6088.46
2041-05-23:BANK SPEND:  925.00
2041-05-28:OAS/GIS payment: 1286.72
2041-05-28:CPP payment:  549.10
2041-06-01:DIVIDEND: ABC Tfsa 3200@1.81 = 5792.00
2041-06-01:BANK SPEND:  925.00
2041-06-01:SWEEP cash from Tfsa 6131.00
2041-06-23:BANK SPEND:  925.00
2041-06-28:OAS/GIS payment: 1286.72
2041-06-28:CPP payment:  549.10
2041-07-01:BANK SPEND:  925.00
2041-07-23:BANK SPEND:  925.00
2041-07-28:OAS/GIS payment: 1286.72
2041-07-28:CPP payment:  549.10
2041-07-28:DIVIDEND: XYZ Tfsa 100@3.39 = 339.00
2041-08-01:BANK SPEND:  925.00
2041-08-15:SPLURGE SPENDING:  6088.46
2041-08-23:BANK SPEND:  925.00
2041-08-28:OAS/GIS payment: 1286.72
2041-08-28:CPP payment:  549.10
2041-09-01:DIVIDEND: ABC Tfsa 3200@1.81 = 5792.00
2041-09-01:BANK SPEND:  925.00
2041-09-01:SWEEP cash from Tfsa 6131.00
2041-09-23:BANK SPEND:  925.00
2041-09-28:OAS/GIS payment: 1286.72
2041-09-28:CPP payment:  549.10
2041-10-01:BANK SPEND:  925.00
2041-10-23:BANK SPEND:  925.00
2041-10-28:OAS/GIS payment: 1286.72
2041-10-28:CPP payment:  549.10
2041-10-28:DIVIDEND: XYZ Tfsa 100@3.39 = 339.00
2041-11-01:BANK SPEND:  925.00
2041-11-15:SPLURGE SPENDING:  6088.46
2041-11-23:BANK SPEND:  925.00
2041-11-25:STOCK-PRICE-UPDATE:  ABC 101.18 [3.0%]
2041-11-25:STOCK-PRICE-UPDATE:  XYZ 252.88 [3.0%]
2041-11-25:STOCK-PRICE-UPDATE:  CLU 27.08 [3.0%]
2041-11-26:LIQUIDATE:  [Tfsa sold 41 XYZ net:10264.40]
2041-11-28:OAS/GIS payment: 1286.72
2041-11-28:CPP payment:  549.10
2041-12-01:DIVIDEND: ABC Tfsa 3200@1.81 = 5792.00
2041-12-01:BANK SPEND:  925.00
2041-12-01:SWEEP cash from Tfsa 16395.40
2041-12-23:BANK SPEND:  925.00
2041-12-28:OAS/GIS payment: 1286.72
2041-12-28:CPP payment:  549.10
2041-12-31:PAY TAXES:  0.00
2041 year-end.
Cash generated
     6,589.20 CPP
     8,640.00 OAS
     6,800.64 GIS
         0.00 Pension
    24,524.00 Dividends
    10,264.40 Net liquidation (sell-buy)
         0.00 Interest
    34,788.40 Total cash swept from tfsa-rif-nra to bank
    56,818.24 Total cash generated

Tax return 2041
    15,229.20 Taxable income
         0.00 Federal tax
         0.00 Provincial tax
         0.00 Tax Payable
         0.00 Dividend tax credits
         0.00 Installments
         0.00 Balance owing
    15,229.20 Net income
    15,229.20 Net income before adj
     8,640.00 OAS income
         0.00 Employment income
         0.00 RIF withdrawals

Accounts
         0.00 -RIF-
         0.00 Cash

   338,695.92 -TFSA-
   323,776.00 ABC 3200sh @ 101.18
    14,919.92 XYZ 59sh @ 252.88
         0.00 Cash

         0.00 -NRA-
         0.00 Cash

    22,292.04 -BANKACCOUNT-
    22,292.04 Cash

   360,987.96 Net worth
   338,695.92 Investments worth

   393,107.41 TFSA room for 2042
2042-01-01:BANK SPEND:  925.00
2042-01-03:TOP-UP TFSA:  TFSA room for 2042 393107.41
2042-01-23:BANK SPEND:  925.00
2042-01-28:OAS/GIS payment: 1286.72
2042-01-28:CPP payment:  549.10
2042-01-28:DIVIDEND: XYZ Tfsa 59@3.53 = 208.27
2042-02-01:BANK SPEND:  925.00
2042-02-15:SPLURGE SPENDING:  16352.86
2042-02-23:BANK SPEND:  925.00
2042-02-28:OAS/GIS payment: 1286.72
2042-02-28:CPP payment:  549.10
2042-03-01:DIVIDEND: ABC Tfsa 3200@1.88 = 6016.00
2042-03-01:BANK SPEND:  925.00
2042-03-01:SWEEP cash from Tfsa 6224.27
2042-03-23:BANK SPEND:  925.00
2042-03-28:OAS/GIS payment: 1286.72
2042-03-28:CPP payment:  549.10
2042-04-01:BANK SPEND:  925.00
2042-04-23:BANK SPEND:  925.00
2042-04-28:OAS/GIS payment: 1286.72
2042-04-28:CPP payment:  549.10
2042-04-28:DIVIDEND: XYZ Tfsa 59@3.53 = 208.27
2042-05-01:BANK SPEND:  925.00
2042-05-15:SPLURGE SPENDING:  6181.73
2042-05-23:BANK SPEND:  925.00
2042-05-28:OAS/GIS payment: 1286.72
2042-05-28:CPP payment:  549.10
2042-06-01:DIVIDEND: ABC Tfsa 3200@1.88 = 6016.00
2042-06-01:BANK SPEND:  925.00
2042-06-01:SWEEP cash from Tfsa 6224.27
2042-06-23:BANK SPEND:  925.00
2042-06-28:OAS/GIS payment: 1286.72
2042-06-28:CPP payment:  549.10
2042-07-01:BANK SPEND:  925.00
2042-07-23:BANK SPEND:  925.00
2042-07-28:OAS/GIS payment: 1286.72
2042-07-28:CPP payment:  549.10
2042-07-28:DIVIDEND: XYZ Tfsa 59@3.53 = 208.27
2042-08-01:BANK SPEND:  925.00
2042-08-15:SPLURGE SPENDING:  6181.73
2042-08-23:BANK SPEND:  925.00
2042-08-28:OAS/GIS payment: 1286.72
2042-08-28:CPP payment:  549.10
2042-09-01:DIVIDEND: ABC Tfsa 3200@1.88 = 6016.00
2042-09-01:BANK SPEND:  925.00
2042-09-01:SWEEP cash from Tfsa 6224.27
2042-09-23:BANK SPEND:  925.00
2042-09-28:OAS/GIS payment: 1286.72
2042-09-28:CPP payment:  549.10
2042-10-01:BANK SPEND:  925.00
2042-10-23:BANK SPEND:  925.00
2042-10-28:OAS/GIS payment: 1286.72
2042-10-28:CPP payment:  549.10
2042-10-28:DIVIDEND: XYZ Tfsa 59@3.53 = 208.27
2042-11-01:BANK SPEND:  925.00
2042-11-15:SPLURGE SPENDING:  6181.73
2042-11-23:BANK SPEND:  925.00
2042-11-25:STOCK-PRICE-UPDATE:  ABC 104.22 [3.0%]
2042-11-25:STOCK-PRICE-UPDATE:  XYZ 260.47 [3.0%]
2042-11-25:STOCK-PRICE-UPDATE:  CLU 27.89 [2.99%]
2042-11-26:LIQUIDATE:  [Tfsa sold 40 XYZ net:10314.61]
2042-11-28:OAS/GIS payment: 1286.72
2042-11-28:CPP payment:  549.10
2042-12-01:DIVIDEND: ABC Tfsa 3200@1.88 = 6016.00
2042-12-01:BANK SPEND:  925.00
2042-12-01:SWEEP cash from Tfsa 16538.88
2042-12-23:BANK SPEND:  925.00
2042-12-28:OAS/GIS payment: 1286.72
2042-12-28:CPP payment:  549.10
2042-12-31:PAY TAXES:  0.00
2042 year-end.
Cash generated
     6,589.20 CPP
     8,640.00 OAS
     6,800.64 GIS
         0.00 Pension
    24,897.08 Dividends
    10,314.61 Net liquidation (sell-buy)
         0.00 Interest
    35,211.69 Total cash swept from tfsa-rif-nra to bank
    57,241.53 Total cash generated

Tax return 2042
    15,229.20 Taxable income
         0.00 Federal tax
         0.00 Provincial tax
         0.00 Tax Payable
         0.00 Dividend tax credits
         0.00 Installments
         0.00 Balance owing
    15,229.20 Net income
    15,229.20 Net income before adj
     8,640.00 OAS income
         0.00 Employment income
         0.00 RIF withdrawals

Accounts
         0.00 -RIF-
         0.00 Cash

   338,452.93 -TFSA-
   333,504.00 ABC 3200sh @ 104.22
     4,948.93 XYZ 19sh @ 260.47
         0.00 Cash

         0.00 -NRA-
         0.00 Cash

    22,435.52 -BANKACCOUNT-
    22,435.52 Cash

   360,888.45 Net worth
   338,452.93 Investments worth

Summations (nominal)
Cash generated
   135,627.70 CPP
   126,851.45 OAS
    45,589.32 GIS
         0.00 Pension
   490,285.84 Dividends
   309,804.44 Net liquidation (sell-buy)
       432.50 Interest
   800,374.18 Total cash swept from tfsa-rif-nra to bank
 1,108,591.25 Total cash generated

Tax return 
   758,931.43 Taxable income
    57,705.94 Federal tax
    51,283.60 Provincial tax
   108,989.54 Tax Payable
     8,175.28 Dividend tax credits
    77,103.08 Installments
    31,886.46 Balance owing
   758,931.43 Net income
   758,931.43 Net income before adj
   758,931.43 OAS income
         0.00 Employment income
   388,942.84 RIF withdrawals

Summations (per year)
Cash generated
     6,458.46 CPP
     6,040.55 OAS
     2,170.92 GIS
         0.00 Pension
    23,346.94 Dividends
    14,752.59 Net liquidation (sell-buy)
        20.60 Interest
    38,113.06 Total cash swept from tfsa-rif-nra to bank
    52,790.06 Total cash generated

Tax return 
    36,139.59 Taxable income
     2,747.90 Federal tax
     2,442.08 Provincial tax
     5,189.98 Tax Payable
       389.30 Dividend tax credits
     3,671.58 Installments
     1,518.40 Balance owing
    36,139.59 Net income
   758,931.43 Net income before adj
    36,139.59 OAS income
         0.00 Employment income
    18,521.09 RIF withdrawals

# Net, gross, tax paid:
# 2022 net: 23706.38 = 31790.66 - 8084.28.  [Net worth:424808.46] (age 60)
# 2023 net: 29677.36 = 36421.72 - 6744.36.  [Net worth:429021.34] (age 61)
# 2024 net: 28180.97 = 34282.94 - 6101.97.  [Net worth:436330.42] (age 62)
# 2025 net: 29449.55 = 35915.20 - 6465.65.  [Net worth:443626.31] (age 63)
# 2026 net: 29409.62 = 35822.72 - 6413.10.  [Net worth:451208.40] (age 64)
# 2027 net: 51004.10 = 67116.63 - 16112.53.  [Net worth:459859.45] (age 65)
# 2028 net: 49693.94 = 64833.97 - 15140.03.  [Net worth:444956.57] (age 66)
# 2029 net: 48952.91 = 63657.35 - 14704.44.  [Net worth:431419.66] (age 67)
# 2030 net: 48376.10 = 62517.92 - 14141.82.  [Net worth:418407.83] (age 68)
# 2031 net: 54491.94 = 61385.33 - 6893.39.  [Net worth:405852.91] (age 69)
# 2032 net: 57583.53 = 60292.93 - 2709.40.  [Net worth:392730.61] (age 70)
# 2033 net: 55899.92 = 59337.49 - 3437.57.  [Net worth:380194.15] (age 71)
# 2034 net: 56384.28 = 58425.28 - 2041.00.  [Net worth:369751.20] (age 72)
# 2035 net: 47031.01 = 47031.01 - 0.00.  [Net worth:360452.30] (age 73)
# 2036 net: 52294.29 = 52294.29 - 0.00.  [Net worth:361159.42] (age 74)
# 2037 net: 55053.17 = 55053.17 - 0.00.  [Net worth:361440.95] (age 75)
# 2038 net: 55738.08 = 55738.08 - 0.00.  [Net worth:361388.14] (age 76)
# 2039 net: 56252.96 = 56252.96 - 0.00.  [Net worth:361270.76] (age 77)
# 2040 net: 56361.83 = 56361.83 - 0.00.  [Net worth:361022.87] (age 78)
# 2041 net: 56818.24 = 56818.24 - 0.00.  [Net worth:360987.96] (age 79)
# 2042 net: 57241.53 = 57241.53 - 0.00.  [Net worth:360888.45] (age 80)
#   Total: 999601.71 = 1108591.25 - 108989.54   (Net Worth: 360888.45)
Saving reports. Number of histories: 1.
Writing report to C:\johanley\ProjectsPhoton\end-game\scenario\08.2\08.2-cash-and-tax-summary.csv
Writing report to C:\johanley\ProjectsPhoton\end-game\scenario\08.2\08.2-cash-flows.csv
Scenario description: 08.1: Fixed 3% growth in stock prices. Liquidate rif-nra-tfsa 6-3% when 65+. Top up TFSA first with RIF, then NRA. PE.
Start-date: 2022-01-01 end-date: 2042-12-31
Execution time: 3.8483955s
Done.
Writing to log file C:\johanley\ProjectsPhoton\end-game\scenario\08.2\08.2.log
