Scenario: C:\johanley\ProjectsPhoton\end-game\scenario\02.1\02.1-only-tfsa-50k.ini
Running the scenario...
Reading the input scenario file: C:\johanley\ProjectsPhoton\end-game\scenario\02.1\02.1-only-tfsa-50k.ini
Checking the syntax-version of the file. It should be v1.0.0, otherwise the scenario file can't be read properly.
Parsing file: C:\johanley\ProjectsPhoton\end-game\scenario\02.1\02.1-only-tfsa-50k.ini
02.1: Only a TFSA with 50k in blue-chip dividends. Half the average CPP. 3% dividend growth, 3% stock price growth.
Reading file C:\johanley\ProjectsPhoton\end-game\input\gis\gis-brackets.utf8
Reading file C:\johanley\ProjectsPhoton\end-game\input\probability-of-survival\male-lx.utf8
Reading file C:\johanley\ProjectsPhoton\end-game\input\probability-of-survival\female-lx.utf8
History #1
Incrementing one day at a time, starting with 2027-01-01
2027-01-01:BANK WITHDRAWAL:  700.00
2027-01-23:BANK WITHDRAWAL:  500.00
2027-01-28:DIVIDEND: XYZ Tfsa 166@1.61 = 267.26
2027-02-01:BANK WITHDRAWAL:  700.00
2027-02-15:SPLURGE SPENDING:  3100.00
2027-02-23:BANK WITHDRAWAL:  500.00
2027-03-01:DIVIDEND: ABC Tfsa 500@0.86 = 430.00
2027-03-01:BANK WITHDRAWAL:  700.00
  Bank balance: 3800.00 is under the small-balance limit of 4000.00
2027-03-01:MOVE CASH from Tfsa to BankAccount 697.26
2027-03-23:BANK WITHDRAWAL:  500.00
  Bank balance: 3997.26 is under the small-balance limit of 4000.00
2027-04-01:BANK WITHDRAWAL:  700.00
  Bank balance: 3297.26 is under the small-balance limit of 4000.00
2027-04-23:BANK WITHDRAWAL:  500.00
  Bank balance: 2797.26 is under the small-balance limit of 4000.00
2027-04-28:DIVIDEND: XYZ Tfsa 166@1.61 = 267.26
2027-05-01:BANK WITHDRAWAL:  700.00
  Bank balance: 2097.26 is under the small-balance limit of 4000.00
2027-05-23:BANK WITHDRAWAL:  500.00
  Bank balance: 1597.26 is under the small-balance limit of 4000.00
2027-06-01:DIVIDEND: ABC Tfsa 500@0.86 = 430.00
2027-06-01:BANK WITHDRAWAL:  700.00
  Bank balance: 897.26 is under the small-balance limit of 4000.00
2027-06-01:MOVE CASH from Tfsa to BankAccount 697.26
2027-06-23:BANK WITHDRAWAL:  500.00
  Bank balance: 1094.52 is under the small-balance limit of 4000.00
2027-06-28:OAS/GIS payment: 835.46
2027-06-28:CPP payment:  336.00
2027-07-01:BANK WITHDRAWAL:  700.00
  Bank balance: 1565.98 is under the small-balance limit of 4000.00
2027-07-23:BANK WITHDRAWAL:  500.00
  Bank balance: 1065.98 is under the small-balance limit of 4000.00
2027-07-28:OAS/GIS payment: 835.46
2027-07-28:CPP payment:  336.00
2027-07-28:DIVIDEND: XYZ Tfsa 166@1.61 = 267.26
2027-08-01:BANK WITHDRAWAL:  700.00
  Bank balance: 1537.44 is under the small-balance limit of 4000.00
2027-08-23:BANK WITHDRAWAL:  500.00
  Bank balance: 1037.44 is under the small-balance limit of 4000.00
2027-08-28:OAS/GIS payment: 835.46
2027-08-28:CPP payment:  336.00
2027-09-01:DIVIDEND: ABC Tfsa 500@0.86 = 430.00
2027-09-01:BANK WITHDRAWAL:  700.00
  Bank balance: 1508.90 is under the small-balance limit of 4000.00
2027-09-01:MOVE CASH from Tfsa to BankAccount 697.26
2027-09-23:BANK WITHDRAWAL:  500.00
  Bank balance: 1706.16 is under the small-balance limit of 4000.00
2027-09-28:OAS/GIS payment: 835.46
2027-09-28:CPP payment:  336.00
2027-10-01:BANK WITHDRAWAL:  700.00
  Bank balance: 2177.62 is under the small-balance limit of 4000.00
2027-10-23:BANK WITHDRAWAL:  500.00
  Bank balance: 1677.62 is under the small-balance limit of 4000.00
2027-10-28:OAS/GIS payment: 835.46
2027-10-28:CPP payment:  336.00
2027-10-28:DIVIDEND: XYZ Tfsa 166@1.61 = 267.26
2027-11-01:BANK WITHDRAWAL:  700.00
  Bank balance: 2149.08 is under the small-balance limit of 4000.00
2027-11-23:BANK WITHDRAWAL:  500.00
  Bank balance: 1649.08 is under the small-balance limit of 4000.00
2027-11-25:STOCK-PRICE-UPDATE:  ABC 51.50 [3.0%]
2027-11-25:STOCK-PRICE-UPDATE:  XYZ 154.50 [3.0%]
2027-11-26:LIQUIDATE:  [Tfsa sold 48 XYZ net:7341.84]
2027-11-28:OAS/GIS payment: 835.46
2027-11-28:CPP payment:  336.00
2027-12-01:DIVIDEND: ABC Tfsa 500@0.86 = 430.00
2027-12-01:BANK WITHDRAWAL:  700.00
  Bank balance: 2120.54 is under the small-balance limit of 4000.00
2027-12-01:MOVE CASH from Tfsa to BankAccount 8039.10
2027-12-23:BANK WITHDRAWAL:  500.00
2027-12-28:OAS/GIS payment: 835.46
2027-12-28:CPP payment:  336.00
2027-12-31:PAY TAXES:  0.00
2027 year-end.
Cash generated
     2,352.00 CPP
     4,540.69 OAS
     1,307.53 GIS
         0.00 Pension
     2,789.04 Dividends
     7,341.84 Net liquidation (sell-buy)
         0.00 Interest
    10,130.88 Total cash swept from tfsa-rif-nra to bank
    18,331.10 Total cash generated

Tax return 2027
     6,892.69 Taxable income
         0.00 Federal tax
         0.00 Provincial tax
         0.00 Tax Payable
         0.00 Dividend tax credits
         0.00 Installments
         0.00 Balance owing
     6,892.69 Net income
     6,892.69 Net income before adj
     4,540.69 OAS income
         0.00 Employment income
         0.00 RIF withdrawals

Accounts
    43,981.00 -TFSA-
    25,750.00 ABC 500sh @ 51.50
    18,231.00 XYZ 118sh @ 154.50
         0.00 Cash

    10,831.10 -BANKACCOUNT-
    10,831.10 Cash

    54,812.10 Net worth
    43,981.00 Investments worth

    22,130.88 TFSA room for 2028
2028-01-01:BANK WITHDRAWAL:  700.00
2028-01-23:BANK WITHDRAWAL:  500.00
2028-01-28:OAS/GIS payment: 1512.53
2028-01-28:CPP payment:  336.00
2028-01-28:DIVIDEND: XYZ Tfsa 118@1.66 = 195.88
2028-02-01:BANK WITHDRAWAL:  700.00
2028-02-15:SPLURGE SPENDING:  5779.63
2028-02-23:BANK WITHDRAWAL:  500.00
2028-02-28:OAS/GIS payment: 1512.53
2028-02-28:CPP payment:  336.00
2028-03-01:DIVIDEND: ABC Tfsa 500@0.89 = 445.00
2028-03-01:BANK WITHDRAWAL:  700.00
2028-03-01:MOVE CASH from Tfsa to BankAccount 640.88
2028-03-23:BANK WITHDRAWAL:  500.00
2028-03-28:OAS/GIS payment: 1512.53
2028-03-28:CPP payment:  336.00
2028-04-01:BANK WITHDRAWAL:  700.00
2028-04-23:BANK WITHDRAWAL:  500.00
2028-04-28:OAS/GIS payment: 1512.53
2028-04-28:CPP payment:  336.00
2028-04-28:DIVIDEND: XYZ Tfsa 118@1.66 = 195.88
2028-05-01:BANK WITHDRAWAL:  700.00
2028-05-15:SPLURGE SPENDING:  2586.47
2028-05-23:BANK WITHDRAWAL:  500.00
2028-05-28:OAS/GIS payment: 1512.53
2028-05-28:CPP payment:  336.00
2028-06-01:DIVIDEND: ABC Tfsa 500@0.89 = 445.00
2028-06-01:BANK WITHDRAWAL:  700.00
2028-06-01:MOVE CASH from Tfsa to BankAccount 640.88
2028-06-23:BANK WITHDRAWAL:  500.00
2028-06-28:OAS/GIS payment: 1512.53
2028-06-28:CPP payment:  336.00
2028-07-01:BANK WITHDRAWAL:  700.00
2028-07-23:BANK WITHDRAWAL:  500.00
2028-07-28:OAS/GIS payment: 1512.53
2028-07-28:CPP payment:  336.00
2028-07-28:DIVIDEND: XYZ Tfsa 118@1.66 = 195.88
2028-08-01:BANK WITHDRAWAL:  700.00
2028-08-15:SPLURGE SPENDING:  2586.47
2028-08-23:BANK WITHDRAWAL:  500.00
2028-08-28:OAS/GIS payment: 1512.53
2028-08-28:CPP payment:  336.00
2028-09-01:DIVIDEND: ABC Tfsa 500@0.89 = 445.00
2028-09-01:BANK WITHDRAWAL:  700.00
2028-09-01:MOVE CASH from Tfsa to BankAccount 640.88
2028-09-23:BANK WITHDRAWAL:  500.00
2028-09-28:OAS/GIS payment: 1512.53
2028-09-28:CPP payment:  336.00
2028-10-01:BANK WITHDRAWAL:  700.00
2028-10-23:BANK WITHDRAWAL:  500.00
2028-10-28:OAS/GIS payment: 1512.53
2028-10-28:CPP payment:  336.00
2028-10-28:DIVIDEND: XYZ Tfsa 118@1.66 = 195.88
2028-11-01:BANK WITHDRAWAL:  700.00
2028-11-15:SPLURGE SPENDING:  2586.47
2028-11-23:BANK WITHDRAWAL:  500.00
2028-11-25:STOCK-PRICE-UPDATE:  ABC 53.04 [2.99%]
2028-11-25:STOCK-PRICE-UPDATE:  XYZ 159.14 [3.0%]
2028-11-26:LIQUIDATE:  [Tfsa sold 47 XYZ net:7404.78]
2028-11-28:OAS/GIS payment: 1512.53
2028-11-28:CPP payment:  336.00
2028-12-01:DIVIDEND: ABC Tfsa 500@0.89 = 445.00
2028-12-01:BANK WITHDRAWAL:  700.00
2028-12-01:MOVE CASH from Tfsa to BankAccount 8045.66
2028-12-23:BANK WITHDRAWAL:  500.00
2028-12-28:OAS/GIS payment: 1512.53
2028-12-28:CPP payment:  336.00
2028-12-31:PAY TAXES:  0.00
2028 year-end.
Cash generated
     4,032.00 CPP
     7,784.04 OAS
    10,366.32 GIS
         0.00 Pension
     2,563.52 Dividends
     7,404.78 Net liquidation (sell-buy)
         0.00 Interest
     9,968.30 Total cash swept from tfsa-rif-nra to bank
    32,150.66 Total cash generated

Tax return 2028
    11,816.04 Taxable income
         0.00 Federal tax
         0.00 Provincial tax
         0.00 Tax Payable
         0.00 Dividend tax credits
         0.00 Installments
         0.00 Balance owing
    11,816.04 Net income
    11,816.04 Net income before adj
     7,784.04 OAS income
         0.00 Employment income
         0.00 RIF withdrawals

Accounts
    37,818.94 -TFSA-
    26,520.00 ABC 500sh @ 53.04
    11,298.94 XYZ 71sh @ 159.14
         0.00 Cash

    15,042.72 -BANKACCOUNT-
    15,042.72 Cash

    52,861.66 Net worth
    37,818.94 Investments worth

    38,099.18 TFSA room for 2029
2029-01-01:BANK WITHDRAWAL:  700.00
2029-01-23:BANK WITHDRAWAL:  500.00
2029-01-28:OAS/GIS payment: 1407.53
2029-01-28:CPP payment:  336.00
2029-01-28:DIVIDEND: XYZ Tfsa 71@1.71 = 121.41
2029-02-01:BANK WITHDRAWAL:  700.00
2029-02-15:SPLURGE SPENDING:  9886.25
2029-02-23:BANK WITHDRAWAL:  500.00
2029-02-28:OAS/GIS payment: 1407.53
2029-02-28:CPP payment:  336.00
2029-03-01:DIVIDEND: ABC Tfsa 500@0.91 = 455.00
2029-03-01:BANK WITHDRAWAL:  700.00
2029-03-01:MOVE CASH from Tfsa to BankAccount 576.41
2029-03-23:BANK WITHDRAWAL:  500.00
2029-03-28:OAS/GIS payment: 1407.53
2029-03-28:CPP payment:  336.00
2029-04-01:BANK WITHDRAWAL:  700.00
2029-04-23:BANK WITHDRAWAL:  500.00
2029-04-28:OAS/GIS payment: 1407.53
2029-04-28:CPP payment:  336.00
2029-04-28:DIVIDEND: XYZ Tfsa 71@1.71 = 121.41
2029-05-01:BANK WITHDRAWAL:  700.00
2029-05-15:SPLURGE SPENDING:  2207.00
2029-05-23:BANK WITHDRAWAL:  500.00
2029-05-28:OAS/GIS payment: 1407.53
2029-05-28:CPP payment:  336.00
2029-06-01:DIVIDEND: ABC Tfsa 500@0.91 = 455.00
2029-06-01:BANK WITHDRAWAL:  700.00
2029-06-01:MOVE CASH from Tfsa to BankAccount 576.41
2029-06-23:BANK WITHDRAWAL:  500.00
2029-06-28:OAS/GIS payment: 1407.53
2029-06-28:CPP payment:  336.00
2029-07-01:BANK WITHDRAWAL:  700.00
2029-07-23:BANK WITHDRAWAL:  500.00
2029-07-28:OAS/GIS payment: 1407.53
2029-07-28:CPP payment:  336.00
2029-07-28:DIVIDEND: XYZ Tfsa 71@1.71 = 121.41
2029-08-01:BANK WITHDRAWAL:  700.00
2029-08-15:SPLURGE SPENDING:  2207.00
2029-08-23:BANK WITHDRAWAL:  500.00
2029-08-28:OAS/GIS payment: 1407.53
2029-08-28:CPP payment:  336.00
2029-09-01:DIVIDEND: ABC Tfsa 500@0.91 = 455.00
2029-09-01:BANK WITHDRAWAL:  700.00
2029-09-01:MOVE CASH from Tfsa to BankAccount 576.41
2029-09-23:BANK WITHDRAWAL:  500.00
2029-09-28:OAS/GIS payment: 1407.53
2029-09-28:CPP payment:  336.00
2029-10-01:BANK WITHDRAWAL:  700.00
2029-10-23:BANK WITHDRAWAL:  500.00
2029-10-28:OAS/GIS payment: 1407.53
2029-10-28:CPP payment:  336.00
2029-10-28:DIVIDEND: XYZ Tfsa 71@1.71 = 121.41
2029-11-01:BANK WITHDRAWAL:  700.00
2029-11-15:SPLURGE SPENDING:  2207.00
2029-11-23:BANK WITHDRAWAL:  500.00
2029-11-25:STOCK-PRICE-UPDATE:  ABC 54.63 [3.0%]
2029-11-25:STOCK-PRICE-UPDATE:  XYZ 163.91 [3.0%]
2029-11-26:LIQUIDATE:  [Tfsa sold 45 XYZ net:7302.19]
2029-11-28:OAS/GIS payment: 1407.53
2029-11-28:CPP payment:  336.00
2029-12-01:DIVIDEND: ABC Tfsa 500@0.91 = 455.00
2029-12-01:BANK WITHDRAWAL:  700.00
2029-12-01:MOVE CASH from Tfsa to BankAccount 7878.60
2029-12-23:BANK WITHDRAWAL:  500.00
2029-12-28:OAS/GIS payment: 1407.53
2029-12-28:CPP payment:  336.00
2029-12-31:PAY TAXES:  0.00
2029 year-end.
Cash generated
     4,032.00 CPP
     7,784.04 OAS
     9,106.32 GIS
         0.00 Pension
     2,305.64 Dividends
     7,302.19 Net liquidation (sell-buy)
         0.00 Interest
     9,607.83 Total cash swept from tfsa-rif-nra to bank
    30,530.19 Total cash generated

Tax return 2029
    11,816.04 Taxable income
         0.00 Federal tax
         0.00 Provincial tax
         0.00 Tax Payable
         0.00 Dividend tax credits
         0.00 Installments
         0.00 Balance owing
    11,816.04 Net income
    11,816.04 Net income before adj
     7,784.04 OAS income
         0.00 Employment income
         0.00 RIF withdrawals

Accounts
    31,576.66 -TFSA-
    27,315.00 ABC 500sh @ 54.63
     4,261.66 XYZ 26sh @ 163.91
         0.00 Cash

    14,665.66 -BANKACCOUNT-
    14,665.66 Cash

    46,242.32 Net worth
    31,576.66 Investments worth

    53,707.01 TFSA room for 2030
2030-01-01:BANK WITHDRAWAL:  700.00
2030-01-23:BANK WITHDRAWAL:  500.00
2030-01-28:OAS/GIS payment: 1407.53
2030-01-28:CPP payment:  336.00
2030-01-28:DIVIDEND: XYZ Tfsa 26@1.76 = 45.76
2030-02-01:BANK WITHDRAWAL:  700.00
2030-02-15:SPLURGE SPENDING:  9509.19
2030-02-23:BANK WITHDRAWAL:  500.00
2030-02-28:OAS/GIS payment: 1407.53
2030-02-28:CPP payment:  336.00
2030-03-01:DIVIDEND: ABC Tfsa 500@0.94 = 470.00
2030-03-01:BANK WITHDRAWAL:  700.00
2030-03-01:MOVE CASH from Tfsa to BankAccount 515.76
2030-03-23:BANK WITHDRAWAL:  500.00
2030-03-28:OAS/GIS payment: 1407.53
2030-03-28:CPP payment:  336.00
2030-04-01:BANK WITHDRAWAL:  700.00
2030-04-23:BANK WITHDRAWAL:  500.00
2030-04-28:OAS/GIS payment: 1407.53
2030-04-28:CPP payment:  336.00
2030-04-28:DIVIDEND: XYZ Tfsa 26@1.76 = 45.76
2030-05-01:BANK WITHDRAWAL:  700.00
2030-05-15:SPLURGE SPENDING:  2146.35
2030-05-23:BANK WITHDRAWAL:  500.00
2030-05-28:OAS/GIS payment: 1407.53
2030-05-28:CPP payment:  336.00
2030-06-01:DIVIDEND: ABC Tfsa 500@0.94 = 470.00
2030-06-01:BANK WITHDRAWAL:  700.00
2030-06-01:MOVE CASH from Tfsa to BankAccount 515.76
2030-06-23:BANK WITHDRAWAL:  500.00
2030-06-28:OAS/GIS payment: 1407.53
2030-06-28:CPP payment:  336.00
2030-07-01:BANK WITHDRAWAL:  700.00
2030-07-23:BANK WITHDRAWAL:  500.00
2030-07-28:OAS/GIS payment: 1407.53
2030-07-28:CPP payment:  336.00
2030-07-28:DIVIDEND: XYZ Tfsa 26@1.76 = 45.76
2030-08-01:BANK WITHDRAWAL:  700.00
2030-08-15:SPLURGE SPENDING:  2146.35
2030-08-23:BANK WITHDRAWAL:  500.00
2030-08-28:OAS/GIS payment: 1407.53
2030-08-28:CPP payment:  336.00
2030-09-01:DIVIDEND: ABC Tfsa 500@0.94 = 470.00
2030-09-01:BANK WITHDRAWAL:  700.00
2030-09-01:MOVE CASH from Tfsa to BankAccount 515.76
2030-09-23:BANK WITHDRAWAL:  500.00
2030-09-28:OAS/GIS payment: 1407.53
2030-09-28:CPP payment:  336.00
2030-10-01:BANK WITHDRAWAL:  700.00
2030-10-23:BANK WITHDRAWAL:  500.00
2030-10-28:OAS/GIS payment: 1407.53
2030-10-28:CPP payment:  336.00
2030-10-28:DIVIDEND: XYZ Tfsa 26@1.76 = 45.76
2030-11-01:BANK WITHDRAWAL:  700.00
2030-11-15:SPLURGE SPENDING:  2146.35
2030-11-23:BANK WITHDRAWAL:  500.00
2030-11-25:STOCK-PRICE-UPDATE:  ABC 56.27 [3.0%]
2030-11-25:STOCK-PRICE-UPDATE:  XYZ 168.83 [3.0%]
2030-11-26:LIQUIDATE:  [Tfsa sold 26 XYZ net:4345.68, Tfsa sold 55 ABC net:3063.90]
2030-11-28:OAS/GIS payment: 1407.53
2030-11-28:CPP payment:  336.00
2030-12-01:DIVIDEND: ABC Tfsa 445@0.94 = 418.30
2030-12-01:BANK WITHDRAWAL:  700.00
2030-12-01:MOVE CASH from Tfsa to BankAccount 7873.64
2030-12-23:BANK WITHDRAWAL:  500.00
2030-12-28:OAS/GIS payment: 1407.53
2030-12-28:CPP payment:  336.00
2030-12-31:PAY TAXES:  0.00
2030 year-end.
Cash generated
     4,032.00 CPP
     7,784.04 OAS
     9,106.32 GIS
         0.00 Pension
     2,011.34 Dividends
     7,409.58 Net liquidation (sell-buy)
         0.00 Interest
     9,420.92 Total cash swept from tfsa-rif-nra to bank
    30,343.28 Total cash generated

Tax return 2030
    11,816.04 Taxable income
         0.00 Federal tax
         0.00 Provincial tax
         0.00 Tax Payable
         0.00 Dividend tax credits
         0.00 Installments
         0.00 Balance owing
    11,816.04 Net income
    11,816.04 Net income before adj
     7,784.04 OAS income
         0.00 Employment income
         0.00 RIF withdrawals

Accounts
    25,040.15 -TFSA-
    25,040.15 ABC 445sh @ 56.27
         0.00 Cash

    14,660.70 -BANKACCOUNT-
    14,660.70 Cash

    39,700.85 Net worth
    25,040.15 Investments worth

    69,127.93 TFSA room for 2031
2031-01-01:BANK WITHDRAWAL:  700.00
2031-01-23:BANK WITHDRAWAL:  500.00
2031-01-28:OAS/GIS payment: 1407.53
2031-01-28:CPP payment:  336.00
2031-02-01:BANK WITHDRAWAL:  700.00
2031-02-15:SPLURGE SPENDING:  9504.23
2031-02-23:BANK WITHDRAWAL:  500.00
2031-02-28:OAS/GIS payment: 1407.53
2031-02-28:CPP payment:  336.00
2031-03-01:DIVIDEND: ABC Tfsa 445@0.97 = 431.65
2031-03-01:BANK WITHDRAWAL:  700.00
2031-03-01:MOVE CASH from Tfsa to BankAccount 431.65
2031-03-23:BANK WITHDRAWAL:  500.00
2031-03-28:OAS/GIS payment: 1407.53
2031-03-28:CPP payment:  336.00
2031-04-01:BANK WITHDRAWAL:  700.00
2031-04-23:BANK WITHDRAWAL:  500.00
2031-04-28:OAS/GIS payment: 1407.53
2031-04-28:CPP payment:  336.00
2031-05-01:BANK WITHDRAWAL:  700.00
2031-05-15:SPLURGE SPENDING:  2062.24
2031-05-23:BANK WITHDRAWAL:  500.00
2031-05-28:OAS/GIS payment: 1407.53
2031-05-28:CPP payment:  336.00
2031-06-01:DIVIDEND: ABC Tfsa 445@0.97 = 431.65
2031-06-01:BANK WITHDRAWAL:  700.00
2031-06-01:MOVE CASH from Tfsa to BankAccount 431.65
2031-06-23:BANK WITHDRAWAL:  500.00
2031-06-28:OAS/GIS payment: 1407.53
2031-06-28:CPP payment:  336.00
2031-07-01:BANK WITHDRAWAL:  700.00
2031-07-23:BANK WITHDRAWAL:  500.00
2031-07-28:OAS/GIS payment: 1407.53
2031-07-28:CPP payment:  336.00
2031-08-01:BANK WITHDRAWAL:  700.00
2031-08-15:SPLURGE SPENDING:  2062.24
2031-08-23:BANK WITHDRAWAL:  500.00
2031-08-28:OAS/GIS payment: 1407.53
2031-08-28:CPP payment:  336.00
2031-09-01:DIVIDEND: ABC Tfsa 445@0.97 = 431.65
2031-09-01:BANK WITHDRAWAL:  700.00
2031-09-01:MOVE CASH from Tfsa to BankAccount 431.65
2031-09-23:BANK WITHDRAWAL:  500.00
2031-09-28:OAS/GIS payment: 1407.53
2031-09-28:CPP payment:  336.00
2031-10-01:BANK WITHDRAWAL:  700.00
2031-10-23:BANK WITHDRAWAL:  500.00
2031-10-28:OAS/GIS payment: 1407.53
2031-10-28:CPP payment:  336.00
2031-11-01:BANK WITHDRAWAL:  700.00
2031-11-15:SPLURGE SPENDING:  2062.24
2031-11-23:BANK WITHDRAWAL:  500.00
2031-11-25:STOCK-PRICE-UPDATE:  ABC 57.96 [3.0%]
2031-11-25:STOCK-PRICE-UPDATE:  XYZ 173.89 [3.0%]
2031-11-26:LIQUIDATE:  [Tfsa sold 129 ABC net:7402.07]
2031-11-28:OAS/GIS payment: 1407.53
2031-11-28:CPP payment:  336.00
2031-12-01:DIVIDEND: ABC Tfsa 316@0.97 = 306.52
2031-12-01:BANK WITHDRAWAL:  700.00
2031-12-01:MOVE CASH from Tfsa to BankAccount 7708.59
2031-12-23:BANK WITHDRAWAL:  500.00
2031-12-28:OAS/GIS payment: 1407.53
2031-12-28:CPP payment:  336.00
2031-12-31:PAY TAXES:  0.00
2031 year-end.
Cash generated
     4,032.00 CPP
     7,784.04 OAS
     9,106.32 GIS
         0.00 Pension
     1,601.47 Dividends
     7,402.07 Net liquidation (sell-buy)
         0.00 Interest
     9,003.54 Total cash swept from tfsa-rif-nra to bank
    29,925.90 Total cash generated

Tax return 2031
    11,816.04 Taxable income
         0.00 Federal tax
         0.00 Provincial tax
         0.00 Tax Payable
         0.00 Dividend tax credits
         0.00 Installments
         0.00 Balance owing
    11,816.04 Net income
    11,816.04 Net income before adj
     7,784.04 OAS income
         0.00 Employment income
         0.00 RIF withdrawals

Accounts
    18,315.36 -TFSA-
    18,315.36 ABC 316sh @ 57.96
         0.00 Cash

    14,495.65 -BANKACCOUNT-
    14,495.65 Cash

    32,811.01 Net worth
    18,315.36 Investments worth

    84,131.47 TFSA room for 2032
2032-01-01:BANK WITHDRAWAL:  700.00
2032-01-23:BANK WITHDRAWAL:  500.00
2032-01-28:OAS/GIS payment: 1407.53
2032-01-28:CPP payment:  336.00
2032-02-01:BANK WITHDRAWAL:  700.00
2032-02-15:SPLURGE SPENDING:  9339.18
2032-02-23:BANK WITHDRAWAL:  500.00
2032-02-28:OAS/GIS payment: 1407.53
2032-02-28:CPP payment:  336.00
2032-03-01:DIVIDEND: ABC Tfsa 316@1.00 = 316.00
2032-03-01:BANK WITHDRAWAL:  700.00
2032-03-01:MOVE CASH from Tfsa to BankAccount 316.00
2032-03-23:BANK WITHDRAWAL:  500.00
2032-03-28:OAS/GIS payment: 1407.53
2032-03-28:CPP payment:  336.00
2032-04-01:BANK WITHDRAWAL:  700.00
2032-04-23:BANK WITHDRAWAL:  500.00
2032-04-28:OAS/GIS payment: 1407.53
2032-04-28:CPP payment:  336.00
2032-05-01:BANK WITHDRAWAL:  700.00
2032-05-15:SPLURGE SPENDING:  1946.59
2032-05-23:BANK WITHDRAWAL:  500.00
2032-05-28:OAS/GIS payment: 1407.53
2032-05-28:CPP payment:  336.00
2032-06-01:DIVIDEND: ABC Tfsa 316@1.00 = 316.00
2032-06-01:BANK WITHDRAWAL:  700.00
2032-06-01:MOVE CASH from Tfsa to BankAccount 316.00
2032-06-23:BANK WITHDRAWAL:  500.00
2032-06-28:OAS/GIS payment: 1407.53
2032-06-28:CPP payment:  336.00
2032-07-01:BANK WITHDRAWAL:  700.00
2032-07-23:BANK WITHDRAWAL:  500.00
2032-07-28:OAS/GIS payment: 1407.53
2032-07-28:CPP payment:  336.00
2032-08-01:BANK WITHDRAWAL:  700.00
2032-08-15:SPLURGE SPENDING:  1946.59
2032-08-23:BANK WITHDRAWAL:  500.00
2032-08-28:OAS/GIS payment: 1407.53
2032-08-28:CPP payment:  336.00
2032-09-01:DIVIDEND: ABC Tfsa 316@1.00 = 316.00
2032-09-01:BANK WITHDRAWAL:  700.00
2032-09-01:MOVE CASH from Tfsa to BankAccount 316.00
2032-09-23:BANK WITHDRAWAL:  500.00
2032-09-28:OAS/GIS payment: 1407.53
2032-09-28:CPP payment:  336.00
2032-10-01:BANK WITHDRAWAL:  700.00
2032-10-23:BANK WITHDRAWAL:  500.00
2032-10-28:OAS/GIS payment: 1407.53
2032-10-28:CPP payment:  336.00
2032-11-01:BANK WITHDRAWAL:  700.00
2032-11-15:SPLURGE SPENDING:  1946.59
2032-11-23:BANK WITHDRAWAL:  500.00
2032-11-25:STOCK-PRICE-UPDATE:  ABC 59.70 [3.0%]
2032-11-25:STOCK-PRICE-UPDATE:  XYZ 179.11 [3.0%]
2032-11-26:LIQUIDATE:  [Tfsa sold 125 ABC net:7387.88]
2032-11-28:OAS/GIS payment: 1407.53
2032-11-28:CPP payment:  336.00
2032-12-01:DIVIDEND: ABC Tfsa 191@1.00 = 191.00
2032-12-01:BANK WITHDRAWAL:  700.00
2032-12-01:MOVE CASH from Tfsa to BankAccount 7578.88
2032-12-23:BANK WITHDRAWAL:  500.00
2032-12-28:OAS/GIS payment: 1407.53
2032-12-28:CPP payment:  336.00
2032-12-31:PAY TAXES:  0.00
2032 year-end.
Cash generated
     4,032.00 CPP
     7,784.04 OAS
     9,106.32 GIS
         0.00 Pension
     1,139.00 Dividends
     7,387.88 Net liquidation (sell-buy)
         0.00 Interest
     8,526.88 Total cash swept from tfsa-rif-nra to bank
    29,449.24 Total cash generated

Tax return 2032
    11,816.04 Taxable income
         0.00 Federal tax
         0.00 Provincial tax
         0.00 Tax Payable
         0.00 Dividend tax credits
         0.00 Installments
         0.00 Balance owing
    11,816.04 Net income
    11,816.04 Net income before adj
     7,784.04 OAS income
         0.00 Employment income
         0.00 RIF withdrawals

Accounts
    11,402.70 -TFSA-
    11,402.70 ABC 191sh @ 59.70
         0.00 Cash

    14,365.94 -BANKACCOUNT-
    14,365.94 Cash

    25,768.64 Net worth
    11,402.70 Investments worth

    98,658.35 TFSA room for 2033
2033-01-01:BANK WITHDRAWAL:  700.00
2033-01-23:BANK WITHDRAWAL:  500.00
2033-01-28:OAS/GIS payment: 1407.53
2033-01-28:CPP payment:  336.00
2033-02-01:BANK WITHDRAWAL:  700.00
2033-02-15:SPLURGE SPENDING:  9209.47
2033-02-23:BANK WITHDRAWAL:  500.00
2033-02-28:OAS/GIS payment: 1407.53
2033-02-28:CPP payment:  336.00
2033-03-01:DIVIDEND: ABC Tfsa 191@1.03 = 196.73
2033-03-01:BANK WITHDRAWAL:  700.00
2033-03-01:MOVE CASH from Tfsa to BankAccount 196.73
2033-03-23:BANK WITHDRAWAL:  500.00
2033-03-28:OAS/GIS payment: 1407.53
2033-03-28:CPP payment:  336.00
2033-04-01:BANK WITHDRAWAL:  700.00
2033-04-23:BANK WITHDRAWAL:  500.00
2033-04-28:OAS/GIS payment: 1407.53
2033-04-28:CPP payment:  336.00
2033-05-01:BANK WITHDRAWAL:  700.00
2033-05-15:SPLURGE SPENDING:  1827.32
2033-05-23:BANK WITHDRAWAL:  500.00
2033-05-28:OAS/GIS payment: 1407.53
2033-05-28:CPP payment:  336.00
2033-06-01:DIVIDEND: ABC Tfsa 191@1.03 = 196.73
2033-06-01:BANK WITHDRAWAL:  700.00
2033-06-01:MOVE CASH from Tfsa to BankAccount 196.73
2033-06-23:BANK WITHDRAWAL:  500.00
2033-06-28:OAS/GIS payment: 1407.53
2033-06-28:CPP payment:  336.00
2033-07-01:BANK WITHDRAWAL:  700.00
2033-07-23:BANK WITHDRAWAL:  500.00
2033-07-28:OAS/GIS payment: 1407.53
2033-07-28:CPP payment:  336.00
2033-08-01:BANK WITHDRAWAL:  700.00
2033-08-15:SPLURGE SPENDING:  1827.32
2033-08-23:BANK WITHDRAWAL:  500.00
2033-08-28:OAS/GIS payment: 1407.53
2033-08-28:CPP payment:  336.00
2033-09-01:DIVIDEND: ABC Tfsa 191@1.03 = 196.73
2033-09-01:BANK WITHDRAWAL:  700.00
2033-09-01:MOVE CASH from Tfsa to BankAccount 196.73
2033-09-23:BANK WITHDRAWAL:  500.00
2033-09-28:OAS/GIS payment: 1407.53
2033-09-28:CPP payment:  336.00
2033-10-01:BANK WITHDRAWAL:  700.00
2033-10-23:BANK WITHDRAWAL:  500.00
2033-10-28:OAS/GIS payment: 1407.53
2033-10-28:CPP payment:  336.00
2033-11-01:BANK WITHDRAWAL:  700.00
2033-11-15:SPLURGE SPENDING:  1827.32
2033-11-23:BANK WITHDRAWAL:  500.00
2033-11-25:STOCK-PRICE-UPDATE:  ABC 61.49 [3.0%]
2033-11-25:STOCK-PRICE-UPDATE:  XYZ 184.48 [3.0%]
2033-11-26:LIQUIDATE:  [Tfsa sold 121 ABC net:7365.89]
2033-11-28:OAS/GIS payment: 1407.53
2033-11-28:CPP payment:  336.00
2033-12-01:DIVIDEND: ABC Tfsa 70@1.03 = 72.10
2033-12-01:BANK WITHDRAWAL:  700.00
2033-12-01:MOVE CASH from Tfsa to BankAccount 7437.99
2033-12-23:BANK WITHDRAWAL:  500.00
2033-12-28:OAS/GIS payment: 1407.53
2033-12-28:CPP payment:  336.00
2033-12-31:PAY TAXES:  0.00
2033 year-end.
Cash generated
     4,032.00 CPP
     7,784.04 OAS
     9,106.32 GIS
         0.00 Pension
       662.29 Dividends
     7,365.89 Net liquidation (sell-buy)
         0.00 Interest
     8,028.18 Total cash swept from tfsa-rif-nra to bank
    28,950.54 Total cash generated

Tax return 2033
    11,816.04 Taxable income
         0.00 Federal tax
         0.00 Provincial tax
         0.00 Tax Payable
         0.00 Dividend tax credits
         0.00 Installments
         0.00 Balance owing
    11,816.04 Net income
    11,816.04 Net income before adj
     7,784.04 OAS income
         0.00 Employment income
         0.00 RIF withdrawals

Accounts
     4,304.30 -TFSA-
     4,304.30 ABC 70sh @ 61.49
         0.00 Cash

    14,225.05 -BANKACCOUNT-
    14,225.05 Cash

    18,529.35 Net worth
     4,304.30 Investments worth

   112,686.53 TFSA room for 2034
2034-01-01:BANK WITHDRAWAL:  700.00
2034-01-23:BANK WITHDRAWAL:  500.00
2034-01-28:OAS/GIS payment: 1407.53
2034-01-28:CPP payment:  336.00
2034-02-01:BANK WITHDRAWAL:  700.00
2034-02-15:SPLURGE SPENDING:  9068.58
2034-02-23:BANK WITHDRAWAL:  500.00
2034-02-28:OAS/GIS payment: 1407.53
2034-02-28:CPP payment:  336.00
2034-03-01:DIVIDEND: ABC Tfsa 70@1.06 = 74.20
2034-03-01:BANK WITHDRAWAL:  700.00
2034-03-01:MOVE CASH from Tfsa to BankAccount 74.20
2034-03-23:BANK WITHDRAWAL:  500.00
2034-03-28:OAS/GIS payment: 1407.53
2034-03-28:CPP payment:  336.00
2034-04-01:BANK WITHDRAWAL:  700.00
2034-04-23:BANK WITHDRAWAL:  500.00
2034-04-28:OAS/GIS payment: 1407.53
2034-04-28:CPP payment:  336.00
2034-05-01:BANK WITHDRAWAL:  700.00
2034-05-15:SPLURGE SPENDING:  1704.79
2034-05-23:BANK WITHDRAWAL:  500.00
2034-05-28:OAS/GIS payment: 1407.53
2034-05-28:CPP payment:  336.00
2034-06-01:DIVIDEND: ABC Tfsa 70@1.06 = 74.20
2034-06-01:BANK WITHDRAWAL:  700.00
2034-06-01:MOVE CASH from Tfsa to BankAccount 74.20
2034-06-23:BANK WITHDRAWAL:  500.00
2034-06-28:OAS/GIS payment: 1407.53
2034-06-28:CPP payment:  336.00
2034-07-01:BANK WITHDRAWAL:  700.00
2034-07-23:BANK WITHDRAWAL:  500.00
2034-07-28:OAS/GIS payment: 1407.53
2034-07-28:CPP payment:  336.00
2034-08-01:BANK WITHDRAWAL:  700.00
2034-08-15:SPLURGE SPENDING:  1704.79
2034-08-23:BANK WITHDRAWAL:  500.00
2034-08-28:OAS/GIS payment: 1407.53
2034-08-28:CPP payment:  336.00
2034-09-01:DIVIDEND: ABC Tfsa 70@1.06 = 74.20
2034-09-01:BANK WITHDRAWAL:  700.00
2034-09-01:MOVE CASH from Tfsa to BankAccount 74.20
2034-09-23:BANK WITHDRAWAL:  500.00
2034-09-28:OAS/GIS payment: 1407.53
2034-09-28:CPP payment:  336.00
2034-10-01:BANK WITHDRAWAL:  700.00
2034-10-23:BANK WITHDRAWAL:  500.00
2034-10-28:OAS/GIS payment: 1407.53
2034-10-28:CPP payment:  336.00
2034-11-01:BANK WITHDRAWAL:  700.00
2034-11-15:SPLURGE SPENDING:  1704.79
2034-11-23:BANK WITHDRAWAL:  500.00
2034-11-25:STOCK-PRICE-UPDATE:  ABC 63.33 [2.99%]
2034-11-25:STOCK-PRICE-UPDATE:  XYZ 190.01 [3.0%]
2034-11-26:LIQUIDATE:  [Tfsa sold 70 ABC net:4388.77]
2034-11-28:OAS/GIS payment: 1407.53
2034-11-28:CPP payment:  336.00
2034-12-01:BANK WITHDRAWAL:  700.00
2034-12-01:MOVE CASH from Tfsa to BankAccount 4388.77
2034-12-23:BANK WITHDRAWAL:  500.00
2034-12-28:OAS/GIS payment: 1407.53
2034-12-28:CPP payment:  336.00
2034-12-31:PAY TAXES:  0.00
2034 year-end.
Cash generated
     4,032.00 CPP
     7,784.04 OAS
     9,106.32 GIS
         0.00 Pension
       222.60 Dividends
     4,388.77 Net liquidation (sell-buy)
         0.00 Interest
     4,611.37 Total cash swept from tfsa-rif-nra to bank
    25,533.73 Total cash generated

Tax return 2034
    11,816.04 Taxable income
         0.00 Federal tax
         0.00 Provincial tax
         0.00 Tax Payable
         0.00 Dividend tax credits
         0.00 Installments
         0.00 Balance owing
    11,816.04 Net income
    11,816.04 Net income before adj
     7,784.04 OAS income
         0.00 Employment income
         0.00 RIF withdrawals

Accounts
         0.00 -TFSA-
         0.00 Cash

    11,175.83 -BANKACCOUNT-
    11,175.83 Cash

    11,175.83 Net worth
         0.00 Investments worth

   123,297.90 TFSA room for 2035
2035-01-01:BANK WITHDRAWAL:  700.00
2035-01-23:BANK WITHDRAWAL:  500.00
2035-01-28:OAS/GIS payment: 1407.53
2035-01-28:CPP payment:  336.00
2035-02-01:BANK WITHDRAWAL:  700.00
2035-02-15:SPLURGE SPENDING:  6019.36
2035-02-23:BANK WITHDRAWAL:  500.00
2035-02-28:OAS/GIS payment: 1407.53
2035-02-28:CPP payment:  336.00
2035-03-01:BANK WITHDRAWAL:  700.00
2035-03-23:BANK WITHDRAWAL:  500.00
2035-03-28:OAS/GIS payment: 1407.53
2035-03-28:CPP payment:  336.00
2035-04-01:BANK WITHDRAWAL:  700.00
2035-04-23:BANK WITHDRAWAL:  500.00
2035-04-28:OAS/GIS payment: 1407.53
2035-04-28:CPP payment:  336.00
2035-05-01:BANK WITHDRAWAL:  700.00
2035-05-15:SPLURGE SPENDING:  1630.59
2035-05-23:BANK WITHDRAWAL:  500.00
2035-05-28:OAS/GIS payment: 1407.53
2035-05-28:CPP payment:  336.00
2035-06-01:BANK WITHDRAWAL:  700.00
2035-06-23:BANK WITHDRAWAL:  500.00
2035-06-28:OAS/GIS payment: 1407.53
2035-06-28:CPP payment:  336.00
2035-07-01:BANK WITHDRAWAL:  700.00
2035-07-23:BANK WITHDRAWAL:  500.00
2035-07-28:OAS/GIS payment: 1407.53
2035-07-28:CPP payment:  336.00
2035-08-01:BANK WITHDRAWAL:  700.00
2035-08-15:SPLURGE SPENDING:  1630.59
2035-08-23:BANK WITHDRAWAL:  500.00
2035-08-28:OAS/GIS payment: 1407.53
2035-08-28:CPP payment:  336.00
2035-09-01:BANK WITHDRAWAL:  700.00
2035-09-23:BANK WITHDRAWAL:  500.00
2035-09-28:OAS/GIS payment: 1407.53
2035-09-28:CPP payment:  336.00
2035-10-01:BANK WITHDRAWAL:  700.00
2035-10-23:BANK WITHDRAWAL:  500.00
2035-10-28:OAS/GIS payment: 1407.53
2035-10-28:CPP payment:  336.00
2035-11-01:BANK WITHDRAWAL:  700.00
2035-11-15:SPLURGE SPENDING:  1630.59
2035-11-23:BANK WITHDRAWAL:  500.00
2035-11-25:STOCK-PRICE-UPDATE:  ABC 65.23 [3.0%]
2035-11-25:STOCK-PRICE-UPDATE:  XYZ 195.71 [3.0%]
2035-11-26:LIQUIDATE:  []
2035-11-28:OAS/GIS payment: 1407.53
2035-11-28:CPP payment:  336.00
2035-12-01:BANK WITHDRAWAL:  700.00
2035-12-23:BANK WITHDRAWAL:  500.00
2035-12-28:OAS/GIS payment: 1407.53
2035-12-28:CPP payment:  336.00
2035-12-31:PAY TAXES:  0.00
2035 year-end.
Cash generated
     4,032.00 CPP
     7,784.04 OAS
     9,106.32 GIS
         0.00 Pension
         0.00 Dividends
         0.00 Net liquidation (sell-buy)
         0.00 Interest
         0.00 Total cash swept from tfsa-rif-nra to bank
    20,922.36 Total cash generated

Tax return 2035
    11,816.04 Taxable income
         0.00 Federal tax
         0.00 Provincial tax
         0.00 Tax Payable
         0.00 Dividend tax credits
         0.00 Installments
         0.00 Balance owing
    11,816.04 Net income
    11,816.04 Net income before adj
     7,784.04 OAS income
         0.00 Employment income
         0.00 RIF withdrawals

Accounts
         0.00 -TFSA-
         0.00 Cash

     6,787.06 -BANKACCOUNT-
     6,787.06 Cash

     6,787.06 Net worth
         0.00 Investments worth

   129,297.90 TFSA room for 2036
2036-01-01:BANK WITHDRAWAL:  700.00
2036-01-23:BANK WITHDRAWAL:  500.00
2036-01-28:OAS/GIS payment: 1407.53
2036-01-28:CPP payment:  336.00
2036-02-01:BANK WITHDRAWAL:  700.00
2036-02-15:SPLURGE SPENDING:  1630.59
2036-02-23:BANK WITHDRAWAL:  500.00
2036-02-28:OAS/GIS payment: 1407.53
2036-02-28:CPP payment:  336.00
2036-03-01:BANK WITHDRAWAL:  700.00
2036-03-23:BANK WITHDRAWAL:  500.00
2036-03-28:OAS/GIS payment: 1407.53
2036-03-28:CPP payment:  336.00
2036-04-01:BANK WITHDRAWAL:  700.00
2036-04-23:BANK WITHDRAWAL:  500.00
2036-04-28:OAS/GIS payment: 1407.53
2036-04-28:CPP payment:  336.00
2036-05-01:BANK WITHDRAWAL:  700.00
2036-05-15:SPLURGE SPENDING:  1630.59
2036-05-23:BANK WITHDRAWAL:  500.00
2036-05-28:OAS/GIS payment: 1407.53
2036-05-28:CPP payment:  336.00
2036-06-01:BANK WITHDRAWAL:  700.00
2036-06-23:BANK WITHDRAWAL:  500.00
2036-06-28:OAS/GIS payment: 1407.53
2036-06-28:CPP payment:  336.00
2036-07-01:BANK WITHDRAWAL:  700.00
2036-07-23:BANK WITHDRAWAL:  500.00
2036-07-28:OAS/GIS payment: 1407.53
2036-07-28:CPP payment:  336.00
2036-08-01:BANK WITHDRAWAL:  700.00
2036-08-15:SPLURGE SPENDING:  1630.59
2036-08-23:BANK WITHDRAWAL:  500.00
2036-08-28:OAS/GIS payment: 1407.53
2036-08-28:CPP payment:  336.00
2036-09-01:BANK WITHDRAWAL:  700.00
2036-09-23:BANK WITHDRAWAL:  500.00
2036-09-28:OAS/GIS payment: 1407.53
2036-09-28:CPP payment:  336.00
2036-10-01:BANK WITHDRAWAL:  700.00
2036-10-23:BANK WITHDRAWAL:  500.00
2036-10-28:OAS/GIS payment: 1407.53
2036-10-28:CPP payment:  336.00
2036-11-01:BANK WITHDRAWAL:  700.00
2036-11-15:SPLURGE SPENDING:  1630.59
2036-11-23:BANK WITHDRAWAL:  500.00
2036-11-25:STOCK-PRICE-UPDATE:  ABC 67.19 [3.0%]
2036-11-25:STOCK-PRICE-UPDATE:  XYZ 201.58 [3.0%]
2036-11-26:LIQUIDATE:  []
2036-11-28:OAS/GIS payment: 1407.53
2036-11-28:CPP payment:  336.00
2036-12-01:BANK WITHDRAWAL:  700.00
2036-12-23:BANK WITHDRAWAL:  500.00
2036-12-28:OAS/GIS payment: 1407.53
2036-12-28:CPP payment:  336.00
2036-12-31:PAY TAXES:  0.00
2036 year-end.
Cash generated
     4,032.00 CPP
     7,784.04 OAS
     9,106.32 GIS
         0.00 Pension
         0.00 Dividends
         0.00 Net liquidation (sell-buy)
         0.00 Interest
         0.00 Total cash swept from tfsa-rif-nra to bank
    20,922.36 Total cash generated

Tax return 2036
    11,816.04 Taxable income
         0.00 Federal tax
         0.00 Provincial tax
         0.00 Tax Payable
         0.00 Dividend tax credits
         0.00 Installments
         0.00 Balance owing
    11,816.04 Net income
    11,816.04 Net income before adj
     7,784.04 OAS income
         0.00 Employment income
         0.00 RIF withdrawals

Accounts
         0.00 -TFSA-
         0.00 Cash

     6,787.06 -BANKACCOUNT-
     6,787.06 Cash

     6,787.06 Net worth
         0.00 Investments worth

   135,297.90 TFSA room for 2037
2037-01-01:BANK WITHDRAWAL:  700.00
2037-01-23:BANK WITHDRAWAL:  500.00
2037-01-28:OAS/GIS payment: 1407.53
2037-01-28:CPP payment:  336.00
2037-02-01:BANK WITHDRAWAL:  700.00
2037-02-15:SPLURGE SPENDING:  1630.59
2037-02-23:BANK WITHDRAWAL:  500.00
2037-02-28:OAS/GIS payment: 1407.53
2037-02-28:CPP payment:  336.00
2037-03-01:BANK WITHDRAWAL:  700.00
2037-03-23:BANK WITHDRAWAL:  500.00
2037-03-28:OAS/GIS payment: 1407.53
2037-03-28:CPP payment:  336.00
2037-04-01:BANK WITHDRAWAL:  700.00
2037-04-23:BANK WITHDRAWAL:  500.00
2037-04-28:OAS/GIS payment: 1407.53
2037-04-28:CPP payment:  336.00
2037-05-01:BANK WITHDRAWAL:  700.00
2037-05-15:SPLURGE SPENDING:  1630.59
2037-05-23:BANK WITHDRAWAL:  500.00
2037-05-28:OAS/GIS payment: 1472.40
2037-05-28:CPP payment:  336.00
2037-06-01:BANK WITHDRAWAL:  700.00
2037-06-23:BANK WITHDRAWAL:  500.00
2037-06-28:OAS/GIS payment: 1472.40
2037-06-28:CPP payment:  336.00
2037-07-01:BANK WITHDRAWAL:  700.00
2037-07-23:BANK WITHDRAWAL:  500.00
2037-07-28:OAS/GIS payment: 1472.40
2037-07-28:CPP payment:  336.00
2037-08-01:BANK WITHDRAWAL:  700.00
2037-08-15:SPLURGE SPENDING:  1825.20
2037-08-23:BANK WITHDRAWAL:  500.00
2037-08-28:OAS/GIS payment: 1472.40
2037-08-28:CPP payment:  336.00
2037-09-01:BANK WITHDRAWAL:  700.00
2037-09-23:BANK WITHDRAWAL:  500.00
2037-09-28:OAS/GIS payment: 1472.40
2037-09-28:CPP payment:  336.00
2037-10-01:BANK WITHDRAWAL:  700.00
2037-10-23:BANK WITHDRAWAL:  500.00
2037-10-28:OAS/GIS payment: 1472.40
2037-10-28:CPP payment:  336.00
2037-11-01:BANK WITHDRAWAL:  700.00
2037-11-15:SPLURGE SPENDING:  1825.20
2037-11-23:BANK WITHDRAWAL:  500.00
2037-11-25:STOCK-PRICE-UPDATE:  ABC 69.21 [3.01%]
2037-11-25:STOCK-PRICE-UPDATE:  XYZ 207.63 [3.0%]
2037-11-26:LIQUIDATE:  []
2037-11-28:OAS/GIS payment: 1472.40
2037-11-28:CPP payment:  336.00
2037-12-01:BANK WITHDRAWAL:  700.00
2037-12-23:BANK WITHDRAWAL:  500.00
2037-12-28:OAS/GIS payment: 1472.40
2037-12-28:CPP payment:  336.00
2037-12-31:PAY TAXES:  0.00
2037 year-end.
Cash generated
     4,032.00 CPP
     8,303.00 OAS
     9,106.32 GIS
         0.00 Pension
         0.00 Dividends
         0.00 Net liquidation (sell-buy)
         0.00 Interest
         0.00 Total cash swept from tfsa-rif-nra to bank
    21,441.32 Total cash generated

Tax return 2037
    12,335.00 Taxable income
         0.00 Federal tax
         0.00 Provincial tax
         0.00 Tax Payable
         0.00 Dividend tax credits
         0.00 Installments
         0.00 Balance owing
    12,335.00 Net income
    12,335.00 Net income before adj
     8,303.00 OAS income
         0.00 Employment income
         0.00 RIF withdrawals

Accounts
         0.00 -TFSA-
         0.00 Cash

     6,916.80 -BANKACCOUNT-
     6,916.80 Cash

     6,916.80 Net worth
         0.00 Investments worth

   141,297.90 TFSA room for 2038
2038-01-01:BANK WITHDRAWAL:  700.00
2038-01-23:BANK WITHDRAWAL:  500.00
2038-01-28:OAS/GIS payment: 1472.40
2038-01-28:CPP payment:  336.00
2038-02-01:BANK WITHDRAWAL:  700.00
2038-02-15:SPLURGE SPENDING:  1825.20
2038-02-23:BANK WITHDRAWAL:  500.00
2038-02-28:OAS/GIS payment: 1472.40
2038-02-28:CPP payment:  336.00
2038-03-01:BANK WITHDRAWAL:  700.00
2038-03-23:BANK WITHDRAWAL:  500.00
2038-03-28:OAS/GIS payment: 1472.40
2038-03-28:CPP payment:  336.00
2038-04-01:BANK WITHDRAWAL:  700.00
2038-04-23:BANK WITHDRAWAL:  500.00
2038-04-28:OAS/GIS payment: 1472.40
2038-04-28:CPP payment:  336.00
2038-05-01:BANK WITHDRAWAL:  700.00
2038-05-15:SPLURGE SPENDING:  1825.20
2038-05-23:BANK WITHDRAWAL:  500.00
2038-05-28:OAS/GIS payment: 1472.40
2038-05-28:CPP payment:  336.00
2038-06-01:BANK WITHDRAWAL:  700.00
2038-06-23:BANK WITHDRAWAL:  500.00
2038-06-28:OAS/GIS payment: 1472.40
2038-06-28:CPP payment:  336.00
2038-07-01:BANK WITHDRAWAL:  700.00
2038-07-23:BANK WITHDRAWAL:  500.00
2038-07-28:OAS/GIS payment: 1472.40
2038-07-28:CPP payment:  336.00
2038-08-01:BANK WITHDRAWAL:  700.00
2038-08-15:SPLURGE SPENDING:  1825.20
2038-08-23:BANK WITHDRAWAL:  500.00
2038-08-28:OAS/GIS payment: 1472.40
2038-08-28:CPP payment:  336.00
2038-09-01:BANK WITHDRAWAL:  700.00
2038-09-23:BANK WITHDRAWAL:  500.00
2038-09-28:OAS/GIS payment: 1472.40
2038-09-28:CPP payment:  336.00
2038-10-01:BANK WITHDRAWAL:  700.00
2038-10-23:BANK WITHDRAWAL:  500.00
2038-10-28:OAS/GIS payment: 1472.40
2038-10-28:CPP payment:  336.00
2038-11-01:BANK WITHDRAWAL:  700.00
2038-11-15:SPLURGE SPENDING:  1825.20
2038-11-23:BANK WITHDRAWAL:  500.00
2038-11-25:STOCK-PRICE-UPDATE:  ABC 71.29 [3.01%]
2038-11-25:STOCK-PRICE-UPDATE:  XYZ 213.86 [3.0%]
2038-11-26:LIQUIDATE:  []
2038-11-28:OAS/GIS payment: 1472.40
2038-11-28:CPP payment:  336.00
2038-12-01:BANK WITHDRAWAL:  700.00
2038-12-23:BANK WITHDRAWAL:  500.00
2038-12-28:OAS/GIS payment: 1472.40
2038-12-28:CPP payment:  336.00
2038-12-31:PAY TAXES:  0.00
2038 year-end.
Cash generated
     4,032.00 CPP
     8,562.48 OAS
     9,106.32 GIS
         0.00 Pension
         0.00 Dividends
         0.00 Net liquidation (sell-buy)
         0.00 Interest
         0.00 Total cash swept from tfsa-rif-nra to bank
    21,700.80 Total cash generated

Tax return 2038
    12,594.48 Taxable income
         0.00 Federal tax
         0.00 Provincial tax
         0.00 Tax Payable
         0.00 Dividend tax credits
         0.00 Installments
         0.00 Balance owing
    12,594.48 Net income
    12,594.48 Net income before adj
     8,562.48 OAS income
         0.00 Employment income
         0.00 RIF withdrawals

Accounts
         0.00 -TFSA-
         0.00 Cash

     6,916.80 -BANKACCOUNT-
     6,916.80 Cash

     6,916.80 Net worth
         0.00 Investments worth

   147,297.90 TFSA room for 2039
2039-01-01:BANK WITHDRAWAL:  700.00
2039-01-23:BANK WITHDRAWAL:  500.00
2039-01-28:OAS/GIS payment: 1472.40
2039-01-28:CPP payment:  336.00
2039-02-01:BANK WITHDRAWAL:  700.00
2039-02-15:SPLURGE SPENDING:  1825.20
2039-02-23:BANK WITHDRAWAL:  500.00
2039-02-28:OAS/GIS payment: 1472.40
2039-02-28:CPP payment:  336.00
2039-03-01:BANK WITHDRAWAL:  700.00
2039-03-23:BANK WITHDRAWAL:  500.00
2039-03-28:OAS/GIS payment: 1472.40
2039-03-28:CPP payment:  336.00
2039-04-01:BANK WITHDRAWAL:  700.00
2039-04-23:BANK WITHDRAWAL:  500.00
2039-04-28:OAS/GIS payment: 1472.40
2039-04-28:CPP payment:  336.00
2039-05-01:BANK WITHDRAWAL:  700.00
2039-05-15:SPLURGE SPENDING:  1825.20
2039-05-23:BANK WITHDRAWAL:  500.00
2039-05-28:OAS/GIS payment: 1472.40
2039-05-28:CPP payment:  336.00
2039-06-01:BANK WITHDRAWAL:  700.00
2039-06-23:BANK WITHDRAWAL:  500.00
2039-06-28:OAS/GIS payment: 1472.40
2039-06-28:CPP payment:  336.00
2039-07-01:BANK WITHDRAWAL:  700.00
2039-07-23:BANK WITHDRAWAL:  500.00
2039-07-28:OAS/GIS payment: 1472.40
2039-07-28:CPP payment:  336.00
2039-08-01:BANK WITHDRAWAL:  700.00
2039-08-15:SPLURGE SPENDING:  1825.20
2039-08-23:BANK WITHDRAWAL:  500.00
2039-08-28:OAS/GIS payment: 1472.40
2039-08-28:CPP payment:  336.00
2039-09-01:BANK WITHDRAWAL:  700.00
2039-09-23:BANK WITHDRAWAL:  500.00
2039-09-28:OAS/GIS payment: 1472.40
2039-09-28:CPP payment:  336.00
2039-10-01:BANK WITHDRAWAL:  700.00
2039-10-23:BANK WITHDRAWAL:  500.00
2039-10-28:OAS/GIS payment: 1472.40
2039-10-28:CPP payment:  336.00
2039-11-01:BANK WITHDRAWAL:  700.00
2039-11-15:SPLURGE SPENDING:  1825.20
2039-11-23:BANK WITHDRAWAL:  500.00
2039-11-25:STOCK-PRICE-UPDATE:  ABC 73.43 [3.0%]
2039-11-25:STOCK-PRICE-UPDATE:  XYZ 220.28 [3.0%]
2039-11-26:LIQUIDATE:  []
2039-11-28:OAS/GIS payment: 1472.40
2039-11-28:CPP payment:  336.00
2039-12-01:BANK WITHDRAWAL:  700.00
2039-12-23:BANK WITHDRAWAL:  500.00
2039-12-28:OAS/GIS payment: 1472.40
2039-12-28:CPP payment:  336.00
2039-12-31:PAY TAXES:  0.00
2039 year-end.
Cash generated
     4,032.00 CPP
     8,562.48 OAS
     9,106.32 GIS
         0.00 Pension
         0.00 Dividends
         0.00 Net liquidation (sell-buy)
         0.00 Interest
         0.00 Total cash swept from tfsa-rif-nra to bank
    21,700.80 Total cash generated

Tax return 2039
    12,594.48 Taxable income
         0.00 Federal tax
         0.00 Provincial tax
         0.00 Tax Payable
         0.00 Dividend tax credits
         0.00 Installments
         0.00 Balance owing
    12,594.48 Net income
    12,594.48 Net income before adj
     8,562.48 OAS income
         0.00 Employment income
         0.00 RIF withdrawals

Accounts
         0.00 -TFSA-
         0.00 Cash

     6,916.80 -BANKACCOUNT-
     6,916.80 Cash

     6,916.80 Net worth
         0.00 Investments worth

Summations (nominal)
Cash generated
    50,736.00 CPP
   100,025.01 OAS
   111,843.37 GIS
         0.00 Pension
    13,294.90 Dividends
    56,003.00 Net liquidation (sell-buy)
         0.00 Interest
    69,297.90 Total cash swept from tfsa-rif-nra to bank
   331,902.28 Total cash generated

Tax return 
   150,761.01 Taxable income
         0.00 Federal tax
         0.00 Provincial tax
         0.00 Tax Payable
         0.00 Dividend tax credits
         0.00 Installments
         0.00 Balance owing
   150,761.01 Net income
   150,761.01 Net income before adj
   150,761.01 OAS income
         0.00 Employment income
         0.00 RIF withdrawals

Summations (per year)
Cash generated
     3,902.77 CPP
     7,694.23 OAS
     8,603.34 GIS
         0.00 Pension
     1,022.68 Dividends
     4,307.92 Net liquidation (sell-buy)
         0.00 Interest
     5,330.61 Total cash swept from tfsa-rif-nra to bank
    25,530.94 Total cash generated

Tax return 
    11,597.00 Taxable income
         0.00 Federal tax
         0.00 Provincial tax
         0.00 Tax Payable
         0.00 Dividend tax credits
         0.00 Installments
         0.00 Balance owing
    11,597.00 Net income
   150,761.01 Net income before adj
    11,597.00 OAS income
         0.00 Employment income
         0.00 RIF withdrawals

# Net, gross, tax paid:
# 2027 net: 18331.10 = 18331.10 - 0.00.  [Net worth:54812.10] (age 65)
# 2028 net: 32150.66 = 32150.66 - 0.00.  [Net worth:52861.66] (age 66)
# 2029 net: 30530.19 = 30530.19 - 0.00.  [Net worth:46242.32] (age 67)
# 2030 net: 30343.28 = 30343.28 - 0.00.  [Net worth:39700.85] (age 68)
# 2031 net: 29925.90 = 29925.90 - 0.00.  [Net worth:32811.01] (age 69)
# 2032 net: 29449.24 = 29449.24 - 0.00.  [Net worth:25768.64] (age 70)
# 2033 net: 28950.54 = 28950.54 - 0.00.  [Net worth:18529.35] (age 71)
# 2034 net: 25533.73 = 25533.73 - 0.00.  [Net worth:11175.83] (age 72)
# 2035 net: 20922.36 = 20922.36 - 0.00.  [Net worth:6787.06] (age 73)
# 2036 net: 20922.36 = 20922.36 - 0.00.  [Net worth:6787.06] (age 74)
# 2037 net: 21441.32 = 21441.32 - 0.00.  [Net worth:6916.80] (age 75)
# 2038 net: 21700.80 = 21700.80 - 0.00.  [Net worth:6916.80] (age 76)
# 2039 net: 21700.80 = 21700.80 - 0.00.  [Net worth:6916.80] (age 77)
#   Total: 331902.28 = 331902.28 - 0.00   (Net Worth: 6916.80)
Saving reports. Number of histories: 1.
Writing report to C:\johanley\ProjectsPhoton\end-game\scenario\02.1\02.1-cash-and-tax-summary.csv
Writing report to C:\johanley\ProjectsPhoton\end-game\scenario\02.1\02.1-cash-flows.csv
Scenario description: 02.1: Only a TFSA with 50k in blue-chip dividends. Half the average CPP. 3% dividend growth, 3% stock price growth.
Start-date: 2027-01-01 end-date: 2039-12-31
Execution time: 1.1463505s
Done.
Writing to log file C:\johanley\ProjectsPhoton\end-game\scenario\02.1\02.1.log
